2020-05-11 22:46:56,281 WARN [main] o.a.k.c.NetworkClient [NetworkClient.java:671] [Consumer clientId=consumer-1, groupId=zqq-consumer-group] Connection to node -1 could not be established. Broker may not be available.
2020-05-11 22:46:57,464 WARN [main] o.a.k.c.NetworkClient [NetworkClient.java:671] [Consumer clientId=consumer-1, groupId=zqq-consumer-group] Connection to node -1 could not be established. Broker may not be available.
2020-05-11 22:46:58,585 WARN [main] o.a.k.c.NetworkClient [NetworkClient.java:671] [Consumer clientId=consumer-1, groupId=zqq-consumer-group] Connection to node -1 could not be established. Broker may not be available.
2020-05-11 22:46:59,790 WARN [main] o.a.k.c.NetworkClient [NetworkClient.java:671] [Consumer clientId=consumer-1, groupId=zqq-consumer-group] Connection to node -1 could not be established. Broker may not be available.
2020-05-11 22:47:01,294 WARN [main] o.a.k.c.NetworkClient [NetworkClient.java:671] [Consumer clientId=consumer-1, groupId=zqq-consumer-group] Connection to node -1 could not be established. Broker may not be available.
2020-05-11 22:47:03,000 WARN [main] o.a.k.c.NetworkClient [NetworkClient.java:671] [Consumer clientId=consumer-1, groupId=zqq-consumer-group] Connection to node -1 could not be established. Broker may not be available.
2020-05-11 22:47:05,214 WARN [main] o.a.k.c.NetworkClient [NetworkClient.java:671] [Consumer clientId=consumer-1, groupId=zqq-consumer-group] Connection to node -1 could not be established. Broker may not be available.
2020-05-11 22:47:07,126 WARN [main] o.a.k.c.NetworkClient [NetworkClient.java:671] [Consumer clientId=consumer-1, groupId=zqq-consumer-group] Connection to node -1 could not be established. Broker may not be available.
2020-05-11 22:47:09,037 WARN [main] o.a.k.c.NetworkClient [NetworkClient.java:671] [Consumer clientId=consumer-1, groupId=zqq-consumer-group] Connection to node -1 could not be established. Broker may not be available.
2020-05-11 22:47:11,059 WARN [main] o.a.k.c.NetworkClient [NetworkClient.java:671] [Consumer clientId=consumer-1, groupId=zqq-consumer-group] Connection to node -1 could not be established. Broker may not be available.
2020-05-11 22:47:13,170 WARN [main] o.a.k.c.NetworkClient [NetworkClient.java:671] [Consumer clientId=consumer-1, groupId=zqq-consumer-group] Connection to node -1 could not be established. Broker may not be available.
2020-05-11 22:47:14,986 WARN [main] o.a.k.c.NetworkClient [NetworkClient.java:671] [Consumer clientId=consumer-1, groupId=zqq-consumer-group] Connection to node -1 could not be established. Broker may not be available.
2020-05-11 22:47:16,998 WARN [main] o.a.k.c.NetworkClient [NetworkClient.java:671] [Consumer clientId=consumer-1, groupId=zqq-consumer-group] Connection to node -1 could not be established. Broker may not be available.
2020-05-11 22:47:19,208 WARN [main] o.a.k.c.NetworkClient [NetworkClient.java:671] [Consumer clientId=consumer-1, groupId=zqq-consumer-group] Connection to node -1 could not be established. Broker may not be available.
2020-05-11 22:47:21,113 WARN [main] o.a.k.c.NetworkClient [NetworkClient.java:671] [Consumer clientId=consumer-1, groupId=zqq-consumer-group] Connection to node -1 could not be established. Broker may not be available.
2020-05-11 22:47:23,022 WARN [main] o.a.k.c.NetworkClient [NetworkClient.java:671] [Consumer clientId=consumer-1, groupId=zqq-consumer-group] Connection to node -1 could not be established. Broker may not be available.
2020-05-11 22:47:25,232 WARN [main] o.a.k.c.NetworkClient [NetworkClient.java:671] [Consumer clientId=consumer-1, groupId=zqq-consumer-group] Connection to node -1 could not be established. Broker may not be available.
2020-05-11 22:47:27,345 WARN [main] o.a.k.c.NetworkClient [NetworkClient.java:671] [Consumer clientId=consumer-1, groupId=zqq-consumer-group] Connection to node -1 could not be established. Broker may not be available.
2020-05-11 22:47:29,554 WARN [main] o.a.k.c.NetworkClient [NetworkClient.java:671] [Consumer clientId=consumer-1, groupId=zqq-consumer-group] Connection to node -1 could not be established. Broker may not be available.
2020-05-11 22:47:31,562 WARN [main] o.a.k.c.NetworkClient [NetworkClient.java:671] [Consumer clientId=consumer-1, groupId=zqq-consumer-group] Connection to node -1 could not be established. Broker may not be available.
2020-05-11 22:47:33,669 WARN [main] o.a.k.c.NetworkClient [NetworkClient.java:671] [Consumer clientId=consumer-1, groupId=zqq-consumer-group] Connection to node -1 could not be established. Broker may not be available.
2020-05-11 22:47:35,675 WARN [main] o.a.k.c.NetworkClient [NetworkClient.java:671] [Consumer clientId=consumer-1, groupId=zqq-consumer-group] Connection to node -1 could not be established. Broker may not be available.
2020-05-11 22:47:37,682 WARN [main] o.a.k.c.NetworkClient [NetworkClient.java:671] [Consumer clientId=consumer-1, groupId=zqq-consumer-group] Connection to node -1 could not be established. Broker may not be available.
2020-05-11 22:47:39,691 WARN [main] o.a.k.c.NetworkClient [NetworkClient.java:671] [Consumer clientId=consumer-1, groupId=zqq-consumer-group] Connection to node -1 could not be established. Broker may not be available.
2020-05-11 22:47:41,704 WARN [main] o.a.k.c.NetworkClient [NetworkClient.java:671] [Consumer clientId=consumer-1, groupId=zqq-consumer-group] Connection to node -1 could not be established. Broker may not be available.
2020-05-11 22:47:43,725 WARN [main] o.a.k.c.NetworkClient [NetworkClient.java:671] [Consumer clientId=consumer-1, groupId=zqq-consumer-group] Connection to node -1 could not be established. Broker may not be available.
2020-05-11 22:47:45,934 WARN [main] o.a.k.c.NetworkClient [NetworkClient.java:671] [Consumer clientId=consumer-1, groupId=zqq-consumer-group] Connection to node -1 could not be established. Broker may not be available.
2020-05-11 22:47:47,944 WARN [main] o.a.k.c.NetworkClient [NetworkClient.java:671] [Consumer clientId=consumer-1, groupId=zqq-consumer-group] Connection to node -1 could not be established. Broker may not be available.
2020-05-11 22:47:50,055 WARN [main] o.a.k.c.NetworkClient [NetworkClient.java:671] [Consumer clientId=consumer-1, groupId=zqq-consumer-group] Connection to node -1 could not be established. Broker may not be available.
2020-05-11 22:47:52,165 WARN [main] o.a.k.c.NetworkClient [NetworkClient.java:671] [Consumer clientId=consumer-1, groupId=zqq-consumer-group] Connection to node -1 could not be established. Broker may not be available.
2020-05-11 22:47:54,375 WARN [main] o.a.k.c.NetworkClient [NetworkClient.java:671] [Consumer clientId=consumer-1, groupId=zqq-consumer-group] Connection to node -1 could not be established. Broker may not be available.
2020-05-11 22:47:55,069 WARN [main] o.s.w.c.s.GenericWebApplicationContext [AbstractApplicationContext.java:557] Exception encountered during context initialization - cancelling refresh attempt: org.springframework.context.ApplicationContextException: Failed to start bean 'org.springframework.kafka.config.internalKafkaListenerEndpointRegistry'; nested exception is org.apache.kafka.common.errors.TimeoutException: Timeout expired while fetching topic metadata
2020-05-11 22:47:55,070 WARN [main] o.s.b.f.s.DisposableBeanAdapter [DisposableBeanAdapter.java:267] Invocation of destroy method failed on bean with name 'tomcatMetricsBinder': java.lang.NullPointerException
2020-05-11 22:49:04,193 WARN [main] o.a.k.c.NetworkClient [NetworkClient.java:671] [Consumer clientId=consumer-1, groupId=zqq-consumer-group] Connection to node -1 could not be established. Broker may not be available.
2020-05-11 22:49:05,488 WARN [main] o.a.k.c.NetworkClient [NetworkClient.java:671] [Consumer clientId=consumer-1, groupId=zqq-consumer-group] Connection to node -1 could not be established. Broker may not be available.
2020-05-11 22:49:06,790 WARN [main] o.a.k.c.NetworkClient [NetworkClient.java:671] [Consumer clientId=consumer-1, groupId=zqq-consumer-group] Connection to node -1 could not be established. Broker may not be available.
2020-05-11 22:49:08,006 WARN [main] o.a.k.c.NetworkClient [NetworkClient.java:671] [Consumer clientId=consumer-1, groupId=zqq-consumer-group] Connection to node -1 could not be established. Broker may not be available.
2020-05-11 22:49:09,411 WARN [main] o.a.k.c.NetworkClient [NetworkClient.java:671] [Consumer clientId=consumer-1, groupId=zqq-consumer-group] Connection to node -1 could not be established. Broker may not be available.
2020-05-11 22:49:11,320 WARN [main] o.a.k.c.NetworkClient [NetworkClient.java:671] [Consumer clientId=consumer-1, groupId=zqq-consumer-group] Connection to node -1 could not be established. Broker may not be available.
2020-05-11 22:49:13,227 WARN [main] o.a.k.c.NetworkClient [NetworkClient.java:671] [Consumer clientId=consumer-1, groupId=zqq-consumer-group] Connection to node -1 could not be established. Broker may not be available.
2020-05-11 22:49:15,141 WARN [main] o.a.k.c.NetworkClient [NetworkClient.java:671] [Consumer clientId=consumer-1, groupId=zqq-consumer-group] Connection to node -1 could not be established. Broker may not be available.
2020-05-11 22:49:17,348 WARN [main] o.a.k.c.NetworkClient [NetworkClient.java:671] [Consumer clientId=consumer-1, groupId=zqq-consumer-group] Connection to node -1 could not be established. Broker may not be available.
2020-05-11 22:49:19,257 WARN [main] o.a.k.c.NetworkClient [NetworkClient.java:671] [Consumer clientId=consumer-1, groupId=zqq-consumer-group] Connection to node -1 could not be established. Broker may not be available.
2020-05-11 22:49:21,468 WARN [main] o.a.k.c.NetworkClient [NetworkClient.java:671] [Consumer clientId=consumer-1, groupId=zqq-consumer-group] Connection to node -1 could not be established. Broker may not be available.
2020-05-11 22:49:23,676 WARN [main] o.a.k.c.NetworkClient [NetworkClient.java:671] [Consumer clientId=consumer-1, groupId=zqq-consumer-group] Connection to node -1 could not be established. Broker may not be available.
2020-05-11 22:49:25,692 WARN [main] o.a.k.c.NetworkClient [NetworkClient.java:671] [Consumer clientId=consumer-1, groupId=zqq-consumer-group] Connection to node -1 could not be established. Broker may not be available.
2020-05-11 22:49:27,815 WARN [main] o.a.k.c.NetworkClient [NetworkClient.java:671] [Consumer clientId=consumer-1, groupId=zqq-consumer-group] Connection to node -1 could not be established. Broker may not be available.
2020-05-11 22:49:29,930 WARN [main] o.a.k.c.NetworkClient [NetworkClient.java:671] [Consumer clientId=consumer-1, groupId=zqq-consumer-group] Connection to node -1 could not be established. Broker may not be available.
2020-05-11 22:49:32,150 WARN [main] o.a.k.c.NetworkClient [NetworkClient.java:671] [Consumer clientId=consumer-1, groupId=zqq-consumer-group] Connection to node -1 could not be established. Broker may not be available.
2020-05-11 22:49:34,264 WARN [main] o.a.k.c.NetworkClient [NetworkClient.java:671] [Consumer clientId=consumer-1, groupId=zqq-consumer-group] Connection to node -1 could not be established. Broker may not be available.
2020-05-11 22:49:36,476 WARN [main] o.a.k.c.NetworkClient [NetworkClient.java:671] [Consumer clientId=consumer-1, groupId=zqq-consumer-group] Connection to node -1 could not be established. Broker may not be available.
2020-05-11 22:49:38,484 WARN [main] o.a.k.c.NetworkClient [NetworkClient.java:671] [Consumer clientId=consumer-1, groupId=zqq-consumer-group] Connection to node -1 could not be established. Broker may not be available.
2020-05-11 22:49:40,495 WARN [main] o.a.k.c.NetworkClient [NetworkClient.java:671] [Consumer clientId=consumer-1, groupId=zqq-consumer-group] Connection to node -1 could not be established. Broker may not be available.
2020-05-11 22:49:42,614 WARN [main] o.a.k.c.NetworkClient [NetworkClient.java:671] [Consumer clientId=consumer-1, groupId=zqq-consumer-group] Connection to node -1 could not be established. Broker may not be available.
2020-05-11 22:49:44,527 WARN [main] o.a.k.c.NetworkClient [NetworkClient.java:671] [Consumer clientId=consumer-1, groupId=zqq-consumer-group] Connection to node -1 could not be established. Broker may not be available.
2020-05-11 22:49:46,534 WARN [main] o.a.k.c.NetworkClient [NetworkClient.java:671] [Consumer clientId=consumer-1, groupId=zqq-consumer-group] Connection to node -1 could not be established. Broker may not be available.
2020-05-11 22:49:48,547 WARN [main] o.a.k.c.NetworkClient [NetworkClient.java:671] [Consumer clientId=consumer-1, groupId=zqq-consumer-group] Connection to node -1 could not be established. Broker may not be available.
2020-05-11 22:49:50,451 WARN [main] o.a.k.c.NetworkClient [NetworkClient.java:671] [Consumer clientId=consumer-1, groupId=zqq-consumer-group] Connection to node -1 could not be established. Broker may not be available.
2020-05-11 22:49:52,561 WARN [main] o.a.k.c.NetworkClient [NetworkClient.java:671] [Consumer clientId=consumer-1, groupId=zqq-consumer-group] Connection to node -1 could not be established. Broker may not be available.
2020-05-11 22:49:54,800 WARN [main] o.a.k.c.NetworkClient [NetworkClient.java:671] [Consumer clientId=consumer-1, groupId=zqq-consumer-group] Connection to node -1 could not be established. Broker may not be available.
2020-05-11 22:49:56,705 WARN [main] o.a.k.c.NetworkClient [NetworkClient.java:671] [Consumer clientId=consumer-1, groupId=zqq-consumer-group] Connection to node -1 could not be established. Broker may not be available.
2020-05-11 22:49:58,723 WARN [main] o.a.k.c.NetworkClient [NetworkClient.java:671] [Consumer clientId=consumer-1, groupId=zqq-consumer-group] Connection to node -1 could not be established. Broker may not be available.
2020-05-11 22:50:00,752 WARN [main] o.a.k.c.NetworkClient [NetworkClient.java:671] [Consumer clientId=consumer-1, groupId=zqq-consumer-group] Connection to node -1 could not be established. Broker may not be available.
2020-05-11 22:50:02,967 WARN [main] o.a.k.c.NetworkClient [NetworkClient.java:671] [Consumer clientId=consumer-1, groupId=zqq-consumer-group] Connection to node -1 could not be established. Broker may not be available.
2020-05-11 22:50:03,191 WARN [main] o.s.w.c.s.GenericWebApplicationContext [AbstractApplicationContext.java:557] Exception encountered during context initialization - cancelling refresh attempt: org.springframework.context.ApplicationContextException: Failed to start bean 'org.springframework.kafka.config.internalKafkaListenerEndpointRegistry'; nested exception is org.apache.kafka.common.errors.TimeoutException: Timeout expired while fetching topic metadata
2020-05-11 22:50:03,192 WARN [main] o.s.b.f.s.DisposableBeanAdapter [DisposableBeanAdapter.java:267] Invocation of destroy method failed on bean with name 'tomcatMetricsBinder': java.lang.NullPointerException
2020-05-11 23:23:44,282 WARN [main] o.a.k.c.NetworkClient [NetworkClient.java:671] [Consumer clientId=consumer-1, groupId=zqq-consumer-group] Connection to node -1 could not be established. Broker may not be available.
2020-05-11 23:23:45,414 WARN [main] o.a.k.c.NetworkClient [NetworkClient.java:671] [Consumer clientId=consumer-1, groupId=zqq-consumer-group] Connection to node -1 could not be established. Broker may not be available.
2020-05-11 23:23:46,516 WARN [main] o.a.k.c.NetworkClient [NetworkClient.java:671] [Consumer clientId=consumer-1, groupId=zqq-consumer-group] Connection to node -1 could not be established. Broker may not be available.
2020-05-11 23:23:47,720 WARN [main] o.a.k.c.NetworkClient [NetworkClient.java:671] [Consumer clientId=consumer-1, groupId=zqq-consumer-group] Connection to node -1 could not be established. Broker may not be available.
2020-05-11 23:23:49,226 WARN [main] o.a.k.c.NetworkClient [NetworkClient.java:671] [Consumer clientId=consumer-1, groupId=zqq-consumer-group] Connection to node -1 could not be established. Broker may not be available.
2020-05-11 23:23:51,132 WARN [main] o.a.k.c.NetworkClient [NetworkClient.java:671] [Consumer clientId=consumer-1, groupId=zqq-consumer-group] Connection to node -1 could not be established. Broker may not be available.
2020-05-11 23:23:53,344 WARN [main] o.a.k.c.NetworkClient [NetworkClient.java:671] [Consumer clientId=consumer-1, groupId=zqq-consumer-group] Connection to node -1 could not be established. Broker may not be available.
2020-05-11 23:23:55,452 WARN [main] o.a.k.c.NetworkClient [NetworkClient.java:671] [Consumer clientId=consumer-1, groupId=zqq-consumer-group] Connection to node -1 could not be established. Broker may not be available.
2020-05-11 23:23:57,677 WARN [main] o.a.k.c.NetworkClient [NetworkClient.java:671] [Consumer clientId=consumer-1, groupId=zqq-consumer-group] Connection to node -1 could not be established. Broker may not be available.
2020-05-11 23:23:59,692 WARN [main] o.a.k.c.NetworkClient [NetworkClient.java:671] [Consumer clientId=consumer-1, groupId=zqq-consumer-group] Connection to node -1 could not be established. Broker may not be available.
2020-05-11 23:24:01,705 WARN [main] o.a.k.c.NetworkClient [NetworkClient.java:671] [Consumer clientId=consumer-1, groupId=zqq-consumer-group] Connection to node -1 could not be established. Broker may not be available.
2020-05-11 23:24:03,911 WARN [main] o.a.k.c.NetworkClient [NetworkClient.java:671] [Consumer clientId=consumer-1, groupId=zqq-consumer-group] Connection to node -1 could not be established. Broker may not be available.
2020-05-11 23:24:05,817 WARN [main] o.a.k.c.NetworkClient [NetworkClient.java:671] [Consumer clientId=consumer-1, groupId=zqq-consumer-group] Connection to node -1 could not be established. Broker may not be available.
2020-05-11 23:24:07,827 WARN [main] o.a.k.c.NetworkClient [NetworkClient.java:671] [Consumer clientId=consumer-1, groupId=zqq-consumer-group] Connection to node -1 could not be established. Broker may not be available.
2020-05-11 23:24:09,941 WARN [main] o.a.k.c.NetworkClient [NetworkClient.java:671] [Consumer clientId=consumer-1, groupId=zqq-consumer-group] Connection to node -1 could not be established. Broker may not be available.
2020-05-11 23:24:12,151 WARN [main] o.a.k.c.NetworkClient [NetworkClient.java:671] [Consumer clientId=consumer-1, groupId=zqq-consumer-group] Connection to node -1 could not be established. Broker may not be available.
2020-05-11 23:24:14,268 WARN [main] o.a.k.c.NetworkClient [NetworkClient.java:671] [Consumer clientId=consumer-1, groupId=zqq-consumer-group] Connection to node -1 could not be established. Broker may not be available.
2020-05-11 23:24:16,183 WARN [main] o.a.k.c.NetworkClient [NetworkClient.java:671] [Consumer clientId=consumer-1, groupId=zqq-consumer-group] Connection to node -1 could not be established. Broker may not be available.
2020-05-11 23:24:18,293 WARN [main] o.a.k.c.NetworkClient [NetworkClient.java:671] [Consumer clientId=consumer-1, groupId=zqq-consumer-group] Connection to node -1 could not be established. Broker may not be available.
2020-05-11 23:24:20,400 WARN [main] o.a.k.c.NetworkClient [NetworkClient.java:671] [Consumer clientId=consumer-1, groupId=zqq-consumer-group] Connection to node -1 could not be established. Broker may not be available.
2020-05-11 23:24:22,507 WARN [main] o.a.k.c.NetworkClient [NetworkClient.java:671] [Consumer clientId=consumer-1, groupId=zqq-consumer-group] Connection to node -1 could not be established. Broker may not be available.
2020-05-11 23:24:24,721 WARN [main] o.a.k.c.NetworkClient [NetworkClient.java:671] [Consumer clientId=consumer-1, groupId=zqq-consumer-group] Connection to node -1 could not be established. Broker may not be available.
2020-05-11 23:24:26,833 WARN [main] o.a.k.c.NetworkClient [NetworkClient.java:671] [Consumer clientId=consumer-1, groupId=zqq-consumer-group] Connection to node -1 could not be established. Broker may not be available.
2020-05-11 23:24:28,857 WARN [main] o.a.k.c.NetworkClient [NetworkClient.java:671] [Consumer clientId=consumer-1, groupId=zqq-consumer-group] Connection to node -1 could not be established. Broker may not be available.
2020-05-11 23:24:30,865 WARN [main] o.a.k.c.NetworkClient [NetworkClient.java:671] [Consumer clientId=consumer-1, groupId=zqq-consumer-group] Connection to node -1 could not be established. Broker may not be available.
2020-05-11 23:24:33,084 WARN [main] o.a.k.c.NetworkClient [NetworkClient.java:671] [Consumer clientId=consumer-1, groupId=zqq-consumer-group] Connection to node -1 could not be established. Broker may not be available.
2020-05-11 23:24:34,989 WARN [main] o.a.k.c.NetworkClient [NetworkClient.java:671] [Consumer clientId=consumer-1, groupId=zqq-consumer-group] Connection to node -1 could not be established. Broker may not be available.
2020-05-11 23:24:37,123 WARN [main] o.a.k.c.NetworkClient [NetworkClient.java:671] [Consumer clientId=consumer-1, groupId=zqq-consumer-group] Connection to node -1 could not be established. Broker may not be available.
2020-05-11 23:24:39,334 WARN [main] o.a.k.c.NetworkClient [NetworkClient.java:671] [Consumer clientId=consumer-1, groupId=zqq-consumer-group] Connection to node -1 could not be established. Broker may not be available.
2020-05-11 23:24:41,544 WARN [main] o.a.k.c.NetworkClient [NetworkClient.java:671] [Consumer clientId=consumer-1, groupId=zqq-consumer-group] Connection to node -1 could not be established. Broker may not be available.
2020-05-11 23:24:43,256 WARN [main] o.s.w.c.s.GenericWebApplicationContext [AbstractApplicationContext.java:557] Exception encountered during context initialization - cancelling refresh attempt: org.springframework.context.ApplicationContextException: Failed to start bean 'org.springframework.kafka.config.internalKafkaListenerEndpointRegistry'; nested exception is org.apache.kafka.common.errors.TimeoutException: Timeout expired while fetching topic metadata
2020-05-11 23:24:43,257 WARN [main] o.s.b.f.s.DisposableBeanAdapter [DisposableBeanAdapter.java:267] Invocation of destroy method failed on bean with name 'tomcatMetricsBinder': java.lang.NullPointerException
2020-05-11 23:30:12,303 WARN [main] o.a.k.c.NetworkClient [NetworkClient.java:671] [Consumer clientId=consumer-1, groupId=zqq-consumer-group] Connection to node -1 could not be established. Broker may not be available.
2020-05-11 23:30:13,407 WARN [main] o.a.k.c.NetworkClient [NetworkClient.java:671] [Consumer clientId=consumer-1, groupId=zqq-consumer-group] Connection to node -1 could not be established. Broker may not be available.
2020-05-11 23:30:14,511 WARN [main] o.a.k.c.NetworkClient [NetworkClient.java:671] [Consumer clientId=consumer-1, groupId=zqq-consumer-group] Connection to node -1 could not be established. Broker may not be available.
2020-05-11 23:30:15,814 WARN [main] o.a.k.c.NetworkClient [NetworkClient.java:671] [Consumer clientId=consumer-1, groupId=zqq-consumer-group] Connection to node -1 could not be established. Broker may not be available.
2020-05-11 23:30:17,328 WARN [main] o.a.k.c.NetworkClient [NetworkClient.java:671] [Consumer clientId=consumer-1, groupId=zqq-consumer-group] Connection to node -1 could not be established. Broker may not be available.
2020-05-11 23:30:19,133 WARN [main] o.a.k.c.NetworkClient [NetworkClient.java:671] [Consumer clientId=consumer-1, groupId=zqq-consumer-group] Connection to node -1 could not be established. Broker may not be available.
2020-05-11 23:30:21,239 WARN [main] o.a.k.c.NetworkClient [NetworkClient.java:671] [Consumer clientId=consumer-1, groupId=zqq-consumer-group] Connection to node -1 could not be established. Broker may not be available.
2020-05-11 23:30:23,450 WARN [main] o.a.k.c.NetworkClient [NetworkClient.java:671] [Consumer clientId=consumer-1, groupId=zqq-consumer-group] Connection to node -1 could not be established. Broker may not be available.
2020-05-11 23:30:25,258 WARN [main] o.a.k.c.NetworkClient [NetworkClient.java:671] [Consumer clientId=consumer-1, groupId=zqq-consumer-group] Connection to node -1 could not be established. Broker may not be available.
2020-05-11 23:30:27,270 WARN [main] o.a.k.c.NetworkClient [NetworkClient.java:671] [Consumer clientId=consumer-1, groupId=zqq-consumer-group] Connection to node -1 could not be established. Broker may not be available.
2020-05-11 23:30:29,279 WARN [main] o.a.k.c.NetworkClient [NetworkClient.java:671] [Consumer clientId=consumer-1, groupId=zqq-consumer-group] Connection to node -1 could not be established. Broker may not be available.
2020-05-11 23:30:31,404 WARN [main] o.a.k.c.NetworkClient [NetworkClient.java:671] [Consumer clientId=consumer-1, groupId=zqq-consumer-group] Connection to node -1 could not be established. Broker may not be available.
2020-05-11 23:30:33,411 WARN [main] o.a.k.c.NetworkClient [NetworkClient.java:671] [Consumer clientId=consumer-1, groupId=zqq-consumer-group] Connection to node -1 could not be established. Broker may not be available.
2020-05-11 23:30:35,320 WARN [main] o.a.k.c.NetworkClient [NetworkClient.java:671] [Consumer clientId=consumer-1, groupId=zqq-consumer-group] Connection to node -1 could not be established. Broker may not be available.
2020-05-11 23:30:37,269 WARN [main] o.a.k.c.NetworkClient [NetworkClient.java:671] [Consumer clientId=consumer-1, groupId=zqq-consumer-group] Connection to node -1 could not be established. Broker may not be available.
2020-05-11 23:30:39,381 WARN [main] o.a.k.c.NetworkClient [NetworkClient.java:671] [Consumer clientId=consumer-1, groupId=zqq-consumer-group] Connection to node -1 could not be established. Broker may not be available.
2020-05-11 23:30:41,313 WARN [main] o.a.k.c.NetworkClient [NetworkClient.java:671] [Consumer clientId=consumer-1, groupId=zqq-consumer-group] Connection to node -1 could not be established. Broker may not be available.
2020-05-11 23:30:43,431 WARN [main] o.a.k.c.NetworkClient [NetworkClient.java:671] [Consumer clientId=consumer-1, groupId=zqq-consumer-group] Connection to node -1 could not be established. Broker may not be available.
2020-05-11 23:30:45,651 WARN [main] o.a.k.c.NetworkClient [NetworkClient.java:671] [Consumer clientId=consumer-1, groupId=zqq-consumer-group] Connection to node -1 could not be established. Broker may not be available.
2020-05-11 23:30:47,764 WARN [main] o.a.k.c.NetworkClient [NetworkClient.java:671] [Consumer clientId=consumer-1, groupId=zqq-consumer-group] Connection to node -1 could not be established. Broker may not be available.
2020-05-11 23:30:49,671 WARN [main] o.a.k.c.NetworkClient [NetworkClient.java:671] [Consumer clientId=consumer-1, groupId=zqq-consumer-group] Connection to node -1 could not be established. Broker may not be available.
2020-05-11 23:30:51,678 WARN [main] o.a.k.c.NetworkClient [NetworkClient.java:671] [Consumer clientId=consumer-1, groupId=zqq-consumer-group] Connection to node -1 could not be established. Broker may not be available.
2020-05-11 23:30:53,784 WARN [main] o.a.k.c.NetworkClient [NetworkClient.java:671] [Consumer clientId=consumer-1, groupId=zqq-consumer-group] Connection to node -1 could not be established. Broker may not be available.
2020-05-11 23:30:55,893 WARN [main] o.a.k.c.NetworkClient [NetworkClient.java:671] [Consumer clientId=consumer-1, groupId=zqq-consumer-group] Connection to node -1 could not be established. Broker may not be available.
2020-05-11 23:30:58,101 WARN [main] o.a.k.c.NetworkClient [NetworkClient.java:671] [Consumer clientId=consumer-1, groupId=zqq-consumer-group] Connection to node -1 could not be established. Broker may not be available.
2020-05-11 23:31:00,227 WARN [main] o.a.k.c.NetworkClient [NetworkClient.java:671] [Consumer clientId=consumer-1, groupId=zqq-consumer-group] Connection to node -1 could not be established. Broker may not be available.
2020-05-11 23:31:02,134 WARN [main] o.a.k.c.NetworkClient [NetworkClient.java:671] [Consumer clientId=consumer-1, groupId=zqq-consumer-group] Connection to node -1 could not be established. Broker may not be available.
2020-05-11 23:31:04,049 WARN [main] o.a.k.c.NetworkClient [NetworkClient.java:671] [Consumer clientId=consumer-1, groupId=zqq-consumer-group] Connection to node -1 could not be established. Broker may not be available.
2020-05-11 23:31:06,264 WARN [main] o.a.k.c.NetworkClient [NetworkClient.java:671] [Consumer clientId=consumer-1, groupId=zqq-consumer-group] Connection to node -1 could not be established. Broker may not be available.
2020-05-11 23:31:08,473 WARN [main] o.a.k.c.NetworkClient [NetworkClient.java:671] [Consumer clientId=consumer-1, groupId=zqq-consumer-group] Connection to node -1 could not be established. Broker may not be available.
2020-05-11 23:31:10,682 WARN [main] o.a.k.c.NetworkClient [NetworkClient.java:671] [Consumer clientId=consumer-1, groupId=zqq-consumer-group] Connection to node -1 could not be established. Broker may not be available.
2020-05-11 23:31:11,254 WARN [main] o.s.w.c.s.GenericWebApplicationContext [AbstractApplicationContext.java:557] Exception encountered during context initialization - cancelling refresh attempt: org.springframework.context.ApplicationContextException: Failed to start bean 'org.springframework.kafka.config.internalKafkaListenerEndpointRegistry'; nested exception is org.apache.kafka.common.errors.TimeoutException: Timeout expired while fetching topic metadata
2020-05-11 23:31:11,256 WARN [main] o.s.b.f.s.DisposableBeanAdapter [DisposableBeanAdapter.java:267] Invocation of destroy method failed on bean with name 'tomcatMetricsBinder': java.lang.NullPointerException
2020-05-11 23:33:05,901 WARN [main] o.a.k.c.NetworkClient [NetworkClient.java:671] [Consumer clientId=consumer-1, groupId=test-consumer-group] Connection to node -1 could not be established. Broker may not be available.
2020-05-11 23:33:07,014 WARN [main] o.a.k.c.NetworkClient [NetworkClient.java:671] [Consumer clientId=consumer-1, groupId=test-consumer-group] Connection to node -1 could not be established. Broker may not be available.
2020-05-11 23:33:08,223 WARN [main] o.a.k.c.NetworkClient [NetworkClient.java:671] [Consumer clientId=consumer-1, groupId=test-consumer-group] Connection to node -1 could not be established. Broker may not be available.
2020-05-11 23:33:09,527 WARN [main] o.a.k.c.NetworkClient [NetworkClient.java:671] [Consumer clientId=consumer-1, groupId=test-consumer-group] Connection to node -1 could not be established. Broker may not be available.
2020-05-11 23:33:10,942 WARN [main] o.a.k.c.NetworkClient [NetworkClient.java:671] [Consumer clientId=consumer-1, groupId=test-consumer-group] Connection to node -1 could not be established. Broker may not be available.
2020-05-11 23:33:12,955 WARN [main] o.a.k.c.NetworkClient [NetworkClient.java:671] [Consumer clientId=consumer-1, groupId=test-consumer-group] Connection to node -1 could not be established. Broker may not be available.
2020-05-11 23:33:14,863 WARN [main] o.a.k.c.NetworkClient [NetworkClient.java:671] [Consumer clientId=consumer-1, groupId=test-consumer-group] Connection to node -1 could not be established. Broker may not be available.
2020-05-11 23:33:17,095 WARN [main] o.a.k.c.NetworkClient [NetworkClient.java:671] [Consumer clientId=consumer-1, groupId=test-consumer-group] Connection to node -1 could not be established. Broker may not be available.
2020-05-11 23:33:19,306 WARN [main] o.a.k.c.NetworkClient [NetworkClient.java:671] [Consumer clientId=consumer-1, groupId=test-consumer-group] Connection to node -1 could not be established. Broker may not be available.
2020-05-11 23:33:21,215 WARN [main] o.a.k.c.NetworkClient [NetworkClient.java:671] [Consumer clientId=consumer-1, groupId=test-consumer-group] Connection to node -1 could not be established. Broker may not be available.
2020-05-11 23:33:23,129 WARN [main] o.a.k.c.NetworkClient [NetworkClient.java:671] [Consumer clientId=consumer-1, groupId=test-consumer-group] Connection to node -1 could not be established. Broker may not be available.
2020-05-11 23:33:24,934 WARN [main] o.a.k.c.NetworkClient [NetworkClient.java:671] [Consumer clientId=consumer-1, groupId=test-consumer-group] Connection to node -1 could not be established. Broker may not be available.
2020-05-11 23:33:27,041 WARN [main] o.a.k.c.NetworkClient [NetworkClient.java:671] [Consumer clientId=consumer-1, groupId=test-consumer-group] Connection to node -1 could not be established. Broker may not be available.
2020-05-11 23:33:29,158 WARN [main] o.a.k.c.NetworkClient [NetworkClient.java:671] [Consumer clientId=consumer-1, groupId=test-consumer-group] Connection to node -1 could not be established. Broker may not be available.
2020-05-11 23:33:31,273 WARN [main] o.a.k.c.NetworkClient [NetworkClient.java:671] [Consumer clientId=consumer-1, groupId=test-consumer-group] Connection to node -1 could not be established. Broker may not be available.
2020-05-11 23:33:33,284 WARN [main] o.a.k.c.NetworkClient [NetworkClient.java:671] [Consumer clientId=consumer-1, groupId=test-consumer-group] Connection to node -1 could not be established. Broker may not be available.
2020-05-11 23:33:35,294 WARN [main] o.a.k.c.NetworkClient [NetworkClient.java:671] [Consumer clientId=consumer-1, groupId=test-consumer-group] Connection to node -1 could not be established. Broker may not be available.
2020-05-11 23:33:37,501 WARN [main] o.a.k.c.NetworkClient [NetworkClient.java:671] [Consumer clientId=consumer-1, groupId=test-consumer-group] Connection to node -1 could not be established. Broker may not be available.
2020-05-11 23:33:39,522 WARN [main] o.a.k.c.NetworkClient [NetworkClient.java:671] [Consumer clientId=consumer-1, groupId=test-consumer-group] Connection to node -1 could not be established. Broker may not be available.
2020-05-11 23:33:41,731 WARN [main] o.a.k.c.NetworkClient [NetworkClient.java:671] [Consumer clientId=consumer-1, groupId=test-consumer-group] Connection to node -1 could not be established. Broker may not be available.
2020-05-11 23:33:43,841 WARN [main] o.a.k.c.NetworkClient [NetworkClient.java:671] [Consumer clientId=consumer-1, groupId=test-consumer-group] Connection to node -1 could not be established. Broker may not be available.
2020-05-11 23:33:45,950 WARN [main] o.a.k.c.NetworkClient [NetworkClient.java:671] [Consumer clientId=consumer-1, groupId=test-consumer-group] Connection to node -1 could not be established. Broker may not be available.
2020-05-11 23:33:48,162 WARN [main] o.a.k.c.NetworkClient [NetworkClient.java:671] [Consumer clientId=consumer-1, groupId=test-consumer-group] Connection to node -1 could not be established. Broker may not be available.
2020-05-11 23:33:50,082 WARN [main] o.a.k.c.NetworkClient [NetworkClient.java:671] [Consumer clientId=consumer-1, groupId=test-consumer-group] Connection to node -1 could not be established. Broker may not be available.
2020-05-11 23:33:52,201 WARN [main] o.a.k.c.NetworkClient [NetworkClient.java:671] [Consumer clientId=consumer-1, groupId=test-consumer-group] Connection to node -1 could not be established. Broker may not be available.
2020-05-11 23:33:54,212 WARN [main] o.a.k.c.NetworkClient [NetworkClient.java:671] [Consumer clientId=consumer-1, groupId=test-consumer-group] Connection to node -1 could not be established. Broker may not be available.
2020-05-11 23:33:56,320 WARN [main] o.a.k.c.NetworkClient [NetworkClient.java:671] [Consumer clientId=consumer-1, groupId=test-consumer-group] Connection to node -1 could not be established. Broker may not be available.
2020-05-11 23:33:58,333 WARN [main] o.a.k.c.NetworkClient [NetworkClient.java:671] [Consumer clientId=consumer-1, groupId=test-consumer-group] Connection to node -1 could not be established. Broker may not be available.
2020-05-11 23:34:00,353 WARN [main] o.a.k.c.NetworkClient [NetworkClient.java:671] [Consumer clientId=consumer-1, groupId=test-consumer-group] Connection to node -1 could not be established. Broker may not be available.
2020-05-11 23:34:02,562 WARN [main] o.a.k.c.NetworkClient [NetworkClient.java:671] [Consumer clientId=consumer-1, groupId=test-consumer-group] Connection to node -1 could not be established. Broker may not be available.
2020-05-11 23:34:04,477 WARN [main] o.a.k.c.NetworkClient [NetworkClient.java:671] [Consumer clientId=consumer-1, groupId=test-consumer-group] Connection to node -1 could not be established. Broker may not be available.
2020-05-11 23:34:04,747 WARN [main] o.s.w.c.s.GenericWebApplicationContext [AbstractApplicationContext.java:557] Exception encountered during context initialization - cancelling refresh attempt: org.springframework.context.ApplicationContextException: Failed to start bean 'org.springframework.kafka.config.internalKafkaListenerEndpointRegistry'; nested exception is org.apache.kafka.common.errors.TimeoutException: Timeout expired while fetching topic metadata
2020-05-11 23:34:04,749 WARN [main] o.s.b.f.s.DisposableBeanAdapter [DisposableBeanAdapter.java:267] Invocation of destroy method failed on bean with name 'tomcatMetricsBinder': java.lang.NullPointerException
2020-05-11 23:43:14,700 WARN [main] o.a.k.c.NetworkClient [NetworkClient.java:671] [Consumer clientId=consumer-1, groupId=test-consumer-group] Connection to node -1 could not be established. Broker may not be available.
2020-05-11 23:43:15,805 WARN [main] o.a.k.c.NetworkClient [NetworkClient.java:671] [Consumer clientId=consumer-1, groupId=test-consumer-group] Connection to node -1 could not be established. Broker may not be available.
2020-05-11 23:43:17,013 WARN [main] o.a.k.c.NetworkClient [NetworkClient.java:671] [Consumer clientId=consumer-1, groupId=test-consumer-group] Connection to node -1 could not be established. Broker may not be available.
2020-05-11 23:43:18,220 WARN [main] o.a.k.c.NetworkClient [NetworkClient.java:671] [Consumer clientId=consumer-1, groupId=test-consumer-group] Connection to node -1 could not be established. Broker may not be available.
2020-05-11 23:43:19,732 WARN [main] o.a.k.c.NetworkClient [NetworkClient.java:671] [Consumer clientId=consumer-1, groupId=test-consumer-group] Connection to node -1 could not be established. Broker may not be available.
2020-05-11 23:43:21,745 WARN [main] o.a.k.c.NetworkClient [NetworkClient.java:671] [Consumer clientId=consumer-1, groupId=test-consumer-group] Connection to node -1 could not be established. Broker may not be available.
2020-05-11 23:43:23,660 WARN [main] o.a.k.c.NetworkClient [NetworkClient.java:671] [Consumer clientId=consumer-1, groupId=test-consumer-group] Connection to node -1 could not be established. Broker may not be available.
2020-05-11 23:43:25,773 WARN [main] o.a.k.c.NetworkClient [NetworkClient.java:671] [Consumer clientId=consumer-1, groupId=test-consumer-group] Connection to node -1 could not be established. Broker may not be available.
2020-05-11 23:43:27,592 WARN [main] o.a.k.c.NetworkClient [NetworkClient.java:671] [Consumer clientId=consumer-1, groupId=test-consumer-group] Connection to node -1 could not be established. Broker may not be available.
2020-05-11 23:43:29,602 WARN [main] o.a.k.c.NetworkClient [NetworkClient.java:671] [Consumer clientId=consumer-1, groupId=test-consumer-group] Connection to node -1 could not be established. Broker may not be available.
2020-05-11 23:43:31,509 WARN [main] o.a.k.c.NetworkClient [NetworkClient.java:671] [Consumer clientId=consumer-1, groupId=test-consumer-group] Connection to node -1 could not be established. Broker may not be available.
2020-05-11 23:43:33,619 WARN [main] o.a.k.c.NetworkClient [NetworkClient.java:671] [Consumer clientId=consumer-1, groupId=test-consumer-group] Connection to node -1 could not be established. Broker may not be available.
2020-05-11 23:43:35,525 WARN [main] o.a.k.c.NetworkClient [NetworkClient.java:671] [Consumer clientId=consumer-1, groupId=test-consumer-group] Connection to node -1 could not be established. Broker may not be available.
2020-05-11 23:43:37,441 WARN [main] o.a.k.c.NetworkClient [NetworkClient.java:671] [Consumer clientId=consumer-1, groupId=test-consumer-group] Connection to node -1 could not be established. Broker may not be available.
2020-05-11 23:43:39,450 WARN [main] o.a.k.c.NetworkClient [NetworkClient.java:671] [Consumer clientId=consumer-1, groupId=test-consumer-group] Connection to node -1 could not be established. Broker may not be available.
2020-05-11 23:43:41,460 WARN [main] o.a.k.c.NetworkClient [NetworkClient.java:671] [Consumer clientId=consumer-1, groupId=test-consumer-group] Connection to node -1 could not be established. Broker may not be available.
2020-05-11 23:43:43,373 WARN [main] o.a.k.c.NetworkClient [NetworkClient.java:671] [Consumer clientId=consumer-1, groupId=test-consumer-group] Connection to node -1 could not be established. Broker may not be available.
2020-05-11 23:43:45,381 WARN [main] o.a.k.c.NetworkClient [NetworkClient.java:671] [Consumer clientId=consumer-1, groupId=test-consumer-group] Connection to node -1 could not be established. Broker may not be available.
2020-05-11 23:43:47,394 WARN [main] o.a.k.c.NetworkClient [NetworkClient.java:671] [Consumer clientId=consumer-1, groupId=test-consumer-group] Connection to node -1 could not be established. Broker may not be available.
2020-05-11 23:43:49,606 WARN [main] o.a.k.c.NetworkClient [NetworkClient.java:671] [Consumer clientId=consumer-1, groupId=test-consumer-group] Connection to node -1 could not be established. Broker may not be available.
2020-05-11 23:43:51,714 WARN [main] o.a.k.c.NetworkClient [NetworkClient.java:671] [Consumer clientId=consumer-1, groupId=test-consumer-group] Connection to node -1 could not be established. Broker may not be available.
2020-05-11 23:43:53,752 WARN [main] o.a.k.c.NetworkClient [NetworkClient.java:671] [Consumer clientId=consumer-1, groupId=test-consumer-group] Connection to node -1 could not be established. Broker may not be available.
2020-05-11 23:43:55,974 WARN [main] o.a.k.c.NetworkClient [NetworkClient.java:671] [Consumer clientId=consumer-1, groupId=test-consumer-group] Connection to node -1 could not be established. Broker may not be available.
2020-05-11 23:43:57,983 WARN [main] o.a.k.c.NetworkClient [NetworkClient.java:671] [Consumer clientId=consumer-1, groupId=test-consumer-group] Connection to node -1 could not be established. Broker may not be available.
2020-05-11 23:43:59,891 WARN [main] o.a.k.c.NetworkClient [NetworkClient.java:671] [Consumer clientId=consumer-1, groupId=test-consumer-group] Connection to node -1 could not be established. Broker may not be available.
2020-05-11 23:44:02,102 WARN [main] o.a.k.c.NetworkClient [NetworkClient.java:671] [Consumer clientId=consumer-1, groupId=test-consumer-group] Connection to node -1 could not be established. Broker may not be available.
2020-05-11 23:44:04,309 WARN [main] o.a.k.c.NetworkClient [NetworkClient.java:671] [Consumer clientId=consumer-1, groupId=test-consumer-group] Connection to node -1 could not be established. Broker may not be available.
2020-05-11 23:44:06,226 WARN [main] o.a.k.c.NetworkClient [NetworkClient.java:671] [Consumer clientId=consumer-1, groupId=test-consumer-group] Connection to node -1 could not be established. Broker may not be available.
2020-05-11 23:44:08,460 WARN [main] o.a.k.c.NetworkClient [NetworkClient.java:671] [Consumer clientId=consumer-1, groupId=test-consumer-group] Connection to node -1 could not be established. Broker may not be available.
2020-05-11 23:44:10,426 WARN [main] o.a.k.c.NetworkClient [NetworkClient.java:671] [Consumer clientId=consumer-1, groupId=test-consumer-group] Connection to node -1 could not be established. Broker may not be available.
2020-05-11 23:44:12,561 WARN [main] o.a.k.c.NetworkClient [NetworkClient.java:671] [Consumer clientId=consumer-1, groupId=test-consumer-group] Connection to node -1 could not be established. Broker may not be available.
2020-05-11 23:44:13,703 WARN [main] o.s.w.c.s.GenericWebApplicationContext [AbstractApplicationContext.java:557] Exception encountered during context initialization - cancelling refresh attempt: org.springframework.context.ApplicationContextException: Failed to start bean 'org.springframework.kafka.config.internalKafkaListenerEndpointRegistry'; nested exception is org.apache.kafka.common.errors.TimeoutException: Timeout expired while fetching topic metadata
2020-05-11 23:44:13,705 WARN [main] o.s.b.f.s.DisposableBeanAdapter [DisposableBeanAdapter.java:267] Invocation of destroy method failed on bean with name 'tomcatMetricsBinder': java.lang.NullPointerException
2020-05-11 23:46:29,076 WARN [main] o.a.k.c.NetworkClient [NetworkClient.java:671] [Consumer clientId=consumer-1, groupId=test-consumer-group] Connection to node -1 could not be established. Broker may not be available.
2020-05-11 23:46:30,470 WARN [main] o.a.k.c.NetworkClient [NetworkClient.java:671] [Consumer clientId=consumer-1, groupId=test-consumer-group] Connection to node -1 could not be established. Broker may not be available.
2020-05-11 23:46:31,772 WARN [main] o.a.k.c.NetworkClient [NetworkClient.java:671] [Consumer clientId=consumer-1, groupId=test-consumer-group] Connection to node -1 could not be established. Broker may not be available.
2020-05-11 23:46:33,070 WARN [main] o.a.k.c.NetworkClient [NetworkClient.java:671] [Consumer clientId=consumer-1, groupId=test-consumer-group] Connection to node -1 could not be established. Broker may not be available.
2020-05-11 23:46:34,671 WARN [main] o.a.k.c.NetworkClient [NetworkClient.java:671] [Consumer clientId=consumer-1, groupId=test-consumer-group] Connection to node -1 could not be established. Broker may not be available.
2020-05-11 23:46:36,470 WARN [main] o.a.k.c.NetworkClient [NetworkClient.java:671] [Consumer clientId=consumer-1, groupId=test-consumer-group] Connection to node -1 could not be established. Broker may not be available.
2020-05-11 23:46:38,473 WARN [main] o.a.k.c.NetworkClient [NetworkClient.java:671] [Consumer clientId=consumer-1, groupId=test-consumer-group] Connection to node -1 could not be established. Broker may not be available.
2020-05-11 23:46:40,773 WARN [main] o.a.k.c.NetworkClient [NetworkClient.java:671] [Consumer clientId=consumer-1, groupId=test-consumer-group] Connection to node -1 could not be established. Broker may not be available.
2020-05-11 23:46:42,971 WARN [main] o.a.k.c.NetworkClient [NetworkClient.java:671] [Consumer clientId=consumer-1, groupId=test-consumer-group] Connection to node -1 could not be established. Broker may not be available.
2020-05-11 23:46:44,962 WARN [main] o.a.k.c.NetworkClient [NetworkClient.java:671] [Consumer clientId=consumer-1, groupId=test-consumer-group] Connection to node -1 could not be established. Broker may not be available.
2020-05-11 23:46:47,310 WARN [main] o.a.k.c.NetworkClient [NetworkClient.java:671] [Consumer clientId=consumer-1, groupId=test-consumer-group] Connection to node -1 could not be established. Broker may not be available.
2020-05-11 23:46:49,263 WARN [main] o.a.k.c.NetworkClient [NetworkClient.java:671] [Consumer clientId=consumer-1, groupId=test-consumer-group] Connection to node -1 could not be established. Broker may not be available.
2020-05-11 23:46:51,210 WARN [main] o.a.k.c.NetworkClient [NetworkClient.java:671] [Consumer clientId=consumer-1, groupId=test-consumer-group] Connection to node -1 could not be established. Broker may not be available.
2020-05-11 23:46:53,610 WARN [main] o.a.k.c.NetworkClient [NetworkClient.java:671] [Consumer clientId=consumer-1, groupId=test-consumer-group] Connection to node -1 could not be established. Broker may not be available.
2020-05-11 23:46:55,971 WARN [main] o.a.k.c.NetworkClient [NetworkClient.java:671] [Consumer clientId=consumer-1, groupId=test-consumer-group] Connection to node -1 could not be established. Broker may not be available.
2020-05-11 23:55:18,035 WARN [main] o.a.k.c.NetworkClient [NetworkClient.java:671] [Consumer clientId=consumer-1, groupId=test-consumer-group] Connection to node -1 could not be established. Broker may not be available.
2020-05-11 23:55:19,186 WARN [main] o.a.k.c.NetworkClient [NetworkClient.java:671] [Consumer clientId=consumer-1, groupId=test-consumer-group] Connection to node -1 could not be established. Broker may not be available.
2020-05-11 23:55:20,389 WARN [main] o.a.k.c.NetworkClient [NetworkClient.java:671] [Consumer clientId=consumer-1, groupId=test-consumer-group] Connection to node -1 could not be established. Broker may not be available.
2020-05-11 23:55:21,694 WARN [main] o.a.k.c.NetworkClient [NetworkClient.java:671] [Consumer clientId=consumer-1, groupId=test-consumer-group] Connection to node -1 could not be established. Broker may not be available.
2020-05-11 23:55:23,096 WARN [main] o.a.k.c.NetworkClient [NetworkClient.java:671] [Consumer clientId=consumer-1, groupId=test-consumer-group] Connection to node -1 could not be established. Broker may not be available.
2020-05-11 23:55:24,802 WARN [main] o.a.k.c.NetworkClient [NetworkClient.java:671] [Consumer clientId=consumer-1, groupId=test-consumer-group] Connection to node -1 could not be established. Broker may not be available.
2020-05-11 23:55:26,908 WARN [main] o.a.k.c.NetworkClient [NetworkClient.java:671] [Consumer clientId=consumer-1, groupId=test-consumer-group] Connection to node -1 could not be established. Broker may not be available.
2020-05-11 23:55:28,821 WARN [main] o.a.k.c.NetworkClient [NetworkClient.java:671] [Consumer clientId=consumer-1, groupId=test-consumer-group] Connection to node -1 could not be established. Broker may not be available.
2020-05-11 23:55:30,740 WARN [main] o.a.k.c.NetworkClient [NetworkClient.java:671] [Consumer clientId=consumer-1, groupId=test-consumer-group] Connection to node -1 could not be established. Broker may not be available.
2020-05-11 23:55:32,649 WARN [main] o.a.k.c.NetworkClient [NetworkClient.java:671] [Consumer clientId=consumer-1, groupId=test-consumer-group] Connection to node -1 could not be established. Broker may not be available.
2020-05-11 23:55:34,554 WARN [main] o.a.k.c.NetworkClient [NetworkClient.java:671] [Consumer clientId=consumer-1, groupId=test-consumer-group] Connection to node -1 could not be established. Broker may not be available.
2020-05-11 23:55:36,763 WARN [main] o.a.k.c.NetworkClient [NetworkClient.java:671] [Consumer clientId=consumer-1, groupId=test-consumer-group] Connection to node -1 could not be established. Broker may not be available.
2020-05-11 23:55:38,673 WARN [main] o.a.k.c.NetworkClient [NetworkClient.java:671] [Consumer clientId=consumer-1, groupId=test-consumer-group] Connection to node -1 could not be established. Broker may not be available.
2020-05-11 23:55:40,480 WARN [main] o.a.k.c.NetworkClient [NetworkClient.java:671] [Consumer clientId=consumer-1, groupId=test-consumer-group] Connection to node -1 could not be established. Broker may not be available.
2020-05-11 23:55:42,484 WARN [main] o.a.k.c.NetworkClient [NetworkClient.java:671] [Consumer clientId=consumer-1, groupId=test-consumer-group] Connection to node -1 could not be established. Broker may not be available.
2020-05-11 23:55:44,492 WARN [main] o.a.k.c.NetworkClient [NetworkClient.java:671] [Consumer clientId=consumer-1, groupId=test-consumer-group] Connection to node -1 could not be established. Broker may not be available.
2020-05-11 23:55:46,496 WARN [main] o.a.k.c.NetworkClient [NetworkClient.java:671] [Consumer clientId=consumer-1, groupId=test-consumer-group] Connection to node -1 could not be established. Broker may not be available.
2020-05-11 23:55:48,702 WARN [main] o.a.k.c.NetworkClient [NetworkClient.java:671] [Consumer clientId=consumer-1, groupId=test-consumer-group] Connection to node -1 could not be established. Broker may not be available.
2020-05-11 23:55:50,716 WARN [main] o.a.k.c.NetworkClient [NetworkClient.java:671] [Consumer clientId=consumer-1, groupId=test-consumer-group] Connection to node -1 could not be established. Broker may not be available.
2020-05-11 23:55:52,728 WARN [main] o.a.k.c.NetworkClient [NetworkClient.java:671] [Consumer clientId=consumer-1, groupId=test-consumer-group] Connection to node -1 could not be established. Broker may not be available.
2020-05-11 23:55:54,937 WARN [main] o.a.k.c.NetworkClient [NetworkClient.java:671] [Consumer clientId=consumer-1, groupId=test-consumer-group] Connection to node -1 could not be established. Broker may not be available.
2020-05-11 23:55:56,844 WARN [main] o.a.k.c.NetworkClient [NetworkClient.java:671] [Consumer clientId=consumer-1, groupId=test-consumer-group] Connection to node -1 could not be established. Broker may not be available.
2020-05-11 23:55:58,752 WARN [main] o.a.k.c.NetworkClient [NetworkClient.java:671] [Consumer clientId=consumer-1, groupId=test-consumer-group] Connection to node -1 could not be established. Broker may not be available.
2020-05-11 23:56:00,963 WARN [main] o.a.k.c.NetworkClient [NetworkClient.java:671] [Consumer clientId=consumer-1, groupId=test-consumer-group] Connection to node -1 could not be established. Broker may not be available.
2020-05-11 23:56:02,869 WARN [main] o.a.k.c.NetworkClient [NetworkClient.java:671] [Consumer clientId=consumer-1, groupId=test-consumer-group] Connection to node -1 could not be established. Broker may not be available.
2020-05-11 23:56:04,977 WARN [main] o.a.k.c.NetworkClient [NetworkClient.java:671] [Consumer clientId=consumer-1, groupId=test-consumer-group] Connection to node -1 could not be established. Broker may not be available.
2020-05-11 23:56:07,184 WARN [main] o.a.k.c.NetworkClient [NetworkClient.java:671] [Consumer clientId=consumer-1, groupId=test-consumer-group] Connection to node -1 could not be established. Broker may not be available.
2020-05-11 23:56:09,289 WARN [main] o.a.k.c.NetworkClient [NetworkClient.java:671] [Consumer clientId=consumer-1, groupId=test-consumer-group] Connection to node -1 could not be established. Broker may not be available.
2020-05-11 23:56:11,193 WARN [main] o.a.k.c.NetworkClient [NetworkClient.java:671] [Consumer clientId=consumer-1, groupId=test-consumer-group] Connection to node -1 could not be established. Broker may not be available.
2020-05-11 23:56:13,100 WARN [main] o.a.k.c.NetworkClient [NetworkClient.java:671] [Consumer clientId=consumer-1, groupId=test-consumer-group] Connection to node -1 could not be established. Broker may not be available.
2020-05-11 23:56:15,305 WARN [main] o.a.k.c.NetworkClient [NetworkClient.java:671] [Consumer clientId=consumer-1, groupId=test-consumer-group] Connection to node -1 could not be established. Broker may not be available.
