#
# There is insufficient memory for the Java Runtime Environment to continue.
# Native memory allocation (malloc) failed to allocate 1126736 bytes for Chunk::new
# Possible reasons:
#   The system is out of physical RAM or swap space
#   In 32 bit mode, the process size limit was hit
# Possible solutions:
#   Reduce memory load on the system
#   Increase physical memory or swap space
#   Check if swap backing store is full
#   Use 64 bit Java on a 64 bit OS
#   Decrease Java heap size (-Xmx/-Xms)
#   Decrease number of Java threads
#   Decrease Java thread stack sizes (-Xss)
#   Set larger code cache with -XX:ReservedCodeCacheSize=
# This output file may be truncated or incomplete.
#
#  Out of Memory Error (allocation.cpp:390), pid=2668, tid=24272
#
# JRE version: Java(TM) SE Runtime Environment (8.0_40-b25) (build 1.8.0_40-b25)
# Java VM: Java HotSpot(TM) 64-Bit Server VM (25.40-b25 mixed mode windows-amd64 compressed oops)
# Failed to write core dump. Minidumps are not enabled by default on client versions of Windows
#

---------------  T H R E A D  ---------------

Current thread (0x00000000194eb800):  JavaThread "C2 CompilerThread1" daemon [_thread_in_native, id=24272, stack(0x000000001aff0000,0x000000001b0f0000)]

Stack: [0x000000001aff0000,0x000000001b0f0000]
Native frames: (J=compiled Java code, j=interpreted, Vv=VM code, C=native code)
V  [jvm.dll+0x32b47a]
V  [jvm.dll+0x2797f3]
V  [jvm.dll+0x27a489]
V  [jvm.dll+0x2717a5]
V  [jvm.dll+0xcb9a2]
V  [jvm.dll+0xcbe6c]
V  [jvm.dll+0x4929a7]
V  [jvm.dll+0x45f77f]
V  [jvm.dll+0x46a73b]
V  [jvm.dll+0x46cd52]
V  [jvm.dll+0x4500d2]
V  [jvm.dll+0xa4312]
V  [jvm.dll+0xa4c4f]
V  [jvm.dll+0x241914]
V  [jvm.dll+0x29848a]
C  [msvcr100.dll+0x21d9f]
C  [msvcr100.dll+0x21e3b]
C  [KERNEL32.DLL+0x137e4]
C  [ntdll.dll+0x6cb81]


Current CompileTask:
C2:  13960 4110   !   4       org.springframework.util.ClassUtils::getMostSpecificMethod (72 bytes)


---------------  P R O C E S S  ---------------

Java Threads: ( => current thread )
  0x000000001e21d800 JavaThread "lettuce-eventExecutorLoop-1-1" daemon [_thread_blocked, id=896, stack(0x0000000023760000,0x0000000023860000)]
  0x000000001cb65000 JavaThread "Druid-ConnectionPool-Destroy-890060621" daemon [_thread_blocked, id=22988, stack(0x0000000023260000,0x0000000023360000)]
  0x000000001f1b1000 JavaThread "Druid-ConnectionPool-Create-890060621" daemon [_thread_blocked, id=24472, stack(0x0000000021db0000,0x0000000021eb0000)]
  0x0000000020e2c800 JavaThread "mysql-cj-abandoned-connection-cleanup" daemon [_thread_blocked, id=15004, stack(0x0000000021760000,0x0000000021860000)]
  0x000000001a87f800 JavaThread "Service Thread" daemon [_thread_blocked, id=20028, stack(0x000000001b1f0000,0x000000001b2f0000)]
  0x000000001a87a800 JavaThread "C1 CompilerThread2" daemon [_thread_blocked, id=25768, stack(0x000000001b0f0000,0x000000001b1f0000)]
=>0x00000000194eb800 JavaThread "C2 CompilerThread1" daemon [_thread_in_native, id=24272, stack(0x000000001aff0000,0x000000001b0f0000)]
  0x00000000194e8800 JavaThread "C2 CompilerThread0" daemon [_thread_in_native, id=22204, stack(0x000000001aef0000,0x000000001aff0000)]
  0x00000000194e4800 JavaThread "Monitor Ctrl-Break" daemon [_thread_in_native, id=16632, stack(0x000000001adf0000,0x000000001aef0000)]
  0x000000001a832800 JavaThread "Attach Listener" daemon [_thread_blocked, id=14080, stack(0x000000001acf0000,0x000000001adf0000)]
  0x00000000194b8000 JavaThread "Signal Dispatcher" daemon [_thread_blocked, id=21416, stack(0x000000001abf0000,0x000000001acf0000)]
  0x00000000048f8000 JavaThread "Finalizer" daemon [_thread_blocked, id=24992, stack(0x000000001a6f0000,0x000000001a7f0000)]
  0x0000000019469000 JavaThread "Reference Handler" daemon [_thread_blocked, id=2272, stack(0x000000001a5f0000,0x000000001a6f0000)]
  0x0000000004809000 JavaThread "main" [_thread_in_vm, id=20924, stack(0x0000000004500000,0x0000000004600000)]

Other Threads:
  0x0000000019468000 VMThread [stack: 0x000000001a4f0000,0x000000001a5f0000] [id=13608]
  0x000000001a883800 WatcherThread [stack: 0x000000001b2f0000,0x000000001b3f0000] [id=22692]

VM state:not at safepoint (normal execution)

VM Mutex/Monitor currently owned by a thread: None

Heap:
 PSYoungGen      total 138240K, used 50075K [0x00000000d6300000, 0x00000000e2180000, 0x0000000100000000)
  eden space 129536K, 31% used [0x00000000d6300000,0x00000000d8b68e00,0x00000000de180000)
  from space 8704K, 99% used [0x00000000de180000,0x00000000de9fe198,0x00000000dea00000)
  to   space 12800K, 0% used [0x00000000e1500000,0x00000000e1500000,0x00000000e2180000)
 ParOldGen       total 52736K, used 17493K [0x0000000082800000, 0x0000000085b80000, 0x00000000d6300000)
  object space 52736K, 33% used [0x0000000082800000,0x00000000839157d8,0x0000000085b80000)
 Metaspace       used 44030K, capacity 45460K, committed 45656K, reserved 1089536K
  class space    used 5681K, capacity 5970K, committed 6016K, reserved 1048576K

Card table byte_map: [0x0000000013dc0000,0x00000000141b0000] byte_map_base: 0x00000000139ac000

Marking Bits: (ParMarkBitMap*) 0x000000005e3e4040
 Begin Bits: [0x0000000014850000, 0x00000000167b0000)
 End Bits:   [0x00000000167b0000, 0x0000000018710000)

Polling page: 0x0000000002630000

CodeCache: size=245760Kb used=14826Kb max_used=14893Kb free=230933Kb
 bounds [0x0000000004a00000, 0x00000000058a0000, 0x0000000013a00000]
 total_blobs=4283 nmethods=3807 adapters=387
 compilation: enabled

Compilation events (10 events):
Event: 13.887 Thread 0x000000001a87a800 4152       3       org.springframework.core.convert.support.GenericConversionService$ConverterCacheKey::<init> (15 bytes)
Event: 13.887 Thread 0x000000001a87a800 nmethod 4152 0x0000000004c4d750 code [0x0000000004c4d8a0, 0x0000000004c4da70]
Event: 13.895 Thread 0x000000001a87a800 4153       3       java.beans.PropertyDescriptor::setClass0 (25 bytes)
Event: 13.896 Thread 0x000000001a87a800 nmethod 4153 0x000000000502f290 code [0x000000000502f480, 0x000000000502ff98]
Event: 13.899 Thread 0x000000001a87a800 4154       3       java.lang.invoke.LambdaForm$MH/951050903::linkToTargetMethod (13 bytes)
Event: 13.899 Thread 0x000000001a87a800 nmethod 4154 0x0000000004cb1910 code [0x0000000004cb1a80, 0x0000000004cb1e18]
Event: 13.907 Thread 0x000000001a87a800 4155       3       org.springframework.core.annotation.AnnotationUtils::isOverride (81 bytes)
Event: 13.909 Thread 0x000000001a87a800 nmethod 4155 0x000000000502d710 code [0x000000000502d960, 0x000000000502eb68]
Event: 13.909 Thread 0x000000001a87a800 4156   !   3       org.springframework.core.annotation.AnnotatedElementUtils::searchWithFindSemantics (774 bytes)
Event: 13.914 Thread 0x000000001a87a800 nmethod 4156 0x0000000005894850 code [0x0000000005894e00, 0x00000000058987e8]

GC Heap History (10 events):
Event: 7.098 GC heap before
{Heap before GC invocations=7 (full 1):
 PSYoungGen      total 70656K, used 65536K [0x00000000d6300000, 0x00000000df400000, 0x0000000100000000)
  eden space 65536K, 100% used [0x00000000d6300000,0x00000000da300000,0x00000000da300000)
  from space 5120K, 0% used [0x00000000da300000,0x00000000da300000,0x00000000da800000)
  to   space 8704K, 0% used [0x00000000deb80000,0x00000000deb80000,0x00000000df400000)
 ParOldGen       total 52736K, used 7558K [0x0000000082800000, 0x0000000085b80000, 0x00000000d6300000)
  object space 52736K, 14% used [0x0000000082800000,0x0000000082f61820,0x0000000085b80000)
 Metaspace       used 26165K, capacity 26954K, committed 27136K, reserved 1073152K
  class space    used 3344K, capacity 3561K, committed 3584K, reserved 1048576K
Event: 7.109 GC heap after
Heap after GC invocations=7 (full 1):
 PSYoungGen      total 118272K, used 6747K [0x00000000d6300000, 0x00000000df280000, 0x0000000100000000)
  eden space 111104K, 0% used [0x00000000d6300000,0x00000000d6300000,0x00000000dcf80000)
  from space 7168K, 94% used [0x00000000deb80000,0x00000000df216c98,0x00000000df280000)
  to   space 8704K, 0% used [0x00000000de180000,0x00000000de180000,0x00000000dea00000)
 ParOldGen       total 52736K, used 7558K [0x0000000082800000, 0x0000000085b80000, 0x00000000d6300000)
  object space 52736K, 14% used [0x0000000082800000,0x0000000082f61820,0x0000000085b80000)
 Metaspace       used 26165K, capacity 26954K, committed 27136K, reserved 1073152K
  class space    used 3344K, capacity 3561K, committed 3584K, reserved 1048576K
}
Event: 8.725 GC heap before
{Heap before GC invocations=8 (full 1):
 PSYoungGen      total 118272K, used 117851K [0x00000000d6300000, 0x00000000df280000, 0x0000000100000000)
  eden space 111104K, 100% used [0x00000000d6300000,0x00000000dcf80000,0x00000000dcf80000)
  from space 7168K, 94% used [0x00000000deb80000,0x00000000df216c98,0x00000000df280000)
  to   space 8704K, 0% used [0x00000000de180000,0x00000000de180000,0x00000000dea00000)
 ParOldGen       total 52736K, used 7558K [0x0000000082800000, 0x0000000085b80000, 0x00000000d6300000)
  object space 52736K, 14% used [0x0000000082800000,0x0000000082f61820,0x0000000085b80000)
 Metaspace       used 29995K, capacity 31050K, committed 31360K, reserved 1077248K
  class space    used 3884K, capacity 4125K, committed 4224K, reserved 1048576K
Event: 8.738 GC heap after
Heap after GC invocations=8 (full 1):
 PSYoungGen      total 138240K, used 8701K [0x00000000d6300000, 0x00000000e2b80000, 0x0000000100000000)
  eden space 129536K, 0% used [0x00000000d6300000,0x00000000d6300000,0x00000000de180000)
  from space 8704K, 99% used [0x00000000de180000,0x00000000de9ff578,0x00000000dea00000)
  to   space 10752K, 0% used [0x00000000e2100000,0x00000000e2100000,0x00000000e2b80000)
 ParOldGen       total 52736K, used 9305K [0x0000000082800000, 0x0000000085b80000, 0x00000000d6300000)
  object space 52736K, 17% used [0x0000000082800000,0x0000000083116540,0x0000000085b80000)
 Metaspace       used 29995K, capacity 31050K, committed 31360K, reserved 1077248K
  class space    used 3884K, capacity 4125K, committed 4224K, reserved 1048576K
}
Event: 10.335 GC heap before
{Heap before GC invocations=9 (full 1):
 PSYoungGen      total 138240K, used 102884K [0x00000000d6300000, 0x00000000e2b80000, 0x0000000100000000)
  eden space 129536K, 72% used [0x00000000d6300000,0x00000000dbef9a98,0x00000000de180000)
  from space 8704K, 99% used [0x00000000de180000,0x00000000de9ff578,0x00000000dea00000)
  to   space 10752K, 0% used [0x00000000e2100000,0x00000000e2100000,0x00000000e2b80000)
 ParOldGen       total 52736K, used 9305K [0x0000000082800000, 0x0000000085b80000, 0x00000000d6300000)
  object space 52736K, 17% used [0x0000000082800000,0x0000000083116540,0x0000000085b80000)
 Metaspace       used 34183K, capacity 35326K, committed 35416K, reserved 1079296K
  class space    used 4407K, capacity 4651K, committed 4736K, reserved 1048576K
Event: 10.349 GC heap after
Heap after GC invocations=9 (full 1):
 PSYoungGen      total 140288K, used 10728K [0x00000000d6300000, 0x00000000e2b80000, 0x0000000100000000)
  eden space 129536K, 0% used [0x00000000d6300000,0x00000000d6300000,0x00000000de180000)
  from space 10752K, 99% used [0x00000000e2100000,0x00000000e2b7a080,0x00000000e2b80000)
  to   space 8704K, 0% used [0x00000000de180000,0x00000000de180000,0x00000000dea00000)
 ParOldGen       total 52736K, used 11179K [0x0000000082800000, 0x0000000085b80000, 0x00000000d6300000)
  object space 52736K, 21% used [0x0000000082800000,0x00000000832eafd8,0x0000000085b80000)
 Metaspace       used 34183K, capacity 35326K, committed 35416K, reserved 1079296K
  class space    used 4407K, capacity 4651K, committed 4736K, reserved 1048576K
}
Event: 10.349 GC heap before
{Heap before GC invocations=10 (full 2):
 PSYoungGen      total 140288K, used 10728K [0x00000000d6300000, 0x00000000e2b80000, 0x0000000100000000)
  eden space 129536K, 0% used [0x00000000d6300000,0x00000000d6300000,0x00000000de180000)
  from space 10752K, 99% used [0x00000000e2100000,0x00000000e2b7a080,0x00000000e2b80000)
  to   space 8704K, 0% used [0x00000000de180000,0x00000000de180000,0x00000000dea00000)
 ParOldGen       total 52736K, used 11179K [0x0000000082800000, 0x0000000085b80000, 0x00000000d6300000)
  object space 52736K, 21% used [0x0000000082800000,0x00000000832eafd8,0x0000000085b80000)
 Metaspace       used 34183K, capacity 35326K, committed 35416K, reserved 1079296K
  class space    used 4407K, capacity 4651K, committed 4736K, reserved 1048576K
Event: 10.499 GC heap after
Heap after GC invocations=10 (full 2):
 PSYoungGen      total 140288K, used 0K [0x00000000d6300000, 0x00000000e2b80000, 0x0000000100000000)
  eden space 129536K, 0% used [0x00000000d6300000,0x00000000d6300000,0x00000000de180000)
  from space 10752K, 0% used [0x00000000e2100000,0x00000000e2100000,0x00000000e2b80000)
  to   space 8704K, 0% used [0x00000000de180000,0x00000000de180000,0x00000000dea00000)
 ParOldGen       total 52736K, used 17383K [0x0000000082800000, 0x0000000085b80000, 0x00000000d6300000)
  object space 52736K, 32% used [0x0000000082800000,0x00000000838f9f68,0x0000000085b80000)
 Metaspace       used 34183K, capacity 35326K, committed 35416K, reserved 1079296K
  class space    used 4407K, capacity 4651K, committed 4736K, reserved 1048576K
}
Event: 13.088 GC heap before
{Heap before GC invocations=11 (full 2):
 PSYoungGen      total 140288K, used 129536K [0x00000000d6300000, 0x00000000e2b80000, 0x0000000100000000)
  eden space 129536K, 100% used [0x00000000d6300000,0x00000000de180000,0x00000000de180000)
  from space 10752K, 0% used [0x00000000e2100000,0x00000000e2100000,0x00000000e2b80000)
  to   space 8704K, 0% used [0x00000000de180000,0x00000000de180000,0x00000000dea00000)
 ParOldGen       total 52736K, used 17383K [0x0000000082800000, 0x0000000085b80000, 0x00000000d6300000)
  object space 52736K, 32% used [0x0000000082800000,0x00000000838f9f68,0x0000000085b80000)
 Metaspace       used 41081K, capacity 42384K, committed 42712K, reserved 1087488K
  class space    used 5306K, capacity 5566K, committed 5632K, reserved 1048576K
Event: 13.102 GC heap after
Heap after GC invocations=11 (full 2):
 PSYoungGen      total 138240K, used 8696K [0x00000000d6300000, 0x00000000e2180000, 0x0000000100000000)
  eden space 129536K, 0% used [0x00000000d6300000,0x00000000d6300000,0x00000000de180000)
  from space 8704K, 99% used [0x00000000de180000,0x00000000de9fe198,0x00000000dea00000)
  to   space 12800K, 0% used [0x00000000e1500000,0x00000000e1500000,0x00000000e2180000)
 ParOldGen       total 52736K, used 17493K [0x0000000082800000, 0x0000000085b80000, 0x00000000d6300000)
  object space 52736K, 33% used [0x0000000082800000,0x00000000839157d8,0x0000000085b80000)
 Metaspace       used 41081K, capacity 42384K, committed 42712K, reserved 1087488K
  class space    used 5306K, capacity 5566K, committed 5632K, reserved 1048576K
}

Deoptimization events (10 events):
Event: 12.256 Thread 0x0000000004809000 Uncommon trap: reason=class_check action=maybe_recompile pc=0x00000000057f6f10 method=org.springframework.core.annotation.AnnotatedElementUtils.searchOnInterfaces(Ljava/lang/reflect/Method;Ljava/util/Set;Ljava/lang/String;Ljava/lang/Class;Lorg/springframewqÁM~
Event: 12.256 Thread 0x0000000004809000 Uncommon trap: reason=class_check action=maybe_recompile pc=0x00000000057f6f10 method=org.springframework.core.annotation.AnnotatedElementUtils.searchOnInterfaces(Ljava/lang/reflect/Method;Ljava/util/Set;Ljava/lang/String;Ljava/lang/Class;Lorg/springframewÿ3öÉ(@
Event: 12.256 Thread 0x0000000004809000 Uncommon trap: reason=class_check action=maybe_recompile pc=0x00000000057f6f10 method=org.springframework.core.annotation.AnnotatedElementUtils.searchOnInterfaces(Ljava/lang/reflect/Method;Ljava/util/Set;Ljava/lang/String;Ljava/lang/Class;Lorg/springframewÉ^≥@'Ü(@
Event: 12.262 Thread 0x0000000004809000 Uncommon trap: reason=bimorphic action=maybe_recompile pc=0x00000000057ad5dc method=org.springframework.core.annotation.AnnotationUtils.hasSearchableAnnotations(Ljava/lang/reflect/Method;)Z @ 34
Event: 12.913 Thread 0x0000000004809000 Uncommon trap: reason=bimorphic action=maybe_recompile pc=0x0000000005462dd0 method=java.util.regex.Matcher.match(II)Z @ 86
Event: 12.919 Thread 0x0000000004809000 Uncommon trap: reason=unstable_if action=reinterpret pc=0x0000000004e948e8 method=java.io.WinNTFileSystem.isLetter(C)Z @ 3
Event: 12.919 Thread 0x0000000004809000 Uncommon trap: reason=unstable_if action=reinterpret pc=0x0000000004f359f4 method=java.io.WinNTFileSystem.prefixLength(Ljava/lang/String;)I @ 42
Event: 13.906 Thread 0x0000000004809000 Uncommon trap: reason=bimorphic action=maybe_recompile pc=0x00000000057ad5dc method=org.springframework.core.annotation.AnnotationUtils.hasSearchableAnnotations(Ljava/lang/reflect/Method;)Z @ 34
Event: 13.906 Thread 0x0000000004809000 Uncommon trap: reason=class_check action=maybe_recompile pc=0x0000000005830b78 method=org.springframework.core.annotation.AnnotatedElementUtils.searchOnInterfaces(Ljava/lang/reflect/Method;Ljava/util/Set;Ljava/lang/String;Ljava/lang/Class;Lorg/springframew
Event: 13.908 Thread 0x0000000004809000 Uncommon trap: reason=unstable_if action=reinterpret pc=0x0000000005842fe8 method=org.springframework.transaction.annotation.SpringTransactionAnnotationParser.parseTransactionAnnotation(Ljava/lang/reflect/AnnotatedElement;)Lorg/springframework/transaction/⁄Yµ`˜Ç(@

Internal exceptions (10 events):
Event: 13.869 Thread 0x0000000004809000 Exception <a 'java/lang/ClassNotFoundException': org/springframework/web/servlet/HandlerInterceptorCustomizer> (0x00000000d87fdff0) thrown at [D:\re\workspace\8-2-build-windows-amd64-cygwin\jdk8u40\2855\hotspot\src\share\vm\classfile\systemDictionary.cpp, –£AH®¿+@
Event: 13.876 Thread 0x0000000004809000 Exception <a 'java/lang/ClassNotFoundException': java/lang/ObjectCustomizer> (0x00000000d8838a50) thrown at [D:\re\workspace\8-2-build-windows-amd64-cygwin\jdk8u40\2855\hotspot\src\share\vm\classfile\systemDictionary.cpp, line 210]
Event: 13.877 Thread 0x0000000004809000 Exception <a 'java/lang/ClassNotFoundException': com/nowcoder/community/controller/CommentControllerCustomizer> (0x00000000d885f648) thrown at [D:\re\workspace\8-2-build-windows-amd64-cygwin\jdk8u40\2855\hotspot\src\share\vm\classfile\systemDictionary.cpp,†ôbà£√+@
Event: 13.882 Thread 0x0000000004809000 Exception <a 'java/lang/ClassNotFoundException': java/lang/ObjectCustomizer> (0x00000000d888fb40) thrown at [D:\re\workspace\8-2-build-windows-amd64-cygwin\jdk8u40\2855\hotspot\src\share\vm\classfile\systemDictionary.cpp, line 210]
Event: 13.883 Thread 0x0000000004809000 Exception <a 'java/lang/ClassNotFoundException': com/nowcoder/community/service/CommentServiceCustomizer> (0x00000000d88b4318) thrown at [D:\re\workspace\8-2-build-windows-amd64-cygwin\jdk8u40\2855\hotspot\src\share\vm\classfile\systemDictionary.cpp, line ≤zû≠ƒ+@
Event: 13.884 Thread 0x0000000004809000 Exception <a 'java/lang/ClassNotFoundException': com/nowcoder/community/util/CommunityConstantCustomizer> (0x00000000d88d8fd8) thrown at [D:\re\workspace\8-2-build-windows-amd64-cygwin\jdk8u40\2855\hotspot\src\share\vm\classfile\systemDictionary.cpp, line i¿À${»+@
Event: 13.892 Thread 0x0000000004809000 Exception <a 'java/lang/ClassNotFoundException': java/lang/ObjectCustomizer> (0x00000000d8905920) thrown at [D:\re\workspace\8-2-build-windows-amd64-cygwin\jdk8u40\2855\hotspot\src\share\vm\classfile\systemDictionary.cpp, line 210]
Event: 13.895 Thread 0x0000000004809000 Exception <a 'java/lang/ClassNotFoundException': com/nowcoder/community/util/SensitiveFilterCustomizer> (0x00000000d8929778) thrown at [D:\re\workspace\8-2-build-windows-amd64-cygwin\jdk8u40\2855\hotspot\src\share\vm\classfile\systemDictionary.cpp, line 21bZVùÃ+@
Event: 13.900 Thread 0x0000000004809000 Exception <a 'java/lang/ClassNotFoundException': java/lang/ObjectCustomizer> (0x00000000d894c9b0) thrown at [D:\re\workspace\8-2-build-windows-amd64-cygwin\jdk8u40\2855\hotspot\src\share\vm\classfile\systemDictionary.cpp, line 210]
Event: 13.901 Thread 0x0000000004809000 Exception <a 'java/lang/ClassNotFoundException': com/nowcoder/community/service/DiscussPostServiceCustomizer> (0x00000000d89733d0) thrown at [D:\re\workspace\8-2-build-windows-amd64-cygwin\jdk8u40\2855\hotspot\src\share\vm\classfile\systemDictionary.cpp, lÖç)›º+@

Events (10 events):
Event: 13.915 loading class org/aspectj/util/PartialOrder$PartialComparable
Event: 13.915 loading class org/aspectj/util/PartialOrder$PartialComparable done
Event: 13.919 loading class org/aspectj/util/PartialOrder
Event: 13.919 loading class org/aspectj/util/PartialOrder done
Event: 13.920 loading class org/springframework/aop/target/SingletonTargetSource
Event: 13.920 loading class org/springframework/aop/target/SingletonTargetSource done
Event: 13.922 loading class org/springframework/aop/framework/ObjenesisCglibAopProxy
Event: 13.922 loading class org/springframework/aop/framework/ObjenesisCglibAopProxy done
Event: 13.922 loading class org/springframework/aop/framework/CglibAopProxy
Event: 13.922 loading class org/springframework/aop/framework/CglibAopProxy done


Dynamic libraries:
0x00007ff7ec5e0000 - 0x00007ff7ec617000 	C:\Program Files\Java\jdk1.8.0_40\bin\java.exe
0x00007ffdf1b20000 - 0x00007ffdf1d00000 	C:\WINDOWS\SYSTEM32\ntdll.dll
0x00007ffdf0ea0000 - 0x00007ffdf0f4e000 	C:\WINDOWS\System32\KERNEL32.DLL
0x00007ffdeeab0000 - 0x00007ffdeed16000 	C:\WINDOWS\System32\KERNELBASE.dll
0x00007ffdf1950000 - 0x00007ffdf19f1000 	C:\WINDOWS\System32\ADVAPI32.dll
0x00007ffdf0780000 - 0x00007ffdf081d000 	C:\WINDOWS\System32\msvcrt.dll
0x00007ffdf1610000 - 0x00007ffdf166b000 	C:\WINDOWS\System32\sechost.dll
0x00007ffdeeff0000 - 0x00007ffdef10f000 	C:\WINDOWS\System32\RPCRT4.dll
0x00007ffdf1690000 - 0x00007ffdf181f000 	C:\WINDOWS\System32\USER32.dll
0x00007ffdeed20000 - 0x00007ffdeed40000 	C:\WINDOWS\System32\win32u.dll
0x00007ffdef260000 - 0x00007ffdef288000 	C:\WINDOWS\System32\GDI32.dll
0x00007ffdedf20000 - 0x00007ffdee0b3000 	C:\WINDOWS\System32\gdi32full.dll
0x00007ffdee110000 - 0x00007ffdee1ab000 	C:\WINDOWS\System32\msvcp_win.dll
0x00007ffdee260000 - 0x00007ffdee354000 	C:\WINDOWS\System32\ucrtbase.dll
0x00007ffde4b10000 - 0x00007ffde4d79000 	C:\WINDOWS\WinSxS\amd64_microsoft.windows.common-controls_6595b64144ccf1df_6.0.16299.1685_none_0f90a16e5a65585b\COMCTL32.dll
0x00007ffdf0b20000 - 0x00007ffdf0e26000 	C:\WINDOWS\System32\combase.dll
0x00007ffdeeda0000 - 0x00007ffdeee18000 	C:\WINDOWS\System32\bcryptPrimitives.dll
0x00007ffdf1a60000 - 0x00007ffdf1a8d000 	C:\WINDOWS\System32\IMM32.DLL
0x000000005e5d0000 - 0x000000005e6a2000 	C:\Program Files\Java\jdk1.8.0_40\jre\bin\msvcr100.dll
0x000000005dbe0000 - 0x000000005e463000 	C:\Program Files\Java\jdk1.8.0_40\jre\bin\server\jvm.dll
0x00007ffdf1670000 - 0x00007ffdf1678000 	C:\WINDOWS\System32\PSAPI.DLL
0x00007ffde2a10000 - 0x00007ffde2a19000 	C:\WINDOWS\SYSTEM32\WSOCK32.dll
0x00007ffdf0e30000 - 0x00007ffdf0e9c000 	C:\WINDOWS\System32\WS2_32.dll
0x00007ffde63f0000 - 0x00007ffde6413000 	C:\WINDOWS\SYSTEM32\WINMM.dll
0x00007ffde8090000 - 0x00007ffde809a000 	C:\WINDOWS\SYSTEM32\VERSION.dll
0x00007ffde63c0000 - 0x00007ffde63ea000 	C:\WINDOWS\SYSTEM32\WINMMBASE.dll
0x00007ffdee0c0000 - 0x00007ffdee10a000 	C:\WINDOWS\System32\cfgmgr32.dll
0x000000005e5c0000 - 0x000000005e5cf000 	C:\Program Files\Java\jdk1.8.0_40\jre\bin\verify.dll
0x000000005e590000 - 0x000000005e5b9000 	C:\Program Files\Java\jdk1.8.0_40\jre\bin\java.dll
0x000000005da00000 - 0x000000005da23000 	C:\Program Files\Java\jdk1.8.0_40\jre\bin\instrument.dll
0x000000005e570000 - 0x000000005e586000 	C:\Program Files\Java\jdk1.8.0_40\jre\bin\zip.dll
0x00007ffdef290000 - 0x00007ffdf06cd000 	C:\WINDOWS\System32\SHELL32.dll
0x00007ffdf06d0000 - 0x00007ffdf0776000 	C:\WINDOWS\System32\shcore.dll
0x00007ffdee360000 - 0x00007ffdeeaaa000 	C:\WINDOWS\System32\windows.storage.dll
0x00007ffdf1a90000 - 0x00007ffdf1ae1000 	C:\WINDOWS\System32\shlwapi.dll
0x00007ffdede90000 - 0x00007ffdedea1000 	C:\WINDOWS\System32\kernel.appcore.dll
0x00007ffdedeb0000 - 0x00007ffdedefc000 	C:\WINDOWS\System32\powrprof.dll
0x00007ffdede70000 - 0x00007ffdede8b000 	C:\WINDOWS\System32\profapi.dll
0x00007ffdcc1e0000 - 0x00007ffdcc1fa000 	C:\Program Files\JetBrains\IntelliJ IDEA 2019.2.3\bin\breakgen64.dll
0x000000005e550000 - 0x000000005e56a000 	C:\Program Files\Java\jdk1.8.0_40\jre\bin\net.dll
0x00007ffded6d0000 - 0x00007ffded736000 	C:\WINDOWS\system32\mswsock.dll
0x000000005e520000 - 0x000000005e52d000 	C:\Program Files\Java\jdk1.8.0_40\jre\bin\management.dll
0x00007ffdda6a0000 - 0x00007ffdda6cf000 	C:\Program Files (x86)\Sangfor\SSL\ClientComponent\SangforNspX64.dll
0x00007ffdef110000 - 0x00007ffdef259000 	C:\WINDOWS\System32\ole32.dll
0x00007ffdf08a0000 - 0x00007ffdf0964000 	C:\WINDOWS\System32\OLEAUT32.dll
0x00007ffdda680000 - 0x00007ffdda696000 	C:\WINDOWS\system32\napinsp.dll
0x00007ffdda660000 - 0x00007ffdda67a000 	C:\WINDOWS\system32\pnrpnsp.dll
0x00007ffdea040000 - 0x00007ffdea058000 	C:\WINDOWS\system32\NLAapi.dll
0x00007ffded460000 - 0x00007ffded517000 	C:\WINDOWS\SYSTEM32\DNSAPI.dll
0x00007ffdf1680000 - 0x00007ffdf1688000 	C:\WINDOWS\System32\NSI.dll
0x00007ffded420000 - 0x00007ffded459000 	C:\WINDOWS\SYSTEM32\IPHLPAPI.DLL
0x00007ffddbb10000 - 0x00007ffddbb1e000 	C:\WINDOWS\System32\winrnr.dll
0x00007ffde82d0000 - 0x00007ffde82e5000 	C:\WINDOWS\System32\wshbth.dll
0x00007ffde2fe0000 - 0x00007ffde315b000 	C:\Program Files (x86)\Sangfor\SSL\ClientComponent\SangforTcpX64.dll
0x00007ffdeed40000 - 0x00007ffdeed99000 	C:\WINDOWS\System32\WINTRUST.dll
0x00007ffdedf00000 - 0x00007ffdedf12000 	C:\WINDOWS\System32\MSASN1.dll
0x00007ffdeee20000 - 0x00007ffdeefee000 	C:\WINDOWS\System32\CRYPT32.dll
0x00007ffde4610000 - 0x00007ffde461a000 	C:\Windows\System32\rasadhlp.dll
0x00007ffde59c0000 - 0x00007ffde5a30000 	C:\WINDOWS\System32\fwpuclnt.dll
0x00007ffded9a0000 - 0x00007ffded9c5000 	C:\WINDOWS\SYSTEM32\bcrypt.dll
0x000000005e530000 - 0x000000005e541000 	C:\Program Files\Java\jdk1.8.0_40\jre\bin\nio.dll
0x00007ffdec8b0000 - 0x00007ffdeca78000 	C:\WINDOWS\SYSTEM32\dbghelp.dll

VM Arguments:
jvm_args: -ea -Didea.test.cyclic.buffer.size=1048576 -javaagent:C:\Program Files\JetBrains\IntelliJ IDEA 2019.2.3\lib\idea_rt.jar=54623:C:\Program Files\JetBrains\IntelliJ IDEA 2019.2.3\bin -Dfile.encoding=UTF-8 
java_command: com.intellij.rt.junit.JUnitStarter -ideVersion5 -junit4 com.nowcoder.community.KafkaTest
java_class_path (initial): C:\Program Files\JetBrains\IntelliJ IDEA 2019.2.3\lib\idea_rt.jar;C:\Program Files\JetBrains\IntelliJ IDEA 2019.2.3\plugins\junit\lib\junit5-rt.jar;C:\Program Files\JetBrains\IntelliJ IDEA 2019.2.3\plugins\junit\lib\junit-rt.jar;C:\Program Files\Java\jdk1.8.0_40\jre\lib\charsets.jar;C:\Program Files\Java\jdk1.8.0_40\jre\lib\deploy.jar;C:\Program Files\Java\jdk1.8.0_40\jre\lib\ext\access-bridge-64.jar;C:\Program Files\Java\jdk1.8.0_40\jre\lib\ext\cldrdata.jar;C:\Program Files\Java\jdk1.8.0_40\jre\lib\ext\dnsns.jar;C:\Program Files\Java\jdk1.8.0_40\jre\lib\ext\jaccess.jar;C:\Program Files\Java\jdk1.8.0_40\jre\lib\ext\jfxrt.jar;C:\Program Files\Java\jdk1.8.0_40\jre\lib\ext\localedata.jar;C:\Program Files\Java\jdk1.8.0_40\jre\lib\ext\nashorn.jar;C:\Program Files\Java\jdk1.8.0_40\jre\lib\ext\sunec.jar;C:\Program Files\Java\jdk1.8.0_40\jre\lib\ext\sunjce_provider.jar;C:\Program Files\Java\jdk1.8.0_40\jre\lib\ext\sunmscapi.jar;C:\Program Files\Java\jdk1.8.0_40\jre\lib\ext\sunpkcs11.jar;C:\Program Files\Java\jdk1.8.0_40\jre\lib\ext\zipfs.jar;C:\Program Files\Java\jdk1.8.0_40\jre\lib\javaws.jar;C:\Program Files\Java\jdk1.8.0_40\jre\lib\jce.jar;C:\Program Files\Java\jdk1.8.0_40\jre\lib\jfr.jar;C:\Program Files\Java\jdk1.8.0_40\jre\lib\jfxswt.jar;C:\Program Files\Java\jdk1.8.0_40\jre\lib\jsse.jar;C:\Program Files\Java\jdk1.8.0_40\jre\lib\management-agent.jar;C:\Program Files\Java\jdk1.8.0_40\jre\lib\plugin.jar;C:\Program Files\Java\jdk1.8.0_40\jre\lib\resources.jar;C:\Program Files\Java\jdk1.8.0_40\jre\lib\rt.jar;F:\MyProject\community\target\test-classes;F:\MyProject\community\target\classes;C:\Users\Administrator\.m2\repository\org\springframework\boot\spring-boot-starter-aop\2.1.13.RELEASE\spring-boot-starter-aop-2.1.13.RELEASE.jar;C:\Users\Administrator\.m2\repository\org\springframework\boot\spring-boot-starter\2.1.13.RELEASE\spring-boot-starter-2.1.13.RELEASE.jar;C:\Users\Administrator\.m2\repository\org\springframework\boot\spring-boot-start
Launcher Type: SUN_STANDARD

Environment Variables:
JAVA_HOME=C:\Program Files\Java\jdk1.8.0_40
CLASSPATH=.;C:\Program Files\Java\jdk1.8.0_40\lib\dt.jar;C:\Program Files\Java\jdk1.8.0_40\lib\tools.jar; 
PATH=C:\Program Files\Python37\Scripts\;C:\Program Files\Python37\;C:\ProgramData\Oracle\Java\javapath;C:;C:\Program Files\MySQL\MySQL Server 5.7\bin;C:\Program Files\Java\jdk1.8.0_40\bin;C:\Program Files\Java\jdk1.8.0_40\jre\bin;\Windows\system32;C:\Windows;C:\Windows\System32\Wbem;C:\Windows\System32\WindowsPowerShell\v1.0\;C:\Program Files (x86)\NVIDIA Corporation\PhysX\Common;C:\WINDOWS\system32;C:\WINDOWS;C:\WINDOWS\System32\Wbem;C:\WINDOWS\System32\WindowsPowerShell\v1.0\;C:\Program Files\MySQL\MySQL Server 5.7\bin;F:\apache-maven-3.3.9\bin\;F:\apache-tomcat-7.0.93\bin;C:\Program Files\Python37;E:\Git\cmd;E:\Redis;C:\Users\Administrator\AppData\Local\Programs\Python\Python38-32\Scripts\;C:\Users\Administrator\AppData\Local\Programs\Python\Python38-32\;C:\Users\Administrator\AppData\Local\Microsoft\WindowsApps;C:\Program Files\MySQL\MySQL Server 5.7\bin;F:\apache-tomcat-7.0.93\bin;C:\ProgramData\Administrator\GitHubDesktop\bin;C:\Users\Administrator\AppData\Local\GitHubDesktop\bin;E:\Python\PyCharm 2019.1.3\bin;;C:\Program Files\Python37;;C:\Program Files\JetBrains\IntelliJ IDEA 2019.2.3\bin;
USERNAME=Administrator
OS=Windows_NT
PROCESSOR_IDENTIFIER=Intel64 Family 6 Model 78 Stepping 3, GenuineIntel



---------------  S Y S T E M  ---------------

OS: Windows 10.0 , 64 bit Build 16299 (10.0.16299.1146)

CPU:total 4 (2 cores per cpu, 2 threads per core) family 6 model 78 stepping 3, cmov, cx8, fxsr, mmx, sse, sse2, sse3, ssse3, sse4.1, sse4.2, popcnt, avx, avx2, aes, clmul, erms, 3dnowpref, lzcnt, ht, tsc, tscinvbit, bmi1, bmi2, adx

Memory: 4k page, physical 8223592k(950376k free), swap 23656916k(3112k free)

vm_info: Java HotSpot(TM) 64-Bit Server VM (25.40-b25) for windows-amd64 JRE (1.8.0_40-b25), built on Feb 10 2015 21:53:57 by "java_re" with MS VC++ 10.0 (VS2010)

time: Tue May 12 09:22:58 2020
elapsed time: 13 seconds (0d 0h 0m 13s)

