#
# There is insufficient memory for the Java Runtime Environment to continue.
# Native memory allocation (malloc) failed to allocate 1907152 bytes for Chunk::new
# Possible reasons:
#   The system is out of physical RAM or swap space
#   In 32 bit mode, the process size limit was hit
# Possible solutions:
#   Reduce memory load on the system
#   Increase physical memory or swap space
#   Check if swap backing store is full
#   Use 64 bit Java on a 64 bit OS
#   Decrease Java heap size (-Xmx/-Xms)
#   Decrease number of Java threads
#   Decrease Java thread stack sizes (-Xss)
#   Set larger code cache with -XX:ReservedCodeCacheSize=
# This output file may be truncated or incomplete.
#
#  Out of Memory Error (allocation.cpp:390), pid=20284, tid=27608
#
# JRE version: Java(TM) SE Runtime Environment (8.0_40-b25) (build 1.8.0_40-b25)
# Java VM: Java HotSpot(TM) 64-Bit Server VM (25.40-b25 mixed mode windows-amd64 compressed oops)
# Failed to write core dump. Minidumps are not enabled by default on client versions of Windows
#

---------------  T H R E A D  ---------------

Current thread (0x0000000019629800):  JavaThread "C2 CompilerThread1" daemon [_thread_in_native, id=27608, stack(0x000000001b140000,0x000000001b240000)]

Stack: [0x000000001b140000,0x000000001b240000]
Native frames: (J=compiled Java code, j=interpreted, Vv=VM code, C=native code)
V  [jvm.dll+0x32b47a]
V  [jvm.dll+0x2797f3]
V  [jvm.dll+0x27a489]
V  [jvm.dll+0x2717a5]
V  [jvm.dll+0xcb9a2]
V  [jvm.dll+0xcbe6c]
V  [jvm.dll+0x4929a7]
V  [jvm.dll+0x45f77f]
V  [jvm.dll+0x46a73b]
V  [jvm.dll+0x46cd52]
V  [jvm.dll+0x4500d2]
V  [jvm.dll+0xa4312]
V  [jvm.dll+0xa4c4f]
V  [jvm.dll+0x241914]
V  [jvm.dll+0x29848a]
C  [msvcr100.dll+0x21d9f]
C  [msvcr100.dll+0x21e3b]
C  [KERNEL32.DLL+0x137e4]
C  [ntdll.dll+0x6cb81]


Current CompileTask:
C2:  20201 4079   !   4       org.springframework.core.annotation.AnnotatedElementUtils::searchWithFindSemantics (774 bytes)


---------------  P R O C E S S  ---------------

Java Threads: ( => current thread )
  0x000000001f13d800 JavaThread "Druid-ConnectionPool-Destroy-36707189" daemon [_thread_blocked, id=24500, stack(0x0000000022f00000,0x0000000023000000)]
  0x000000001bcbb000 JavaThread "Druid-ConnectionPool-Create-36707189" daemon [_thread_blocked, id=25432, stack(0x0000000022e00000,0x0000000022f00000)]
  0x000000001fe41000 JavaThread "mysql-cj-abandoned-connection-cleanup" daemon [_thread_blocked, id=29368, stack(0x0000000021c60000,0x0000000021d60000)]
  0x000000001aa09000 JavaThread "Service Thread" daemon [_thread_blocked, id=18860, stack(0x000000001b340000,0x000000001b440000)]
  0x0000000019635800 JavaThread "C1 CompilerThread2" daemon [_thread_blocked, id=22332, stack(0x000000001b240000,0x000000001b340000)]
=>0x0000000019629800 JavaThread "C2 CompilerThread1" daemon [_thread_in_native, id=27608, stack(0x000000001b140000,0x000000001b240000)]
  0x0000000019626800 JavaThread "C2 CompilerThread0" daemon [_thread_in_native, id=14276, stack(0x000000001b040000,0x000000001b140000)]
  0x0000000019614800 JavaThread "Monitor Ctrl-Break" daemon [_thread_in_native, id=29556, stack(0x000000001af40000,0x000000001b040000)]
  0x00000000195f2800 JavaThread "Attach Listener" daemon [_thread_blocked, id=25172, stack(0x000000001ae40000,0x000000001af40000)]
  0x000000001a983800 JavaThread "Signal Dispatcher" daemon [_thread_blocked, id=20184, stack(0x000000001ad40000,0x000000001ae40000)]
  0x0000000004a3c800 JavaThread "Finalizer" daemon [_thread_blocked, id=28448, stack(0x000000001a840000,0x000000001a940000)]
  0x00000000195a8800 JavaThread "Reference Handler" daemon [_thread_blocked, id=24852, stack(0x000000001a740000,0x000000001a840000)]
  0x0000000004949000 JavaThread "main" [_thread_in_vm, id=22580, stack(0x0000000004750000,0x0000000004850000)]

Other Threads:
  0x00000000195a7800 VMThread [stack: 0x000000001a640000,0x000000001a740000] [id=29148]
  0x000000001aa1d000 WatcherThread [stack: 0x000000001b440000,0x000000001b540000] [id=14512]

VM state:not at safepoint (normal execution)

VM Mutex/Monitor currently owned by a thread:  ([mutex/lock_event])
[0x00000000049403d0] SystemDictionary_lock - owner thread: 0x0000000004949000

Heap:
 PSYoungGen      total 183808K, used 32099K [0x00000000d6300000, 0x00000000e4580000, 0x0000000100000000)
  eden space 172032K, 13% used [0x00000000d6300000,0x00000000d792d7f8,0x00000000e0b00000)
  from space 11776K, 79% used [0x00000000e0b00000,0x00000000e142b5b0,0x00000000e1680000)
  to   space 10752K, 0% used [0x00000000e1680000,0x00000000e1680000,0x00000000e2100000)
 ParOldGen       total 78336K, used 15149K [0x0000000082800000, 0x0000000087480000, 0x00000000d6300000)
  object space 78336K, 19% used [0x0000000082800000,0x00000000836cb480,0x0000000087480000)
 Metaspace       used 39611K, capacity 41380K, committed 41520K, reserved 1085440K
  class space    used 5074K, capacity 5402K, committed 5424K, reserved 1048576K

Card table byte_map: [0x0000000013f00000,0x00000000142f0000] byte_map_base: 0x0000000013aec000

Marking Bits: (ParMarkBitMap*) 0x0000000066be4040
 Begin Bits: [0x0000000014990000, 0x00000000168f0000)
 End Bits:   [0x00000000168f0000, 0x0000000018850000)

Polling page: 0x0000000002670000

CodeCache: size=245760Kb used=15487Kb max_used=15620Kb free=230272Kb
 bounds [0x0000000004b40000, 0x0000000005a90000, 0x0000000013b40000]
 total_blobs=4331 nmethods=3887 adapters=356
 compilation: enabled

Compilation events (10 events):
Event: 20.024 Thread 0x0000000019635800 4207       3       sun.reflect.generics.visitor.Reifier::visitWildcard (22 bytes)
Event: 20.025 Thread 0x0000000019635800 nmethod 4207 0x00000000050db4d0 code [0x00000000050db680, 0x00000000050dbc70]
Event: 20.025 Thread 0x0000000019635800 4208       1       java.lang.reflect.Proxy$KeyX::hashCode (5 bytes)
Event: 20.026 Thread 0x0000000019635800 nmethod 4208 0x0000000004cadb10 code [0x0000000004cadc60, 0x0000000004cadd70]
Event: 20.064 Thread 0x0000000019635800 4209       3       java.lang.reflect.Constructor::getParameterCount (6 bytes)
Event: 20.064 Thread 0x0000000019635800 nmethod 4209 0x0000000005095d10 code [0x0000000005095e60, 0x0000000005095fb0]
Event: 20.065 Thread 0x0000000019635800 4210       3       org.springframework.core.io.ResourceEditor::<init> (8 bytes)
Event: 20.065 Thread 0x0000000019635800 nmethod 4210 0x00000000050dab90 code [0x00000000050dad20, 0x00000000050db228]
Event: 20.080 Thread 0x0000000019635800 4211       3       java.lang.reflect.Field::set (52 bytes)
Event: 20.081 Thread 0x0000000019635800 nmethod 4211 0x00000000050da150 code [0x00000000050da320, 0x00000000050da968]

GC Heap History (10 events):
Event: 9.090 GC heap before
{Heap before GC invocations=7 (full 1):
 PSYoungGen      total 70656K, used 65536K [0x00000000d6300000, 0x00000000df400000, 0x0000000100000000)
  eden space 65536K, 100% used [0x00000000d6300000,0x00000000da300000,0x00000000da300000)
  from space 5120K, 0% used [0x00000000da300000,0x00000000da300000,0x00000000da800000)
  to   space 8704K, 0% used [0x00000000deb80000,0x00000000deb80000,0x00000000df400000)
 ParOldGen       total 52736K, used 6854K [0x0000000082800000, 0x0000000085b80000, 0x00000000d6300000)
  object space 52736K, 12% used [0x0000000082800000,0x0000000082eb18d0,0x0000000085b80000)
 Metaspace       used 26262K, capacity 27090K, committed 27184K, reserved 1073152K
  class space    used 3377K, capacity 3571K, committed 3632K, reserved 1048576K
Event: 9.104 GC heap after
Heap after GC invocations=7 (full 1):
 PSYoungGen      total 115200K, used 7121K [0x00000000d6300000, 0x00000000df280000, 0x0000000100000000)
  eden space 108032K, 0% used [0x00000000d6300000,0x00000000d6300000,0x00000000dcc80000)
  from space 7168K, 99% used [0x00000000deb80000,0x00000000df2744b8,0x00000000df280000)
  to   space 8704K, 0% used [0x00000000de180000,0x00000000de180000,0x00000000dea00000)
 ParOldGen       total 52736K, used 6862K [0x0000000082800000, 0x0000000085b80000, 0x00000000d6300000)
  object space 52736K, 13% used [0x0000000082800000,0x0000000082eb38d0,0x0000000085b80000)
 Metaspace       used 26262K, capacity 27090K, committed 27184K, reserved 1073152K
  class space    used 3377K, capacity 3571K, committed 3632K, reserved 1048576K
}
Event: 12.691 GC heap before
{Heap before GC invocations=8 (full 1):
 PSYoungGen      total 115200K, used 115153K [0x00000000d6300000, 0x00000000df280000, 0x0000000100000000)
  eden space 108032K, 100% used [0x00000000d6300000,0x00000000dcc80000,0x00000000dcc80000)
  from space 7168K, 99% used [0x00000000deb80000,0x00000000df2744b8,0x00000000df280000)
  to   space 8704K, 0% used [0x00000000de180000,0x00000000de180000,0x00000000dea00000)
 ParOldGen       total 52736K, used 6862K [0x0000000082800000, 0x0000000085b80000, 0x00000000d6300000)
  object space 52736K, 13% used [0x0000000082800000,0x0000000082eb38d0,0x0000000085b80000)
 Metaspace       used 31657K, capacity 32816K, committed 33072K, reserved 1077248K
  class space    used 4139K, capacity 4384K, committed 4400K, reserved 1048576K
Event: 12.723 GC heap after
Heap after GC invocations=8 (full 1):
 PSYoungGen      total 138240K, used 8700K [0x00000000d6300000, 0x00000000e2100000, 0x0000000100000000)
  eden space 129536K, 0% used [0x00000000d6300000,0x00000000d6300000,0x00000000de180000)
  from space 8704K, 99% used [0x00000000de180000,0x00000000de9ff278,0x00000000dea00000)
  to   space 10752K, 0% used [0x00000000e1680000,0x00000000e1680000,0x00000000e2100000)
 ParOldGen       total 52736K, used 9118K [0x0000000082800000, 0x0000000085b80000, 0x00000000d6300000)
  object space 52736K, 17% used [0x0000000082800000,0x00000000830e78f8,0x0000000085b80000)
 Metaspace       used 31657K, capacity 32816K, committed 33072K, reserved 1077248K
  class space    used 4139K, capacity 4384K, committed 4400K, reserved 1048576K
}
Event: 14.040 GC heap before
{Heap before GC invocations=9 (full 1):
 PSYoungGen      total 138240K, used 50189K [0x00000000d6300000, 0x00000000e2100000, 0x0000000100000000)
  eden space 129536K, 32% used [0x00000000d6300000,0x00000000d8b844e8,0x00000000de180000)
  from space 8704K, 99% used [0x00000000de180000,0x00000000de9ff278,0x00000000dea00000)
  to   space 10752K, 0% used [0x00000000e1680000,0x00000000e1680000,0x00000000e2100000)
 ParOldGen       total 52736K, used 9118K [0x0000000082800000, 0x0000000085b80000, 0x00000000d6300000)
  object space 52736K, 17% used [0x0000000082800000,0x00000000830e78f8,0x0000000085b80000)
 Metaspace       used 34191K, capacity 35310K, committed 35496K, reserved 1081344K
  class space    used 4348K, capacity 4589K, committed 4656K, reserved 1048576K
Event: 14.082 GC heap after
Heap after GC invocations=9 (full 1):
 PSYoungGen      total 182784K, used 10373K [0x00000000d6300000, 0x00000000e4580000, 0x0000000100000000)
  eden space 172032K, 0% used [0x00000000d6300000,0x00000000d6300000,0x00000000e0b00000)
  from space 10752K, 96% used [0x00000000e1680000,0x00000000e20a1550,0x00000000e2100000)
  to   space 11776K, 0% used [0x00000000e0b00000,0x00000000e0b00000,0x00000000e1680000)
 ParOldGen       total 52736K, used 9126K [0x0000000082800000, 0x0000000085b80000, 0x00000000d6300000)
  object space 52736K, 17% used [0x0000000082800000,0x00000000830e98f8,0x0000000085b80000)
 Metaspace       used 34191K, capacity 35310K, committed 35496K, reserved 1081344K
  class space    used 4348K, capacity 4589K, committed 4656K, reserved 1048576K
}
Event: 14.082 GC heap before
{Heap before GC invocations=10 (full 2):
 PSYoungGen      total 182784K, used 10373K [0x00000000d6300000, 0x00000000e4580000, 0x0000000100000000)
  eden space 172032K, 0% used [0x00000000d6300000,0x00000000d6300000,0x00000000e0b00000)
  from space 10752K, 96% used [0x00000000e1680000,0x00000000e20a1550,0x00000000e2100000)
  to   space 11776K, 0% used [0x00000000e0b00000,0x00000000e0b00000,0x00000000e1680000)
 ParOldGen       total 52736K, used 9126K [0x0000000082800000, 0x0000000085b80000, 0x00000000d6300000)
  object space 52736K, 17% used [0x0000000082800000,0x00000000830e98f8,0x0000000085b80000)
 Metaspace       used 34191K, capacity 35310K, committed 35496K, reserved 1081344K
  class space    used 4348K, capacity 4589K, committed 4656K, reserved 1048576K
Event: 14.214 GC heap after
Heap after GC invocations=10 (full 2):
 PSYoungGen      total 182784K, used 0K [0x00000000d6300000, 0x00000000e4580000, 0x0000000100000000)
  eden space 172032K, 0% used [0x00000000d6300000,0x00000000d6300000,0x00000000e0b00000)
  from space 10752K, 0% used [0x00000000e1680000,0x00000000e1680000,0x00000000e2100000)
  to   space 11776K, 0% used [0x00000000e0b00000,0x00000000e0b00000,0x00000000e1680000)
 ParOldGen       total 78336K, used 15141K [0x0000000082800000, 0x0000000087480000, 0x00000000d6300000)
  object space 78336K, 19% used [0x0000000082800000,0x00000000836c9480,0x0000000087480000)
 Metaspace       used 34191K, capacity 35310K, committed 35496K, reserved 1081344K
  class space    used 4348K, capacity 4589K, committed 4656K, reserved 1048576K
}
Event: 19.841 GC heap before
{Heap before GC invocations=11 (full 2):
 PSYoungGen      total 182784K, used 172032K [0x00000000d6300000, 0x00000000e4580000, 0x0000000100000000)
  eden space 172032K, 100% used [0x00000000d6300000,0x00000000e0b00000,0x00000000e0b00000)
  from space 10752K, 0% used [0x00000000e1680000,0x00000000e1680000,0x00000000e2100000)
  to   space 11776K, 0% used [0x00000000e0b00000,0x00000000e0b00000,0x00000000e1680000)
 ParOldGen       total 78336K, used 15141K [0x0000000082800000, 0x0000000087480000, 0x00000000d6300000)
  object space 78336K, 19% used [0x0000000082800000,0x00000000836c9480,0x0000000087480000)
 Metaspace       used 39494K, capacity 41270K, committed 41520K, reserved 1085440K
  class space    used 5058K, capacity 5367K, committed 5424K, reserved 1048576K
Event: 19.862 GC heap after
Heap after GC invocations=11 (full 2):
 PSYoungGen      total 183808K, used 9389K [0x00000000d6300000, 0x00000000e4580000, 0x0000000100000000)
  eden space 172032K, 0% used [0x00000000d6300000,0x00000000d6300000,0x00000000e0b00000)
  from space 11776K, 79% used [0x00000000e0b00000,0x00000000e142b5b0,0x00000000e1680000)
  to   space 10752K, 0% used [0x00000000e1680000,0x00000000e1680000,0x00000000e2100000)
 ParOldGen       total 78336K, used 15149K [0x0000000082800000, 0x0000000087480000, 0x00000000d6300000)
  object space 78336K, 19% used [0x0000000082800000,0x00000000836cb480,0x0000000087480000)
 Metaspace       used 39494K, capacity 41270K, committed 41520K, reserved 1085440K
  class space    used 5058K, capacity 5367K, committed 5424K, reserved 1048576K
}

Deoptimization events (10 events):
Event: 16.385 Thread 0x0000000004949000 Uncommon trap: reason=class_check action=maybe_recompile pc=0x00000000058fb710 method=com.sun.beans.TypeResolver.erase(Ljava/lang/reflect/Type;)Ljava/lang/Class; @ 35
Event: 16.386 Thread 0x0000000004949000 Uncommon trap: reason=unstable_if action=reinterpret pc=0x00000000058740ac method=com.sun.beans.TypeResolver.resolve(Ljava/lang/reflect/Type;Ljava/lang/reflect/Type;)Ljava/lang/reflect/Type; @ 13
Event: 16.386 Thread 0x0000000004949000 Uncommon trap: reason=class_check action=maybe_recompile pc=0x00000000058fb710 method=com.sun.beans.TypeResolver.erase(Ljava/lang/reflect/Type;)Ljava/lang/Class; @ 35
Event: 16.387 Thread 0x0000000004949000 Uncommon trap: reason=class_check action=maybe_recompile pc=0x00000000058fb710 method=com.sun.beans.TypeResolver.erase(Ljava/lang/reflect/Type;)Ljava/lang/Class; @ 35
Event: 16.390 Thread 0x0000000004949000 Uncommon trap: reason=unstable_if action=reinterpret pc=0x00000000056d9734 method=org.springframework.core.ResolvableType.resolveClass()Ljava/lang/Class; @ 37
Event: 16.745 Thread 0x0000000004949000 Uncommon trap: reason=class_check action=maybe_recompile pc=0x00000000058fb710 method=com.sun.beans.TypeResolver.erase(Ljava/lang/reflect/Type;)Ljava/lang/Class; @ 35
Event: 16.745 Thread 0x0000000004949000 Uncommon trap: reason=class_check action=maybe_recompile pc=0x00000000058322f4 method=com.sun.beans.TypeResolver.erase(Ljava/lang/reflect/Type;)Ljava/lang/Class; @ 35
Event: 17.266 Thread 0x0000000004949000 Uncommon trap: reason=unstable_if action=reinterpret pc=0x0000000004fb8410 method=java.util.concurrent.ConcurrentHashMap.transfer([Ljava/util/concurrent/ConcurrentHashMap$Node;[Ljava/util/concurrent/ConcurrentHashMap$Node;)V @ 356
Event: 18.641 Thread 0x0000000004949000 Uncommon trap: reason=null_check action=make_not_entrant pc=0x00000000059d4168 method=org.springframework.core.annotation.AnnotatedElementUtils.searchWithFindSemantics(Ljava/lang/reflect/AnnotatedElement;Ljava/util/Set;Ljava/lang/String;Ljava/lang/Class;Lo
Event: 19.403 Thread 0x0000000004949000 Uncommon trap: reason=unstable_if action=reinterpret pc=0x0000000005904300 method=org.springframework.beans.factory.support.AbstractBeanFactory.isTypeMatch(Ljava/lang/String;Lorg/springframework/core/ResolvableType;)Z @ 26

Internal exceptions (10 events):
Event: 20.103 Thread 0x0000000004949000 Exception <a 'java/lang/ClassNotFoundException': java/lang/ObjectCustomizer> (0x00000000d7058bf8) thrown at [D:\re\workspace\8-2-build-windows-amd64-cygwin\jdk8u40\2855\hotspot\src\share\vm\classfile\systemDictionary.cpp, line 210]
Event: 20.104 Thread 0x0000000004949000 Exception <a 'java/lang/ClassNotFoundException': org/springframework/boot/autoconfigure/aop/AopAutoConfigurationCustomizer> (0x00000000d707bf88) thrown at [D:\re\workspace\8-2-build-windows-amd64-cygwin\jdk8u40\2855\hotspot\src\share\vm\classfile\systemDicÏÙÓéô4@
Event: 20.105 Thread 0x0000000004949000 Exception <a 'java/lang/ClassNotFoundException': org/springframework/boot/autoconfigure/aop/AopAutoConfiguration$$EnhancerBySpringCGLIB$$eddb5da0Customizer> (0x00000000d70a7148) thrown at [D:\re\workspace\8-2-build-windows-amd64-cygwin\jdk8u40\2855\hotspot¿ö–D4@
Event: 20.107 Thread 0x0000000004949000 Exception <a 'java/lang/ClassNotFoundException': org/springframework/context/annotation/ConfigurationClassEnhancer$EnhancedConfigurationCustomizer> (0x00000000d70d4040) thrown at [D:\re\workspace\8-2-build-windows-amd64-cygwin\jdk8u40\2855\hotspot\src\sharâWƒ4@
Event: 20.107 Thread 0x0000000004949000 Exception <a 'java/lang/ClassNotFoundException': org/springframework/beans/factory/BeanFactoryAwareCustomizer> (0x00000000d70efd80) thrown at [D:\re\workspace\8-2-build-windows-amd64-cygwin\jdk8u40\2855\hotspot\src\share\vm\classfile\systemDictionary.cpp, ¦‰œ»4@
Event: 20.108 Thread 0x0000000004949000 Exception <a 'java/lang/ClassNotFoundException': org/springframework/beans/factory/AwareCustomizer> (0x00000000d71092d0) thrown at [D:\re\workspace\8-2-build-windows-amd64-cygwin\jdk8u40\2855\hotspot\src\share\vm\classfile\systemDictionary.cpp, line 210]
Event: 20.115 Thread 0x0000000004949000 Exception <a 'java/lang/ClassNotFoundException': java/lang/ObjectCustomizer> (0x00000000d7118c00) thrown at [D:\re\workspace\8-2-build-windows-amd64-cygwin\jdk8u40\2855\hotspot\src\share\vm\classfile\systemDictionary.cpp, line 210]
Event: 20.118 Thread 0x0000000004949000 Exception <a 'java/lang/ClassNotFoundException': org/springframework/boot/autoconfigure/context/ConfigurationPropertiesAutoConfigurationCustomizer> (0x00000000d7143c20) thrown at [D:\re\workspace\8-2-build-windows-amd64-cygwin\jdk8u40\2855\hotspot\src\shar·ò'èu4@
Event: 20.119 Thread 0x0000000004949000 Exception <a 'java/lang/ClassNotFoundException': org/springframework/boot/autoconfigure/context/ConfigurationPropertiesAutoConfiguration$$EnhancerBySpringCGLIB$$920e6a2cCustomizer> (0x00000000d7176b70) thrown at [D:\re\workspace\8-2-build-windows-amd64-cygª_]¾Ê4@
Event: 20.120 Thread 0x0000000004949000 Exception <a 'java/lang/ClassNotFoundException': org/springframework/context/annotation/ConfigurationClassEnhancer$EnhancedConfigurationCustomizer> (0x00000000d71a4288) thrown at [D:\re\workspace\8-2-build-windows-amd64-cygwin\jdk8u40\2855\hotspot\src\sharôáƒn}4@

Events (10 events):
Event: 20.119 loading class org/springframework/context/annotation/ConfigurationClassEnhancer$EnhancedConfigurationCustomizer
Event: 20.119 loading class org/springframework/context/annotation/ConfigurationClassEnhancer$EnhancedConfigurationCustomizer done
Event: 20.120 loading class org/springframework/context/annotation/ConfigurationClassEnhancer$EnhancedConfigurationCustomizer
Event: 20.120 loading class org/springframework/context/annotation/ConfigurationClassEnhancer$EnhancedConfigurationCustomizer done
Event: 20.120 loading class org/springframework/context/annotation/ConfigurationClassEnhancer$EnhancedConfigurationCustomizer
Event: 20.120 loading class org/springframework/context/annotation/ConfigurationClassEnhancer$EnhancedConfigurationCustomizer done
Event: 20.120 loading class org/springframework/beans/factory/BeanFactoryAwareCustomizer
Event: 20.120 loading class org/springframework/beans/factory/BeanFactoryAwareCustomizer done
Event: 20.121 loading class org/springframework/beans/factory/BeanFactoryAwareCustomizer
Event: 20.121 loading class org/springframework/beans/factory/BeanFactoryAwareCustomizer done


Dynamic libraries:
0x00007ff673de0000 - 0x00007ff673e17000 	C:\Program Files\Java\jdk1.8.0_40\bin\java.exe
0x00007ffeded40000 - 0x00007ffedef20000 	C:\WINDOWS\SYSTEM32\ntdll.dll
0x00007ffedcc70000 - 0x00007ffedcd1e000 	C:\WINDOWS\System32\KERNEL32.DLL
0x00007ffedbb00000 - 0x00007ffedbd66000 	C:\WINDOWS\System32\KERNELBASE.dll
0x00007ffedc390000 - 0x00007ffedc431000 	C:\WINDOWS\System32\ADVAPI32.dll
0x00007ffede2b0000 - 0x00007ffede34d000 	C:\WINDOWS\System32\msvcrt.dll
0x00007ffedecb0000 - 0x00007ffeded0b000 	C:\WINDOWS\System32\sechost.dll
0x00007ffedc270000 - 0x00007ffedc38f000 	C:\WINDOWS\System32\RPCRT4.dll
0x00007ffedcae0000 - 0x00007ffedcc6f000 	C:\WINDOWS\System32\USER32.dll
0x00007ffedbae0000 - 0x00007ffedbb00000 	C:\WINDOWS\System32\win32u.dll
0x00007ffedc750000 - 0x00007ffedc778000 	C:\WINDOWS\System32\GDI32.dll
0x00007ffedbdf0000 - 0x00007ffedbf83000 	C:\WINDOWS\System32\gdi32full.dll
0x00007ffedb940000 - 0x00007ffedb9db000 	C:\WINDOWS\System32\msvcp_win.dll
0x00007ffedb9e0000 - 0x00007ffedbad4000 	C:\WINDOWS\System32\ucrtbase.dll
0x00007ffecd320000 - 0x00007ffecd589000 	C:\WINDOWS\WinSxS\amd64_microsoft.windows.common-controls_6595b64144ccf1df_6.0.16299.1685_none_0f90a16e5a65585b\COMCTL32.dll
0x00007ffedc440000 - 0x00007ffedc746000 	C:\WINDOWS\System32\combase.dll
0x00007ffedbd70000 - 0x00007ffedbde8000 	C:\WINDOWS\System32\bcryptPrimitives.dll
0x00007ffedc210000 - 0x00007ffedc23d000 	C:\WINDOWS\System32\IMM32.DLL
0x0000000066c70000 - 0x0000000066d42000 	C:\Program Files\Java\jdk1.8.0_40\jre\bin\msvcr100.dll
0x00000000663e0000 - 0x0000000066c63000 	C:\Program Files\Java\jdk1.8.0_40\jre\bin\server\jvm.dll
0x00007ffedc240000 - 0x00007ffedc248000 	C:\WINDOWS\System32\PSAPI.DLL
0x00007ffecb610000 - 0x00007ffecb619000 	C:\WINDOWS\SYSTEM32\WSOCK32.dll
0x00007ffede350000 - 0x00007ffede3bc000 	C:\WINDOWS\System32\WS2_32.dll
0x00007ffed6820000 - 0x00007ffed6843000 	C:\WINDOWS\SYSTEM32\WINMM.dll
0x00007ffed5770000 - 0x00007ffed577a000 	C:\WINDOWS\SYSTEM32\VERSION.dll
0x00007ffed67c0000 - 0x00007ffed67ea000 	C:\WINDOWS\SYSTEM32\WINMMBASE.dll
0x00007ffedbff0000 - 0x00007ffedc03a000 	C:\WINDOWS\System32\cfgmgr32.dll
0x00000000663d0000 - 0x00000000663df000 	C:\Program Files\Java\jdk1.8.0_40\jre\bin\verify.dll
0x00000000663a0000 - 0x00000000663c9000 	C:\Program Files\Java\jdk1.8.0_40\jre\bin\java.dll
0x0000000066370000 - 0x0000000066393000 	C:\Program Files\Java\jdk1.8.0_40\jre\bin\instrument.dll
0x0000000066350000 - 0x0000000066366000 	C:\Program Files\Java\jdk1.8.0_40\jre\bin\zip.dll
0x00007ffedce70000 - 0x00007ffede2ad000 	C:\WINDOWS\System32\SHELL32.dll
0x00007ffedc7e0000 - 0x00007ffedc886000 	C:\WINDOWS\System32\shcore.dll
0x00007ffedb1f0000 - 0x00007ffedb93a000 	C:\WINDOWS\System32\windows.storage.dll
0x00007ffede530000 - 0x00007ffede581000 	C:\WINDOWS\System32\shlwapi.dll
0x00007ffedb120000 - 0x00007ffedb131000 	C:\WINDOWS\System32\kernel.appcore.dll
0x00007ffedb0d0000 - 0x00007ffedb11c000 	C:\WINDOWS\System32\powrprof.dll
0x00007ffedb090000 - 0x00007ffedb0ab000 	C:\WINDOWS\System32\profapi.dll
0x00007ffebed70000 - 0x00007ffebed8a000 	C:\Program Files\JetBrains\IntelliJ IDEA 2019.2.3\bin\breakgen64.dll
0x0000000066300000 - 0x000000006631a000 	C:\Program Files\Java\jdk1.8.0_40\jre\bin\net.dll
0x00007ffeda8f0000 - 0x00007ffeda956000 	C:\WINDOWS\system32\mswsock.dll
0x0000000066340000 - 0x000000006634d000 	C:\Program Files\Java\jdk1.8.0_40\jre\bin\management.dll
0x00007ffec9bf0000 - 0x00007ffec9c1f000 	C:\Program Files (x86)\Sangfor\SSL\ClientComponent\SangforNspX64.dll
0x00007ffedcd20000 - 0x00007ffedce69000 	C:\WINDOWS\System32\ole32.dll
0x00007ffede590000 - 0x00007ffede654000 	C:\WINDOWS\System32\OLEAUT32.dll
0x00007ffec9bd0000 - 0x00007ffec9be6000 	C:\WINDOWS\system32\napinsp.dll
0x00007ffec9bb0000 - 0x00007ffec9bca000 	C:\WINDOWS\system32\pnrpnsp.dll
0x00007ffed7260000 - 0x00007ffed7278000 	C:\WINDOWS\system32\NLAapi.dll
0x00007ffeda680000 - 0x00007ffeda737000 	C:\WINDOWS\SYSTEM32\DNSAPI.dll
0x00007ffedca30000 - 0x00007ffedca38000 	C:\WINDOWS\System32\NSI.dll
0x00007ffeda640000 - 0x00007ffeda679000 	C:\WINDOWS\SYSTEM32\IPHLPAPI.DLL
0x00007ffec9ba0000 - 0x00007ffec9bae000 	C:\WINDOWS\System32\winrnr.dll
0x00007ffed5780000 - 0x00007ffed5795000 	C:\WINDOWS\System32\wshbth.dll
0x00007ffecbbc0000 - 0x00007ffecbd3b000 	C:\Program Files (x86)\Sangfor\SSL\ClientComponent\SangforTcpX64.dll
0x00007ffedbf90000 - 0x00007ffedbfe9000 	C:\WINDOWS\System32\WINTRUST.dll
0x00007ffedb0b0000 - 0x00007ffedb0c2000 	C:\WINDOWS\System32\MSASN1.dll
0x00007ffedc040000 - 0x00007ffedc20e000 	C:\WINDOWS\System32\CRYPT32.dll
0x00007ffecd1a0000 - 0x00007ffecd1aa000 	C:\Windows\System32\rasadhlp.dll
0x00007ffece840000 - 0x00007ffece8b0000 	C:\WINDOWS\System32\fwpuclnt.dll
0x00007ffedabc0000 - 0x00007ffedabe5000 	C:\WINDOWS\SYSTEM32\bcrypt.dll
0x00000000662e0000 - 0x00000000662f1000 	C:\Program Files\Java\jdk1.8.0_40\jre\bin\nio.dll
0x0000000180000000 - 0x0000000180281000 	F:\apache-tomcat-7.0.93\bin\tcnative-1.dll
0x00007ffed9ad0000 - 0x00007ffed9c98000 	C:\WINDOWS\SYSTEM32\dbghelp.dll

VM Arguments:
jvm_args: -ea -Didea.test.cyclic.buffer.size=1048576 -javaagent:C:\Program Files\JetBrains\IntelliJ IDEA 2019.2.3\lib\idea_rt.jar=51881:C:\Program Files\JetBrains\IntelliJ IDEA 2019.2.3\bin -Dfile.encoding=UTF-8 
java_command: com.intellij.rt.junit.JUnitStarter -ideVersion5 -junit4 com.nowcoder.community.MapperTest,testSelectConversations
java_class_path (initial): C:\Program Files\JetBrains\IntelliJ IDEA 2019.2.3\lib\idea_rt.jar;C:\Program Files\JetBrains\IntelliJ IDEA 2019.2.3\plugins\junit\lib\junit5-rt.jar;C:\Program Files\JetBrains\IntelliJ IDEA 2019.2.3\plugins\junit\lib\junit-rt.jar;C:\Program Files\Java\jdk1.8.0_40\jre\lib\charsets.jar;C:\Program Files\Java\jdk1.8.0_40\jre\lib\deploy.jar;C:\Program Files\Java\jdk1.8.0_40\jre\lib\ext\access-bridge-64.jar;C:\Program Files\Java\jdk1.8.0_40\jre\lib\ext\cldrdata.jar;C:\Program Files\Java\jdk1.8.0_40\jre\lib\ext\dnsns.jar;C:\Program Files\Java\jdk1.8.0_40\jre\lib\ext\jaccess.jar;C:\Program Files\Java\jdk1.8.0_40\jre\lib\ext\jfxrt.jar;C:\Program Files\Java\jdk1.8.0_40\jre\lib\ext\localedata.jar;C:\Program Files\Java\jdk1.8.0_40\jre\lib\ext\nashorn.jar;C:\Program Files\Java\jdk1.8.0_40\jre\lib\ext\sunec.jar;C:\Program Files\Java\jdk1.8.0_40\jre\lib\ext\sunjce_provider.jar;C:\Program Files\Java\jdk1.8.0_40\jre\lib\ext\sunmscapi.jar;C:\Program Files\Java\jdk1.8.0_40\jre\lib\ext\sunpkcs11.jar;C:\Program Files\Java\jdk1.8.0_40\jre\lib\ext\zipfs.jar;C:\Program Files\Java\jdk1.8.0_40\jre\lib\javaws.jar;C:\Program Files\Java\jdk1.8.0_40\jre\lib\jce.jar;C:\Program Files\Java\jdk1.8.0_40\jre\lib\jfr.jar;C:\Program Files\Java\jdk1.8.0_40\jre\lib\jfxswt.jar;C:\Program Files\Java\jdk1.8.0_40\jre\lib\jsse.jar;C:\Program Files\Java\jdk1.8.0_40\jre\lib\management-agent.jar;C:\Program Files\Java\jdk1.8.0_40\jre\lib\plugin.jar;C:\Program Files\Java\jdk1.8.0_40\jre\lib\resources.jar;C:\Program Files\Java\jdk1.8.0_40\jre\lib\rt.jar;F:\MyProject\community\target\test-classes;F:\MyProject\community\target\classes;C:\Users\Administrator\.m2\repository\org\springframework\boot\spring-boot-starter-aop\2.1.13.RELEASE\spring-boot-starter-aop-2.1.13.RELEASE.jar;C:\Users\Administrator\.m2\repository\org\springframework\boot\spring-boot-starter\2.1.13.RELEASE\spring-boot-starter-2.1.13.RELEASE.jar;C:\Users\Administrator\.m2\repository\org\springframework\boot\spring-boot-start
Launcher Type: SUN_STANDARD

Environment Variables:
JAVA_HOME=C:\Program Files\Java\jdk1.8.0_40
CLASSPATH=.;C:\Program Files\Java\jdk1.8.0_40\lib\dt.jar;C:\Program Files\Java\jdk1.8.0_40\lib\tools.jar; 
PATH=C:\Program Files\Python37\Scripts\;C:\Program Files\Python37\;C:\ProgramData\Oracle\Java\javapath;C:;C:\Program Files\MySQL\MySQL Server 5.7\bin;C:\Program Files\Java\jdk1.8.0_40\bin;C:\Program Files\Java\jdk1.8.0_40\jre\bin;\Windows\system32;C:\Windows;C:\Windows\System32\Wbem;C:\Windows\System32\WindowsPowerShell\v1.0\;C:\Program Files (x86)\NVIDIA Corporation\PhysX\Common;C:\WINDOWS\system32;C:\WINDOWS;C:\WINDOWS\System32\Wbem;C:\WINDOWS\System32\WindowsPowerShell\v1.0\;C:\Program Files\MySQL\MySQL Server 5.7\bin;F:\apache-maven-3.3.9\bin\;F:\apache-tomcat-7.0.93\bin;C:\Program Files\Python37;E:\Git\cmd;C:\Users\Administrator\AppData\Local\Programs\Python\Python38-32\Scripts\;C:\Users\Administrator\AppData\Local\Programs\Python\Python38-32\;C:\Users\Administrator\AppData\Local\Microsoft\WindowsApps;C:\Program Files\MySQL\MySQL Server 5.7\bin;F:\apache-tomcat-7.0.93\bin;C:\ProgramData\Administrator\GitHubDesktop\bin;C:\Users\Administrator\AppData\Local\GitHubDesktop\bin;E:\Python\PyCharm 2019.1.3\bin;;C:\Program Files\Python37;;C:\Program Files\JetBrains\IntelliJ IDEA 2019.2.3\bin;
USERNAME=Administrator
OS=Windows_NT
PROCESSOR_IDENTIFIER=Intel64 Family 6 Model 78 Stepping 3, GenuineIntel



---------------  S Y S T E M  ---------------

OS: Windows 10.0 , 64 bit Build 16299 (10.0.16299.1146)

CPU:total 4 (2 cores per cpu, 2 threads per core) family 6 model 78 stepping 3, cmov, cx8, fxsr, mmx, sse, sse2, sse3, ssse3, sse4.1, sse4.2, popcnt, avx, avx2, aes, clmul, erms, 3dnowpref, lzcnt, ht, tsc, tscinvbit, bmi1, bmi2, adx

Memory: 4k page, physical 8223592k(465900k free), swap 23656916k(7132k free)

vm_info: Java HotSpot(TM) 64-Bit Server VM (25.40-b25) for windows-amd64 JRE (1.8.0_40-b25), built on Feb 10 2015 21:53:57 by "java_re" with MS VC++ 10.0 (VS2010)

time: Thu Apr 30 09:45:10 2020
elapsed time: 20 seconds (0d 0h 0m 20s)

