#
# There is insufficient memory for the Java Runtime Environment to continue.
# Native memory allocation (malloc) failed to allocate 845696 bytes for Chunk::new
# Possible reasons:
#   The system is out of physical RAM or swap space
#   In 32 bit mode, the process size limit was hit
# Possible solutions:
#   Reduce memory load on the system
#   Increase physical memory or swap space
#   Check if swap backing store is full
#   Use 64 bit Java on a 64 bit OS
#   Decrease Java heap size (-Xmx/-Xms)
#   Decrease number of Java threads
#   Decrease Java thread stack sizes (-Xss)
#   Set larger code cache with -XX:ReservedCodeCacheSize=
# This output file may be truncated or incomplete.
#
#  Out of Memory Error (allocation.cpp:390), pid=12688, tid=10816
#
# JRE version: Java(TM) SE Runtime Environment (8.0_40-b25) (build 1.8.0_40-b25)
# Java VM: Java HotSpot(TM) 64-Bit Server VM (25.40-b25 mixed mode windows-amd64 compressed oops)
# Failed to write core dump. Minidumps are not enabled by default on client versions of Windows
#

---------------  T H R E A D  ---------------

Current thread (0x0000000019dcc000):  JavaThread "C2 CompilerThread1" daemon [_thread_in_native, id=10816, stack(0x000000001b8e0000,0x000000001b9e0000)]

Stack: [0x000000001b8e0000,0x000000001b9e0000]
Native frames: (J=compiled Java code, j=interpreted, Vv=VM code, C=native code)
V  [jvm.dll+0x32b47a]
V  [jvm.dll+0x2797f3]
V  [jvm.dll+0x27a489]
V  [jvm.dll+0x2717a5]
V  [jvm.dll+0xcb9a2]
V  [jvm.dll+0xcbe6c]
V  [jvm.dll+0x476ea2]
V  [jvm.dll+0x4b950f]
V  [jvm.dll+0x46b92f]
V  [jvm.dll+0x46ccbe]
V  [jvm.dll+0x4500d2]
V  [jvm.dll+0xa4312]
V  [jvm.dll+0xa4c4f]
V  [jvm.dll+0x241914]
V  [jvm.dll+0x29848a]
C  [msvcr100.dll+0x21d9f]
C  [msvcr100.dll+0x21e3b]
C  [KERNEL32.DLL+0x137e4]
C  [ntdll.dll+0x6cb81]


Current CompileTask:
C2:   8909 3970       4       org.springframework.core.annotation.AnnotatedElementUtils::searchOnInterfaces (118 bytes)


---------------  P R O C E S S  ---------------

Java Threads: ( => current thread )
  0x000000001e566000 JavaThread "Druid-ConnectionPool-Destroy-1380085944" daemon [_thread_blocked, id=1688, stack(0x0000000022500000,0x0000000022600000)]
  0x000000001f008000 JavaThread "Druid-ConnectionPool-Create-1380085944" daemon [_thread_blocked, id=20804, stack(0x0000000022400000,0x0000000022500000)]
  0x000000001c8e2800 JavaThread "mysql-cj-abandoned-connection-cleanup" daemon [_thread_blocked, id=12328, stack(0x0000000022170000,0x0000000022270000)]
  0x000000001b1c3800 JavaThread "Service Thread" daemon [_thread_blocked, id=22740, stack(0x000000001bae0000,0x000000001bbe0000)]
  0x000000001b169800 JavaThread "C1 CompilerThread2" daemon [_thread_blocked, id=7904, stack(0x000000001b9e0000,0x000000001bae0000)]
=>0x0000000019dcc000 JavaThread "C2 CompilerThread1" daemon [_thread_in_native, id=10816, stack(0x000000001b8e0000,0x000000001b9e0000)]
  0x0000000019dc8000 JavaThread "C2 CompilerThread0" daemon [_thread_in_native, id=15728, stack(0x000000001b7e0000,0x000000001b8e0000)]
  0x0000000019dc6800 JavaThread "Monitor Ctrl-Break" daemon [_thread_in_native, id=10924, stack(0x000000001b6e0000,0x000000001b7e0000)]
  0x0000000019da2800 JavaThread "Attach Listener" daemon [_thread_blocked, id=10148, stack(0x000000001b5e0000,0x000000001b6e0000)]
  0x000000001b123800 JavaThread "Signal Dispatcher" daemon [_thread_blocked, id=1088, stack(0x000000001b4e0000,0x000000001b5e0000)]
  0x0000000019d4a000 JavaThread "Finalizer" daemon [_thread_blocked, id=3972, stack(0x000000001afe0000,0x000000001b0e0000)]
  0x00000000050e5000 JavaThread "Reference Handler" daemon [_thread_blocked, id=20424, stack(0x000000001aee0000,0x000000001afe0000)]
  0x0000000004ff9000 JavaThread "main" [_thread_in_native, id=25168, stack(0x0000000004e70000,0x0000000004f70000)]

Other Threads:
  0x0000000019d47000 VMThread [stack: 0x000000001ade0000,0x000000001aee0000] [id=17276]
  0x000000001b1a6800 WatcherThread [stack: 0x000000001bbe0000,0x000000001bce0000] [id=17580]

VM state:not at safepoint (normal execution)

VM Mutex/Monitor currently owned by a thread: None

Heap:
 PSYoungGen      total 140288K, used 95414K [0x00000000d6300000, 0x00000000e2680000, 0x0000000100000000)
  eden space 129536K, 73% used [0x00000000d6300000,0x00000000dc02daf0,0x00000000de180000)
  from space 10752K, 0% used [0x00000000e1c00000,0x00000000e1c00000,0x00000000e2680000)
  to   space 8704K, 0% used [0x00000000de180000,0x00000000de180000,0x00000000dea00000)
 ParOldGen       total 54784K, used 17384K [0x0000000082800000, 0x0000000085d80000, 0x00000000d6300000)
  object space 54784K, 31% used [0x0000000082800000,0x00000000838fa2b0,0x0000000085d80000)
 Metaspace       used 39420K, capacity 40752K, committed 40920K, reserved 1085440K
  class space    used 5012K, capacity 5298K, committed 5376K, reserved 1048576K

Card table byte_map: [0x00000000146a0000,0x0000000014a90000] byte_map_base: 0x000000001428c000

Marking Bits: (ParMarkBitMap*) 0x000000005e3e4040
 Begin Bits: [0x0000000015130000, 0x0000000017090000)
 End Bits:   [0x0000000017090000, 0x0000000018ff0000)

Polling page: 0x00000000009e0000

CodeCache: size=245760Kb used=14731Kb max_used=14731Kb free=231028Kb
 bounds [0x00000000052e0000, 0x0000000006150000, 0x00000000142e0000]
 total_blobs=4356 nmethods=3910 adapters=357
 compilation: enabled

Compilation events (10 events):
Event: 8.865 Thread 0x000000001b169800 4000       3       java.util.DualPivotQuicksort::sort (1195 bytes)
Event: 8.868 Thread 0x000000001b169800 nmethod 4000 0x00000000061340d0 code [0x0000000006134480, 0x0000000006136568]
Event: 8.869 Thread 0x000000001b169800 4001       3       org.springframework.cglib.core.CodeEmitter::new_instance (9 bytes)
Event: 8.870 Thread 0x000000001b169800 nmethod 4001 0x0000000006138790 code [0x0000000006138940, 0x0000000006139048]
Event: 8.870 Thread 0x000000001b169800 4002       3       org.springframework.cglib.core.EmitUtils::getSwitchKeys (59 bytes)
Event: 8.871 Thread 0x000000001b169800 nmethod 4002 0x0000000006139310 code [0x0000000006139500, 0x0000000006139db8]
Event: 8.871 Thread 0x000000001b169800 4003       3       java.util.Arrays::sort (13 bytes)
Event: 8.871 Thread 0x000000001b169800 nmethod 4003 0x000000000613a090 code [0x000000000613a200, 0x000000000613a388]
Event: 8.871 Thread 0x000000001b169800 4004       3       java.util.DualPivotQuicksort::sort (614 bytes)
Event: 8.872 Thread 0x000000001b169800 nmethod 4004 0x000000000613a450 code [0x000000000613a700, 0x000000000613bb38]

GC Heap History (10 events):
Event: 3.300 GC heap before
{Heap before GC invocations=6 (full 1):
 PSYoungGen      total 70656K, used 5103K [0x00000000d6300000, 0x00000000df400000, 0x0000000100000000)
  eden space 65536K, 0% used [0x00000000d6300000,0x00000000d6300000,0x00000000da300000)
  from space 5120K, 99% used [0x00000000da300000,0x00000000da7fbee8,0x00000000da800000)
  to   space 8704K, 0% used [0x00000000deb80000,0x00000000deb80000,0x00000000df400000)
 ParOldGen       total 86016K, used 5564K [0x0000000082800000, 0x0000000087c00000, 0x00000000d6300000)
  object space 86016K, 6% used [0x0000000082800000,0x0000000082d6f0e8,0x0000000087c00000)
 Metaspace       used 20643K, capacity 21172K, committed 21248K, reserved 1067008K
  class space    used 2650K, capacity 2796K, committed 2816K, reserved 1048576K
Event: 3.338 GC heap after
Heap after GC invocations=6 (full 1):
 PSYoungGen      total 70656K, used 0K [0x00000000d6300000, 0x00000000df400000, 0x0000000100000000)
  eden space 65536K, 0% used [0x00000000d6300000,0x00000000d6300000,0x00000000da300000)
  from space 5120K, 0% used [0x00000000da300000,0x00000000da300000,0x00000000da800000)
  to   space 8704K, 0% used [0x00000000deb80000,0x00000000deb80000,0x00000000df400000)
 ParOldGen       total 54784K, used 7574K [0x0000000082800000, 0x0000000085d80000, 0x00000000d6300000)
  object space 54784K, 13% used [0x0000000082800000,0x0000000082f658b0,0x0000000085d80000)
 Metaspace       used 20643K, capacity 21172K, committed 21248K, reserved 1067008K
  class space    used 2650K, capacity 2796K, committed 2816K, reserved 1048576K
}
Event: 4.346 GC heap before
{Heap before GC invocations=7 (full 1):
 PSYoungGen      total 70656K, used 65536K [0x00000000d6300000, 0x00000000df400000, 0x0000000100000000)
  eden space 65536K, 100% used [0x00000000d6300000,0x00000000da300000,0x00000000da300000)
  from space 5120K, 0% used [0x00000000da300000,0x00000000da300000,0x00000000da800000)
  to   space 8704K, 0% used [0x00000000deb80000,0x00000000deb80000,0x00000000df400000)
 ParOldGen       total 54784K, used 7574K [0x0000000082800000, 0x0000000085d80000, 0x00000000d6300000)
  object space 54784K, 13% used [0x0000000082800000,0x0000000082f658b0,0x0000000085d80000)
 Metaspace       used 26181K, capacity 26960K, committed 27136K, reserved 1073152K
  class space    used 3352K, capacity 3560K, committed 3584K, reserved 1048576K
Event: 4.370 GC heap after
Heap after GC invocations=7 (full 1):
 PSYoungGen      total 116736K, used 6796K [0x00000000d6300000, 0x00000000df280000, 0x0000000100000000)
  eden space 109568K, 0% used [0x00000000d6300000,0x00000000d6300000,0x00000000dce00000)
  from space 7168K, 94% used [0x00000000deb80000,0x00000000df2230b0,0x00000000df280000)
  to   space 8704K, 0% used [0x00000000de180000,0x00000000de180000,0x00000000dea00000)
 ParOldGen       total 54784K, used 7582K [0x0000000082800000, 0x0000000085d80000, 0x00000000d6300000)
  object space 54784K, 13% used [0x0000000082800000,0x0000000082f678b0,0x0000000085d80000)
 Metaspace       used 26181K, capacity 26960K, committed 27136K, reserved 1073152K
  class space    used 3352K, capacity 3560K, committed 3584K, reserved 1048576K
}
Event: 5.935 GC heap before
{Heap before GC invocations=8 (full 1):
 PSYoungGen      total 116736K, used 116364K [0x00000000d6300000, 0x00000000df280000, 0x0000000100000000)
  eden space 109568K, 100% used [0x00000000d6300000,0x00000000dce00000,0x00000000dce00000)
  from space 7168K, 94% used [0x00000000deb80000,0x00000000df2230b0,0x00000000df280000)
  to   space 8704K, 0% used [0x00000000de180000,0x00000000de180000,0x00000000dea00000)
 ParOldGen       total 54784K, used 7582K [0x0000000082800000, 0x0000000085d80000, 0x00000000d6300000)
  object space 54784K, 13% used [0x0000000082800000,0x0000000082f678b0,0x0000000085d80000)
 Metaspace       used 30015K, capacity 30998K, committed 31360K, reserved 1077248K
  class space    used 3888K, capacity 4125K, committed 4224K, reserved 1048576K
Event: 5.950 GC heap after
Heap after GC invocations=8 (full 1):
 PSYoungGen      total 138240K, used 8703K [0x00000000d6300000, 0x00000000e2680000, 0x0000000100000000)
  eden space 129536K, 0% used [0x00000000d6300000,0x00000000d6300000,0x00000000de180000)
  from space 8704K, 99% used [0x00000000de180000,0x00000000de9ffc18,0x00000000dea00000)
  to   space 10752K, 0% used [0x00000000e1c00000,0x00000000e1c00000,0x00000000e2680000)
 ParOldGen       total 54784K, used 9396K [0x0000000082800000, 0x0000000085d80000, 0x00000000d6300000)
  object space 54784K, 17% used [0x0000000082800000,0x000000008312d290,0x0000000085d80000)
 Metaspace       used 30015K, capacity 30998K, committed 31360K, reserved 1077248K
  class space    used 3888K, capacity 4125K, committed 4224K, reserved 1048576K
}
Event: 7.362 GC heap before
{Heap before GC invocations=9 (full 1):
 PSYoungGen      total 138240K, used 106096K [0x00000000d6300000, 0x00000000e2680000, 0x0000000100000000)
  eden space 129536K, 75% used [0x00000000d6300000,0x00000000dc21c400,0x00000000de180000)
  from space 8704K, 99% used [0x00000000de180000,0x00000000de9ffc18,0x00000000dea00000)
  to   space 10752K, 0% used [0x00000000e1c00000,0x00000000e1c00000,0x00000000e2680000)
 ParOldGen       total 54784K, used 9396K [0x0000000082800000, 0x0000000085d80000, 0x00000000d6300000)
  object space 54784K, 17% used [0x0000000082800000,0x000000008312d290,0x0000000085d80000)
 Metaspace       used 34189K, capacity 35326K, committed 35416K, reserved 1079296K
  class space    used 4410K, capacity 4649K, committed 4736K, reserved 1048576K
Event: 7.381 GC heap after
Heap after GC invocations=9 (full 1):
 PSYoungGen      total 140288K, used 10739K [0x00000000d6300000, 0x00000000e2680000, 0x0000000100000000)
  eden space 129536K, 0% used [0x00000000d6300000,0x00000000d6300000,0x00000000de180000)
  from space 10752K, 99% used [0x00000000e1c00000,0x00000000e267cc78,0x00000000e2680000)
  to   space 8704K, 0% used [0x00000000de180000,0x00000000de180000,0x00000000dea00000)
 ParOldGen       total 54784K, used 11258K [0x0000000082800000, 0x0000000085d80000, 0x00000000d6300000)
  object space 54784K, 20% used [0x0000000082800000,0x00000000832fe800,0x0000000085d80000)
 Metaspace       used 34189K, capacity 35326K, committed 35416K, reserved 1079296K
  class space    used 4410K, capacity 4649K, committed 4736K, reserved 1048576K
}
Event: 7.381 GC heap before
{Heap before GC invocations=10 (full 2):
 PSYoungGen      total 140288K, used 10739K [0x00000000d6300000, 0x00000000e2680000, 0x0000000100000000)
  eden space 129536K, 0% used [0x00000000d6300000,0x00000000d6300000,0x00000000de180000)
  from space 10752K, 99% used [0x00000000e1c00000,0x00000000e267cc78,0x00000000e2680000)
  to   space 8704K, 0% used [0x00000000de180000,0x00000000de180000,0x00000000dea00000)
 ParOldGen       total 54784K, used 11258K [0x0000000082800000, 0x0000000085d80000, 0x00000000d6300000)
  object space 54784K, 20% used [0x0000000082800000,0x00000000832fe800,0x0000000085d80000)
 Metaspace       used 34189K, capacity 35326K, committed 35416K, reserved 1079296K
  class space    used 4410K, capacity 4649K, committed 4736K, reserved 1048576K
Event: 7.493 GC heap after
Heap after GC invocations=10 (full 2):
 PSYoungGen      total 140288K, used 0K [0x00000000d6300000, 0x00000000e2680000, 0x0000000100000000)
  eden space 129536K, 0% used [0x00000000d6300000,0x00000000d6300000,0x00000000de180000)
  from space 10752K, 0% used [0x00000000e1c00000,0x00000000e1c00000,0x00000000e2680000)
  to   space 8704K, 0% used [0x00000000de180000,0x00000000de180000,0x00000000dea00000)
 ParOldGen       total 54784K, used 17384K [0x0000000082800000, 0x0000000085d80000, 0x00000000d6300000)
  object space 54784K, 31% used [0x0000000082800000,0x00000000838fa2b0,0x0000000085d80000)
 Metaspace       used 34189K, capacity 35326K, committed 35416K, reserved 1079296K
  class space    used 4410K, capacity 4649K, committed 4736K, reserved 1048576K
}

Deoptimization events (10 events):
Event: 8.393 Thread 0x0000000004ff9000 Uncommon trap: reason=unstable_if action=reinterpret pc=0x00000000057c7ce4 method=java.util.concurrent.ConcurrentHashMap.transfer([Ljava/util/concurrent/ConcurrentHashMap$Node;[Ljava/util/concurrent/ConcurrentHashMap$Node;)V @ 356
Event: 8.487 Thread 0x0000000004ff9000 Uncommon trap: reason=unstable_if action=reinterpret pc=0x00000000054f9418 method=java.lang.AbstractStringBuilder.append(Ljava/lang/String;)Ljava/lang/AbstractStringBuilder; @ 1
Event: 8.506 Thread 0x0000000004ff9000 Uncommon trap: reason=bimorphic action=maybe_recompile pc=0x0000000005b1c8fc method=java.util.Hashtable.get(Ljava/lang/Object;)Ljava/lang/Object; @ 6
Event: 8.515 Thread 0x0000000004ff9000 Uncommon trap: reason=unstable_if action=reinterpret pc=0x0000000005a9440c method=com.sun.org.apache.xerces.internal.impl.XMLEntityScanner.skipSpaces()Z @ 62
Event: 8.669 Thread 0x0000000004ff9000 Uncommon trap: reason=unstable_if action=reinterpret pc=0x00000000055c7e3c method=java.util.HashMap.hash(Ljava/lang/Object;)I @ 1
Event: 8.702 Thread 0x0000000004ff9000 Uncommon trap: reason=class_check action=maybe_recompile pc=0x0000000005d3f22c method=java.util.HashMap.computeIfAbsent(Ljava/lang/Object;Ljava/util/function/Function;)Ljava/lang/Object; @ 263
Event: 8.702 Thread 0x0000000004ff9000 Uncommon trap: reason=class_check action=maybe_recompile pc=0x0000000005d3f22c method=java.util.HashMap.computeIfAbsent(Ljava/lang/Object;Ljava/util/function/Function;)Ljava/lang/Object; @ 263
Event: 8.729 Thread 0x0000000004ff9000 Uncommon trap: reason=bimorphic action=maybe_recompile pc=0x0000000005b1c8fc method=java.util.Hashtable.get(Ljava/lang/Object;)Ljava/lang/Object; @ 6
Event: 8.760 Thread 0x0000000004ff9000 Uncommon trap: reason=bimorphic action=maybe_recompile pc=0x0000000005b1c8fc method=java.util.Hashtable.get(Ljava/lang/Object;)Ljava/lang/Object; @ 6
Event: 8.789 Thread 0x0000000004ff9000 Uncommon trap: reason=unstable_if action=reinterpret pc=0x00000000060d2f68 method=java.util.concurrent.ConcurrentHashMap.putVal(Ljava/lang/Object;Ljava/lang/Object;Z)Ljava/lang/Object; @ 331

Internal exceptions (10 events):
Event: 8.833 Thread 0x0000000004ff9000 Exception <a 'java/lang/ClassNotFoundException': java/lang/ObjectCustomizer> (0x00000000dbb41e68) thrown at [D:\re\workspace\8-2-build-windows-amd64-cygwin\jdk8u40\2855\hotspot\src\share\vm\classfile\systemDictionary.cpp, line 210]
Event: 8.835 Thread 0x0000000004ff9000 Exception <a 'java/lang/ClassNotFoundException': com/nowcoder/community/util/MailClientCustomizer> (0x00000000dbb64198) thrown at [D:\re\workspace\8-2-build-windows-amd64-cygwin\jdk8u40\2855\hotspot\src\share\vm\classfile\systemDictionary.cpp, line 210]
Event: 8.849 Thread 0x0000000004ff9000 Exception <a 'java/lang/ClassNotFoundException': java/lang/ObjectCustomizer> (0x00000000dbba5e10) thrown at [D:\re\workspace\8-2-build-windows-amd64-cygwin\jdk8u40\2855\hotspot\src\share\vm\classfile\systemDictionary.cpp, line 210]
Event: 8.850 Thread 0x0000000004ff9000 Exception <a 'java/lang/ClassNotFoundException': org/springframework/boot/autoconfigure/mail/MailPropertiesCustomizer> (0x00000000dbbd0e18) thrown at [D:\re\workspace\8-2-build-windows-amd64-cygwin\jdk8u40\2855\hotspot\src\share\vm\classfile\systemDictionaqì“Å·!@
Event: 8.859 Thread 0x0000000004ff9000 Exception <a 'java/lang/ClassNotFoundException': java/lang/ObjectCustomizer> (0x00000000dbc1aea0) thrown at [D:\re\workspace\8-2-build-windows-amd64-cygwin\jdk8u40\2855\hotspot\src\share\vm\classfile\systemDictionary.cpp, line 210]
Event: 8.860 Thread 0x0000000004ff9000 Exception <a 'java/lang/ClassNotFoundException': org/springframework/boot/autoconfigure/mail/MailSenderPropertiesConfigurationCustomizer> (0x00000000dbc4d640) thrown at [D:\re\workspace\8-2-build-windows-amd64-cygwin\jdk8u40\2855\hotspot\src\share\vm\classî[¹á¸!@
Event: 8.861 Thread 0x0000000004ff9000 Exception <a 'java/lang/ClassNotFoundException': org/springframework/boot/autoconfigure/mail/MailSenderPropertiesConfiguration$$EnhancerBySpringCGLIB$$8cc436afCustomizer> (0x00000000dbc8bb70) thrown at [D:\re\workspace\8-2-build-windows-amd64-cygwin\jdk8u4^‡à¹!@
Event: 8.862 Thread 0x0000000004ff9000 Exception <a 'java/lang/ClassNotFoundException': org/springframework/context/annotation/ConfigurationClassEnhancer$EnhancedConfigurationCustomizer> (0x00000000dbcc5030) thrown at [D:\re\workspace\8-2-build-windows-amd64-cygwin\jdk8u40\2855\hotspot\src\shar¥;8[ê¹!@
Event: 8.863 Thread 0x0000000004ff9000 Exception <a 'java/lang/ClassNotFoundException': org/springframework/beans/factory/BeanFactoryAwareCustomizer> (0x00000000dbce9008) thrown at [D:\re\workspace\8-2-build-windows-amd64-cygwin\jdk8u40\2855\hotspot\src\share\vm\classfile\systemDictionary.cpp, ý­oÝPº!@
Event: 8.864 Thread 0x0000000004ff9000 Exception <a 'java/lang/ClassNotFoundException': org/springframework/beans/factory/AwareCustomizer> (0x00000000dbd09848) thrown at [D:\re\workspace\8-2-build-windows-amd64-cygwin\jdk8u40\2855\hotspot\src\share\vm\classfile\systemDictionary.cpp, line 210]

Events (10 events):
Event: 8.876 loading class org/springframework/mail/MailException
Event: 8.876 loading class org/springframework/mail/MailException done
Event: 8.877 loading class org/springframework/mail/MailParseException
Event: 8.877 loading class org/springframework/mail/MailParseException done
Event: 8.879 loading class org/springframework/mail/MailPreparationException
Event: 8.879 loading class org/springframework/mail/MailPreparationException done
Event: 8.880 loading class javax/mail/AuthenticationFailedException
Event: 8.880 loading class javax/mail/AuthenticationFailedException done
Event: 8.881 loading class org/springframework/mail/MailAuthenticationException
Event: 8.881 loading class org/springframework/mail/MailAuthenticationException done


Dynamic libraries:
0x00007ff7ec5e0000 - 0x00007ff7ec617000 	C:\Program Files\Java\jdk1.8.0_40\bin\java.exe
0x00007ffdf1b20000 - 0x00007ffdf1d00000 	C:\WINDOWS\SYSTEM32\ntdll.dll
0x00007ffdf0ea0000 - 0x00007ffdf0f4e000 	C:\WINDOWS\System32\KERNEL32.DLL
0x00007ffdeeab0000 - 0x00007ffdeed16000 	C:\WINDOWS\System32\KERNELBASE.dll
0x00007ffdf1950000 - 0x00007ffdf19f1000 	C:\WINDOWS\System32\ADVAPI32.dll
0x00007ffdf0780000 - 0x00007ffdf081d000 	C:\WINDOWS\System32\msvcrt.dll
0x00007ffdf1610000 - 0x00007ffdf166b000 	C:\WINDOWS\System32\sechost.dll
0x00007ffdeeff0000 - 0x00007ffdef10f000 	C:\WINDOWS\System32\RPCRT4.dll
0x00007ffdf1690000 - 0x00007ffdf181f000 	C:\WINDOWS\System32\USER32.dll
0x00007ffdeed20000 - 0x00007ffdeed40000 	C:\WINDOWS\System32\win32u.dll
0x00007ffdef260000 - 0x00007ffdef288000 	C:\WINDOWS\System32\GDI32.dll
0x00007ffdedf20000 - 0x00007ffdee0b3000 	C:\WINDOWS\System32\gdi32full.dll
0x00007ffdee110000 - 0x00007ffdee1ab000 	C:\WINDOWS\System32\msvcp_win.dll
0x00007ffdee260000 - 0x00007ffdee354000 	C:\WINDOWS\System32\ucrtbase.dll
0x00007ffde4b10000 - 0x00007ffde4d79000 	C:\WINDOWS\WinSxS\amd64_microsoft.windows.common-controls_6595b64144ccf1df_6.0.16299.1685_none_0f90a16e5a65585b\COMCTL32.dll
0x00007ffdf0b20000 - 0x00007ffdf0e26000 	C:\WINDOWS\System32\combase.dll
0x00007ffdeeda0000 - 0x00007ffdeee18000 	C:\WINDOWS\System32\bcryptPrimitives.dll
0x00007ffdf1a60000 - 0x00007ffdf1a8d000 	C:\WINDOWS\System32\IMM32.DLL
0x000000005e5d0000 - 0x000000005e6a2000 	C:\Program Files\Java\jdk1.8.0_40\jre\bin\msvcr100.dll
0x000000005dbe0000 - 0x000000005e463000 	C:\Program Files\Java\jdk1.8.0_40\jre\bin\server\jvm.dll
0x00007ffdf1670000 - 0x00007ffdf1678000 	C:\WINDOWS\System32\PSAPI.DLL
0x00007ffde2a10000 - 0x00007ffde2a19000 	C:\WINDOWS\SYSTEM32\WSOCK32.dll
0x00007ffdf0e30000 - 0x00007ffdf0e9c000 	C:\WINDOWS\System32\WS2_32.dll
0x00007ffde8090000 - 0x00007ffde809a000 	C:\WINDOWS\SYSTEM32\VERSION.dll
0x00007ffde63f0000 - 0x00007ffde6413000 	C:\WINDOWS\SYSTEM32\WINMM.dll
0x00007ffde63c0000 - 0x00007ffde63ea000 	C:\WINDOWS\SYSTEM32\winmmbase.dll
0x00007ffdee0c0000 - 0x00007ffdee10a000 	C:\WINDOWS\System32\cfgmgr32.dll
0x000000005e5c0000 - 0x000000005e5cf000 	C:\Program Files\Java\jdk1.8.0_40\jre\bin\verify.dll
0x000000005e590000 - 0x000000005e5b9000 	C:\Program Files\Java\jdk1.8.0_40\jre\bin\java.dll
0x000000005dbb0000 - 0x000000005dbd3000 	C:\Program Files\Java\jdk1.8.0_40\jre\bin\instrument.dll
0x000000005e570000 - 0x000000005e586000 	C:\Program Files\Java\jdk1.8.0_40\jre\bin\zip.dll
0x00007ffdef290000 - 0x00007ffdf06cd000 	C:\WINDOWS\System32\SHELL32.dll
0x00007ffdf06d0000 - 0x00007ffdf0776000 	C:\WINDOWS\System32\shcore.dll
0x00007ffdee360000 - 0x00007ffdeeaaa000 	C:\WINDOWS\System32\windows.storage.dll
0x00007ffdf1a90000 - 0x00007ffdf1ae1000 	C:\WINDOWS\System32\shlwapi.dll
0x00007ffdede90000 - 0x00007ffdedea1000 	C:\WINDOWS\System32\kernel.appcore.dll
0x00007ffdedeb0000 - 0x00007ffdedefc000 	C:\WINDOWS\System32\powrprof.dll
0x00007ffdede70000 - 0x00007ffdede8b000 	C:\WINDOWS\System32\profapi.dll
0x00007ffdd3590000 - 0x00007ffdd35aa000 	C:\Program Files\JetBrains\IntelliJ IDEA 2019.2.3\bin\breakgen64.dll
0x000000005e550000 - 0x000000005e56a000 	C:\Program Files\Java\jdk1.8.0_40\jre\bin\net.dll
0x00007ffded6d0000 - 0x00007ffded736000 	C:\WINDOWS\system32\mswsock.dll
0x000000005e520000 - 0x000000005e52d000 	C:\Program Files\Java\jdk1.8.0_40\jre\bin\management.dll
0x00007ffdda6a0000 - 0x00007ffdda6cf000 	C:\Program Files (x86)\Sangfor\SSL\ClientComponent\SangforNspX64.dll
0x00007ffdef110000 - 0x00007ffdef259000 	C:\WINDOWS\System32\ole32.dll
0x00007ffdf08a0000 - 0x00007ffdf0964000 	C:\WINDOWS\System32\OLEAUT32.dll
0x00007ffdda680000 - 0x00007ffdda696000 	C:\WINDOWS\system32\napinsp.dll
0x00007ffdda660000 - 0x00007ffdda67a000 	C:\WINDOWS\system32\pnrpnsp.dll
0x00007ffdea040000 - 0x00007ffdea058000 	C:\WINDOWS\system32\NLAapi.dll
0x00007ffded460000 - 0x00007ffded517000 	C:\WINDOWS\SYSTEM32\DNSAPI.dll
0x00007ffdf1680000 - 0x00007ffdf1688000 	C:\WINDOWS\System32\NSI.dll
0x00007ffded420000 - 0x00007ffded459000 	C:\WINDOWS\SYSTEM32\IPHLPAPI.DLL
0x00007ffddbb10000 - 0x00007ffddbb1e000 	C:\WINDOWS\System32\winrnr.dll
0x00007ffde82d0000 - 0x00007ffde82e5000 	C:\WINDOWS\System32\wshbth.dll
0x00007ffde2fe0000 - 0x00007ffde315b000 	C:\Program Files (x86)\Sangfor\SSL\ClientComponent\SangforTcpX64.dll
0x00007ffdeed40000 - 0x00007ffdeed99000 	C:\WINDOWS\System32\WINTRUST.dll
0x00007ffdedf00000 - 0x00007ffdedf12000 	C:\WINDOWS\System32\MSASN1.dll
0x00007ffdeee20000 - 0x00007ffdeefee000 	C:\WINDOWS\System32\CRYPT32.dll
0x00007ffde4610000 - 0x00007ffde461a000 	C:\Windows\System32\rasadhlp.dll
0x00007ffde59c0000 - 0x00007ffde5a30000 	C:\WINDOWS\System32\fwpuclnt.dll
0x00007ffded9a0000 - 0x00007ffded9c5000 	C:\WINDOWS\SYSTEM32\bcrypt.dll
0x000000005e530000 - 0x000000005e541000 	C:\Program Files\Java\jdk1.8.0_40\jre\bin\nio.dll
0x00007ffdec8b0000 - 0x00007ffdeca78000 	C:\WINDOWS\SYSTEM32\dbghelp.dll

VM Arguments:
jvm_args: -ea -Didea.test.cyclic.buffer.size=1048576 -javaagent:C:\Program Files\JetBrains\IntelliJ IDEA 2019.2.3\lib\idea_rt.jar=52125:C:\Program Files\JetBrains\IntelliJ IDEA 2019.2.3\bin -Dfile.encoding=UTF-8 
java_command: com.intellij.rt.junit.JUnitStarter -ideVersion5 -junit4 com.nowcoder.community.KafkaTest,testKafka
java_class_path (initial): C:\Program Files\JetBrains\IntelliJ IDEA 2019.2.3\lib\idea_rt.jar;C:\Program Files\JetBrains\IntelliJ IDEA 2019.2.3\plugins\junit\lib\junit5-rt.jar;C:\Program Files\JetBrains\IntelliJ IDEA 2019.2.3\plugins\junit\lib\junit-rt.jar;C:\Program Files\Java\jdk1.8.0_40\jre\lib\charsets.jar;C:\Program Files\Java\jdk1.8.0_40\jre\lib\deploy.jar;C:\Program Files\Java\jdk1.8.0_40\jre\lib\ext\access-bridge-64.jar;C:\Program Files\Java\jdk1.8.0_40\jre\lib\ext\cldrdata.jar;C:\Program Files\Java\jdk1.8.0_40\jre\lib\ext\dnsns.jar;C:\Program Files\Java\jdk1.8.0_40\jre\lib\ext\jaccess.jar;C:\Program Files\Java\jdk1.8.0_40\jre\lib\ext\jfxrt.jar;C:\Program Files\Java\jdk1.8.0_40\jre\lib\ext\localedata.jar;C:\Program Files\Java\jdk1.8.0_40\jre\lib\ext\nashorn.jar;C:\Program Files\Java\jdk1.8.0_40\jre\lib\ext\sunec.jar;C:\Program Files\Java\jdk1.8.0_40\jre\lib\ext\sunjce_provider.jar;C:\Program Files\Java\jdk1.8.0_40\jre\lib\ext\sunmscapi.jar;C:\Program Files\Java\jdk1.8.0_40\jre\lib\ext\sunpkcs11.jar;C:\Program Files\Java\jdk1.8.0_40\jre\lib\ext\zipfs.jar;C:\Program Files\Java\jdk1.8.0_40\jre\lib\javaws.jar;C:\Program Files\Java\jdk1.8.0_40\jre\lib\jce.jar;C:\Program Files\Java\jdk1.8.0_40\jre\lib\jfr.jar;C:\Program Files\Java\jdk1.8.0_40\jre\lib\jfxswt.jar;C:\Program Files\Java\jdk1.8.0_40\jre\lib\jsse.jar;C:\Program Files\Java\jdk1.8.0_40\jre\lib\management-agent.jar;C:\Program Files\Java\jdk1.8.0_40\jre\lib\plugin.jar;C:\Program Files\Java\jdk1.8.0_40\jre\lib\resources.jar;C:\Program Files\Java\jdk1.8.0_40\jre\lib\rt.jar;F:\MyProject\community\target\test-classes;F:\MyProject\community\target\classes;C:\Users\Administrator\.m2\repository\org\springframework\boot\spring-boot-starter-aop\2.1.13.RELEASE\spring-boot-starter-aop-2.1.13.RELEASE.jar;C:\Users\Administrator\.m2\repository\org\springframework\boot\spring-boot-starter\2.1.13.RELEASE\spring-boot-starter-2.1.13.RELEASE.jar;C:\Users\Administrator\.m2\repository\org\springframework\boot\spring-boot-start
Launcher Type: SUN_STANDARD

Environment Variables:
JAVA_HOME=C:\Program Files\Java\jdk1.8.0_40
CLASSPATH=.;C:\Program Files\Java\jdk1.8.0_40\lib\dt.jar;C:\Program Files\Java\jdk1.8.0_40\lib\tools.jar; 
PATH=C:\Program Files\Python37\Scripts\;C:\Program Files\Python37\;C:\ProgramData\Oracle\Java\javapath;C:;C:\Program Files\MySQL\MySQL Server 5.7\bin;C:\Program Files\Java\jdk1.8.0_40\bin;C:\Program Files\Java\jdk1.8.0_40\jre\bin;\Windows\system32;C:\Windows;C:\Windows\System32\Wbem;C:\Windows\System32\WindowsPowerShell\v1.0\;C:\Program Files (x86)\NVIDIA Corporation\PhysX\Common;C:\WINDOWS\system32;C:\WINDOWS;C:\WINDOWS\System32\Wbem;C:\WINDOWS\System32\WindowsPowerShell\v1.0\;C:\Program Files\MySQL\MySQL Server 5.7\bin;F:\apache-maven-3.3.9\bin\;F:\apache-tomcat-7.0.93\bin;C:\Program Files\Python37;E:\Git\cmd;E:\Redis;C:\Users\Administrator\AppData\Local\Programs\Python\Python38-32\Scripts\;C:\Users\Administrator\AppData\Local\Programs\Python\Python38-32\;C:\Users\Administrator\AppData\Local\Microsoft\WindowsApps;C:\Program Files\MySQL\MySQL Server 5.7\bin;F:\apache-tomcat-7.0.93\bin;C:\ProgramData\Administrator\GitHubDesktop\bin;C:\Users\Administrator\AppData\Local\GitHubDesktop\bin;E:\Python\PyCharm 2019.1.3\bin;;C:\Program Files\Python37;;C:\Program Files\JetBrains\IntelliJ IDEA 2019.2.3\bin;
USERNAME=Administrator
OS=Windows_NT
PROCESSOR_IDENTIFIER=Intel64 Family 6 Model 78 Stepping 3, GenuineIntel



---------------  S Y S T E M  ---------------

OS: Windows 10.0 , 64 bit Build 16299 (10.0.16299.1146)

CPU:total 4 (2 cores per cpu, 2 threads per core) family 6 model 78 stepping 3, cmov, cx8, fxsr, mmx, sse, sse2, sse3, ssse3, sse4.1, sse4.2, popcnt, avx, avx2, aes, clmul, erms, 3dnowpref, lzcnt, ht, tsc, tscinvbit, bmi1, bmi2, adx

Memory: 4k page, physical 8223592k(764968k free), swap 23656916k(5128k free)

vm_info: Java HotSpot(TM) 64-Bit Server VM (25.40-b25) for windows-amd64 JRE (1.8.0_40-b25), built on Feb 10 2015 21:53:57 by "java_re" with MS VC++ 10.0 (VS2010)

time: Tue May 12 08:28:20 2020
elapsed time: 8 seconds (0d 0h 0m 8s)

