#
# There is insufficient memory for the Java Runtime Environment to continue.
# Native memory allocation (malloc) failed to allocate 327536 bytes for Chunk::new
# Possible reasons:
#   The system is out of physical RAM or swap space
#   In 32 bit mode, the process size limit was hit
# Possible solutions:
#   Reduce memory load on the system
#   Increase physical memory or swap space
#   Check if swap backing store is full
#   Use 64 bit Java on a 64 bit OS
#   Decrease Java heap size (-Xmx/-Xms)
#   Decrease number of Java threads
#   Decrease Java thread stack sizes (-Xss)
#   Set larger code cache with -XX:ReservedCodeCacheSize=
# This output file may be truncated or incomplete.
#
#  Out of Memory Error (allocation.cpp:390), pid=6436, tid=8524
#
# JRE version: Java(TM) SE Runtime Environment (8.0_40-b25) (build 1.8.0_40-b25)
# Java VM: Java HotSpot(TM) 64-Bit Server VM (25.40-b25 mixed mode windows-amd64 compressed oops)
# Failed to write core dump. Minidumps are not enabled by default on client versions of Windows
#

---------------  T H R E A D  ---------------

Current thread (0x0000000019de9800):  JavaThread "C2 CompilerThread0" daemon [_thread_in_native, id=8524, stack(0x000000001b800000,0x000000001b900000)]

Stack: [0x000000001b800000,0x000000001b900000]
Native frames: (J=compiled Java code, j=interpreted, Vv=VM code, C=native code)
V  [jvm.dll+0x32b47a]


Current CompileTask:
C2:   6684 1720       4       java.net.URLClassLoader$1::run (5 bytes)


---------------  P R O C E S S  ---------------

Java Threads: ( => current thread )
  0x000000001c105800 JavaThread "background-preinit" [_thread_in_native_trans, id=13356, stack(0x000000001d9d0000,0x000000001dad0000)]
  0x000000001b224800 JavaThread "Service Thread" daemon [_thread_blocked, id=19248, stack(0x000000001bb00000,0x000000001bc00000)]
  0x000000001b19e000 JavaThread "C1 CompilerThread2" daemon [_thread_blocked, id=19148, stack(0x000000001ba00000,0x000000001bb00000)]
  0x0000000019dec800 JavaThread "C2 CompilerThread1" daemon [_thread_in_native, id=18524, stack(0x000000001b900000,0x000000001ba00000)]
=>0x0000000019de9800 JavaThread "C2 CompilerThread0" daemon [_thread_in_native, id=8524, stack(0x000000001b800000,0x000000001b900000)]
  0x0000000019dd7800 JavaThread "Monitor Ctrl-Break" daemon [_thread_in_native, id=25892, stack(0x000000001b700000,0x000000001b800000)]
  0x0000000019dc1800 JavaThread "Attach Listener" daemon [_thread_blocked, id=24360, stack(0x000000001b600000,0x000000001b700000)]
  0x0000000019db6800 JavaThread "Signal Dispatcher" daemon [_thread_blocked, id=19952, stack(0x000000001b500000,0x000000001b600000)]
  0x0000000005178000 JavaThread "Finalizer" daemon [_thread_blocked, id=10716, stack(0x000000001b000000,0x000000001b100000)]
  0x0000000019d69000 JavaThread "Reference Handler" daemon [_thread_blocked, id=6688, stack(0x000000001af00000,0x000000001b000000)]
  0x0000000005089000 JavaThread "main" [_thread_in_vm, id=5060, stack(0x0000000004f10000,0x0000000005010000)]

Other Threads:
  0x0000000019d68000 VMThread [stack: 0x000000001ae00000,0x000000001af00000] [id=10816]
  0x000000001b227800 WatcherThread [stack: 0x000000001bc00000,0x000000001bd00000] [id=10440]

VM state:not at safepoint (normal execution)

VM Mutex/Monitor currently owned by a thread: None

Heap:
 PSYoungGen      total 60928K, used 12066K [0x00000000d6300000, 0x00000000daf80000, 0x0000000100000000)
  eden space 56832K, 14% used [0x00000000d6300000,0x00000000d6b3ec98,0x00000000d9a80000)
  from space 4096K, 88% used [0x00000000dab80000,0x00000000daf09d78,0x00000000daf80000)
  to   space 9216K, 0% used [0x00000000d9d80000,0x00000000d9d80000,0x00000000da680000)
 ParOldGen       total 53760K, used 7498K [0x0000000082800000, 0x0000000085c80000, 0x00000000d6300000)
  object space 53760K, 13% used [0x0000000082800000,0x0000000082f529e8,0x0000000085c80000)
 Metaspace       used 24220K, capacity 24990K, committed 25088K, reserved 1071104K
  class space    used 3132K, capacity 3317K, committed 3328K, reserved 1048576K

Card table byte_map: [0x00000000146c0000,0x0000000014ab0000] byte_map_base: 0x00000000142ac000

Marking Bits: (ParMarkBitMap*) 0x000000005e3e4040
 Begin Bits: [0x0000000015150000, 0x00000000170b0000)
 End Bits:   [0x00000000170b0000, 0x0000000019010000)

Polling page: 0x0000000002f50000

CodeCache: size=245760Kb used=6962Kb max_used=6962Kb free=238797Kb
 bounds [0x0000000005300000, 0x00000000059d0000, 0x0000000014300000]
 total_blobs=2315 nmethods=1938 adapters=289
 compilation: enabled

Compilation events (10 events):
Event: 6.670 Thread 0x000000001b19e000 nmethod 1947 0x00000000059c65d0 code [0x00000000059c6a40, 0x00000000059c9708]
Event: 6.670 Thread 0x000000001b19e000 1948       1       org.springframework.context.annotation.ConfigurationClass::getMetadata (5 bytes)
Event: 6.670 Thread 0x000000001b19e000 nmethod 1948 0x00000000059cb210 code [0x00000000059cb360, 0x00000000059cb470]
Event: 6.670 Thread 0x000000001b19e000 1950       3       java.util.AbstractCollection::addAll (42 bytes)
Event: 6.670 Thread 0x000000001b19e000 nmethod 1950 0x00000000059cb4d0 code [0x00000000059cb680, 0x00000000059cbbd8]
Event: 6.670 Thread 0x000000001b19e000 1951       3       java.lang.reflect.Method::hashCode (19 bytes)
Event: 6.670 Thread 0x000000001b19e000 nmethod 1951 0x00000000059cbd90 code [0x00000000059cbf20, 0x00000000059cc488]
Event: 6.670 Thread 0x000000001b19e000 1949       1       org.springframework.core.type.classreading.AnnotationMetadataReadingVisitor::getAnnotationTypes (5 bytes)
Event: 6.670 Thread 0x000000001b19e000 nmethod 1949 0x00000000059cc610 code [0x00000000059cc760, 0x00000000059cc870]
Event: 6.672 Thread 0x000000001b19e000 1952   !   3       org.springframework.core.annotation.AnnotatedElementUtils::searchWithGetSemantics (178 bytes)

GC Heap History (10 events):
Event: 5.321 GC heap before
{Heap before GC invocations=3 (full 0):
 PSYoungGen      total 37888K, used 37676K [0x00000000d6300000, 0x00000000d8d00000, 0x0000000100000000)
  eden space 32768K, 100% used [0x00000000d6300000,0x00000000d8300000,0x00000000d8300000)
  from space 5120K, 95% used [0x00000000d8800000,0x00000000d8ccb200,0x00000000d8d00000)
  to   space 5120K, 0% used [0x00000000d8300000,0x00000000d8300000,0x00000000d8800000)
 ParOldGen       total 86016K, used 24K [0x0000000082800000, 0x0000000087c00000, 0x00000000d6300000)
  object space 86016K, 0% used [0x0000000082800000,0x0000000082806000,0x0000000087c00000)
 Metaspace       used 15427K, capacity 15918K, committed 16256K, reserved 1062912K
  class space    used 1933K, capacity 2069K, committed 2176K, reserved 1048576K
Event: 5.330 GC heap after
Heap after GC invocations=3 (full 0):
 PSYoungGen      total 37888K, used 5117K [0x00000000d6300000, 0x00000000d8d00000, 0x0000000100000000)
  eden space 32768K, 0% used [0x00000000d6300000,0x00000000d6300000,0x00000000d8300000)
  from space 5120K, 99% used [0x00000000d8300000,0x00000000d87ff610,0x00000000d8800000)
  to   space 5120K, 0% used [0x00000000d8800000,0x00000000d8800000,0x00000000d8d00000)
 ParOldGen       total 86016K, used 981K [0x0000000082800000, 0x0000000087c00000, 0x00000000d6300000)
  object space 86016K, 1% used [0x0000000082800000,0x00000000828f57a0,0x0000000087c00000)
 Metaspace       used 15427K, capacity 15918K, committed 16256K, reserved 1062912K
  class space    used 1933K, capacity 2069K, committed 2176K, reserved 1048576K
}
Event: 5.662 GC heap before
{Heap before GC invocations=4 (full 0):
 PSYoungGen      total 37888K, used 37885K [0x00000000d6300000, 0x00000000d8d00000, 0x0000000100000000)
  eden space 32768K, 100% used [0x00000000d6300000,0x00000000d8300000,0x00000000d8300000)
  from space 5120K, 99% used [0x00000000d8300000,0x00000000d87ff610,0x00000000d8800000)
  to   space 5120K, 0% used [0x00000000d8800000,0x00000000d8800000,0x00000000d8d00000)
 ParOldGen       total 86016K, used 1055K [0x0000000082800000, 0x0000000087c00000, 0x00000000d6300000)
  object space 86016K, 1% used [0x0000000082800000,0x0000000082907f20,0x0000000087c00000)
 Metaspace       used 17938K, capacity 18440K, committed 18688K, reserved 1064960K
  class space    used 2348K, capacity 2484K, committed 2560K, reserved 1048576K
Event: 5.671 GC heap after
Heap after GC invocations=4 (full 0):
 PSYoungGen      total 37888K, used 5095K [0x00000000d6300000, 0x00000000d8d00000, 0x0000000100000000)
  eden space 32768K, 0% used [0x00000000d6300000,0x00000000d6300000,0x00000000d8300000)
  from space 5120K, 99% used [0x00000000d8800000,0x00000000d8cf9ec8,0x00000000d8d00000)
  to   space 5120K, 0% used [0x00000000d8300000,0x00000000d8300000,0x00000000d8800000)
 ParOldGen       total 86016K, used 3166K [0x0000000082800000, 0x0000000087c00000, 0x00000000d6300000)
  object space 86016K, 3% used [0x0000000082800000,0x0000000082b17bf0,0x0000000087c00000)
 Metaspace       used 17938K, capacity 18440K, committed 18688K, reserved 1064960K
  class space    used 2348K, capacity 2484K, committed 2560K, reserved 1048576K
}
Event: 6.015 GC heap before
{Heap before GC invocations=5 (full 0):
 PSYoungGen      total 37888K, used 28774K [0x00000000d6300000, 0x00000000d8d00000, 0x0000000100000000)
  eden space 32768K, 72% used [0x00000000d6300000,0x00000000d7a1fa90,0x00000000d8300000)
  from space 5120K, 99% used [0x00000000d8800000,0x00000000d8cf9ec8,0x00000000d8d00000)
  to   space 5120K, 0% used [0x00000000d8300000,0x00000000d8300000,0x00000000d8800000)
 ParOldGen       total 86016K, used 3166K [0x0000000082800000, 0x0000000087c00000, 0x00000000d6300000)
  object space 86016K, 3% used [0x0000000082800000,0x0000000082b17bf0,0x0000000087c00000)
 Metaspace       used 20657K, capacity 21172K, committed 21248K, reserved 1067008K
  class space    used 2655K, capacity 2796K, committed 2816K, reserved 1048576K
Event: 6.026 GC heap after
Heap after GC invocations=5 (full 0):
 PSYoungGen      total 37888K, used 5111K [0x00000000d6300000, 0x00000000db400000, 0x0000000100000000)
  eden space 32768K, 0% used [0x00000000d6300000,0x00000000d6300000,0x00000000d8300000)
  from space 5120K, 99% used [0x00000000d8300000,0x00000000d87fded8,0x00000000d8800000)
  to   space 8704K, 0% used [0x00000000dab80000,0x00000000dab80000,0x00000000db400000)
 ParOldGen       total 86016K, used 5593K [0x0000000082800000, 0x0000000087c00000, 0x00000000d6300000)
  object space 86016K, 6% used [0x0000000082800000,0x0000000082d766f8,0x0000000087c00000)
 Metaspace       used 20657K, capacity 21172K, committed 21248K, reserved 1067008K
  class space    used 2655K, capacity 2796K, committed 2816K, reserved 1048576K
}
Event: 6.026 GC heap before
{Heap before GC invocations=6 (full 1):
 PSYoungGen      total 37888K, used 5111K [0x00000000d6300000, 0x00000000db400000, 0x0000000100000000)
  eden space 32768K, 0% used [0x00000000d6300000,0x00000000d6300000,0x00000000d8300000)
  from space 5120K, 99% used [0x00000000d8300000,0x00000000d87fded8,0x00000000d8800000)
  to   space 8704K, 0% used [0x00000000dab80000,0x00000000dab80000,0x00000000db400000)
 ParOldGen       total 86016K, used 5593K [0x0000000082800000, 0x0000000087c00000, 0x00000000d6300000)
  object space 86016K, 6% used [0x0000000082800000,0x0000000082d766f8,0x0000000087c00000)
 Metaspace       used 20657K, capacity 21172K, committed 21248K, reserved 1067008K
  class space    used 2655K, capacity 2796K, committed 2816K, reserved 1048576K
Event: 6.064 GC heap after
Heap after GC invocations=6 (full 1):
 PSYoungGen      total 37888K, used 0K [0x00000000d6300000, 0x00000000db400000, 0x0000000100000000)
  eden space 32768K, 0% used [0x00000000d6300000,0x00000000d6300000,0x00000000d8300000)
  from space 5120K, 0% used [0x00000000d8300000,0x00000000d8300000,0x00000000d8800000)
  to   space 8704K, 0% used [0x00000000dab80000,0x00000000dab80000,0x00000000db400000)
 ParOldGen       total 53760K, used 7491K [0x0000000082800000, 0x0000000085c80000, 0x00000000d6300000)
  object space 53760K, 13% used [0x0000000082800000,0x0000000082f50ea0,0x0000000085c80000)
 Metaspace       used 20657K, capacity 21172K, committed 21248K, reserved 1067008K
  class space    used 2655K, capacity 2796K, committed 2816K, reserved 1048576K
}
Event: 6.431 GC heap before
{Heap before GC invocations=7 (full 1):
 PSYoungGen      total 37888K, used 32768K [0x00000000d6300000, 0x00000000db400000, 0x0000000100000000)
  eden space 32768K, 100% used [0x00000000d6300000,0x00000000d8300000,0x00000000d8300000)
  from space 5120K, 0% used [0x00000000d8300000,0x00000000d8300000,0x00000000d8800000)
  to   space 8704K, 0% used [0x00000000dab80000,0x00000000dab80000,0x00000000db400000)
 ParOldGen       total 53760K, used 7498K [0x0000000082800000, 0x0000000085c80000, 0x00000000d6300000)
  object space 53760K, 13% used [0x0000000082800000,0x0000000082f529e8,0x0000000085c80000)
 Metaspace       used 23785K, capacity 24536K, committed 24832K, reserved 1071104K
  class space    used 3091K, capacity 3268K, committed 3328K, reserved 1048576K
Event: 6.441 GC heap after
Heap after GC invocations=7 (full 1):
 PSYoungGen      total 60928K, used 3623K [0x00000000d6300000, 0x00000000daf80000, 0x0000000100000000)
  eden space 56832K, 0% used [0x00000000d6300000,0x00000000d6300000,0x00000000d9a80000)
  from space 4096K, 88% used [0x00000000dab80000,0x00000000daf09d78,0x00000000daf80000)
  to   space 9216K, 0% used [0x00000000d9d80000,0x00000000d9d80000,0x00000000da680000)
 ParOldGen       total 53760K, used 7498K [0x0000000082800000, 0x0000000085c80000, 0x00000000d6300000)
  object space 53760K, 13% used [0x0000000082800000,0x0000000082f529e8,0x0000000085c80000)
 Metaspace       used 23785K, capacity 24536K, committed 24832K, reserved 1071104K
  class space    used 3091K, capacity 3268K, committed 3328K, reserved 1048576K
}

Deoptimization events (10 events):
Event: 4.454 Thread 0x0000000005089000 Uncommon trap: reason=unstable_if action=reinterpret pc=0x0000000005602d14 method=java.lang.String.indexOf([CII[CIII)I @ 3
Event: 5.271 Thread 0x000000001c105800 Uncommon trap: reason=unstable_if action=reinterpret pc=0x0000000005778e38 method=java.util.concurrent.ConcurrentHashMap.addCount(JI)V @ 168
Event: 5.272 Thread 0x0000000005089000 Uncommon trap: reason=unstable_if action=reinterpret pc=0x0000000005778e38 method=java.util.concurrent.ConcurrentHashMap.addCount(JI)V @ 168
Event: 5.572 Thread 0x0000000005089000 Uncommon trap: reason=unstable_if action=reinterpret pc=0x000000000574ca60 method=java.net.URL.<init>(Ljava/net/URL;Ljava/lang/String;Ljava/net/URLStreamHandler;)V @ 347
Event: 5.624 Thread 0x000000001c105800 Uncommon trap: reason=bimorphic action=maybe_recompile pc=0x0000000005661750 method=java.util.HashMap.putVal(ILjava/lang/Object;Ljava/lang/Object;ZZ)Ljava/lang/Object; @ 203
Event: 5.630 Thread 0x000000001c105800 Uncommon trap: reason=bimorphic action=maybe_recompile pc=0x0000000005661750 method=java.util.HashMap.putVal(ILjava/lang/Object;Ljava/lang/Object;ZZ)Ljava/lang/Object; @ 203
Event: 5.632 Thread 0x000000001c105800 Uncommon trap: reason=bimorphic action=maybe_recompile pc=0x0000000005661750 method=java.util.HashMap.putVal(ILjava/lang/Object;Ljava/lang/Object;ZZ)Ljava/lang/Object; @ 203
Event: 5.724 Thread 0x0000000005089000 Uncommon trap: reason=null_assert action=make_not_entrant pc=0x0000000005625330 method=java.util.zip.ZipEntry.<init>(Ljava/util/zip/ZipEntry;)V @ 70
Event: 6.207 Thread 0x0000000005089000 Uncommon trap: reason=unstable_if action=reinterpret pc=0x00000000054d1fe8 method=java.lang.String.indexOf([CII[CIII)I @ 3
Event: 6.281 Thread 0x000000001c105800 Uncommon trap: reason=unstable_if action=reinterpret pc=0x0000000005803a24 method=jdk.internal.org.objectweb.asm.Type.getArgumentsAndReturnSizes(Ljava/lang/String;)I @ 47

Internal exceptions (10 events):
Event: 6.158 Thread 0x0000000005089000 Exception <a 'java/lang/ClassNotFoundException': org/springframework/core/PriorityOrderedCustomizer> (0x00000000d6e0a768) thrown at [D:\re\workspace\8-2-build-windows-amd64-cygwin\jdk8u40\2855\hotspot\src\share\vm\classfile\systemDictionary.cpp, line 210]
Event: 6.158 Thread 0x0000000005089000 Exception <a 'java/lang/ClassNotFoundException': org/springframework/core/OrderedCustomizer> (0x00000000d6e25290) thrown at [D:\re\workspace\8-2-build-windows-amd64-cygwin\jdk8u40\2855\hotspot\src\share\vm\classfile\systemDictionary.cpp, line 210]
Event: 6.159 Thread 0x0000000005089000 Exception <a 'java/lang/ClassNotFoundException': org/springframework/context/ResourceLoaderAwareCustomizer> (0x00000000d6e470e8) thrown at [D:\re\workspace\8-2-build-windows-amd64-cygwin\jdk8u40\2855\hotspot\src\share\vm\classfile\systemDictionary.cpp, linAÜ)8£@
Event: 6.159 Thread 0x0000000005089000 Exception <a 'java/lang/ClassNotFoundException': org/springframework/beans/factory/AwareCustomizer> (0x00000000d6e66320) thrown at [D:\re\workspace\8-2-build-windows-amd64-cygwin\jdk8u40\2855\hotspot\src\share\vm\classfile\systemDictionary.cpp, line 210]
Event: 6.160 Thread 0x0000000005089000 Exception <a 'java/lang/ClassNotFoundException': org/springframework/beans/factory/BeanClassLoaderAwareCustomizer> (0x00000000d6e8a948) thrown at [D:\re\workspace\8-2-build-windows-amd64-cygwin\jdk8u40\2855\hotspot\src\share\vm\classfile\systemDictionary.c	˜uU>§@
Event: 6.160 Thread 0x0000000005089000 Exception <a 'java/lang/ClassNotFoundException': org/springframework/beans/factory/AwareCustomizer> (0x00000000d6ea9b70) thrown at [D:\re\workspace\8-2-build-windows-amd64-cygwin\jdk8u40\2855\hotspot\src\share\vm\classfile\systemDictionary.cpp, line 210]
Event: 6.161 Thread 0x0000000005089000 Exception <a 'java/lang/ClassNotFoundException': org/springframework/context/EnvironmentAwareCustomizer> (0x00000000d6f1d020) thrown at [D:\re\workspace\8-2-build-windows-amd64-cygwin\jdk8u40\2855\hotspot\src\share\vm\classfile\systemDictionary.cpp, line 2Gì[Ú •@
Event: 6.162 Thread 0x0000000005089000 Exception <a 'java/lang/ClassNotFoundException': org/springframework/beans/factory/AwareCustomizer> (0x00000000d6f3c128) thrown at [D:\re\workspace\8-2-build-windows-amd64-cygwin\jdk8u40\2855\hotspot\src\share\vm\classfile\systemDictionary.cpp, line 210]
Event: 6.213 Thread 0x0000000005089000 Exception <a 'java/lang/NoSuchMethodError': java.lang.Object.lambda$comparing$77a9974f$1(Ljava/util/function/Function;Ljava/lang/Object;Ljava/lang/Object;)I> (0x00000000d75a86d8) thrown at [D:\re\workspace\8-2-build-windows-amd64-cygwin\jdk8u40\2855\hotspo
Event: 6.285 Thread 0x000000001c105800 Exception <a 'java/lang/IncompatibleClassChangeError': Found class java.lang.Object, but interface was expected> (0x00000000d79b8c80) thrown at [D:\re\workspace\8-2-build-windows-amd64-cygwin\jdk8u40\2855\hotspot\src\share\vm\interpreter\linkResolver.cpp, =°µ/ñ°@

Events (10 events):
Event: 6.522 loading class org/apache/tomcat/util/buf/StringUtils
Event: 6.522 loading class org/apache/tomcat/util/buf/StringUtils done
Event: 6.529 loading class javax/annotation/Nonnull
Event: 6.529 loading class javax/annotation/Nonnull done
Event: 6.578 loading class java/util/function/UnaryOperator
Event: 6.578 loading class java/util/function/UnaryOperator done
Event: 6.670 loading class org/springframework/context/annotation/ParserStrategyUtils
Event: 6.670 loading class org/springframework/context/annotation/ParserStrategyUtils done
Event: 6.671 loading class org/springframework/boot/autoconfigure/AutoConfigurationImportSelector$AutoConfigurationEntry
Event: 6.671 loading class org/springframework/boot/autoconfigure/AutoConfigurationImportSelector$AutoConfigurationEntry done


Dynamic libraries:
0x00007ff7ec5e0000 - 0x00007ff7ec617000 	C:\Program Files\Java\jdk1.8.0_40\bin\java.exe
0x00007ffdf1b20000 - 0x00007ffdf1d00000 	C:\WINDOWS\SYSTEM32\ntdll.dll
0x00007ffdf0ea0000 - 0x00007ffdf0f4e000 	C:\WINDOWS\System32\KERNEL32.DLL
0x00007ffdeeab0000 - 0x00007ffdeed16000 	C:\WINDOWS\System32\KERNELBASE.dll
0x00007ffdf1950000 - 0x00007ffdf19f1000 	C:\WINDOWS\System32\ADVAPI32.dll
0x00007ffdf0780000 - 0x00007ffdf081d000 	C:\WINDOWS\System32\msvcrt.dll
0x00007ffdf1610000 - 0x00007ffdf166b000 	C:\WINDOWS\System32\sechost.dll
0x00007ffdeeff0000 - 0x00007ffdef10f000 	C:\WINDOWS\System32\RPCRT4.dll
0x00007ffdf1690000 - 0x00007ffdf181f000 	C:\WINDOWS\System32\USER32.dll
0x00007ffdeed20000 - 0x00007ffdeed40000 	C:\WINDOWS\System32\win32u.dll
0x00007ffdef260000 - 0x00007ffdef288000 	C:\WINDOWS\System32\GDI32.dll
0x00007ffdedf20000 - 0x00007ffdee0b3000 	C:\WINDOWS\System32\gdi32full.dll
0x00007ffdee110000 - 0x00007ffdee1ab000 	C:\WINDOWS\System32\msvcp_win.dll
0x00007ffdee260000 - 0x00007ffdee354000 	C:\WINDOWS\System32\ucrtbase.dll
0x00007ffde4b10000 - 0x00007ffde4d79000 	C:\WINDOWS\WinSxS\amd64_microsoft.windows.common-controls_6595b64144ccf1df_6.0.16299.1685_none_0f90a16e5a65585b\COMCTL32.dll
0x00007ffdf0b20000 - 0x00007ffdf0e26000 	C:\WINDOWS\System32\combase.dll
0x00007ffdeeda0000 - 0x00007ffdeee18000 	C:\WINDOWS\System32\bcryptPrimitives.dll
0x00007ffdf1a60000 - 0x00007ffdf1a8d000 	C:\WINDOWS\System32\IMM32.DLL
0x000000005e5d0000 - 0x000000005e6a2000 	C:\Program Files\Java\jdk1.8.0_40\jre\bin\msvcr100.dll
0x000000005dbe0000 - 0x000000005e463000 	C:\Program Files\Java\jdk1.8.0_40\jre\bin\server\jvm.dll
0x00007ffdf1670000 - 0x00007ffdf1678000 	C:\WINDOWS\System32\PSAPI.DLL
0x00007ffde2a10000 - 0x00007ffde2a19000 	C:\WINDOWS\SYSTEM32\WSOCK32.dll
0x00007ffdf0e30000 - 0x00007ffdf0e9c000 	C:\WINDOWS\System32\WS2_32.dll
0x00007ffde63f0000 - 0x00007ffde6413000 	C:\WINDOWS\SYSTEM32\WINMM.dll
0x00007ffde8090000 - 0x00007ffde809a000 	C:\WINDOWS\SYSTEM32\VERSION.dll
0x00007ffde63c0000 - 0x00007ffde63ea000 	C:\WINDOWS\SYSTEM32\winmmbase.dll
0x00007ffdee0c0000 - 0x00007ffdee10a000 	C:\WINDOWS\System32\cfgmgr32.dll
0x000000005e5c0000 - 0x000000005e5cf000 	C:\Program Files\Java\jdk1.8.0_40\jre\bin\verify.dll
0x000000005e590000 - 0x000000005e5b9000 	C:\Program Files\Java\jdk1.8.0_40\jre\bin\java.dll
0x000000005dbb0000 - 0x000000005dbd3000 	C:\Program Files\Java\jdk1.8.0_40\jre\bin\instrument.dll
0x000000005e570000 - 0x000000005e586000 	C:\Program Files\Java\jdk1.8.0_40\jre\bin\zip.dll
0x00007ffdef290000 - 0x00007ffdf06cd000 	C:\WINDOWS\System32\SHELL32.dll
0x00007ffdf06d0000 - 0x00007ffdf0776000 	C:\WINDOWS\System32\shcore.dll
0x00007ffdee360000 - 0x00007ffdeeaaa000 	C:\WINDOWS\System32\windows.storage.dll
0x00007ffdf1a90000 - 0x00007ffdf1ae1000 	C:\WINDOWS\System32\shlwapi.dll
0x00007ffdede90000 - 0x00007ffdedea1000 	C:\WINDOWS\System32\kernel.appcore.dll
0x00007ffdedeb0000 - 0x00007ffdedefc000 	C:\WINDOWS\System32\powrprof.dll
0x00007ffdede70000 - 0x00007ffdede8b000 	C:\WINDOWS\System32\profapi.dll
0x00007ffdd3590000 - 0x00007ffdd35aa000 	C:\Program Files\JetBrains\IntelliJ IDEA 2019.2.3\bin\breakgen64.dll
0x000000005e550000 - 0x000000005e56a000 	C:\Program Files\Java\jdk1.8.0_40\jre\bin\net.dll
0x00007ffded6d0000 - 0x00007ffded736000 	C:\WINDOWS\system32\mswsock.dll
0x000000005e520000 - 0x000000005e52d000 	C:\Program Files\Java\jdk1.8.0_40\jre\bin\management.dll
0x00007ffdda6a0000 - 0x00007ffdda6cf000 	C:\Program Files (x86)\Sangfor\SSL\ClientComponent\SangforNspX64.dll
0x00007ffdef110000 - 0x00007ffdef259000 	C:\WINDOWS\System32\ole32.dll
0x00007ffdf08a0000 - 0x00007ffdf0964000 	C:\WINDOWS\System32\OLEAUT32.dll
0x00007ffdda680000 - 0x00007ffdda696000 	C:\WINDOWS\system32\napinsp.dll
0x00007ffdda660000 - 0x00007ffdda67a000 	C:\WINDOWS\system32\pnrpnsp.dll
0x00007ffdea040000 - 0x00007ffdea058000 	C:\WINDOWS\system32\NLAapi.dll
0x00007ffded460000 - 0x00007ffded517000 	C:\WINDOWS\SYSTEM32\DNSAPI.dll
0x00007ffdf1680000 - 0x00007ffdf1688000 	C:\WINDOWS\System32\NSI.dll
0x00007ffded420000 - 0x00007ffded459000 	C:\WINDOWS\SYSTEM32\IPHLPAPI.DLL
0x00007ffddbb10000 - 0x00007ffddbb1e000 	C:\WINDOWS\System32\winrnr.dll
0x00007ffde82d0000 - 0x00007ffde82e5000 	C:\WINDOWS\System32\wshbth.dll
0x00007ffde2fe0000 - 0x00007ffde315b000 	C:\Program Files (x86)\Sangfor\SSL\ClientComponent\SangforTcpX64.dll
0x00007ffdeed40000 - 0x00007ffdeed99000 	C:\WINDOWS\System32\WINTRUST.dll
0x00007ffdedf00000 - 0x00007ffdedf12000 	C:\WINDOWS\System32\MSASN1.dll
0x00007ffdeee20000 - 0x00007ffdeefee000 	C:\WINDOWS\System32\CRYPT32.dll
0x00007ffde4610000 - 0x00007ffde461a000 	C:\Windows\System32\rasadhlp.dll
0x00007ffde59c0000 - 0x00007ffde5a30000 	C:\WINDOWS\System32\fwpuclnt.dll
0x00007ffded9a0000 - 0x00007ffded9c5000 	C:\WINDOWS\SYSTEM32\bcrypt.dll
0x000000005e530000 - 0x000000005e541000 	C:\Program Files\Java\jdk1.8.0_40\jre\bin\nio.dll

VM Arguments:
jvm_args: -ea -Didea.test.cyclic.buffer.size=1048576 -javaagent:C:\Program Files\JetBrains\IntelliJ IDEA 2019.2.3\lib\idea_rt.jar=53570:C:\Program Files\JetBrains\IntelliJ IDEA 2019.2.3\bin -Dfile.encoding=UTF-8 
java_command: com.intellij.rt.junit.JUnitStarter -ideVersion5 -junit4 com.nowcoder.community.KafkaTest,testKafka
java_class_path (initial): C:\Program Files\JetBrains\IntelliJ IDEA 2019.2.3\lib\idea_rt.jar;C:\Program Files\JetBrains\IntelliJ IDEA 2019.2.3\plugins\junit\lib\junit5-rt.jar;C:\Program Files\JetBrains\IntelliJ IDEA 2019.2.3\plugins\junit\lib\junit-rt.jar;C:\Program Files\Java\jdk1.8.0_40\jre\lib\charsets.jar;C:\Program Files\Java\jdk1.8.0_40\jre\lib\deploy.jar;C:\Program Files\Java\jdk1.8.0_40\jre\lib\ext\access-bridge-64.jar;C:\Program Files\Java\jdk1.8.0_40\jre\lib\ext\cldrdata.jar;C:\Program Files\Java\jdk1.8.0_40\jre\lib\ext\dnsns.jar;C:\Program Files\Java\jdk1.8.0_40\jre\lib\ext\jaccess.jar;C:\Program Files\Java\jdk1.8.0_40\jre\lib\ext\jfxrt.jar;C:\Program Files\Java\jdk1.8.0_40\jre\lib\ext\localedata.jar;C:\Program Files\Java\jdk1.8.0_40\jre\lib\ext\nashorn.jar;C:\Program Files\Java\jdk1.8.0_40\jre\lib\ext\sunec.jar;C:\Program Files\Java\jdk1.8.0_40\jre\lib\ext\sunjce_provider.jar;C:\Program Files\Java\jdk1.8.0_40\jre\lib\ext\sunmscapi.jar;C:\Program Files\Java\jdk1.8.0_40\jre\lib\ext\sunpkcs11.jar;C:\Program Files\Java\jdk1.8.0_40\jre\lib\ext\zipfs.jar;C:\Program Files\Java\jdk1.8.0_40\jre\lib\javaws.jar;C:\Program Files\Java\jdk1.8.0_40\jre\lib\jce.jar;C:\Program Files\Java\jdk1.8.0_40\jre\lib\jfr.jar;C:\Program Files\Java\jdk1.8.0_40\jre\lib\jfxswt.jar;C:\Program Files\Java\jdk1.8.0_40\jre\lib\jsse.jar;C:\Program Files\Java\jdk1.8.0_40\jre\lib\management-agent.jar;C:\Program Files\Java\jdk1.8.0_40\jre\lib\plugin.jar;C:\Program Files\Java\jdk1.8.0_40\jre\lib\resources.jar;C:\Program Files\Java\jdk1.8.0_40\jre\lib\rt.jar;F:\MyProject\community\target\test-classes;F:\MyProject\community\target\classes;C:\Users\Administrator\.m2\repository\org\springframework\boot\spring-boot-starter-aop\2.1.13.RELEASE\spring-boot-starter-aop-2.1.13.RELEASE.jar;C:\Users\Administrator\.m2\repository\org\springframework\boot\spring-boot-starter\2.1.13.RELEASE\spring-boot-starter-2.1.13.RELEASE.jar;C:\Users\Administrator\.m2\repository\org\springframework\boot\spring-boot-start
Launcher Type: SUN_STANDARD

Environment Variables:
JAVA_HOME=C:\Program Files\Java\jdk1.8.0_40
CLASSPATH=.;C:\Program Files\Java\jdk1.8.0_40\lib\dt.jar;C:\Program Files\Java\jdk1.8.0_40\lib\tools.jar; 
PATH=C:\Program Files\Python37\Scripts\;C:\Program Files\Python37\;C:\ProgramData\Oracle\Java\javapath;C:;C:\Program Files\MySQL\MySQL Server 5.7\bin;C:\Program Files\Java\jdk1.8.0_40\bin;C:\Program Files\Java\jdk1.8.0_40\jre\bin;\Windows\system32;C:\Windows;C:\Windows\System32\Wbem;C:\Windows\System32\WindowsPowerShell\v1.0\;C:\Program Files (x86)\NVIDIA Corporation\PhysX\Common;C:\WINDOWS\system32;C:\WINDOWS;C:\WINDOWS\System32\Wbem;C:\WINDOWS\System32\WindowsPowerShell\v1.0\;C:\Program Files\MySQL\MySQL Server 5.7\bin;F:\apache-maven-3.3.9\bin\;F:\apache-tomcat-7.0.93\bin;C:\Program Files\Python37;E:\Git\cmd;E:\Redis;C:\Users\Administrator\AppData\Local\Programs\Python\Python38-32\Scripts\;C:\Users\Administrator\AppData\Local\Programs\Python\Python38-32\;C:\Users\Administrator\AppData\Local\Microsoft\WindowsApps;C:\Program Files\MySQL\MySQL Server 5.7\bin;F:\apache-tomcat-7.0.93\bin;C:\ProgramData\Administrator\GitHubDesktop\bin;C:\Users\Administrator\AppData\Local\GitHubDesktop\bin;E:\Python\PyCharm 2019.1.3\bin;;C:\Program Files\Python37;;C:\Program Files\JetBrains\IntelliJ IDEA 2019.2.3\bin;
USERNAME=Administrator
OS=Windows_NT
PROCESSOR_IDENTIFIER=Intel64 Family 6 Model 78 Stepping 3, GenuineIntel



---------------  S Y S T E M  ---------------

OS: Windows 10.0 , 64 bit Build 16299 (10.0.16299.1146)

CPU:total 4 (2 cores per cpu, 2 threads per core) family 6 model 78 stepping 3, cmov, cx8, fxsr, mmx, sse, sse2, sse3, ssse3, sse4.1, sse4.2, popcnt, avx, avx2, aes, clmul, erms, 3dnowpref, lzcnt, ht, tsc, tscinvbit, bmi1, bmi2, adx

Memory: 4k page, physical 8223592k(1125248k free), swap 23656916k(5148k free)

vm_info: Java HotSpot(TM) 64-Bit Server VM (25.40-b25) for windows-amd64 JRE (1.8.0_40-b25), built on Feb 10 2015 21:53:57 by "java_re" with MS VC++ 10.0 (VS2010)

time: Tue May 12 08:56:30 2020
elapsed time: 6 seconds (0d 0h 0m 6s)

