#
# A fatal error has been detected by the Java Runtime Environment:
#
#  EXCEPTION_ACCESS_VIOLATION (0xc0000005) at pc=0x0000000000000000, pid=24400, tid=12188
#
# JRE version:  (11.0.6+8) (build )
# Java VM: OpenJDK 64-Bit Server VM (11.0.6+8-b765.25, mixed mode, tiered, compressed oops, g1 gc, windows-amd64)
# Problematic frame:
# C  0x0000000000000000
#
# No core dump will be written. Minidumps are not enabled by default on client versions of Windows
#
# If you would like to submit a bug report, please visit:
#   http://bugreport.java.com/bugreport/crash.jsp
# The crash happened outside the Java Virtual Machine in native code.
# See problematic frame for where to report the bug.
#

---------------  S U M M A R Y ------------

Command Line: org.jetbrains.git4idea.http.GitAskPassApp Password for 'https://github.com': 

Host: Intel(R) Core(TM) i5-6200U CPU @ 2.30GHz, 4 cores, 7G,  Windows 10 , 64 bit Build 16299 (10.0.16299.1146)
Time: Wed Jun  3 12:25:39 2020 ?D1¨²¡À¨º¡Á?¨º¡À?? elapsed time: 0 seconds (0d 0h 0m 0s)

---------------  T H R E A D  ---------------

Current thread (0x000001cbef31e800):  JavaThread "main" [_thread_in_native, id=12188, stack(0x0000003ca0100000,0x0000003ca0200000)]

Stack: [0x0000003ca0100000,0x0000003ca0200000],  sp=0x0000003ca01fe748,  free space=1017k
Native frames: (J=compiled Java code, j=interpreted, Vv=VM code, C=native code)

Java frames: (J=compiled Java code, j=interpreted, Vv=VM code)
j  java.lang.System.initProperties(Ljava/util/Properties;)Ljava/util/Properties;+0 java.base
j  java.lang.System.initPhase1()V+15 java.base
v  ~StubRoutines::call_stub

siginfo: EXCEPTION_ACCESS_VIOLATION (0xc0000005), data execution prevention violation at address 0x0000000000000000


Register to memory mapping:

RIP=0x0 is NULL
RAX=0x0 is NULL
RBX=0x0 is NULL
RCX=0x0 is NULL
RDX=0x0000000000004028 is an unknown value
RSP=0x0000003ca01fe748 is pointing into the stack for thread: 0x000001cbef31e800
RBP=0x0000003ca01feac0 is pointing into the stack for thread: 0x000001cbef31e800
RSI=0x0000000000000001 is an unknown value
RDI=0x000001cbfc32bf01 points into unknown readable memory: 00 47 00 69 00 74 00
R8 =0x0 is NULL
R9 =0x0 is NULL
R10=0x000001cbef1d6af8 points into unknown readable memory: 00 00 00 00 00 00 00 00
R11=0x0000000000000015 is an unknown value
R12=0x0000000000000001 is an unknown value
R13=0x0000000000003fab is an unknown value
R14=0x000000000000000a is an unknown value
R15=0x000000000000071c is an unknown value


Registers:
RAX=0x0000000000000000, RBX=0x0000000000000000, RCX=0x0000000000000000, RDX=0x0000000000004028
RSP=0x0000003ca01fe748, RBP=0x0000003ca01feac0, RSI=0x0000000000000001, RDI=0x000001cbfc32bf01
R8 =0x0000000000000000, R9 =0x0000000000000000, R10=0x000001cbef1d6af8, R11=0x0000000000000015
R12=0x0000000000000001, R13=0x0000000000003fab, R14=0x000000000000000a, R15=0x000000000000071c
RIP=0x0000000000000000, EFLAGS=0x0000000000010206

Top of Stack: (sp=0x0000003ca01fe748)
0x0000003ca01fe748:   00007ffc182fce6f 0000000000000000
0x0000003ca01fe758:   0000000000004028 0000000000000000
0x0000003ca01fe768:   0000000000000000 0000003ca01fe790
0x0000003ca01fe778:   0000009bffffe739 0000000080004005
0x0000003ca01fe788:   0000003ca01fe8b0 0000000300000000
0x0000003ca01fe798:   00007ffc21070000 000001cbfc32bf90
0x0000003ca01fe7a8:   0000000000360000 0000000000000000
0x0000003ca01fe7b8:   000000000000002a 00007ffc21877f78
0x0000003ca01fe7c8:   000001cbef1d6b64 000000000000009d
0x0000003ca01fe7d8:   0000000000000000 000001cbef1a0f00
0x0000003ca01fe7e8:   0000000000000000 000001cbef1a0000
0x0000003ca01fe7f8:   000001cbfc31ba60 0000000000000000
0x0000003ca01fe808:   0000000000000000 0000000000000000
0x0000003ca01fe818:   0000000000000000 0000000000000000
0x0000003ca01fe828:   000001cbef1a0cc0 0000000000000008
0x0000003ca01fe838:   0000000000000030 0000000000000000 

Instructions: (pc=0x0000000000000000)
0xffffffffffffff00:   


Stack slot to memory mapping:
stack at sp + 0 slots: 0x00007ffc182fce6f java.dll
stack at sp + 1 slots: 0x0 is NULL
stack at sp + 2 slots: 0x0000000000004028 is an unknown value
stack at sp + 3 slots: 0x0 is NULL
stack at sp + 4 slots: 0x0 is NULL
stack at sp + 5 slots: 0x0000003ca01fe790 is pointing into the stack for thread: 0x000001cbef31e800
stack at sp + 6 slots: 0x0000009bffffe739 is an unknown value
stack at sp + 7 slots: 0x0000000080004005 is an unknown value


---------------  P R O C E S S  ---------------

Threads class SMR info:
_java_thread_list=0x000001cbfc31c450, length=3, elements={
0x000001cbef31e800, 0x000001cbfc2f8000, 0x000001cbfc31e000
}

Java Threads: ( => current thread )
=>0x000001cbef31e800 JavaThread "main" [_thread_in_native, id=12188, stack(0x0000003ca0100000,0x0000003ca0200000)]
  0x000001cbfc2f8000 JavaThread "Reference Handler" daemon [_thread_blocked, id=19988, stack(0x0000003ca0800000,0x0000003ca0900000)]
  0x000001cbfc31e000 JavaThread "Finalizer" daemon [_thread_blocked, id=6188, stack(0x0000003ca0900000,0x0000003ca0a00000)]

Other Threads:
  0x000001cbfc2f5800 VMThread "VM Thread" [stack: 0x0000003ca0700000,0x0000003ca0800000] [id=23168]
  0x000001cbef338000 GCTaskThread "GC Thread#0" [stack: 0x0000003ca0200000,0x0000003ca0300000] [id=17100]
  0x000001cbef367800 ConcurrentGCThread "G1 Main Marker" [stack: 0x0000003ca0300000,0x0000003ca0400000] [id=26348]
  0x000001cbef368800 ConcurrentGCThread "G1 Conc#0" [stack: 0x0000003ca0400000,0x0000003ca0500000] [id=2228]
  0x000001cbfc160800 ConcurrentGCThread "G1 Refine#0" [stack: 0x0000003ca0500000,0x0000003ca0600000] [id=20216]
  0x000001cbef3ed000 ConcurrentGCThread "G1 Young RemSet Sampling" [stack: 0x0000003ca0600000,0x0000003ca0700000] [id=23728]

Threads with active compile tasks:

VM state:not at safepoint (normal execution)

VM Mutex/Monitor currently owned by a thread: None

Heap address: 0x0000000082800000, size: 2008 MB, Compressed Oops mode: 32-bit
Narrow klass base: 0x0000000000000000, Narrow klass shift: 3
Compressed class space size: 1073741824 Address: 0x0000000100000000

Heap:
 garbage-first heap   total 129024K, used 0K [0x0000000082800000, 0x0000000100000000)
  region size 1024K, 1 young (1024K), 0 survivors (0K)
 Metaspace       used 1491K, capacity 4480K, committed 4480K, reserved 1056768K
  class space    used 119K, capacity 384K, committed 384K, reserved 1048576K
Heap Regions: E=young(eden), S=young(survivor), O=old, HS=humongous(starts), HC=humongous(continues), CS=collection set, F=free, A=archive, TAMS=top-at-mark-start (previous, next)
|   0|0x0000000082800000, 0x0000000082800000, 0x0000000082900000|  0%| F|  |TAMS 0x0000000082800000, 0x0000000082800000| Untracked 
|   1|0x0000000082900000, 0x0000000082900000, 0x0000000082a00000|  0%| F|  |TAMS 0x0000000082900000, 0x0000000082900000| Untracked 
|   2|0x0000000082a00000, 0x0000000082a00000, 0x0000000082b00000|  0%| F|  |TAMS 0x0000000082a00000, 0x0000000082a00000| Untracked 
|   3|0x0000000082b00000, 0x0000000082b00000, 0x0000000082c00000|  0%| F|  |TAMS 0x0000000082b00000, 0x0000000082b00000| Untracked 
|   4|0x0000000082c00000, 0x0000000082c00000, 0x0000000082d00000|  0%| F|  |TAMS 0x0000000082c00000, 0x0000000082c00000| Untracked 
|   5|0x0000000082d00000, 0x0000000082d00000, 0x0000000082e00000|  0%| F|  |TAMS 0x0000000082d00000, 0x0000000082d00000| Untracked 
|   6|0x0000000082e00000, 0x0000000082e00000, 0x0000000082f00000|  0%| F|  |TAMS 0x0000000082e00000, 0x0000000082e00000| Untracked 
|   7|0x0000000082f00000, 0x0000000082f00000, 0x0000000083000000|  0%| F|  |TAMS 0x0000000082f00000, 0x0000000082f00000| Untracked 
|   8|0x0000000083000000, 0x0000000083000000, 0x0000000083100000|  0%| F|  |TAMS 0x0000000083000000, 0x0000000083000000| Untracked 
|   9|0x0000000083100000, 0x0000000083100000, 0x0000000083200000|  0%| F|  |TAMS 0x0000000083100000, 0x0000000083100000| Untracked 
|  10|0x0000000083200000, 0x0000000083200000, 0x0000000083300000|  0%| F|  |TAMS 0x0000000083200000, 0x0000000083200000| Untracked 
|  11|0x0000000083300000, 0x0000000083300000, 0x0000000083400000|  0%| F|  |TAMS 0x0000000083300000, 0x0000000083300000| Untracked 
|  12|0x0000000083400000, 0x0000000083400000, 0x0000000083500000|  0%| F|  |TAMS 0x0000000083400000, 0x0000000083400000| Untracked 
|  13|0x0000000083500000, 0x0000000083500000, 0x0000000083600000|  0%| F|  |TAMS 0x0000000083500000, 0x0000000083500000| Untracked 
|  14|0x0000000083600000, 0x0000000083600000, 0x0000000083700000|  0%| F|  |TAMS 0x0000000083600000, 0x0000000083600000| Untracked 
|  15|0x0000000083700000, 0x0000000083700000, 0x0000000083800000|  0%| F|  |TAMS 0x0000000083700000, 0x0000000083700000| Untracked 
|  16|0x0000000083800000, 0x0000000083800000, 0x0000000083900000|  0%| F|  |TAMS 0x0000000083800000, 0x0000000083800000| Untracked 
|  17|0x0000000083900000, 0x0000000083900000, 0x0000000083a00000|  0%| F|  |TAMS 0x0000000083900000, 0x0000000083900000| Untracked 
|  18|0x0000000083a00000, 0x0000000083a00000, 0x0000000083b00000|  0%| F|  |TAMS 0x0000000083a00000, 0x0000000083a00000| Untracked 
|  19|0x0000000083b00000, 0x0000000083b00000, 0x0000000083c00000|  0%| F|  |TAMS 0x0000000083b00000, 0x0000000083b00000| Untracked 
|  20|0x0000000083c00000, 0x0000000083c00000, 0x0000000083d00000|  0%| F|  |TAMS 0x0000000083c00000, 0x0000000083c00000| Untracked 
|  21|0x0000000083d00000, 0x0000000083d00000, 0x0000000083e00000|  0%| F|  |TAMS 0x0000000083d00000, 0x0000000083d00000| Untracked 
|  22|0x0000000083e00000, 0x0000000083e00000, 0x0000000083f00000|  0%| F|  |TAMS 0x0000000083e00000, 0x0000000083e00000| Untracked 
|  23|0x0000000083f00000, 0x0000000083f00000, 0x0000000084000000|  0%| F|  |TAMS 0x0000000083f00000, 0x0000000083f00000| Untracked 
|  24|0x0000000084000000, 0x0000000084000000, 0x0000000084100000|  0%| F|  |TAMS 0x0000000084000000, 0x0000000084000000| Untracked 
|  25|0x0000000084100000, 0x0000000084100000, 0x0000000084200000|  0%| F|  |TAMS 0x0000000084100000, 0x0000000084100000| Untracked 
|  26|0x0000000084200000, 0x0000000084200000, 0x0000000084300000|  0%| F|  |TAMS 0x0000000084200000, 0x0000000084200000| Untracked 
|  27|0x0000000084300000, 0x0000000084300000, 0x0000000084400000|  0%| F|  |TAMS 0x0000000084300000, 0x0000000084300000| Untracked 
|  28|0x0000000084400000, 0x0000000084400000, 0x0000000084500000|  0%| F|  |TAMS 0x0000000084400000, 0x0000000084400000| Untracked 
|  29|0x0000000084500000, 0x0000000084500000, 0x0000000084600000|  0%| F|  |TAMS 0x0000000084500000, 0x0000000084500000| Untracked 
|  30|0x0000000084600000, 0x0000000084600000, 0x0000000084700000|  0%| F|  |TAMS 0x0000000084600000, 0x0000000084600000| Untracked 
|  31|0x0000000084700000, 0x0000000084700000, 0x0000000084800000|  0%| F|  |TAMS 0x0000000084700000, 0x0000000084700000| Untracked 
|  32|0x0000000084800000, 0x0000000084800000, 0x0000000084900000|  0%| F|  |TAMS 0x0000000084800000, 0x0000000084800000| Untracked 
|  33|0x0000000084900000, 0x0000000084900000, 0x0000000084a00000|  0%| F|  |TAMS 0x0000000084900000, 0x0000000084900000| Untracked 
|  34|0x0000000084a00000, 0x0000000084a00000, 0x0000000084b00000|  0%| F|  |TAMS 0x0000000084a00000, 0x0000000084a00000| Untracked 
|  35|0x0000000084b00000, 0x0000000084b00000, 0x0000000084c00000|  0%| F|  |TAMS 0x0000000084b00000, 0x0000000084b00000| Untracked 
|  36|0x0000000084c00000, 0x0000000084c00000, 0x0000000084d00000|  0%| F|  |TAMS 0x0000000084c00000, 0x0000000084c00000| Untracked 
|  37|0x0000000084d00000, 0x0000000084d00000, 0x0000000084e00000|  0%| F|  |TAMS 0x0000000084d00000, 0x0000000084d00000| Untracked 
|  38|0x0000000084e00000, 0x0000000084e00000, 0x0000000084f00000|  0%| F|  |TAMS 0x0000000084e00000, 0x0000000084e00000| Untracked 
|  39|0x0000000084f00000, 0x0000000084f00000, 0x0000000085000000|  0%| F|  |TAMS 0x0000000084f00000, 0x0000000084f00000| Untracked 
|  40|0x0000000085000000, 0x0000000085000000, 0x0000000085100000|  0%| F|  |TAMS 0x0000000085000000, 0x0000000085000000| Untracked 
|  41|0x0000000085100000, 0x0000000085100000, 0x0000000085200000|  0%| F|  |TAMS 0x0000000085100000, 0x0000000085100000| Untracked 
|  42|0x0000000085200000, 0x0000000085200000, 0x0000000085300000|  0%| F|  |TAMS 0x0000000085200000, 0x0000000085200000| Untracked 
|  43|0x0000000085300000, 0x0000000085300000, 0x0000000085400000|  0%| F|  |TAMS 0x0000000085300000, 0x0000000085300000| Untracked 
|  44|0x0000000085400000, 0x0000000085400000, 0x0000000085500000|  0%| F|  |TAMS 0x0000000085400000, 0x0000000085400000| Untracked 
|  45|0x0000000085500000, 0x0000000085500000, 0x0000000085600000|  0%| F|  |TAMS 0x0000000085500000, 0x0000000085500000| Untracked 
|  46|0x0000000085600000, 0x0000000085600000, 0x0000000085700000|  0%| F|  |TAMS 0x0000000085600000, 0x0000000085600000| Untracked 
|  47|0x0000000085700000, 0x0000000085700000, 0x0000000085800000|  0%| F|  |TAMS 0x0000000085700000, 0x0000000085700000| Untracked 
|  48|0x0000000085800000, 0x0000000085800000, 0x0000000085900000|  0%| F|  |TAMS 0x0000000085800000, 0x0000000085800000| Untracked 
|  49|0x0000000085900000, 0x0000000085900000, 0x0000000085a00000|  0%| F|  |TAMS 0x0000000085900000, 0x0000000085900000| Untracked 
|  50|0x0000000085a00000, 0x0000000085a00000, 0x0000000085b00000|  0%| F|  |TAMS 0x0000000085a00000, 0x0000000085a00000| Untracked 
|  51|0x0000000085b00000, 0x0000000085b00000, 0x0000000085c00000|  0%| F|  |TAMS 0x0000000085b00000, 0x0000000085b00000| Untracked 
|  52|0x0000000085c00000, 0x0000000085c00000, 0x0000000085d00000|  0%| F|  |TAMS 0x0000000085c00000, 0x0000000085c00000| Untracked 
|  53|0x0000000085d00000, 0x0000000085d00000, 0x0000000085e00000|  0%| F|  |TAMS 0x0000000085d00000, 0x0000000085d00000| Untracked 
|  54|0x0000000085e00000, 0x0000000085e00000, 0x0000000085f00000|  0%| F|  |TAMS 0x0000000085e00000, 0x0000000085e00000| Untracked 
|  55|0x0000000085f00000, 0x0000000085f00000, 0x0000000086000000|  0%| F|  |TAMS 0x0000000085f00000, 0x0000000085f00000| Untracked 
|  56|0x0000000086000000, 0x0000000086000000, 0x0000000086100000|  0%| F|  |TAMS 0x0000000086000000, 0x0000000086000000| Untracked 
|  57|0x0000000086100000, 0x0000000086100000, 0x0000000086200000|  0%| F|  |TAMS 0x0000000086100000, 0x0000000086100000| Untracked 
|  58|0x0000000086200000, 0x0000000086200000, 0x0000000086300000|  0%| F|  |TAMS 0x0000000086200000, 0x0000000086200000| Untracked 
|  59|0x0000000086300000, 0x0000000086300000, 0x0000000086400000|  0%| F|  |TAMS 0x0000000086300000, 0x0000000086300000| Untracked 
|  60|0x0000000086400000, 0x0000000086400000, 0x0000000086500000|  0%| F|  |TAMS 0x0000000086400000, 0x0000000086400000| Untracked 
|  61|0x0000000086500000, 0x0000000086500000, 0x0000000086600000|  0%| F|  |TAMS 0x0000000086500000, 0x0000000086500000| Untracked 
|  62|0x0000000086600000, 0x0000000086600000, 0x0000000086700000|  0%| F|  |TAMS 0x0000000086600000, 0x0000000086600000| Untracked 
|  63|0x0000000086700000, 0x0000000086700000, 0x0000000086800000|  0%| F|  |TAMS 0x0000000086700000, 0x0000000086700000| Untracked 
|  64|0x0000000086800000, 0x0000000086800000, 0x0000000086900000|  0%| F|  |TAMS 0x0000000086800000, 0x0000000086800000| Untracked 
|  65|0x0000000086900000, 0x0000000086900000, 0x0000000086a00000|  0%| F|  |TAMS 0x0000000086900000, 0x0000000086900000| Untracked 
|  66|0x0000000086a00000, 0x0000000086a00000, 0x0000000086b00000|  0%| F|  |TAMS 0x0000000086a00000, 0x0000000086a00000| Untracked 
|  67|0x0000000086b00000, 0x0000000086b00000, 0x0000000086c00000|  0%| F|  |TAMS 0x0000000086b00000, 0x0000000086b00000| Untracked 
|  68|0x0000000086c00000, 0x0000000086c00000, 0x0000000086d00000|  0%| F|  |TAMS 0x0000000086c00000, 0x0000000086c00000| Untracked 
|  69|0x0000000086d00000, 0x0000000086d00000, 0x0000000086e00000|  0%| F|  |TAMS 0x0000000086d00000, 0x0000000086d00000| Untracked 
|  70|0x0000000086e00000, 0x0000000086e00000, 0x0000000086f00000|  0%| F|  |TAMS 0x0000000086e00000, 0x0000000086e00000| Untracked 
|  71|0x0000000086f00000, 0x0000000086f00000, 0x0000000087000000|  0%| F|  |TAMS 0x0000000086f00000, 0x0000000086f00000| Untracked 
|  72|0x0000000087000000, 0x0000000087000000, 0x0000000087100000|  0%| F|  |TAMS 0x0000000087000000, 0x0000000087000000| Untracked 
|  73|0x0000000087100000, 0x0000000087100000, 0x0000000087200000|  0%| F|  |TAMS 0x0000000087100000, 0x0000000087100000| Untracked 
|  74|0x0000000087200000, 0x0000000087200000, 0x0000000087300000|  0%| F|  |TAMS 0x0000000087200000, 0x0000000087200000| Untracked 
|  75|0x0000000087300000, 0x0000000087300000, 0x0000000087400000|  0%| F|  |TAMS 0x0000000087300000, 0x0000000087300000| Untracked 
|  76|0x0000000087400000, 0x0000000087400000, 0x0000000087500000|  0%| F|  |TAMS 0x0000000087400000, 0x0000000087400000| Untracked 
|  77|0x0000000087500000, 0x0000000087500000, 0x0000000087600000|  0%| F|  |TAMS 0x0000000087500000, 0x0000000087500000| Untracked 
|  78|0x0000000087600000, 0x0000000087600000, 0x0000000087700000|  0%| F|  |TAMS 0x0000000087600000, 0x0000000087600000| Untracked 
|  79|0x0000000087700000, 0x0000000087700000, 0x0000000087800000|  0%| F|  |TAMS 0x0000000087700000, 0x0000000087700000| Untracked 
|  80|0x0000000087800000, 0x0000000087800000, 0x0000000087900000|  0%| F|  |TAMS 0x0000000087800000, 0x0000000087800000| Untracked 
|  81|0x0000000087900000, 0x0000000087900000, 0x0000000087a00000|  0%| F|  |TAMS 0x0000000087900000, 0x0000000087900000| Untracked 
|  82|0x0000000087a00000, 0x0000000087a00000, 0x0000000087b00000|  0%| F|  |TAMS 0x0000000087a00000, 0x0000000087a00000| Untracked 
|  83|0x0000000087b00000, 0x0000000087b00000, 0x0000000087c00000|  0%| F|  |TAMS 0x0000000087b00000, 0x0000000087b00000| Untracked 
|  84|0x0000000087c00000, 0x0000000087c00000, 0x0000000087d00000|  0%| F|  |TAMS 0x0000000087c00000, 0x0000000087c00000| Untracked 
|  85|0x0000000087d00000, 0x0000000087d00000, 0x0000000087e00000|  0%| F|  |TAMS 0x0000000087d00000, 0x0000000087d00000| Untracked 
|  86|0x0000000087e00000, 0x0000000087e00000, 0x0000000087f00000|  0%| F|  |TAMS 0x0000000087e00000, 0x0000000087e00000| Untracked 
|  87|0x0000000087f00000, 0x0000000087f00000, 0x0000000088000000|  0%| F|  |TAMS 0x0000000087f00000, 0x0000000087f00000| Untracked 
|  88|0x0000000088000000, 0x0000000088000000, 0x0000000088100000|  0%| F|  |TAMS 0x0000000088000000, 0x0000000088000000| Untracked 
|  89|0x0000000088100000, 0x0000000088100000, 0x0000000088200000|  0%| F|  |TAMS 0x0000000088100000, 0x0000000088100000| Untracked 
|  90|0x0000000088200000, 0x0000000088200000, 0x0000000088300000|  0%| F|  |TAMS 0x0000000088200000, 0x0000000088200000| Untracked 
|  91|0x0000000088300000, 0x0000000088300000, 0x0000000088400000|  0%| F|  |TAMS 0x0000000088300000, 0x0000000088300000| Untracked 
|  92|0x0000000088400000, 0x0000000088400000, 0x0000000088500000|  0%| F|  |TAMS 0x0000000088400000, 0x0000000088400000| Untracked 
|  93|0x0000000088500000, 0x0000000088500000, 0x0000000088600000|  0%| F|  |TAMS 0x0000000088500000, 0x0000000088500000| Untracked 
|  94|0x0000000088600000, 0x0000000088600000, 0x0000000088700000|  0%| F|  |TAMS 0x0000000088600000, 0x0000000088600000| Untracked 
|  95|0x0000000088700000, 0x0000000088700000, 0x0000000088800000|  0%| F|  |TAMS 0x0000000088700000, 0x0000000088700000| Untracked 
|  96|0x0000000088800000, 0x0000000088800000, 0x0000000088900000|  0%| F|  |TAMS 0x0000000088800000, 0x0000000088800000| Untracked 
|  97|0x0000000088900000, 0x0000000088900000, 0x0000000088a00000|  0%| F|  |TAMS 0x0000000088900000, 0x0000000088900000| Untracked 
|  98|0x0000000088a00000, 0x0000000088a00000, 0x0000000088b00000|  0%| F|  |TAMS 0x0000000088a00000, 0x0000000088a00000| Untracked 
|  99|0x0000000088b00000, 0x0000000088b00000, 0x0000000088c00000|  0%| F|  |TAMS 0x0000000088b00000, 0x0000000088b00000| Untracked 
| 100|0x0000000088c00000, 0x0000000088c00000, 0x0000000088d00000|  0%| F|  |TAMS 0x0000000088c00000, 0x0000000088c00000| Untracked 
| 101|0x0000000088d00000, 0x0000000088d00000, 0x0000000088e00000|  0%| F|  |TAMS 0x0000000088d00000, 0x0000000088d00000| Untracked 
| 102|0x0000000088e00000, 0x0000000088e00000, 0x0000000088f00000|  0%| F|  |TAMS 0x0000000088e00000, 0x0000000088e00000| Untracked 
| 103|0x0000000088f00000, 0x0000000088f00000, 0x0000000089000000|  0%| F|  |TAMS 0x0000000088f00000, 0x0000000088f00000| Untracked 
| 104|0x0000000089000000, 0x0000000089000000, 0x0000000089100000|  0%| F|  |TAMS 0x0000000089000000, 0x0000000089000000| Untracked 
| 105|0x0000000089100000, 0x0000000089100000, 0x0000000089200000|  0%| F|  |TAMS 0x0000000089100000, 0x0000000089100000| Untracked 
| 106|0x0000000089200000, 0x0000000089200000, 0x0000000089300000|  0%| F|  |TAMS 0x0000000089200000, 0x0000000089200000| Untracked 
| 107|0x0000000089300000, 0x0000000089300000, 0x0000000089400000|  0%| F|  |TAMS 0x0000000089300000, 0x0000000089300000| Untracked 
| 108|0x0000000089400000, 0x0000000089400000, 0x0000000089500000|  0%| F|  |TAMS 0x0000000089400000, 0x0000000089400000| Untracked 
| 109|0x0000000089500000, 0x0000000089500000, 0x0000000089600000|  0%| F|  |TAMS 0x0000000089500000, 0x0000000089500000| Untracked 
| 110|0x0000000089600000, 0x0000000089600000, 0x0000000089700000|  0%| F|  |TAMS 0x0000000089600000, 0x0000000089600000| Untracked 
| 111|0x0000000089700000, 0x0000000089700000, 0x0000000089800000|  0%| F|  |TAMS 0x0000000089700000, 0x0000000089700000| Untracked 
| 112|0x0000000089800000, 0x0000000089800000, 0x0000000089900000|  0%| F|  |TAMS 0x0000000089800000, 0x0000000089800000| Untracked 
| 113|0x0000000089900000, 0x0000000089900000, 0x0000000089a00000|  0%| F|  |TAMS 0x0000000089900000, 0x0000000089900000| Untracked 
| 114|0x0000000089a00000, 0x0000000089a00000, 0x0000000089b00000|  0%| F|  |TAMS 0x0000000089a00000, 0x0000000089a00000| Untracked 
| 115|0x0000000089b00000, 0x0000000089b00000, 0x0000000089c00000|  0%| F|  |TAMS 0x0000000089b00000, 0x0000000089b00000| Untracked 
| 116|0x0000000089c00000, 0x0000000089c00000, 0x0000000089d00000|  0%| F|  |TAMS 0x0000000089c00000, 0x0000000089c00000| Untracked 
| 117|0x0000000089d00000, 0x0000000089d00000, 0x0000000089e00000|  0%| F|  |TAMS 0x0000000089d00000, 0x0000000089d00000| Untracked 
| 118|0x0000000089e00000, 0x0000000089e00000, 0x0000000089f00000|  0%| F|  |TAMS 0x0000000089e00000, 0x0000000089e00000| Untracked 
| 119|0x0000000089f00000, 0x0000000089f00000, 0x000000008a000000|  0%| F|  |TAMS 0x0000000089f00000, 0x0000000089f00000| Untracked 
| 120|0x000000008a000000, 0x000000008a000000, 0x000000008a100000|  0%| F|  |TAMS 0x000000008a000000, 0x000000008a000000| Untracked 
| 121|0x000000008a100000, 0x000000008a100000, 0x000000008a200000|  0%| F|  |TAMS 0x000000008a100000, 0x000000008a100000| Untracked 
| 122|0x000000008a200000, 0x000000008a200000, 0x000000008a300000|  0%| F|  |TAMS 0x000000008a200000, 0x000000008a200000| Untracked 
| 123|0x000000008a300000, 0x000000008a300000, 0x000000008a400000|  0%| F|  |TAMS 0x000000008a300000, 0x000000008a300000| Untracked 
| 124|0x000000008a400000, 0x000000008a400000, 0x000000008a500000|  0%| F|  |TAMS 0x000000008a400000, 0x000000008a400000| Untracked 
| 125|0x000000008a500000, 0x000000008a58f690, 0x000000008a600000| 56%| E|  |TAMS 0x000000008a500000, 0x000000008a500000| Complete 

Card table byte_map: [0x000001cbf5620000,0x000001cbf5a10000] _byte_map_base: 0x000001cbf520c000

Marking Bits (Prev, Next): (CMBitMap*) 0x000001cbef35e9b8, (CMBitMap*) 0x000001cbef35e9f0
 Prev Bits: [0x000001cbf5e00000, 0x000001cbf7d60000)
 Next Bits: [0x000001cbf7d60000, 0x000001cbf9cc0000)

Polling page: 0x000001cbef3f0000

Metaspace:

Usage:
  Non-class:      4.00 MB capacity,     1.34 MB ( 34%) used,     2.66 MB ( 66%) free+waste,    64 bytes ( <1%) overhead. 
      Class:    384.00 KB capacity,   119.45 KB ( 31%) used,   264.49 KB ( 69%) free+waste,    64 bytes ( <1%) overhead. 
       Both:      4.38 MB capacity,     1.46 MB ( 33%) used,     2.92 MB ( 67%) free+waste,   128 bytes ( <1%) overhead. 

Virtual space:
  Non-class space:        8.00 MB reserved,       4.00 MB ( 50%) committed 
      Class space:        1.00 GB reserved,     384.00 KB ( <1%) committed 
             Both:        1.01 GB reserved,       4.38 MB ( <1%) committed 

Chunk freelists:
   Non-Class:  0 bytes
       Class:  0 bytes
        Both:  0 bytes

MaxMetaspaceSize: 17179869184.00 GB
CompressedClassSpaceSize: 1.00 GB

CodeHeap 'non-profiled nmethods': size=120064Kb used=0Kb max_used=0Kb free=120064Kb
 bounds [0x000001cb87ac0000, 0x000001cb87d30000, 0x000001cb8f000000]
CodeHeap 'profiled nmethods': size=120000Kb used=0Kb max_used=0Kb free=120000Kb
 bounds [0x000001cb80590000, 0x000001cb80800000, 0x000001cb87ac0000]
CodeHeap 'non-nmethods': size=5696Kb used=354Kb max_used=354Kb free=5341Kb
 bounds [0x000001cb80000000, 0x000001cb80270000, 0x000001cb80590000]
 total_blobs=393 nmethods=0 adapters=93
 compilation: enabled
              stopped_count=0, restarted_count=0
 full_count=0

Compilation events (0 events):
No events

GC Heap History (0 events):
No events

Deoptimization events (0 events):
No events

Classes redefined (0 events):
No events

Internal exceptions (0 events):
No events

Events (20 events):
Event: 0.072 loading class jdk/internal/ref/Cleaner
Event: 0.072 loading class jdk/internal/ref/Cleaner done
Event: 0.072 loading class java/lang/ref/ReferenceQueue
Event: 0.072 loading class java/lang/ref/ReferenceQueue done
Event: 0.072 loading class java/lang/ref/ReferenceQueue$Null
Event: 0.072 loading class java/lang/ref/ReferenceQueue$Null done
Event: 0.072 loading class java/lang/ref/ReferenceQueue$Lock
Event: 0.072 loading class java/lang/ref/ReferenceQueue$Lock done
Event: 0.072 Thread 0x000001cbfc2f8000 Thread added: 0x000001cbfc2f8000
Event: 0.072 loading class java/lang/ref/Reference$1
Event: 0.072 loading class jdk/internal/misc/JavaLangRefAccess
Event: 0.072 loading class jdk/internal/misc/JavaLangRefAccess done
Event: 0.072 loading class java/lang/ref/Reference$1 done
Event: 0.072 loading class jdk/internal/misc/SharedSecrets
Event: 0.073 loading class jdk/internal/misc/SharedSecrets done
Event: 0.073 loading class java/lang/ref/Finalizer$FinalizerThread
Event: 0.073 loading class java/lang/ref/Finalizer$FinalizerThread done
Event: 0.073 Thread 0x000001cbfc31e000 Thread added: 0x000001cbfc31e000
Event: 0.073 loading class jdk/internal/misc/VM
Event: 0.073 loading class jdk/internal/misc/VM done


Dynamic libraries:
0x00007ff76e9d0000 - 0x00007ff76e9da000 	C:\Program Files\JetBrains\IntelliJ IDEA 2019.2.3\jbr\bin\java.exe
0x00007ffc21760000 - 0x00007ffc21940000 	C:\WINDOWS\SYSTEM32\ntdll.dll
0x00007ffc21070000 - 0x00007ffc2111e000 	C:\WINDOWS\System32\KERNEL32.DLL
0x00007ffc1e0e0000 - 0x00007ffc1e346000 	C:\WINDOWS\System32\KERNELBASE.dll
0x00007ffc1dfc0000 - 0x00007ffc1e0b4000 	C:\WINDOWS\System32\ucrtbase.dll
0x00007ffc0a1a0000 - 0x00007ffc0a1b7000 	C:\Program Files\JetBrains\IntelliJ IDEA 2019.2.3\jbr\bin\VCRUNTIME140.dll
0x00007ffc18220000 - 0x00007ffc18239000 	C:\Program Files\JetBrains\IntelliJ IDEA 2019.2.3\jbr\bin\jli.dll
0x00007ffc20ee0000 - 0x00007ffc2106f000 	C:\WINDOWS\System32\USER32.dll
0x00007ffc1e0c0000 - 0x00007ffc1e0e0000 	C:\WINDOWS\System32\win32u.dll
0x00007ffc21120000 - 0x00007ffc21148000 	C:\WINDOWS\System32\GDI32.dll
0x00007ffc1dc00000 - 0x00007ffc1dd93000 	C:\WINDOWS\System32\gdi32full.dll
0x00007ffc1db60000 - 0x00007ffc1dbfb000 	C:\WINDOWS\System32\msvcp_win.dll
0x00007ffc0fa00000 - 0x00007ffc0fc69000 	C:\WINDOWS\WinSxS\amd64_microsoft.windows.common-controls_6595b64144ccf1df_6.0.16299.1685_none_0f90a16e5a65585b\COMCTL32.dll
0x00007ffc20500000 - 0x00007ffc2059d000 	C:\WINDOWS\System32\msvcrt.dll
0x00007ffc212b0000 - 0x00007ffc215b6000 	C:\WINDOWS\System32\combase.dll
0x00007ffc20a70000 - 0x00007ffc20b8f000 	C:\WINDOWS\System32\RPCRT4.dll
0x00007ffc1ebb0000 - 0x00007ffc1ec28000 	C:\WINDOWS\System32\bcryptPrimitives.dll
0x00007ffc211b0000 - 0x00007ffc211dd000 	C:\WINDOWS\System32\IMM32.DLL
0x00007ffbfd8a0000 - 0x00007ffbfd93d000 	C:\Program Files\JetBrains\IntelliJ IDEA 2019.2.3\jbr\bin\msvcp140.dll
0x00007ffbec960000 - 0x00007ffbed41d000 	C:\Program Files\JetBrains\IntelliJ IDEA 2019.2.3\jbr\bin\server\jvm.dll
0x00007ffc20d80000 - 0x00007ffc20e21000 	C:\WINDOWS\System32\ADVAPI32.dll
0x00007ffc20320000 - 0x00007ffc2037b000 	C:\WINDOWS\System32\sechost.dll
0x00007ffc20310000 - 0x00007ffc20318000 	C:\WINDOWS\System32\PSAPI.DLL
0x00007ffc17b50000 - 0x00007ffc17b5a000 	C:\WINDOWS\SYSTEM32\VERSION.dll
0x00007ffc0e120000 - 0x00007ffc0e129000 	C:\WINDOWS\SYSTEM32\WSOCK32.dll
0x00007ffc19740000 - 0x00007ffc19763000 	C:\WINDOWS\SYSTEM32\WINMM.dll
0x00007ffc20a00000 - 0x00007ffc20a6c000 	C:\WINDOWS\System32\WS2_32.dll
0x00007ffc196e0000 - 0x00007ffc1970a000 	C:\WINDOWS\SYSTEM32\winmmbase.dll
0x00007ffc1df70000 - 0x00007ffc1dfba000 	C:\WINDOWS\System32\cfgmgr32.dll
0x00007ffc1db20000 - 0x00007ffc1db31000 	C:\WINDOWS\System32\kernel.appcore.dll
0x00007ffc18770000 - 0x00007ffc18781000 	C:\Program Files\JetBrains\IntelliJ IDEA 2019.2.3\jbr\bin\verify.dll
0x00007ffc1c4f0000 - 0x00007ffc1c6b8000 	C:\WINDOWS\SYSTEM32\DBGHELP.DLL
0x00007ffc0ddf0000 - 0x00007ffc0de19000 	C:\WINDOWS\SYSTEM32\dbgcore.DLL
0x00007ffc182f0000 - 0x00007ffc18319000 	C:\Program Files\JetBrains\IntelliJ IDEA 2019.2.3\jbr\bin\java.dll
0x00007ffc11420000 - 0x00007ffc11438000 	C:\Program Files\JetBrains\IntelliJ IDEA 2019.2.3\jbr\bin\zip.dll
0x00007ffc18610000 - 0x00007ffc1861b000 	C:\Program Files\JetBrains\IntelliJ IDEA 2019.2.3\jbr\bin\jimage.dll

dbghelp: loaded successfully - version: 4.0.5 - missing functions: none
symbol engine: initialized successfully - sym options: 0x614 - pdb path: .;C:\Program Files\JetBrains\IntelliJ IDEA 2019.2.3\jbr\bin;C:\WINDOWS\SYSTEM32;C:\WINDOWS\WinSxS\amd64_microsoft.windows.common-controls_6595b64144ccf1df_6.0.16299.1685_none_0f90a16e5a65585b;C:\Program Files\JetBrains\IntelliJ IDEA 2019.2.3\jbr\bin\server

VM Arguments:
java_command: org.jetbrains.git4idea.http.GitAskPassApp Password for 'https://github.com': 
java_class_path (initial): C:/Program Files/JetBrains/IntelliJ IDEA 2019.2.3/plugins/git4idea/lib/git4idea-rt.jar;C:/Program Files/JetBrains/IntelliJ IDEA 2019.2.3/lib/xmlrpc-2.0.1.jar;C:/Program Files/JetBrains/IntelliJ IDEA 2019.2.3/lib/commons-codec-1.14.jar;C:/Program Files/JetBrains/IntelliJ IDEA 2019.2.3/lib/util.jar
Launcher Type: SUN_STANDARD

[Global flags]
     intx CICompilerCount                          = 3                                         {product} {ergonomic}
     uint ConcGCThreads                            = 1                                         {product} {ergonomic}
     uint G1ConcRefinementThreads                  = 4                                         {product} {ergonomic}
   size_t G1HeapRegionSize                         = 1048576                                   {product} {ergonomic}
    uintx GCDrainStackTargetSize                   = 64                                        {product} {ergonomic}
   size_t InitialHeapSize                          = 132120576                                 {product} {ergonomic}
   size_t MarkStackSize                            = 4194304                                   {product} {ergonomic}
   size_t MaxHeapSize                              = 2105540608                                {product} {ergonomic}
   size_t MaxNewSize                               = 1262485504                                {product} {ergonomic}
   size_t MinHeapDeltaBytes                        = 1048576                                   {product} {ergonomic}
    uintx NonNMethodCodeHeapSize                   = 5830732                                {pd product} {ergonomic}
    uintx NonProfiledCodeHeapSize                  = 122913754                              {pd product} {ergonomic}
    uintx ProfiledCodeHeapSize                     = 122913754                              {pd product} {ergonomic}
    uintx ReservedCodeCacheSize                    = 251658240                              {pd product} {ergonomic}
     bool SegmentedCodeCache                       = true                                      {product} {ergonomic}
     bool UseCompressedClassPointers               = true                                 {lp64_product} {ergonomic}
     bool UseCompressedOops                        = true                                 {lp64_product} {ergonomic}
     bool UseG1GC                                  = true                                      {product} {ergonomic}
     bool UseLargePagesIndividualAllocation        = false                                  {pd product} {ergonomic}

Logging:
Log output configuration:
 #0: stdout all=warning uptime,level,tags
 #1: stderr all=off uptime,level,tags

Environment Variables:
JAVA_HOME=C:\Program Files\Java\jdk1.8.0_40
CLASSPATH=.;C:\Program Files\Java\jdk1.8.0_40\lib\dt.jar;C:\Program Files\Java\jdk1.8.0_40\lib\tools.jar; 
PATH=E:\Git\mingw64\libexec\git-core;E:\Git\mingw64\libexec\git-core;E:\Git\mingw64\bin;E:\Git\usr\bin;C:\Users\Administrator\bin;C:\Program Files\Python37\Scripts;C:\Program Files\Python37;C:\ProgramData\Oracle\Java\javapath;C:\;C:\Program Files\MySQL\MySQL Server 5.7\bin;C:\Program Files\Java\jdk1.8.0_40\bin;C:\Program Files\Java\jdk1.8.0_40\jre\bin;F:\Windows\system32;C:\Windows;C:\Windows\System32\Wbem;C:\Windows\System32\WindowsPowerShell\v1.0;C:\Program Files (x86)\NVIDIA Corporation\PhysX\Common;C:\WINDOWS\system32;C:\WINDOWS;C:\WINDOWS\System32\Wbem;C:\WINDOWS\System32\WindowsPowerShell\v1.0;C:\Program Files\MySQL\MySQL Server 5.7\bin;F:\apache-maven-3.3.9\bin;F:\apache-tomcat-7.0.93\bin;C:\Program Files\Python37;E:\Git\cmd;E:\Redis;F:\MyProject\Elasticsearch\elasticsearch-6.4.3\bin;C:\Users\Administrator\AppData\Local\Programs\Python\Python38-32\Scripts;C:\Users\Administrator\AppData\Local\Programs\Python\Python38-32;C:\Users\Administrator\AppData\Local\Microsoft\WindowsApps;C:\Program Files\MySQL\MySQL Server 5.7\bin;F:\apache-tomcat-7.0.93\bin;C:\ProgramData\Administrator\GitHubDesktop\bin;C:\Users\Administrator\AppData\Local\GitHubDesktop\bin;E:\Python\PyCharm 2019.1.3\bin;C:\Program Files\Python37;C:\Program Files\JetBrains\IntelliJ IDEA 2019.2.3\bin
USERNAME=Administrator
DISPLAY=:0.0
OS=Windows_NT
PROCESSOR_IDENTIFIER=Intel64 Family 6 Model 78 Stepping 3, GenuineIntel



---------------  S Y S T E M  ---------------

OS: Windows 10 , 64 bit Build 16299 (10.0.16299.1146)

CPU:total 4 (initial active 4) (2 cores per cpu, 2 threads per core) family 6 model 78 stepping 3, cmov, cx8, fxsr, mmx, sse, sse2, sse3, ssse3, sse4.1, sse4.2, popcnt, avx, avx2, aes, clmul, erms, 3dnowpref, lzcnt, ht, tsc, tscinvbit, bmi1, bmi2, adx, fma

Memory: 4k page, system-wide physical 8030M (539M free)
TotalPageFile size 23102M (AvailPageFile size 0M)
current process WorkingSet (physical memory assigned to process): 23M, peak: 23M
current process commit charge ("private bytes"): 189M, peak: 189M

vm_info: OpenJDK 64-Bit Server VM (11.0.6+8-b765.25) for windows-amd64 JRE (11.0.6+8-b765.25), built on Mar 30 2020 12:57:22 by "" with MS VC++ 14.0 (VS2015)

END.
