#
# There is insufficient memory for the Java Runtime Environment to continue.
# Native memory allocation (malloc) failed to allocate 1812496 bytes for Chunk::new
# Possible reasons:
#   The system is out of physical RAM or swap space
#   In 32 bit mode, the process size limit was hit
# Possible solutions:
#   Reduce memory load on the system
#   Increase physical memory or swap space
#   Check if swap backing store is full
#   Use 64 bit Java on a 64 bit OS
#   Decrease Java heap size (-Xmx/-Xms)
#   Decrease number of Java threads
#   Decrease Java thread stack sizes (-Xss)
#   Set larger code cache with -XX:ReservedCodeCacheSize=
# This output file may be truncated or incomplete.
#
#  Out of Memory Error (allocation.cpp:390), pid=7584, tid=19452
#
# JRE version: Java(TM) SE Runtime Environment (8.0_40-b25) (build 1.8.0_40-b25)
# Java VM: Java HotSpot(TM) 64-Bit Server VM (25.40-b25 mixed mode windows-amd64 compressed oops)
# Failed to write core dump. Minidumps are not enabled by default on client versions of Windows
#

---------------  T H R E A D  ---------------

Current thread (0x0000000019ef8000):  JavaThread "C2 CompilerThread0" daemon [_thread_in_native, id=19452, stack(0x000000001b910000,0x000000001ba10000)]

Stack: [0x000000001b910000,0x000000001ba10000]
Native frames: (J=compiled Java code, j=interpreted, Vv=VM code, C=native code)
V  [jvm.dll+0x32b47a]
V  [jvm.dll+0x2797f3]
V  [jvm.dll+0x27a489]
V  [jvm.dll+0x2717a5]
V  [jvm.dll+0xcb9a2]
V  [jvm.dll+0xcbe6c]
V  [jvm.dll+0x464332]
V  [jvm.dll+0x4db615]
V  [jvm.dll+0x4dc217]
V  [jvm.dll+0x46a551]
V  [jvm.dll+0x46cd52]
V  [jvm.dll+0x4500d2]
V  [jvm.dll+0xa4312]
V  [jvm.dll+0xa4c4f]
V  [jvm.dll+0x241914]
V  [jvm.dll+0x29848a]
C  [msvcr100.dll+0x21d9f]
C  [msvcr100.dll+0x21e3b]
C  [KERNEL32.DLL+0x137e4]
C  [ntdll.dll+0x6cb81]


Current CompileTask:
C2:  12739 4190   !   4       org.springframework.core.annotation.AnnotationUtils::getAnnotatedMethodsInBaseType (163 bytes)


---------------  P R O C E S S  ---------------

Java Threads: ( => current thread )
  0x0000000023123000 JavaThread "lettuce-eventExecutorLoop-1-1" daemon [_thread_blocked, id=24144, stack(0x0000000024110000,0x0000000024210000)]
  0x0000000021a94000 JavaThread "Druid-ConnectionPool-Destroy-689213488" daemon [_thread_blocked, id=16464, stack(0x0000000023c10000,0x0000000023d10000)]
  0x000000001e06d800 JavaThread "Druid-ConnectionPool-Create-689213488" daemon [_thread_blocked, id=21264, stack(0x0000000021600000,0x0000000021700000)]
  0x000000001c939000 JavaThread "mysql-cj-abandoned-connection-cleanup" daemon [_thread_blocked, id=7924, stack(0x0000000021500000,0x0000000021600000)]
  0x000000001b2ce000 JavaThread "Service Thread" daemon [_thread_blocked, id=24664, stack(0x000000001bc10000,0x000000001bd10000)]
  0x0000000019f0d800 JavaThread "C1 CompilerThread2" daemon [_thread_blocked, id=7668, stack(0x000000001bb10000,0x000000001bc10000)]
  0x0000000019efb000 JavaThread "C2 CompilerThread1" daemon [_thread_in_native, id=9688, stack(0x000000001ba10000,0x000000001bb10000)]
=>0x0000000019ef8000 JavaThread "C2 CompilerThread0" daemon [_thread_in_native, id=19452, stack(0x000000001b910000,0x000000001ba10000)]
  0x0000000019ef5000 JavaThread "Monitor Ctrl-Break" daemon [_thread_in_native, id=14648, stack(0x000000001b810000,0x000000001b910000)]
  0x000000001b252800 JavaThread "Attach Listener" daemon [_thread_blocked, id=10484, stack(0x000000001b710000,0x000000001b810000)]
  0x0000000019ec8000 JavaThread "Signal Dispatcher" daemon [_thread_blocked, id=20004, stack(0x000000001b610000,0x000000001b710000)]
  0x0000000005268800 JavaThread "Finalizer" daemon [_thread_blocked, id=9164, stack(0x000000001b110000,0x000000001b210000)]
  0x0000000005265000 JavaThread "Reference Handler" daemon [_thread_blocked, id=1544, stack(0x000000001b010000,0x000000001b110000)]
  0x0000000005179000 JavaThread "main" [_thread_blocked, id=11184, stack(0x0000000005070000,0x0000000005170000)]

Other Threads:
  0x0000000019e77000 VMThread [stack: 0x000000001af10000,0x000000001b010000] [id=6316]
  0x000000001b2e7000 WatcherThread [stack: 0x000000001bd10000,0x000000001be10000] [id=8100]

VM state:at safepoint (normal execution)

VM Mutex/Monitor currently owned by a thread:  ([mutex/lock_event])
[0x00000000051706d0] Threads_lock - owner thread: 0x0000000019e77000
[0x0000000005171760] Heap_lock - owner thread: 0x0000000005179000

Heap:
 PSYoungGen      total 184320K, used 183957K [0x00000000d6300000, 0x00000000e4a00000, 0x0000000100000000)
  eden space 171520K, 100% used [0x00000000d6300000,0x00000000e0a80000,0x00000000e0a80000)
  from space 12800K, 97% used [0x00000000e0a80000,0x00000000e16a5760,0x00000000e1700000)
  to   space 14336K, 35% used [0x00000000e3c00000,0x00000000e40fc920,0x00000000e4a00000)
 ParOldGen       total 91136K, used 17290K [0x0000000082800000, 0x0000000088100000, 0x00000000d6300000)
  object space 91136K, 18% used [0x0000000082800000,0x00000000838e2820,0x0000000088100000)
 Metaspace       used 47925K, capacity 50030K, committed 50304K, reserved 1093632K
  class space    used 6284K, capacity 6675K, committed 6784K, reserved 1048576K

Card table byte_map: [0x00000000147d0000,0x0000000014bc0000] byte_map_base: 0x00000000143bc000

Marking Bits: (ParMarkBitMap*) 0x000000005e3e4040
 Begin Bits: [0x0000000015260000, 0x00000000171c0000)
 End Bits:   [0x00000000171c0000, 0x0000000019120000)

Polling page: 0x0000000003290000

CodeCache: size=245760Kb used=16122Kb max_used=16122Kb free=229637Kb
 bounds [0x0000000005410000, 0x00000000063e0000, 0x0000000014410000]
 total_blobs=4663 nmethods=4184 adapters=390
 compilation: enabled

Compilation events (10 events):
Event: 12.522 Thread 0x0000000019f0d800 4572       2       sun.reflect.generics.visitor.Reifier::visitWildcard (22 bytes)
Event: 12.522 Thread 0x0000000019f0d800 nmethod 4572 0x00000000063d9510 code [0x00000000063d9680, 0x00000000063d9910]
Event: 12.522 Thread 0x0000000019f0d800 4573       2       sun.reflect.generics.reflectiveObjects.WildcardTypeImpl::<init> (16 bytes)
Event: 12.522 Thread 0x0000000019f0d800 nmethod 4573 0x00000000063d9ad0 code [0x00000000063d9c20, 0x00000000063d9db0]
Event: 12.547 Thread 0x0000000019f0d800 4574       2       com.fasterxml.jackson.databind.type.ClassKey::<init> (29 bytes)
Event: 12.547 Thread 0x0000000019f0d800 nmethod 4574 0x00000000063d9e50 code [0x00000000063d9fc0, 0x00000000063da1d8]
Event: 12.550 Thread 0x0000000019f0d800 4575       1       sun.reflect.generics.tree.ClassSignature::getFormalTypeParameters (5 bytes)
Event: 12.550 Thread 0x0000000019f0d800 nmethod 4575 0x00000000063da310 code [0x00000000063da460, 0x00000000063da570]
Event: 12.681 Thread 0x0000000019f0d800 4576       2       org.springframework.util.ClassUtils::getAllInterfacesForClassAsSet (6 bytes)
Event: 12.682 Thread 0x0000000019f0d800 nmethod 4576 0x00000000063da5d0 code [0x00000000063da740, 0x00000000063da8a8]

GC Heap History (10 events):
Event: 5.114 GC heap before
{Heap before GC invocations=7 (full 1):
 PSYoungGen      total 70656K, used 65536K [0x00000000d6300000, 0x00000000df400000, 0x0000000100000000)
  eden space 65536K, 100% used [0x00000000d6300000,0x00000000da300000,0x00000000da300000)
  from space 5120K, 0% used [0x00000000da300000,0x00000000da300000,0x00000000da800000)
  to   space 8704K, 0% used [0x00000000deb80000,0x00000000deb80000,0x00000000df400000)
 ParOldGen       total 54784K, used 7615K [0x0000000082800000, 0x0000000085d80000, 0x00000000d6300000)
  object space 54784K, 13% used [0x0000000082800000,0x0000000082f6fff0,0x0000000085d80000)
 Metaspace       used 26184K, capacity 27020K, committed 27136K, reserved 1073152K
  class space    used 3352K, capacity 3558K, committed 3584K, reserved 1048576K
Event: 5.122 GC heap after
Heap after GC invocations=7 (full 1):
 PSYoungGen      total 115200K, used 6779K [0x00000000d6300000, 0x00000000df280000, 0x0000000100000000)
  eden space 108032K, 0% used [0x00000000d6300000,0x00000000d6300000,0x00000000dcc80000)
  from space 7168K, 94% used [0x00000000deb80000,0x00000000df21ee90,0x00000000df280000)
  to   space 8704K, 0% used [0x00000000de180000,0x00000000de180000,0x00000000dea00000)
 ParOldGen       total 54784K, used 7623K [0x0000000082800000, 0x0000000085d80000, 0x00000000d6300000)
  object space 54784K, 13% used [0x0000000082800000,0x0000000082f71ff0,0x0000000085d80000)
 Metaspace       used 26184K, capacity 27020K, committed 27136K, reserved 1073152K
  class space    used 3352K, capacity 3558K, committed 3584K, reserved 1048576K
}
Event: 6.496 GC heap before
{Heap before GC invocations=8 (full 1):
 PSYoungGen      total 115200K, used 114811K [0x00000000d6300000, 0x00000000df280000, 0x0000000100000000)
  eden space 108032K, 100% used [0x00000000d6300000,0x00000000dcc80000,0x00000000dcc80000)
  from space 7168K, 94% used [0x00000000deb80000,0x00000000df21ee90,0x00000000df280000)
  to   space 8704K, 0% used [0x00000000de180000,0x00000000de180000,0x00000000dea00000)
 ParOldGen       total 54784K, used 7623K [0x0000000082800000, 0x0000000085d80000, 0x00000000d6300000)
  object space 54784K, 13% used [0x0000000082800000,0x0000000082f71ff0,0x0000000085d80000)
 Metaspace       used 29978K, capacity 30988K, committed 31360K, reserved 1077248K
  class space    used 3883K, capacity 4124K, committed 4224K, reserved 1048576K
Event: 6.507 GC heap after
Heap after GC invocations=8 (full 1):
 PSYoungGen      total 138240K, used 8676K [0x00000000d6300000, 0x00000000e2180000, 0x0000000100000000)
  eden space 129536K, 0% used [0x00000000d6300000,0x00000000d6300000,0x00000000de180000)
  from space 8704K, 99% used [0x00000000de180000,0x00000000de9f91c8,0x00000000dea00000)
  to   space 10752K, 0% used [0x00000000e1700000,0x00000000e1700000,0x00000000e2180000)
 ParOldGen       total 54784K, used 9365K [0x0000000082800000, 0x0000000085d80000, 0x00000000d6300000)
  object space 54784K, 17% used [0x0000000082800000,0x00000000831257d0,0x0000000085d80000)
 Metaspace       used 29978K, capacity 30988K, committed 31360K, reserved 1077248K
  class space    used 3883K, capacity 4124K, committed 4224K, reserved 1048576K
}
Event: 7.891 GC heap before
{Heap before GC invocations=9 (full 1):
 PSYoungGen      total 138240K, used 103283K [0x00000000d6300000, 0x00000000e2180000, 0x0000000100000000)
  eden space 129536K, 73% used [0x00000000d6300000,0x00000000dbf63b88,0x00000000de180000)
  from space 8704K, 99% used [0x00000000de180000,0x00000000de9f91c8,0x00000000dea00000)
  to   space 10752K, 0% used [0x00000000e1700000,0x00000000e1700000,0x00000000e2180000)
 ParOldGen       total 54784K, used 9365K [0x0000000082800000, 0x0000000085d80000, 0x00000000d6300000)
  object space 54784K, 17% used [0x0000000082800000,0x00000000831257d0,0x0000000085d80000)
 Metaspace       used 34153K, capacity 35326K, committed 35416K, reserved 1079296K
  class space    used 4407K, capacity 4649K, committed 4736K, reserved 1048576K
Event: 7.911 GC heap after
Heap after GC invocations=9 (full 1):
 PSYoungGen      total 182272K, used 10725K [0x00000000d6300000, 0x00000000e4600000, 0x0000000100000000)
  eden space 171520K, 0% used [0x00000000d6300000,0x00000000d6300000,0x00000000e0a80000)
  from space 10752K, 99% used [0x00000000e1700000,0x00000000e2179678,0x00000000e2180000)
  to   space 12800K, 0% used [0x00000000e0a80000,0x00000000e0a80000,0x00000000e1700000)
 ParOldGen       total 54784K, used 11110K [0x0000000082800000, 0x0000000085d80000, 0x00000000d6300000)
  object space 54784K, 20% used [0x0000000082800000,0x00000000832d9a40,0x0000000085d80000)
 Metaspace       used 34153K, capacity 35326K, committed 35416K, reserved 1079296K
  class space    used 4407K, capacity 4649K, committed 4736K, reserved 1048576K
}
Event: 7.911 GC heap before
{Heap before GC invocations=10 (full 2):
 PSYoungGen      total 182272K, used 10725K [0x00000000d6300000, 0x00000000e4600000, 0x0000000100000000)
  eden space 171520K, 0% used [0x00000000d6300000,0x00000000d6300000,0x00000000e0a80000)
  from space 10752K, 99% used [0x00000000e1700000,0x00000000e2179678,0x00000000e2180000)
  to   space 12800K, 0% used [0x00000000e0a80000,0x00000000e0a80000,0x00000000e1700000)
 ParOldGen       total 54784K, used 11110K [0x0000000082800000, 0x0000000085d80000, 0x00000000d6300000)
  object space 54784K, 20% used [0x0000000082800000,0x00000000832d9a40,0x0000000085d80000)
 Metaspace       used 34153K, capacity 35326K, committed 35416K, reserved 1079296K
  class space    used 4407K, capacity 4649K, committed 4736K, reserved 1048576K
Event: 8.066 GC heap after
Heap after GC invocations=10 (full 2):
 PSYoungGen      total 182272K, used 0K [0x00000000d6300000, 0x00000000e4600000, 0x0000000100000000)
  eden space 171520K, 0% used [0x00000000d6300000,0x00000000d6300000,0x00000000e0a80000)
  from space 10752K, 0% used [0x00000000e1700000,0x00000000e1700000,0x00000000e2180000)
  to   space 12800K, 0% used [0x00000000e0a80000,0x00000000e0a80000,0x00000000e1700000)
 ParOldGen       total 91136K, used 17282K [0x0000000082800000, 0x0000000088100000, 0x00000000d6300000)
  object space 91136K, 18% used [0x0000000082800000,0x00000000838e0820,0x0000000088100000)
 Metaspace       used 34153K, capacity 35326K, committed 35416K, reserved 1079296K
  class space    used 4407K, capacity 4649K, committed 4736K, reserved 1048576K
}
Event: 10.674 GC heap before
{Heap before GC invocations=11 (full 2):
 PSYoungGen      total 182272K, used 171520K [0x00000000d6300000, 0x00000000e4600000, 0x0000000100000000)
  eden space 171520K, 100% used [0x00000000d6300000,0x00000000e0a80000,0x00000000e0a80000)
  from space 10752K, 0% used [0x00000000e1700000,0x00000000e1700000,0x00000000e2180000)
  to   space 12800K, 0% used [0x00000000e0a80000,0x00000000e0a80000,0x00000000e1700000)
 ParOldGen       total 91136K, used 17282K [0x0000000082800000, 0x0000000088100000, 0x00000000d6300000)
  object space 91136K, 18% used [0x0000000082800000,0x00000000838e0820,0x0000000088100000)
 Metaspace       used 43914K, capacity 45266K, committed 45440K, reserved 1089536K
  class space    used 5667K, capacity 5969K, committed 6016K, reserved 1048576K
Event: 10.691 GC heap after
Heap after GC invocations=11 (full 2):
 PSYoungGen      total 184320K, used 12437K [0x00000000d6300000, 0x00000000e4a00000, 0x0000000100000000)
  eden space 171520K, 0% used [0x00000000d6300000,0x00000000d6300000,0x00000000e0a80000)
  from space 12800K, 97% used [0x00000000e0a80000,0x00000000e16a5760,0x00000000e1700000)
  to   space 14336K, 0% used [0x00000000e3c00000,0x00000000e3c00000,0x00000000e4a00000)
 ParOldGen       total 91136K, used 17290K [0x0000000082800000, 0x0000000088100000, 0x00000000d6300000)
  object space 91136K, 18% used [0x0000000082800000,0x00000000838e2820,0x0000000088100000)
 Metaspace       used 43914K, capacity 45266K, committed 45440K, reserved 1089536K
  class space    used 5667K, capacity 5969K, committed 6016K, reserved 1048576K
}

Deoptimization events (10 events):
Event: 10.960 Thread 0x0000000005179000 Uncommon trap: reason=bimorphic action=maybe_recompile pc=0x0000000005f46058 method=java.util.Collections$SetFromMap.contains(Ljava/lang/Object;)Z @ 5
Event: 10.964 Thread 0x0000000005179000 Uncommon trap: reason=bimorphic action=maybe_recompile pc=0x0000000005d9e35c method=java.util.regex.Matcher.match(II)Z @ 86
Event: 10.965 Thread 0x0000000005179000 Uncommon trap: reason=bimorphic action=maybe_recompile pc=0x0000000005d9e35c method=java.util.regex.Matcher.match(II)Z @ 86
Event: 11.444 Thread 0x0000000005179000 Uncommon trap: reason=unstable_if action=reinterpret pc=0x0000000005b850a8 method=java.util.Properties$LineReader.readLine()I @ 180
Event: 11.694 Thread 0x0000000005179000 Uncommon trap: reason=unstable_if action=reinterpret pc=0x0000000005d761cc method=org.springframework.util.CollectionUtils.isEmpty(Ljava/util/Collection;)Z @ 10
Event: 11.907 Thread 0x0000000005179000 Uncommon trap: reason=unstable_if action=reinterpret pc=0x00000000062782f4 method=java.lang.Class.privateGetMethodRecursive(Ljava/lang/String;[Ljava/lang/Class;ZLjava/lang/Class$MethodArray;)Ljava/lang/reflect/Method; @ 28
Event: 12.015 Thread 0x0000000005179000 Uncommon trap: reason=unstable_if action=reinterpret pc=0x000000000615ee6c method=java.lang.Class.cast(Ljava/lang/Object;)Ljava/lang/Object; @ 9
Event: 12.018 Thread 0x0000000005179000 Uncommon trap: reason=unstable_if action=reinterpret pc=0x0000000006289328 method=jdk.internal.org.objectweb.asm.Type.getArgumentsAndReturnSizes(Ljava/lang/String;)I @ 41
Event: 12.129 Thread 0x0000000005179000 Uncommon trap: reason=unstable_if action=reinterpret pc=0x000000000609e0fc method=org.springframework.boot.context.properties.source.ConfigurationPropertyName.elementEquals(Lorg/springframework/boot/context/properties/source/ConfigurationPropertyName$Eleme¾~Y/}È(@
Event: 12.392 Thread 0x0000000005179000 Uncommon trap: reason=unstable_if action=reinterpret pc=0x00000000063bbd60 method=com.sun.beans.TypeResolver.resolve(Ljava/lang/reflect/Type;Ljava/lang/reflect/Type;)Ljava/lang/reflect/Type; @ 13

Internal exceptions (10 events):
Event: 12.679 Thread 0x0000000005179000 Exception <a 'java/lang/ClassNotFoundException': org/springframework/core/convert/ConversionServiceCustomizer> (0x00000000e0686ab0) thrown at [D:\re\workspace\8-2-build-windows-amd64-cygwin\jdk8u40\2855\hotspot\src\share\vm\classfile\systemDictionary.cpp, IW÷K\)@
Event: 12.680 Thread 0x0000000005179000 Exception <a 'java/lang/ClassNotFoundException': org/springframework/core/convert/converter/ConverterRegistryCustomizer> (0x00000000e06b2638) thrown at [D:\re\workspace\8-2-build-windows-amd64-cygwin\jdk8u40\2855\hotspot\src\share\vm\classfile\systemDictio
Event: 12.688 Thread 0x0000000005179000 Exception <a 'java/lang/ClassNotFoundException': java/lang/ObjectCustomizer> (0x00000000e06fe270) thrown at [D:\re\workspace\8-2-build-windows-amd64-cygwin\jdk8u40\2855\hotspot\src\share\vm\classfile\systemDictionary.cpp, line 210]
Event: 12.688 Thread 0x0000000005179000 Exception <a 'java/lang/ClassNotFoundException': org/springframework/boot/autoconfigure/validation/ValidatorAdapterCustomizer> (0x00000000e072b8f8) thrown at [D:\re\workspace\8-2-build-windows-amd64-cygwin\jdk8u40\2855\hotspot\src\share\vm\classfile\systemuÖ(OÈ`)@
Event: 12.689 Thread 0x0000000005179000 Exception <a 'java/lang/ClassNotFoundException': org/springframework/validation/SmartValidatorCustomizer> (0x00000000e07562f8) thrown at [D:\re\workspace\8-2-build-windows-amd64-cygwin\jdk8u40\2855\hotspot\src\share\vm\classfile\systemDictionary.cpp, line TjDa)@
Event: 12.690 Thread 0x0000000005179000 Exception <a 'java/lang/ClassNotFoundException': org/springframework/validation/ValidatorCustomizer> (0x00000000e0776760) thrown at [D:\re\workspace\8-2-build-windows-amd64-cygwin\jdk8u40\2855\hotspot\src\share\vm\classfile\systemDictionary.cpp, line 210]
Event: 12.690 Thread 0x0000000005179000 Exception <a 'java/lang/ClassNotFoundException': org/springframework/context/ApplicationContextAwareCustomizer> (0x00000000e079b190) thrown at [D:\re\workspace\8-2-build-windows-amd64-cygwin\jdk8u40\2855\hotspot\src\share\vm\classfile\systemDictionary.cpp,h‰M‰a)@
Event: 12.691 Thread 0x0000000005179000 Exception <a 'java/lang/ClassNotFoundException': org/springframework/beans/factory/AwareCustomizer> (0x00000000e07baba8) thrown at [D:\re\workspace\8-2-build-windows-amd64-cygwin\jdk8u40\2855\hotspot\src\share\vm\classfile\systemDictionary.cpp, line 210]
Event: 12.691 Thread 0x0000000005179000 Exception <a 'java/lang/ClassNotFoundException': org/springframework/beans/factory/InitializingBeanCustomizer> (0x00000000e07ddd78) thrown at [D:\re\workspace\8-2-build-windows-amd64-cygwin\jdk8u40\2855\hotspot\src\share\vm\classfile\systemDictionary.cpp, ’Wùîa)@
Event: 12.691 Thread 0x0000000005179000 Exception <a 'java/lang/ClassNotFoundException': org/springframework/beans/factory/DisposableBeanCustomizer> (0x00000000e07ffe28) thrown at [D:\re\workspace\8-2-build-windows-amd64-cygwin\jdk8u40\2855\hotspot\src\share\vm\classfile\systemDictionary.cpp, li]¤Ž¹[)@

Events (10 events):
Event: 12.691 loading class org/springframework/beans/factory/InitializingBeanCustomizer
Event: 12.691 loading class org/springframework/beans/factory/InitializingBeanCustomizer done
Event: 12.691 loading class org/springframework/beans/factory/DisposableBeanCustomizer
Event: 12.691 loading class org/springframework/beans/factory/DisposableBeanCustomizer done
Event: 12.691 loading class org/springframework/beans/factory/DisposableBeanCustomizer
Event: 12.691 loading class org/springframework/beans/factory/DisposableBeanCustomizer done
Event: 12.691 loading class org/springframework/beans/factory/DisposableBeanCustomizer
Event: 12.691 loading class org/springframework/beans/factory/DisposableBeanCustomizer done
Event: 12.696 loading class org/springframework/data/domain/Sort
Event: 12.696 loading class org/springframework/data/domain/Sort done


Dynamic libraries:
0x00007ff7ec5e0000 - 0x00007ff7ec617000 	C:\Program Files\Java\jdk1.8.0_40\bin\java.exe
0x00007ffdf1b20000 - 0x00007ffdf1d00000 	C:\WINDOWS\SYSTEM32\ntdll.dll
0x00007ffdf0ea0000 - 0x00007ffdf0f4e000 	C:\WINDOWS\System32\KERNEL32.DLL
0x00007ffdeeab0000 - 0x00007ffdeed16000 	C:\WINDOWS\System32\KERNELBASE.dll
0x00007ffdf1950000 - 0x00007ffdf19f1000 	C:\WINDOWS\System32\ADVAPI32.dll
0x00007ffdf0780000 - 0x00007ffdf081d000 	C:\WINDOWS\System32\msvcrt.dll
0x00007ffdf1610000 - 0x00007ffdf166b000 	C:\WINDOWS\System32\sechost.dll
0x00007ffdeeff0000 - 0x00007ffdef10f000 	C:\WINDOWS\System32\RPCRT4.dll
0x00007ffdf1690000 - 0x00007ffdf181f000 	C:\WINDOWS\System32\USER32.dll
0x00007ffdeed20000 - 0x00007ffdeed40000 	C:\WINDOWS\System32\win32u.dll
0x00007ffdef260000 - 0x00007ffdef288000 	C:\WINDOWS\System32\GDI32.dll
0x00007ffdedf20000 - 0x00007ffdee0b3000 	C:\WINDOWS\System32\gdi32full.dll
0x00007ffdee110000 - 0x00007ffdee1ab000 	C:\WINDOWS\System32\msvcp_win.dll
0x00007ffdee260000 - 0x00007ffdee354000 	C:\WINDOWS\System32\ucrtbase.dll
0x00007ffde4b10000 - 0x00007ffde4d79000 	C:\WINDOWS\WinSxS\amd64_microsoft.windows.common-controls_6595b64144ccf1df_6.0.16299.1685_none_0f90a16e5a65585b\COMCTL32.dll
0x00007ffdf0b20000 - 0x00007ffdf0e26000 	C:\WINDOWS\System32\combase.dll
0x00007ffdeeda0000 - 0x00007ffdeee18000 	C:\WINDOWS\System32\bcryptPrimitives.dll
0x00007ffdf1a60000 - 0x00007ffdf1a8d000 	C:\WINDOWS\System32\IMM32.DLL
0x000000005e5d0000 - 0x000000005e6a2000 	C:\Program Files\Java\jdk1.8.0_40\jre\bin\msvcr100.dll
0x000000005dbe0000 - 0x000000005e463000 	C:\Program Files\Java\jdk1.8.0_40\jre\bin\server\jvm.dll
0x00007ffdf1670000 - 0x00007ffdf1678000 	C:\WINDOWS\System32\PSAPI.DLL
0x00007ffde2a10000 - 0x00007ffde2a19000 	C:\WINDOWS\SYSTEM32\WSOCK32.dll
0x00007ffdf0e30000 - 0x00007ffdf0e9c000 	C:\WINDOWS\System32\WS2_32.dll
0x00007ffde63f0000 - 0x00007ffde6413000 	C:\WINDOWS\SYSTEM32\WINMM.dll
0x00007ffde8090000 - 0x00007ffde809a000 	C:\WINDOWS\SYSTEM32\VERSION.dll
0x00007ffde63c0000 - 0x00007ffde63ea000 	C:\WINDOWS\SYSTEM32\WINMMBASE.dll
0x00007ffdee0c0000 - 0x00007ffdee10a000 	C:\WINDOWS\System32\cfgmgr32.dll
0x000000005e5c0000 - 0x000000005e5cf000 	C:\Program Files\Java\jdk1.8.0_40\jre\bin\verify.dll
0x000000005e590000 - 0x000000005e5b9000 	C:\Program Files\Java\jdk1.8.0_40\jre\bin\java.dll
0x000000005dbb0000 - 0x000000005dbd3000 	C:\Program Files\Java\jdk1.8.0_40\jre\bin\instrument.dll
0x000000005e570000 - 0x000000005e586000 	C:\Program Files\Java\jdk1.8.0_40\jre\bin\zip.dll
0x00007ffdef290000 - 0x00007ffdf06cd000 	C:\WINDOWS\System32\SHELL32.dll
0x00007ffdf06d0000 - 0x00007ffdf0776000 	C:\WINDOWS\System32\shcore.dll
0x00007ffdee360000 - 0x00007ffdeeaaa000 	C:\WINDOWS\System32\windows.storage.dll
0x00007ffdf1a90000 - 0x00007ffdf1ae1000 	C:\WINDOWS\System32\shlwapi.dll
0x00007ffdede90000 - 0x00007ffdedea1000 	C:\WINDOWS\System32\kernel.appcore.dll
0x00007ffdedeb0000 - 0x00007ffdedefc000 	C:\WINDOWS\System32\powrprof.dll
0x00007ffdede70000 - 0x00007ffdede8b000 	C:\WINDOWS\System32\profapi.dll
0x00007ffde5dc0000 - 0x00007ffde5dda000 	C:\Program Files\JetBrains\IntelliJ IDEA 2019.2.3\bin\breakgen64.dll
0x000000005e550000 - 0x000000005e56a000 	C:\Program Files\Java\jdk1.8.0_40\jre\bin\net.dll
0x00007ffded6d0000 - 0x00007ffded736000 	C:\WINDOWS\system32\mswsock.dll
0x000000005e520000 - 0x000000005e52d000 	C:\Program Files\Java\jdk1.8.0_40\jre\bin\management.dll
0x00007ffdda6a0000 - 0x00007ffdda6cf000 	C:\Program Files (x86)\Sangfor\SSL\ClientComponent\SangforNspX64.dll
0x00007ffdef110000 - 0x00007ffdef259000 	C:\WINDOWS\System32\ole32.dll
0x00007ffdf08a0000 - 0x00007ffdf0964000 	C:\WINDOWS\System32\OLEAUT32.dll
0x00007ffdda680000 - 0x00007ffdda696000 	C:\WINDOWS\system32\napinsp.dll
0x00007ffdda660000 - 0x00007ffdda67a000 	C:\WINDOWS\system32\pnrpnsp.dll
0x00007ffdea040000 - 0x00007ffdea058000 	C:\WINDOWS\system32\NLAapi.dll
0x00007ffded460000 - 0x00007ffded517000 	C:\WINDOWS\SYSTEM32\DNSAPI.dll
0x00007ffdf1680000 - 0x00007ffdf1688000 	C:\WINDOWS\System32\NSI.dll
0x00007ffded420000 - 0x00007ffded459000 	C:\WINDOWS\SYSTEM32\IPHLPAPI.DLL
0x00007ffddbb10000 - 0x00007ffddbb1e000 	C:\WINDOWS\System32\winrnr.dll
0x00007ffde82d0000 - 0x00007ffde82e5000 	C:\WINDOWS\System32\wshbth.dll
0x00007ffde2fe0000 - 0x00007ffde315b000 	C:\Program Files (x86)\Sangfor\SSL\ClientComponent\SangforTcpX64.dll
0x00007ffdeed40000 - 0x00007ffdeed99000 	C:\WINDOWS\System32\WINTRUST.dll
0x00007ffdedf00000 - 0x00007ffdedf12000 	C:\WINDOWS\System32\MSASN1.dll
0x00007ffdeee20000 - 0x00007ffdeefee000 	C:\WINDOWS\System32\CRYPT32.dll
0x00007ffde4610000 - 0x00007ffde461a000 	C:\Windows\System32\rasadhlp.dll
0x00007ffde59c0000 - 0x00007ffde5a30000 	C:\WINDOWS\System32\fwpuclnt.dll
0x00007ffded9a0000 - 0x00007ffded9c5000 	C:\WINDOWS\SYSTEM32\bcrypt.dll
0x000000005e530000 - 0x000000005e541000 	C:\Program Files\Java\jdk1.8.0_40\jre\bin\nio.dll
0x0000000180000000 - 0x0000000180281000 	F:\apache-tomcat-7.0.93\bin\tcnative-1.dll
0x00007ffdec8b0000 - 0x00007ffdeca78000 	C:\WINDOWS\SYSTEM32\dbghelp.dll

VM Arguments:
jvm_args: -ea -Didea.test.cyclic.buffer.size=1048576 -javaagent:C:\Program Files\JetBrains\IntelliJ IDEA 2019.2.3\lib\idea_rt.jar=61649:C:\Program Files\JetBrains\IntelliJ IDEA 2019.2.3\bin -Dfile.encoding=UTF-8 
java_command: com.intellij.rt.junit.JUnitStarter -ideVersion5 -junit4 com.nowcoder.community.KafkaTest,testKafka
java_class_path (initial): C:\Program Files\JetBrains\IntelliJ IDEA 2019.2.3\lib\idea_rt.jar;C:\Program Files\JetBrains\IntelliJ IDEA 2019.2.3\plugins\junit\lib\junit5-rt.jar;C:\Program Files\JetBrains\IntelliJ IDEA 2019.2.3\plugins\junit\lib\junit-rt.jar;C:\Program Files\Java\jdk1.8.0_40\jre\lib\charsets.jar;C:\Program Files\Java\jdk1.8.0_40\jre\lib\deploy.jar;C:\Program Files\Java\jdk1.8.0_40\jre\lib\ext\access-bridge-64.jar;C:\Program Files\Java\jdk1.8.0_40\jre\lib\ext\cldrdata.jar;C:\Program Files\Java\jdk1.8.0_40\jre\lib\ext\dnsns.jar;C:\Program Files\Java\jdk1.8.0_40\jre\lib\ext\jaccess.jar;C:\Program Files\Java\jdk1.8.0_40\jre\lib\ext\jfxrt.jar;C:\Program Files\Java\jdk1.8.0_40\jre\lib\ext\localedata.jar;C:\Program Files\Java\jdk1.8.0_40\jre\lib\ext\nashorn.jar;C:\Program Files\Java\jdk1.8.0_40\jre\lib\ext\sunec.jar;C:\Program Files\Java\jdk1.8.0_40\jre\lib\ext\sunjce_provider.jar;C:\Program Files\Java\jdk1.8.0_40\jre\lib\ext\sunmscapi.jar;C:\Program Files\Java\jdk1.8.0_40\jre\lib\ext\sunpkcs11.jar;C:\Program Files\Java\jdk1.8.0_40\jre\lib\ext\zipfs.jar;C:\Program Files\Java\jdk1.8.0_40\jre\lib\javaws.jar;C:\Program Files\Java\jdk1.8.0_40\jre\lib\jce.jar;C:\Program Files\Java\jdk1.8.0_40\jre\lib\jfr.jar;C:\Program Files\Java\jdk1.8.0_40\jre\lib\jfxswt.jar;C:\Program Files\Java\jdk1.8.0_40\jre\lib\jsse.jar;C:\Program Files\Java\jdk1.8.0_40\jre\lib\management-agent.jar;C:\Program Files\Java\jdk1.8.0_40\jre\lib\plugin.jar;C:\Program Files\Java\jdk1.8.0_40\jre\lib\resources.jar;C:\Program Files\Java\jdk1.8.0_40\jre\lib\rt.jar;F:\MyProject\community\target\test-classes;F:\MyProject\community\target\classes;C:\Users\Administrator\.m2\repository\org\springframework\boot\spring-boot-starter-aop\2.1.13.RELEASE\spring-boot-starter-aop-2.1.13.RELEASE.jar;C:\Users\Administrator\.m2\repository\org\springframework\boot\spring-boot-starter\2.1.13.RELEASE\spring-boot-starter-2.1.13.RELEASE.jar;C:\Users\Administrator\.m2\repository\org\springframework\boot\spring-boot-start
Launcher Type: SUN_STANDARD

Environment Variables:
JAVA_HOME=C:\Program Files\Java\jdk1.8.0_40
CLASSPATH=.;C:\Program Files\Java\jdk1.8.0_40\lib\dt.jar;C:\Program Files\Java\jdk1.8.0_40\lib\tools.jar; 
PATH=C:\Program Files\Python37\Scripts\;C:\Program Files\Python37\;C:\ProgramData\Oracle\Java\javapath;C:;C:\Program Files\MySQL\MySQL Server 5.7\bin;C:\Program Files\Java\jdk1.8.0_40\bin;C:\Program Files\Java\jdk1.8.0_40\jre\bin;\Windows\system32;C:\Windows;C:\Windows\System32\Wbem;C:\Windows\System32\WindowsPowerShell\v1.0\;C:\Program Files (x86)\NVIDIA Corporation\PhysX\Common;C:\WINDOWS\system32;C:\WINDOWS;C:\WINDOWS\System32\Wbem;C:\WINDOWS\System32\WindowsPowerShell\v1.0\;C:\Program Files\MySQL\MySQL Server 5.7\bin;F:\apache-maven-3.3.9\bin\;F:\apache-tomcat-7.0.93\bin;C:\Program Files\Python37;E:\Git\cmd;E:\Redis;C:\Users\Administrator\AppData\Local\Programs\Python\Python38-32\Scripts\;C:\Users\Administrator\AppData\Local\Programs\Python\Python38-32\;C:\Users\Administrator\AppData\Local\Microsoft\WindowsApps;C:\Program Files\MySQL\MySQL Server 5.7\bin;F:\apache-tomcat-7.0.93\bin;C:\ProgramData\Administrator\GitHubDesktop\bin;C:\Users\Administrator\AppData\Local\GitHubDesktop\bin;E:\Python\PyCharm 2019.1.3\bin;;C:\Program Files\Python37;;C:\Program Files\JetBrains\IntelliJ IDEA 2019.2.3\bin;
USERNAME=Administrator
OS=Windows_NT
PROCESSOR_IDENTIFIER=Intel64 Family 6 Model 78 Stepping 3, GenuineIntel



---------------  S Y S T E M  ---------------

OS: Windows 10.0 , 64 bit Build 16299 (10.0.16299.1146)

CPU:total 4 (2 cores per cpu, 2 threads per core) family 6 model 78 stepping 3, cmov, cx8, fxsr, mmx, sse, sse2, sse3, ssse3, sse4.1, sse4.2, popcnt, avx, avx2, aes, clmul, erms, 3dnowpref, lzcnt, ht, tsc, tscinvbit, bmi1, bmi2, adx

Memory: 4k page, physical 8223592k(583068k free), swap 23656916k(5152k free)

vm_info: Java HotSpot(TM) 64-Bit Server VM (25.40-b25) for windows-amd64 JRE (1.8.0_40-b25), built on Feb 10 2015 21:53:57 by "java_re" with MS VC++ 10.0 (VS2010)

time: Tue May 12 02:18:12 2020
elapsed time: 12 seconds (0d 0h 0m 12s)

