#
# There is insufficient memory for the Java Runtime Environment to continue.
# Native memory allocation (malloc) failed to allocate 1633936 bytes for Chunk::new
# Possible reasons:
#   The system is out of physical RAM or swap space
#   In 32 bit mode, the process size limit was hit
# Possible solutions:
#   Reduce memory load on the system
#   Increase physical memory or swap space
#   Check if swap backing store is full
#   Use 64 bit Java on a 64 bit OS
#   Decrease Java heap size (-Xmx/-Xms)
#   Decrease number of Java threads
#   Decrease Java thread stack sizes (-Xss)
#   Set larger code cache with -XX:ReservedCodeCacheSize=
# This output file may be truncated or incomplete.
#
#  Out of Memory Error (allocation.cpp:390), pid=3728, tid=6428
#
# JRE version: Java(TM) SE Runtime Environment (8.0_40-b25) (build 1.8.0_40-b25)
# Java VM: Java HotSpot(TM) 64-Bit Server VM (25.40-b25 mixed mode windows-amd64 compressed oops)
# Failed to write core dump. Minidumps are not enabled by default on client versions of Windows
#

---------------  T H R E A D  ---------------

Current thread (0x0000000019a5a800):  JavaThread "C2 CompilerThread0" daemon [_thread_in_native, id=6428, stack(0x000000001b460000,0x000000001b560000)]

Stack: [0x000000001b460000,0x000000001b560000]
Native frames: (J=compiled Java code, j=interpreted, Vv=VM code, C=native code)
V  [jvm.dll+0x32b47a]
V  [jvm.dll+0x2797f3]
V  [jvm.dll+0x27a489]
V  [jvm.dll+0x2717a5]
V  [jvm.dll+0xcb9a2]
V  [jvm.dll+0xcbe6c]
V  [jvm.dll+0x476ea2]
V  [jvm.dll+0x4b950f]
V  [jvm.dll+0x46b6b5]
V  [jvm.dll+0x46ccbe]
V  [jvm.dll+0x4500d2]
V  [jvm.dll+0xa4312]
V  [jvm.dll+0xa4c4f]
V  [jvm.dll+0x241914]
V  [jvm.dll+0x29848a]
C  [msvcr100.dll+0x21d9f]
C  [msvcr100.dll+0x21e3b]
C  [KERNEL32.DLL+0x137e4]
C  [ntdll.dll+0x6cb81]


Current CompileTask:
C2:  10893 3757   !   4       org.springframework.core.annotation.AnnotatedElementUtils::searchWithFindSemantics (774 bytes)


---------------  P R O C E S S  ---------------

Java Threads: ( => current thread )
  0x000000001ae19800 JavaThread "Service Thread" daemon [_thread_blocked, id=17756, stack(0x000000001b760000,0x000000001b860000)]
  0x0000000019a5e800 JavaThread "C1 CompilerThread2" daemon [_thread_blocked, id=4812, stack(0x000000001b660000,0x000000001b760000)]
  0x0000000019a5d800 JavaThread "C2 CompilerThread1" daemon [_thread_in_native, id=22684, stack(0x000000001b560000,0x000000001b660000)]
=>0x0000000019a5a800 JavaThread "C2 CompilerThread0" daemon [_thread_in_native, id=6428, stack(0x000000001b460000,0x000000001b560000)]
  0x0000000019a58800 JavaThread "Monitor Ctrl-Break" daemon [_thread_in_native, id=12708, stack(0x000000001b360000,0x000000001b460000)]
  0x000000001ada2800 JavaThread "Attach Listener" daemon [_thread_blocked, id=8408, stack(0x000000001b260000,0x000000001b360000)]
  0x0000000019a2a000 JavaThread "Signal Dispatcher" daemon [_thread_blocked, id=12176, stack(0x000000001b160000,0x000000001b260000)]
  0x0000000004d6c000 JavaThread "Finalizer" daemon [_thread_blocked, id=5620, stack(0x000000001ac60000,0x000000001ad60000)]
  0x0000000004d68800 JavaThread "Reference Handler" daemon [_thread_blocked, id=3976, stack(0x000000001ab60000,0x000000001ac60000)]
  0x0000000004c79000 JavaThread "main" [_thread_in_native, id=25712, stack(0x0000000004b70000,0x0000000004c70000)]

Other Threads:
  0x00000000199d8800 VMThread [stack: 0x000000001aa60000,0x000000001ab60000] [id=17100]
  0x000000001ae39000 WatcherThread [stack: 0x000000001b860000,0x000000001b960000] [id=26244]

VM state:not at safepoint (normal execution)

VM Mutex/Monitor currently owned by a thread: None

Heap:
 PSYoungGen      total 133632K, used 54604K [0x00000000d6300000, 0x00000000df580000, 0x0000000100000000)
  eden space 122368K, 44% used [0x00000000d6300000,0x00000000d98533b0,0x00000000dda80000)
  from space 11264K, 0% used [0x00000000de580000,0x00000000de580000,0x00000000df080000)
  to   space 11264K, 0% used [0x00000000dda80000,0x00000000dda80000,0x00000000de580000)
 ParOldGen       total 82944K, used 15097K [0x0000000082800000, 0x0000000087900000, 0x00000000d6300000)
  object space 82944K, 18% used [0x0000000082800000,0x00000000836be5c8,0x0000000087900000)
 Metaspace       used 36104K, capacity 37340K, committed 37464K, reserved 1081344K
  class space    used 4636K, capacity 4898K, committed 4992K, reserved 1048576K

Card table byte_map: [0x0000000014330000,0x0000000014720000] byte_map_base: 0x0000000013f1c000

Marking Bits: (ParMarkBitMap*) 0x000000005e234040
 Begin Bits: [0x0000000014dc0000, 0x0000000016d20000)
 End Bits:   [0x0000000016d20000, 0x0000000018c80000)

Polling page: 0x0000000002d00000

CodeCache: size=245760Kb used=13397Kb max_used=13397Kb free=232362Kb
 bounds [0x0000000004f70000, 0x0000000005c90000, 0x0000000013f70000]
 total_blobs=3970 nmethods=3553 adapters=328
 compilation: enabled

Compilation events (10 events):
Event: 10.851 Thread 0x0000000019a5e800 nmethod 3767 0x0000000005c7e950 code [0x0000000005c7eac0, 0x0000000005c7ec68]
Event: 10.851 Thread 0x0000000019a5e800 3768       3       org.springframework.core.MethodIntrospector::lambda$selectMethods$0 (59 bytes)
Event: 10.851 Thread 0x0000000019a5e800 nmethod 3768 0x0000000005c89190 code [0x0000000005c893a0, 0x0000000005c89ba8]
Event: 10.851 Thread 0x0000000019a5e800 3769       3       org.springframework.kafka.annotation.KafkaListenerAnnotationBeanPostProcessor$$Lambda$247/1437107223::inspect (9 bytes)
Event: 10.852 Thread 0x0000000019a5e800 nmethod 3769 0x0000000005c7e350 code [0x0000000005c7e4e0, 0x0000000005c7e7f8]
Event: 10.852 Thread 0x0000000019a5e800 3770       3       org.springframework.kafka.annotation.KafkaListenerAnnotationBeanPostProcessor::lambda$postProcessAfterInitialization$0 (21 bytes)
Event: 10.852 Thread 0x0000000019a5e800 nmethod 3770 0x0000000005c8a090 code [0x0000000005c8a200, 0x0000000005c8a4b8]
Event: 10.852 Thread 0x0000000019a5e800 3771       3       org.springframework.kafka.annotation.KafkaListenerAnnotationBeanPostProcessor::findListenerAnnotations (65 bytes)
Event: 10.853 Thread 0x0000000019a5e800 nmethod 3771 0x0000000005c8a590 code [0x0000000005c8a7c0, 0x0000000005c8b338]
Event: 10.863 Thread 0x0000000019a5e800 3774   !   3       java.util.concurrent.ConcurrentHashMap::putVal (362 bytes)

GC Heap History (10 events):
Event: 6.491 GC heap before
{Heap before GC invocations=8 (full 1):
 PSYoungGen      total 58880K, used 58384K [0x00000000d6300000, 0x00000000daf80000, 0x0000000100000000)
  eden space 54784K, 100% used [0x00000000d6300000,0x00000000d9880000,0x00000000d9880000)
  from space 4096K, 87% used [0x00000000dab80000,0x00000000daf04318,0x00000000daf80000)
  to   space 9216K, 0% used [0x00000000d9d80000,0x00000000d9d80000,0x00000000da680000)
 ParOldGen       total 53760K, used 7578K [0x0000000082800000, 0x0000000085c80000, 0x00000000d6300000)
  object space 53760K, 14% used [0x0000000082800000,0x0000000082f66b60,0x0000000085c80000)
 Metaspace       used 26931K, capacity 27784K, committed 28032K, reserved 1073152K
  class space    used 3433K, capacity 3644K, committed 3712K, reserved 1048576K
Event: 6.501 GC heap after
Heap after GC invocations=8 (full 1):
 PSYoungGen      total 69120K, used 5765K [0x00000000d6300000, 0x00000000dcb80000, 0x0000000100000000)
  eden space 59904K, 0% used [0x00000000d6300000,0x00000000d6300000,0x00000000d9d80000)
  from space 9216K, 62% used [0x00000000d9d80000,0x00000000da321598,0x00000000da680000)
  to   space 8704K, 0% used [0x00000000dc300000,0x00000000dc300000,0x00000000dcb80000)
 ParOldGen       total 53760K, used 7586K [0x0000000082800000, 0x0000000085c80000, 0x00000000d6300000)
  object space 53760K, 14% used [0x0000000082800000,0x0000000082f68b60,0x0000000085c80000)
 Metaspace       used 26931K, capacity 27784K, committed 28032K, reserved 1073152K
  class space    used 3433K, capacity 3644K, committed 3712K, reserved 1048576K
}
Event: 7.326 GC heap before
{Heap before GC invocations=9 (full 1):
 PSYoungGen      total 69120K, used 65669K [0x00000000d6300000, 0x00000000dcb80000, 0x0000000100000000)
  eden space 59904K, 100% used [0x00000000d6300000,0x00000000d9d80000,0x00000000d9d80000)
  from space 9216K, 62% used [0x00000000d9d80000,0x00000000da321598,0x00000000da680000)
  to   space 8704K, 0% used [0x00000000dc300000,0x00000000dc300000,0x00000000dcb80000)
 ParOldGen       total 53760K, used 7586K [0x0000000082800000, 0x0000000085c80000, 0x00000000d6300000)
  object space 53760K, 14% used [0x0000000082800000,0x0000000082f68b60,0x0000000085c80000)
 Metaspace       used 28693K, capacity 29672K, committed 29824K, reserved 1075200K
  class space    used 3658K, capacity 3892K, committed 3968K, reserved 1048576K
Event: 7.341 GC heap after
Heap after GC invocations=9 (full 1):
 PSYoungGen      total 97792K, used 7668K [0x00000000d6300000, 0x00000000dd480000, 0x0000000100000000)
  eden space 89088K, 0% used [0x00000000d6300000,0x00000000d6300000,0x00000000dba00000)
  from space 8704K, 88% used [0x00000000dc300000,0x00000000dca7d2f0,0x00000000dcb80000)
  to   space 9216K, 0% used [0x00000000dba00000,0x00000000dba00000,0x00000000dc300000)
 ParOldGen       total 53760K, used 7594K [0x0000000082800000, 0x0000000085c80000, 0x00000000d6300000)
  object space 53760K, 14% used [0x0000000082800000,0x0000000082f6ab60,0x0000000085c80000)
 Metaspace       used 28693K, capacity 29672K, committed 29824K, reserved 1075200K
  class space    used 3658K, capacity 3892K, committed 3968K, reserved 1048576K
}
Event: 8.957 GC heap before
{Heap before GC invocations=10 (full 1):
 PSYoungGen      total 97792K, used 96756K [0x00000000d6300000, 0x00000000dd480000, 0x0000000100000000)
  eden space 89088K, 100% used [0x00000000d6300000,0x00000000dba00000,0x00000000dba00000)
  from space 8704K, 88% used [0x00000000dc300000,0x00000000dca7d2f0,0x00000000dcb80000)
  to   space 9216K, 0% used [0x00000000dba00000,0x00000000dba00000,0x00000000dc300000)
 ParOldGen       total 53760K, used 7594K [0x0000000082800000, 0x0000000085c80000, 0x00000000d6300000)
  object space 53760K, 14% used [0x0000000082800000,0x0000000082f6ab60,0x0000000085c80000)
 Metaspace       used 33356K, capacity 34472K, committed 34560K, reserved 1079296K
  class space    used 4284K, capacity 4524K, committed 4608K, reserved 1048576K
Event: 8.978 GC heap after
Heap after GC invocations=10 (full 1):
 PSYoungGen      total 98304K, used 9200K [0x00000000d6300000, 0x00000000df080000, 0x0000000100000000)
  eden space 89088K, 0% used [0x00000000d6300000,0x00000000d6300000,0x00000000dba00000)
  from space 9216K, 99% used [0x00000000dba00000,0x00000000dc2fc138,0x00000000dc300000)
  to   space 11264K, 0% used [0x00000000de580000,0x00000000de580000,0x00000000df080000)
 ParOldGen       total 53760K, used 10104K [0x0000000082800000, 0x0000000085c80000, 0x00000000d6300000)
  object space 53760K, 18% used [0x0000000082800000,0x00000000831de050,0x0000000085c80000)
 Metaspace       used 33356K, capacity 34472K, committed 34560K, reserved 1079296K
  class space    used 4284K, capacity 4524K, committed 4608K, reserved 1048576K
}
Event: 9.669 GC heap before
{Heap before GC invocations=11 (full 1):
 PSYoungGen      total 98304K, used 41909K [0x00000000d6300000, 0x00000000df080000, 0x0000000100000000)
  eden space 89088K, 36% used [0x00000000d6300000,0x00000000d82f1320,0x00000000dba00000)
  from space 9216K, 99% used [0x00000000dba00000,0x00000000dc2fc138,0x00000000dc300000)
  to   space 11264K, 0% used [0x00000000de580000,0x00000000de580000,0x00000000df080000)
 ParOldGen       total 53760K, used 10104K [0x0000000082800000, 0x0000000085c80000, 0x00000000d6300000)
  object space 53760K, 18% used [0x0000000082800000,0x00000000831de050,0x0000000085c80000)
 Metaspace       used 34204K, capacity 35318K, committed 35416K, reserved 1079296K
  class space    used 4408K, capacity 4649K, committed 4736K, reserved 1048576K
Event: 9.705 GC heap after
Heap after GC invocations=11 (full 1):
 PSYoungGen      total 133632K, used 5009K [0x00000000d6300000, 0x00000000df580000, 0x0000000100000000)
  eden space 122368K, 0% used [0x00000000d6300000,0x00000000d6300000,0x00000000dda80000)
  from space 11264K, 44% used [0x00000000de580000,0x00000000dea64780,0x00000000df080000)
  to   space 11264K, 0% used [0x00000000dda80000,0x00000000dda80000,0x00000000de580000)
 ParOldGen       total 53760K, used 14501K [0x0000000082800000, 0x0000000085c80000, 0x00000000d6300000)
  object space 53760K, 26% used [0x0000000082800000,0x0000000083629448,0x0000000085c80000)
 Metaspace       used 34204K, capacity 35318K, committed 35416K, reserved 1079296K
  class space    used 4408K, capacity 4649K, committed 4736K, reserved 1048576K
}
Event: 9.705 GC heap before
{Heap before GC invocations=12 (full 2):
 PSYoungGen      total 133632K, used 5009K [0x00000000d6300000, 0x00000000df580000, 0x0000000100000000)
  eden space 122368K, 0% used [0x00000000d6300000,0x00000000d6300000,0x00000000dda80000)
  from space 11264K, 44% used [0x00000000de580000,0x00000000dea64780,0x00000000df080000)
  to   space 11264K, 0% used [0x00000000dda80000,0x00000000dda80000,0x00000000de580000)
 ParOldGen       total 53760K, used 14501K [0x0000000082800000, 0x0000000085c80000, 0x00000000d6300000)
  object space 53760K, 26% used [0x0000000082800000,0x0000000083629448,0x0000000085c80000)
 Metaspace       used 34204K, capacity 35318K, committed 35416K, reserved 1079296K
  class space    used 4408K, capacity 4649K, committed 4736K, reserved 1048576K
Event: 9.856 GC heap after
Heap after GC invocations=12 (full 2):
 PSYoungGen      total 133632K, used 0K [0x00000000d6300000, 0x00000000df580000, 0x0000000100000000)
  eden space 122368K, 0% used [0x00000000d6300000,0x00000000d6300000,0x00000000dda80000)
  from space 11264K, 0% used [0x00000000de580000,0x00000000de580000,0x00000000df080000)
  to   space 11264K, 0% used [0x00000000dda80000,0x00000000dda80000,0x00000000de580000)
 ParOldGen       total 82944K, used 15097K [0x0000000082800000, 0x0000000087900000, 0x00000000d6300000)
  object space 82944K, 18% used [0x0000000082800000,0x00000000836be5c8,0x0000000087900000)
 Metaspace       used 34204K, capacity 35318K, committed 35416K, reserved 1079296K
  class space    used 4408K, capacity 4649K, committed 4736K, reserved 1048576K
}

Deoptimization events (10 events):
Event: 10.234 Thread 0x0000000004c79000 Uncommon trap: reason=class_check action=maybe_recompile pc=0x0000000005944420 method=java.util.HashMap.computeIfAbsent(Ljava/lang/Object;Ljava/util/function/Function;)Ljava/lang/Object; @ 263
Event: 10.235 Thread 0x0000000004c79000 Uncommon trap: reason=class_check action=maybe_recompile pc=0x0000000005944420 method=java.util.HashMap.computeIfAbsent(Ljava/lang/Object;Ljava/util/function/Function;)Ljava/lang/Object; @ 263
Event: 10.252 Thread 0x0000000004c79000 Uncommon trap: reason=unstable_if action=reinterpret pc=0x0000000005bb15f0 method=org.springframework.boot.context.properties.source.ConfigurationPropertyName$ElementsParser.parse(Ljava/util/function/Function;)Lorg/springframework/boot/context/properties/s0G”è×€$@
Event: 10.252 Thread 0x0000000004c79000 Uncommon trap: reason=unstable_if action=reinterpret pc=0x00000000053b0e5c method=org.springframework.boot.context.properties.source.ConfigurationPropertyName$ElementsParser.updateType(Lorg/springframework/boot/context/properties/source/ConfigurationProperk*Èr{%@
Event: 10.522 Thread 0x0000000004c79000 Uncommon trap: reason=unstable_if action=reinterpret pc=0x0000000005b072a0 method=org.springframework.beans.factory.support.AbstractBeanFactory.isTypeMatch(Ljava/lang/String;Lorg/springframework/core/ResolvableType;)Z @ 530
Event: 10.757 Thread 0x0000000004c79000 Uncommon trap: reason=class_check action=maybe_recompile pc=0x000000000596320c method=java.util.concurrent.ConcurrentHashMap.putVal(Ljava/lang/Object;Ljava/lang/Object;Z)Ljava/lang/Object; @ 192
Event: 10.767 Thread 0x0000000004c79000 Uncommon trap: reason=class_check action=maybe_recompile pc=0x000000000596320c method=java.util.concurrent.ConcurrentHashMap.putVal(Ljava/lang/Object;Ljava/lang/Object;Z)Ljava/lang/Object; @ 192
Event: 10.768 Thread 0x0000000004c79000 Uncommon trap: reason=class_check action=maybe_recompile pc=0x000000000596320c method=java.util.concurrent.ConcurrentHashMap.putVal(Ljava/lang/Object;Ljava/lang/Object;Z)Ljava/lang/Object; @ 192
Event: 10.768 Thread 0x0000000004c79000 Uncommon trap: reason=unstable_if action=reinterpret pc=0x00000000050e85bc method=java.util.concurrent.ConcurrentHashMap.get(Ljava/lang/Object;)Ljava/lang/Object; @ 152
Event: 10.837 Thread 0x0000000004c79000 Uncommon trap: reason=unstable_if action=reinterpret pc=0x0000000005c7c52c method=java.util.concurrent.ConcurrentHashMap.putVal(Ljava/lang/Object;Ljava/lang/Object;Z)Ljava/lang/Object; @ 331

Internal exceptions (10 events):
Event: 10.713 Thread 0x0000000004c79000 Exception <a 'java/lang/ClassNotFoundException': java/lang/ObjectCustomizer> (0x00000000d8dcd0b8) thrown at [D:\re\workspace\8-2-build-windows-amd64-cygwin\jdk8u40\2855\hotspot\src\share\vm\classfile\systemDictionary.cpp, line 210]
Event: 10.718 Thread 0x0000000004c79000 Exception <a 'java/lang/ClassNotFoundException': javax/management/NotificationBroadcasterSupportCustomizer> (0x00000000d8de2280) thrown at [D:\re\workspace\8-2-build-windows-amd64-cygwin\jdk8u40\2855\hotspot\src\share\vm\classfile\systemDictionary.cpp, lin
Event: 10.720 Thread 0x0000000004c79000 Exception <a 'java/lang/ClassNotFoundException': com/alibaba/druid/filter/FilterAdapterCustomizer> (0x00000000d8e05b30) thrown at [D:\re\workspace\8-2-build-windows-amd64-cygwin\jdk8u40\2855\hotspot\src\share\vm\classfile\systemDictionary.cpp, line 210]
Event: 10.737 Thread 0x0000000004c79000 Exception <a 'java/lang/ClassNotFoundException': com/alibaba/druid/filter/FilterEventAdapterCustomizer> (0x00000000d8fad3e0) thrown at [D:\re\workspace\8-2-build-windows-amd64-cygwin\jdk8u40\2855\hotspot\src\share\vm\classfile\systemDictionary.cpp, line 21$|u({%@
Event: 10.741 Thread 0x0000000004c79000 Exception <a 'java/lang/ClassNotFoundException': com/alibaba/druid/filter/stat/StatFilterCustomizer> (0x00000000d9036f60) thrown at [D:\re\workspace\8-2-build-windows-amd64-cygwin\jdk8u40\2855\hotspot\src\share\vm\classfile\systemDictionary.cpp, line 210]
Event: 10.744 Thread 0x0000000004c79000 Exception <a 'java/lang/ClassNotFoundException': com/alibaba/druid/filter/stat/StatFilterMBeanCustomizer> (0x00000000d90f8550) thrown at [D:\re\workspace\8-2-build-windows-amd64-cygwin\jdk8u40\2855\hotspot\src\share\vm\classfile\systemDictionary.cpp, line _ˆ#@%@
Event: 10.749 Thread 0x0000000004c79000 Exception <a 'java/lang/ClassNotFoundException': com/alibaba/druid/filter/FilterCustomizer> (0x00000000d9127248) thrown at [D:\re\workspace\8-2-build-windows-amd64-cygwin\jdk8u40\2855\hotspot\src\share\vm\classfile\systemDictionary.cpp, line 210]
Event: 10.752 Thread 0x0000000004c79000 Exception <a 'java/lang/ClassNotFoundException': java/sql/WrapperCustomizer> (0x00000000d92b49f8) thrown at [D:\re\workspace\8-2-build-windows-amd64-cygwin\jdk8u40\2855\hotspot\src\share\vm\classfile\systemDictionary.cpp, line 210]
Event: 10.752 Thread 0x0000000004c79000 Exception <a 'java/lang/ClassNotFoundException': javax/management/NotificationEmitterCustomizer> (0x00000000d92c5178) thrown at [D:\re\workspace\8-2-build-windows-amd64-cygwin\jdk8u40\2855\hotspot\src\share\vm\classfile\systemDictionary.cpp, line 210]
Event: 10.752 Thread 0x0000000004c79000 Exception <a 'java/lang/ClassNotFoundException': javax/management/NotificationBroadcasterCustomizer> (0x00000000d92d5e38) thrown at [D:\re\workspace\8-2-build-windows-amd64-cygwin\jdk8u40\2855\hotspot\src\share\vm\classfile\systemDictionary.cpp, line 210]

Events (10 events):
Event: 10.768 Thread 0x0000000004c79000 Uncommon trap: trap_request=0xffffff65 fr.pc=0x00000000050e85bc
Event: 10.768 Thread 0x0000000004c79000 DEOPT PACKING pc=0x00000000050e85bc sp=0x0000000004c697e0
Event: 10.768 Thread 0x0000000004c79000 DEOPT UNPACKING pc=0x0000000004fb582a sp=0x0000000004c69760 mode 2
Event: 10.837 Thread 0x0000000004c79000 Uncommon trap: trap_request=0xffffff65 fr.pc=0x0000000005c7c52c
Event: 10.837 Thread 0x0000000004c79000 DEOPT PACKING pc=0x0000000005c7c52c sp=0x0000000004c69710
Event: 10.837 Thread 0x0000000004c79000 DEOPT UNPACKING pc=0x0000000004fb582a sp=0x0000000004c696a8 mode 2
Event: 10.837 loading class java/util/concurrent/ConcurrentHashMap$TreeNode
Event: 10.839 loading class java/util/concurrent/ConcurrentHashMap$TreeNode done
Event: 10.839 loading class java/util/concurrent/ConcurrentHashMap$TreeBin
Event: 10.840 loading class java/util/concurrent/ConcurrentHashMap$TreeBin done


Dynamic libraries:
0x00007ff7ec5e0000 - 0x00007ff7ec617000 	C:\Program Files\Java\jdk1.8.0_40\bin\java.exe
0x00007ffdf1b20000 - 0x00007ffdf1d00000 	C:\WINDOWS\SYSTEM32\ntdll.dll
0x00007ffdf0ea0000 - 0x00007ffdf0f4e000 	C:\WINDOWS\System32\KERNEL32.DLL
0x00007ffdeeab0000 - 0x00007ffdeed16000 	C:\WINDOWS\System32\KERNELBASE.dll
0x00007ffdf1950000 - 0x00007ffdf19f1000 	C:\WINDOWS\System32\ADVAPI32.dll
0x00007ffdf0780000 - 0x00007ffdf081d000 	C:\WINDOWS\System32\msvcrt.dll
0x00007ffdf1610000 - 0x00007ffdf166b000 	C:\WINDOWS\System32\sechost.dll
0x00007ffdeeff0000 - 0x00007ffdef10f000 	C:\WINDOWS\System32\RPCRT4.dll
0x00007ffdf1690000 - 0x00007ffdf181f000 	C:\WINDOWS\System32\USER32.dll
0x00007ffdeed20000 - 0x00007ffdeed40000 	C:\WINDOWS\System32\win32u.dll
0x00007ffdef260000 - 0x00007ffdef288000 	C:\WINDOWS\System32\GDI32.dll
0x00007ffdedf20000 - 0x00007ffdee0b3000 	C:\WINDOWS\System32\gdi32full.dll
0x00007ffdee110000 - 0x00007ffdee1ab000 	C:\WINDOWS\System32\msvcp_win.dll
0x00007ffdee260000 - 0x00007ffdee354000 	C:\WINDOWS\System32\ucrtbase.dll
0x00007ffde4b10000 - 0x00007ffde4d79000 	C:\WINDOWS\WinSxS\amd64_microsoft.windows.common-controls_6595b64144ccf1df_6.0.16299.1685_none_0f90a16e5a65585b\COMCTL32.dll
0x00007ffdf0b20000 - 0x00007ffdf0e26000 	C:\WINDOWS\System32\combase.dll
0x00007ffdeeda0000 - 0x00007ffdeee18000 	C:\WINDOWS\System32\bcryptPrimitives.dll
0x00007ffdf1a60000 - 0x00007ffdf1a8d000 	C:\WINDOWS\System32\IMM32.DLL
0x000000005e5d0000 - 0x000000005e6a2000 	C:\Program Files\Java\jdk1.8.0_40\jre\bin\msvcr100.dll
0x000000005da30000 - 0x000000005e2b3000 	C:\Program Files\Java\jdk1.8.0_40\jre\bin\server\jvm.dll
0x00007ffdf1670000 - 0x00007ffdf1678000 	C:\WINDOWS\System32\PSAPI.DLL
0x00007ffde2a10000 - 0x00007ffde2a19000 	C:\WINDOWS\SYSTEM32\WSOCK32.dll
0x00007ffdf0e30000 - 0x00007ffdf0e9c000 	C:\WINDOWS\System32\WS2_32.dll
0x00007ffde63f0000 - 0x00007ffde6413000 	C:\WINDOWS\SYSTEM32\WINMM.dll
0x00007ffde8090000 - 0x00007ffde809a000 	C:\WINDOWS\SYSTEM32\VERSION.dll
0x00007ffde63c0000 - 0x00007ffde63ea000 	C:\WINDOWS\SYSTEM32\WINMMBASE.dll
0x00007ffdee0c0000 - 0x00007ffdee10a000 	C:\WINDOWS\System32\cfgmgr32.dll
0x000000005e5c0000 - 0x000000005e5cf000 	C:\Program Files\Java\jdk1.8.0_40\jre\bin\verify.dll
0x000000005e590000 - 0x000000005e5b9000 	C:\Program Files\Java\jdk1.8.0_40\jre\bin\java.dll
0x000000005da00000 - 0x000000005da23000 	C:\Program Files\Java\jdk1.8.0_40\jre\bin\instrument.dll
0x000000005e570000 - 0x000000005e586000 	C:\Program Files\Java\jdk1.8.0_40\jre\bin\zip.dll
0x00007ffdef290000 - 0x00007ffdf06cd000 	C:\WINDOWS\System32\SHELL32.dll
0x00007ffdf06d0000 - 0x00007ffdf0776000 	C:\WINDOWS\System32\shcore.dll
0x00007ffdee360000 - 0x00007ffdeeaaa000 	C:\WINDOWS\System32\windows.storage.dll
0x00007ffdf1a90000 - 0x00007ffdf1ae1000 	C:\WINDOWS\System32\shlwapi.dll
0x00007ffdede90000 - 0x00007ffdedea1000 	C:\WINDOWS\System32\kernel.appcore.dll
0x00007ffdedeb0000 - 0x00007ffdedefc000 	C:\WINDOWS\System32\powrprof.dll
0x00007ffdede70000 - 0x00007ffdede8b000 	C:\WINDOWS\System32\profapi.dll
0x00007ffdd0280000 - 0x00007ffdd029a000 	C:\Program Files\JetBrains\IntelliJ IDEA 2019.2.3\bin\breakgen64.dll
0x000000005e550000 - 0x000000005e56a000 	C:\Program Files\Java\jdk1.8.0_40\jre\bin\net.dll
0x00007ffded6d0000 - 0x00007ffded736000 	C:\WINDOWS\system32\mswsock.dll
0x000000005e540000 - 0x000000005e54d000 	C:\Program Files\Java\jdk1.8.0_40\jre\bin\management.dll
0x00007ffdda6a0000 - 0x00007ffdda6cf000 	C:\Program Files (x86)\Sangfor\SSL\ClientComponent\SangforNspX64.dll
0x00007ffdef110000 - 0x00007ffdef259000 	C:\WINDOWS\System32\ole32.dll
0x00007ffdf08a0000 - 0x00007ffdf0964000 	C:\WINDOWS\System32\OLEAUT32.dll
0x00007ffdda680000 - 0x00007ffdda696000 	C:\WINDOWS\system32\napinsp.dll
0x00007ffdda660000 - 0x00007ffdda67a000 	C:\WINDOWS\system32\pnrpnsp.dll
0x00007ffdea040000 - 0x00007ffdea058000 	C:\WINDOWS\system32\NLAapi.dll
0x00007ffded460000 - 0x00007ffded517000 	C:\WINDOWS\SYSTEM32\DNSAPI.dll
0x00007ffdf1680000 - 0x00007ffdf1688000 	C:\WINDOWS\System32\NSI.dll
0x00007ffded420000 - 0x00007ffded459000 	C:\WINDOWS\SYSTEM32\IPHLPAPI.DLL
0x00007ffddbb10000 - 0x00007ffddbb1e000 	C:\WINDOWS\System32\winrnr.dll
0x00007ffde82d0000 - 0x00007ffde82e5000 	C:\WINDOWS\System32\wshbth.dll
0x00007ffde2fe0000 - 0x00007ffde315b000 	C:\Program Files (x86)\Sangfor\SSL\ClientComponent\SangforTcpX64.dll
0x00007ffdeed40000 - 0x00007ffdeed99000 	C:\WINDOWS\System32\WINTRUST.dll
0x00007ffdedf00000 - 0x00007ffdedf12000 	C:\WINDOWS\System32\MSASN1.dll
0x00007ffdeee20000 - 0x00007ffdeefee000 	C:\WINDOWS\System32\CRYPT32.dll
0x00007ffde4610000 - 0x00007ffde461a000 	C:\Windows\System32\rasadhlp.dll
0x00007ffde59c0000 - 0x00007ffde5a30000 	C:\WINDOWS\System32\fwpuclnt.dll
0x00007ffded9a0000 - 0x00007ffded9c5000 	C:\WINDOWS\SYSTEM32\bcrypt.dll
0x000000005e520000 - 0x000000005e531000 	C:\Program Files\Java\jdk1.8.0_40\jre\bin\nio.dll
0x00007ffdec8b0000 - 0x00007ffdeca78000 	C:\WINDOWS\SYSTEM32\dbghelp.dll

VM Arguments:
jvm_args: -ea -Didea.test.cyclic.buffer.size=1048576 -javaagent:C:\Program Files\JetBrains\IntelliJ IDEA 2019.2.3\lib\idea_rt.jar=58442:C:\Program Files\JetBrains\IntelliJ IDEA 2019.2.3\bin -Dfile.encoding=UTF-8 
java_command: com.intellij.rt.junit.JUnitStarter -ideVersion5 -junit4 com.nowcoder.community.KafkaTest,testKafka
java_class_path (initial): C:\Program Files\JetBrains\IntelliJ IDEA 2019.2.3\lib\idea_rt.jar;C:\Program Files\JetBrains\IntelliJ IDEA 2019.2.3\plugins\junit\lib\junit5-rt.jar;C:\Program Files\JetBrains\IntelliJ IDEA 2019.2.3\plugins\junit\lib\junit-rt.jar;C:\Program Files\Java\jdk1.8.0_40\jre\lib\charsets.jar;C:\Program Files\Java\jdk1.8.0_40\jre\lib\deploy.jar;C:\Program Files\Java\jdk1.8.0_40\jre\lib\ext\access-bridge-64.jar;C:\Program Files\Java\jdk1.8.0_40\jre\lib\ext\cldrdata.jar;C:\Program Files\Java\jdk1.8.0_40\jre\lib\ext\dnsns.jar;C:\Program Files\Java\jdk1.8.0_40\jre\lib\ext\jaccess.jar;C:\Program Files\Java\jdk1.8.0_40\jre\lib\ext\jfxrt.jar;C:\Program Files\Java\jdk1.8.0_40\jre\lib\ext\localedata.jar;C:\Program Files\Java\jdk1.8.0_40\jre\lib\ext\nashorn.jar;C:\Program Files\Java\jdk1.8.0_40\jre\lib\ext\sunec.jar;C:\Program Files\Java\jdk1.8.0_40\jre\lib\ext\sunjce_provider.jar;C:\Program Files\Java\jdk1.8.0_40\jre\lib\ext\sunmscapi.jar;C:\Program Files\Java\jdk1.8.0_40\jre\lib\ext\sunpkcs11.jar;C:\Program Files\Java\jdk1.8.0_40\jre\lib\ext\zipfs.jar;C:\Program Files\Java\jdk1.8.0_40\jre\lib\javaws.jar;C:\Program Files\Java\jdk1.8.0_40\jre\lib\jce.jar;C:\Program Files\Java\jdk1.8.0_40\jre\lib\jfr.jar;C:\Program Files\Java\jdk1.8.0_40\jre\lib\jfxswt.jar;C:\Program Files\Java\jdk1.8.0_40\jre\lib\jsse.jar;C:\Program Files\Java\jdk1.8.0_40\jre\lib\management-agent.jar;C:\Program Files\Java\jdk1.8.0_40\jre\lib\plugin.jar;C:\Program Files\Java\jdk1.8.0_40\jre\lib\resources.jar;C:\Program Files\Java\jdk1.8.0_40\jre\lib\rt.jar;F:\MyProject\community\target\test-classes;F:\MyProject\community\target\classes;C:\Users\Administrator\.m2\repository\org\springframework\boot\spring-boot-starter-aop\2.1.13.RELEASE\spring-boot-starter-aop-2.1.13.RELEASE.jar;C:\Users\Administrator\.m2\repository\org\springframework\boot\spring-boot-starter\2.1.13.RELEASE\spring-boot-starter-2.1.13.RELEASE.jar;C:\Users\Administrator\.m2\repository\org\springframework\boot\spring-boot-start
Launcher Type: SUN_STANDARD

Environment Variables:
JAVA_HOME=C:\Program Files\Java\jdk1.8.0_40
CLASSPATH=.;C:\Program Files\Java\jdk1.8.0_40\lib\dt.jar;C:\Program Files\Java\jdk1.8.0_40\lib\tools.jar; 
PATH=C:\Program Files\Python37\Scripts\;C:\Program Files\Python37\;C:\ProgramData\Oracle\Java\javapath;C:;C:\Program Files\MySQL\MySQL Server 5.7\bin;C:\Program Files\Java\jdk1.8.0_40\bin;C:\Program Files\Java\jdk1.8.0_40\jre\bin;\Windows\system32;C:\Windows;C:\Windows\System32\Wbem;C:\Windows\System32\WindowsPowerShell\v1.0\;C:\Program Files (x86)\NVIDIA Corporation\PhysX\Common;C:\WINDOWS\system32;C:\WINDOWS;C:\WINDOWS\System32\Wbem;C:\WINDOWS\System32\WindowsPowerShell\v1.0\;C:\Program Files\MySQL\MySQL Server 5.7\bin;F:\apache-maven-3.3.9\bin\;F:\apache-tomcat-7.0.93\bin;C:\Program Files\Python37;E:\Git\cmd;E:\Redis;C:\Users\Administrator\AppData\Local\Programs\Python\Python38-32\Scripts\;C:\Users\Administrator\AppData\Local\Programs\Python\Python38-32\;C:\Users\Administrator\AppData\Local\Microsoft\WindowsApps;C:\Program Files\MySQL\MySQL Server 5.7\bin;F:\apache-tomcat-7.0.93\bin;C:\ProgramData\Administrator\GitHubDesktop\bin;C:\Users\Administrator\AppData\Local\GitHubDesktop\bin;E:\Python\PyCharm 2019.1.3\bin;;C:\Program Files\Python37;;C:\Program Files\JetBrains\IntelliJ IDEA 2019.2.3\bin;
USERNAME=Administrator
OS=Windows_NT
PROCESSOR_IDENTIFIER=Intel64 Family 6 Model 78 Stepping 3, GenuineIntel



---------------  S Y S T E M  ---------------

OS: Windows 10.0 , 64 bit Build 16299 (10.0.16299.1146)

CPU:total 4 (2 cores per cpu, 2 threads per core) family 6 model 78 stepping 3, cmov, cx8, fxsr, mmx, sse, sse2, sse3, ssse3, sse4.1, sse4.2, popcnt, avx, avx2, aes, clmul, erms, 3dnowpref, lzcnt, ht, tsc, tscinvbit, bmi1, bmi2, adx

Memory: 4k page, physical 8223592k(540044k free), swap 23656916k(5464k free)

vm_info: Java HotSpot(TM) 64-Bit Server VM (25.40-b25) for windows-amd64 JRE (1.8.0_40-b25), built on Feb 10 2015 21:53:57 by "java_re" with MS VC++ 10.0 (VS2010)

time: Tue May 12 12:09:29 2020
elapsed time: 10 seconds (0d 0h 0m 10s)

