#
# There is insufficient memory for the Java Runtime Environment to continue.
# Native memory allocation (malloc) failed to allocate 707856 bytes for Chunk::new
# Possible reasons:
#   The system is out of physical RAM or swap space
#   In 32 bit mode, the process size limit was hit
# Possible solutions:
#   Reduce memory load on the system
#   Increase physical memory or swap space
#   Check if swap backing store is full
#   Use 64 bit Java on a 64 bit OS
#   Decrease Java heap size (-Xmx/-Xms)
#   Decrease number of Java threads
#   Decrease Java thread stack sizes (-Xss)
#   Set larger code cache with -XX:ReservedCodeCacheSize=
# This output file may be truncated or incomplete.
#
#  Out of Memory Error (allocation.cpp:390), pid=17108, tid=10448
#
# JRE version: Java(TM) SE Runtime Environment (8.0_40-b25) (build 1.8.0_40-b25)
# Java VM: Java HotSpot(TM) 64-Bit Server VM (25.40-b25 mixed mode windows-amd64 compressed oops)
# Failed to write core dump. Minidumps are not enabled by default on client versions of Windows
#

---------------  T H R E A D  ---------------

Current thread (0x000000001979d000):  JavaThread "C2 CompilerThread1" daemon [_thread_in_native, id=10448, stack(0x000000001b2a0000,0x000000001b3a0000)]

Stack: [0x000000001b2a0000,0x000000001b3a0000]
Native frames: (J=compiled Java code, j=interpreted, Vv=VM code, C=native code)
V  [jvm.dll+0x32b47a]
V  [jvm.dll+0x2797f3]
V  [jvm.dll+0x27a489]
V  [jvm.dll+0x2717a5]
V  [jvm.dll+0xcb9a2]
V  [jvm.dll+0xcbe6c]
V  [jvm.dll+0x49294c]
V  [jvm.dll+0x45f94a]
V  [jvm.dll+0x46a73b]
V  [jvm.dll+0x46cd52]
V  [jvm.dll+0x4500d2]
V  [jvm.dll+0xa4312]
V  [jvm.dll+0xa4c4f]
V  [jvm.dll+0x241914]
V  [jvm.dll+0x29848a]
C  [msvcr100.dll+0x21d9f]
C  [msvcr100.dll+0x21e3b]
C  [KERNEL32.DLL+0x137e4]
C  [ntdll.dll+0x6cb81]


Current CompileTask:
C2:   3951 1330       4       java.net.URLStreamHandler::parseURL (1158 bytes)


---------------  P R O C E S S  ---------------

Java Threads: ( => current thread )
  0x000000001bfab800 JavaThread "background-preinit" [_thread_in_native, id=3264, stack(0x000000001d310000,0x000000001d410000)]
  0x000000001abe3800 JavaThread "Service Thread" daemon [_thread_blocked, id=12808, stack(0x000000001b4a0000,0x000000001b5a0000)]
  0x00000000197aa800 JavaThread "C1 CompilerThread2" daemon [_thread_blocked, id=11112, stack(0x000000001b3a0000,0x000000001b4a0000)]
=>0x000000001979d000 JavaThread "C2 CompilerThread1" daemon [_thread_in_native, id=10448, stack(0x000000001b2a0000,0x000000001b3a0000)]
  0x000000001979a000 JavaThread "C2 CompilerThread0" daemon [_thread_blocked, id=21288, stack(0x000000001b1a0000,0x000000001b2a0000)]
  0x0000000019798000 JavaThread "Monitor Ctrl-Break" daemon [_thread_in_native, id=26216, stack(0x000000001b0a0000,0x000000001b1a0000)]
  0x0000000019767800 JavaThread "Attach Listener" daemon [_thread_blocked, id=25868, stack(0x000000001afa0000,0x000000001b0a0000)]
  0x0000000019767000 JavaThread "Signal Dispatcher" daemon [_thread_blocked, id=18812, stack(0x000000001aea0000,0x000000001afa0000)]
  0x0000000004ba8000 JavaThread "Finalizer" daemon [_thread_blocked, id=18668, stack(0x000000001a9a0000,0x000000001aaa0000)]
  0x0000000019719000 JavaThread "Reference Handler" daemon [_thread_blocked, id=12884, stack(0x000000001a8a0000,0x000000001a9a0000)]
  0x0000000004ab9000 JavaThread "main" [_thread_in_native, id=20004, stack(0x00000000049b0000,0x0000000004ab0000)]

Other Threads:
  0x0000000019718000 VMThread [stack: 0x000000001a7a0000,0x000000001a8a0000] [id=1448]
  0x000000001abe6000 WatcherThread [stack: 0x000000001b5a0000,0x000000001b6a0000] [id=10184]

VM state:not at safepoint (normal execution)

VM Mutex/Monitor currently owned by a thread: None

Heap:
 PSYoungGen      total 37888K, used 6495K [0x00000000d6300000, 0x00000000d8d00000, 0x0000000100000000)
  eden space 32768K, 4% used [0x00000000d6300000,0x00000000d6459208,0x00000000d8300000)
  from space 5120K, 99% used [0x00000000d8300000,0x00000000d87feb48,0x00000000d8800000)
  to   space 5120K, 0% used [0x00000000d8800000,0x00000000d8800000,0x00000000d8d00000)
 ParOldGen       total 86016K, used 903K [0x0000000082800000, 0x0000000087c00000, 0x00000000d6300000)
  object space 86016K, 1% used [0x0000000082800000,0x00000000828e1d30,0x0000000087c00000)
 Metaspace       used 15419K, capacity 15918K, committed 16256K, reserved 1062912K
  class space    used 1933K, capacity 2069K, committed 2176K, reserved 1048576K

Card table byte_map: [0x0000000014070000,0x0000000014460000] byte_map_base: 0x0000000013c5c000

Marking Bits: (ParMarkBitMap*) 0x000000005e3e4040
 Begin Bits: [0x0000000014b00000, 0x0000000016a60000)
 End Bits:   [0x0000000016a60000, 0x00000000189c0000)

Polling page: 0x0000000002dd0000

CodeCache: size=245760Kb used=4708Kb max_used=4708Kb free=241051Kb
 bounds [0x0000000004cb0000, 0x0000000005150000, 0x0000000013cb0000]
 total_blobs=1720 nmethods=1374 adapters=259
 compilation: enabled

Compilation events (10 events):
Event: 3.873 Thread 0x00000000197aa800 1371       3       java.lang.Class::getGenericSuperclass (28 bytes)
Event: 3.874 Thread 0x00000000197aa800 nmethod 1371 0x0000000005145050 code [0x00000000051451e0, 0x00000000051455b8]
Event: 3.900 Thread 0x00000000197aa800 1372       3       sun.reflect.generics.parser.SignatureParser::parseTypeArgument (133 bytes)
Event: 3.902 Thread 0x00000000197aa800 nmethod 1372 0x00000000051485d0 code [0x00000000051488a0, 0x0000000005149ea8]
Event: 3.902 Thread 0x00000000197aa800 1375       3       sun.reflect.generics.repository.ClassRepository::getSuperInterfaces (83 bytes)
Event: 3.902 Thread 0x00000000197aa800 nmethod 1375 0x0000000005141e50 code [0x0000000005142040, 0x0000000005142bb8]
Event: 3.902 Thread 0x00000000197aa800 1373       3       org.hibernate.validator.internal.util.TypeHelper::resolveTypeForClassAndHierarchy (61 bytes)
Event: 3.903 Thread 0x00000000197aa800 nmethod 1373 0x000000000514a8d0 code [0x000000000514aae0, 0x000000000514b368]
Event: 3.903 Thread 0x00000000197aa800 1374       1       java.util.Collections$EmptyIterator::hasNext (2 bytes)
Event: 3.903 Thread 0x00000000197aa800 nmethod 1374 0x0000000005141b90 code [0x0000000005141ce0, 0x0000000005141df0]

GC Heap History (4 events):
Event: 2.062 GC heap before
{Heap before GC invocations=1 (full 0):
 PSYoungGen      total 37888K, used 32768K [0x00000000d6300000, 0x00000000d8d00000, 0x0000000100000000)
  eden space 32768K, 100% used [0x00000000d6300000,0x00000000d8300000,0x00000000d8300000)
  from space 5120K, 0% used [0x00000000d8800000,0x00000000d8800000,0x00000000d8d00000)
  to   space 5120K, 0% used [0x00000000d8300000,0x00000000d8300000,0x00000000d8800000)
 ParOldGen       total 86016K, used 0K [0x0000000082800000, 0x0000000087c00000, 0x00000000d6300000)
  object space 86016K, 0% used [0x0000000082800000,0x0000000082800000,0x0000000087c00000)
 Metaspace       used 8110K, capacity 8328K, committed 8448K, reserved 1056768K
  class space    used 929K, capacity 1006K, committed 1024K, reserved 1048576K
Event: 2.069 GC heap after
Heap after GC invocations=1 (full 0):
 PSYoungGen      total 37888K, used 4400K [0x00000000d6300000, 0x00000000d8d00000, 0x0000000100000000)
  eden space 32768K, 0% used [0x00000000d6300000,0x00000000d6300000,0x00000000d8300000)
  from space 5120K, 85% used [0x00000000d8300000,0x00000000d874c350,0x00000000d8800000)
  to   space 5120K, 0% used [0x00000000d8800000,0x00000000d8800000,0x00000000d8d00000)
 ParOldGen       total 86016K, used 8K [0x0000000082800000, 0x0000000087c00000, 0x00000000d6300000)
  object space 86016K, 0% used [0x0000000082800000,0x0000000082802000,0x0000000087c00000)
 Metaspace       used 8110K, capacity 8328K, committed 8448K, reserved 1056768K
  class space    used 929K, capacity 1006K, committed 1024K, reserved 1048576K
}
Event: 3.104 GC heap before
{Heap before GC invocations=2 (full 0):
 PSYoungGen      total 37888K, used 37168K [0x00000000d6300000, 0x00000000d8d00000, 0x0000000100000000)
  eden space 32768K, 100% used [0x00000000d6300000,0x00000000d8300000,0x00000000d8300000)
  from space 5120K, 85% used [0x00000000d8300000,0x00000000d874c350,0x00000000d8800000)
  to   space 5120K, 0% used [0x00000000d8800000,0x00000000d8800000,0x00000000d8d00000)
 ParOldGen       total 86016K, used 8K [0x0000000082800000, 0x0000000087c00000, 0x00000000d6300000)
  object space 86016K, 0% used [0x0000000082800000,0x0000000082802000,0x0000000087c00000)
 Metaspace       used 11112K, capacity 11448K, committed 11776K, reserved 1058816K
  class space    used 1324K, capacity 1420K, committed 1536K, reserved 1048576K
Event: 3.110 GC heap after
Heap after GC invocations=2 (full 0):
 PSYoungGen      total 37888K, used 4953K [0x00000000d6300000, 0x00000000d8d00000, 0x0000000100000000)
  eden space 32768K, 0% used [0x00000000d6300000,0x00000000d6300000,0x00000000d8300000)
  from space 5120K, 96% used [0x00000000d8800000,0x00000000d8cd6778,0x00000000d8d00000)
  to   space 5120K, 0% used [0x00000000d8300000,0x00000000d8300000,0x00000000d8800000)
 ParOldGen       total 86016K, used 16K [0x0000000082800000, 0x0000000087c00000, 0x00000000d6300000)
  object space 86016K, 0% used [0x0000000082800000,0x0000000082804000,0x0000000087c00000)
 Metaspace       used 11112K, capacity 11448K, committed 11776K, reserved 1058816K
  class space    used 1324K, capacity 1420K, committed 1536K, reserved 1048576K
}

Deoptimization events (6 events):
Event: 1.759 Thread 0x0000000004ab9000 Uncommon trap: reason=unstable_if action=reinterpret pc=0x0000000004edb308 method=java.util.HashMap.getNode(ILjava/lang/Object;)Ljava/util/HashMap$Node; @ 129
Event: 2.230 Thread 0x0000000004ab9000 Uncommon trap: reason=range_check action=make_not_entrant pc=0x0000000004f6bb60 method=sun.reflect.generics.parser.SignatureParser.current()C @ 34
Event: 2.499 Thread 0x0000000004ab9000 Uncommon trap: reason=unstable_if action=reinterpret pc=0x00000000050104d8 method=java.util.HashMap.hash(Ljava/lang/Object;)I @ 1
Event: 3.057 Thread 0x0000000004ab9000 Uncommon trap: reason=unstable_if action=reinterpret pc=0x0000000004ee8f2c method=java.io.WinNTFileSystem.normalize(Ljava/lang/String;)Ljava/lang/String; @ 128
Event: 3.176 Thread 0x0000000004ab9000 Uncommon trap: reason=unstable_if action=reinterpret pc=0x0000000004fc8514 method=java.lang.String.indexOf([CII[CIII)I @ 3
Event: 3.835 Thread 0x0000000004ab9000 Uncommon trap: reason=unstable_if action=reinterpret pc=0x00000000051114f8 method=java.util.concurrent.ConcurrentHashMap.addCount(JI)V @ 168

Internal exceptions (10 events):
Event: 1.550 Thread 0x0000000004ab9000 Exception <a 'java/io/FileNotFoundException'> (0x00000000d71eae08) thrown at [D:\re\workspace\8-2-build-windows-amd64-cygwin\jdk8u40\2855\hotspot\src\share\vm\prims\jni.cpp, line 709]
Event: 1.702 Thread 0x0000000004ab9000 Exception <a 'java/lang/NoSuchFieldError': method resolution failed> (0x00000000d7650938) thrown at [D:\re\workspace\8-2-build-windows-amd64-cygwin\jdk8u40\2855\hotspot\src\share\vm\prims\methodHandles.cpp, line 1125]
Event: 1.708 Thread 0x0000000004ab9000 Exception <a 'java/lang/NoSuchFieldError': method resolution failed> (0x00000000d765fb38) thrown at [D:\re\workspace\8-2-build-windows-amd64-cygwin\jdk8u40\2855\hotspot\src\share\vm\prims\methodHandles.cpp, line 1125]
Event: 1.807 Thread 0x0000000004ab9000 Exception <a 'java/lang/NoSuchMethodError': org.slf4j.impl.StaticMDCBinder.getSingleton()Lorg/slf4j/impl/StaticMDCBinder;> (0x00000000d79a85d8) thrown at [D:\re\workspace\8-2-build-windows-amd64-cygwin\jdk8u40\2855\hotspot\src\share\vm\interpreter\linkResom—„ïá¯@
Event: 2.211 Thread 0x0000000004ab9000 Exception <a 'java/lang/NoSuchMethodError': java.lang.Object.lambda$static$0(Ljava/lang/Object;)Ljava/lang/Object;> (0x00000000d6961588) thrown at [D:\re\workspace\8-2-build-windows-amd64-cygwin\jdk8u40\2855\hotspot\src\share\vm\interpreter\linkResolver.cpŽ´¸°Ö@
Event: 2.230 Thread 0x0000000004ab9000 Exception <a 'java/lang/ArrayIndexOutOfBoundsException': 18> (0x00000000d6ae6c88) thrown at [D:\re\workspace\8-2-build-windows-amd64-cygwin\jdk8u40\2855\hotspot\src\share\vm\interpreter\interpreterRuntime.cpp, line 366]
Event: 2.230 Thread 0x0000000004ab9000 Exception <a 'java/lang/ArrayIndexOutOfBoundsException': 182> (0x00000000d6ae9140) thrown at [D:\re\workspace\8-2-build-windows-amd64-cygwin\jdk8u40\2855\hotspot\src\share\vm\interpreter\interpreterRuntime.cpp, line 366]
Event: 2.231 Thread 0x0000000004ab9000 Exception <a 'java/lang/ArrayIndexOutOfBoundsException': 60> (0x00000000d6aeb408) thrown at [D:\re\workspace\8-2-build-windows-amd64-cygwin\jdk8u40\2855\hotspot\src\share\vm\interpreter\interpreterRuntime.cpp, line 366]
Event: 2.499 Thread 0x0000000004ab9000 Implicit null exception at 0x000000000500fdbb to 0x00000000050104bd
Event: 3.254 Thread 0x0000000004ab9000 Exception <a 'java/lang/NoSuchMethodError': java.lang.Object.lambda$chars$1()Ljava/util/Spliterator$OfInt;> (0x00000000d6911198) thrown at [D:\re\workspace\8-2-build-windows-amd64-cygwin\jdk8u40\2855\hotspot\src\share\vm\interpreter\linkResolver.cpp, line §UPòÌø?

Events (10 events):
Event: 3.909 loading class org/hibernate/validator/internal/constraintvalidators/bv/number/bound/MaxValidatorForFloat done
Event: 3.909 loading class org/hibernate/validator/internal/constraintvalidators/bv/number/bound/MaxValidatorForLong
Event: 3.909 loading class org/hibernate/validator/internal/constraintvalidators/bv/number/bound/MaxValidatorForLong done
Event: 3.911 loading class ch/qos/logback/core/net/ssl/SSLParametersConfiguration
Event: 3.911 loading class ch/qos/logback/core/net/ssl/SSLParametersConfiguration done
Event: 3.912 loading class ch/qos/logback/core/net/ssl/KeyStoreFactoryBean
Event: 3.912 loading class ch/qos/logback/core/net/ssl/KeyStoreFactoryBean done
Event: 3.912 loading class ch/qos/logback/core/net/ssl/KeyManagerFactoryFactoryBean
Event: 3.913 loading class ch/qos/logback/core/net/ssl/KeyManagerFactoryFactoryBean done
Event: 3.913 Executing VM operation: ParallelGCFailedAllocation


Dynamic libraries:
0x00007ff7ec5e0000 - 0x00007ff7ec617000 	C:\Program Files\Java\jdk1.8.0_40\bin\java.exe
0x00007ffdf1b20000 - 0x00007ffdf1d00000 	C:\WINDOWS\SYSTEM32\ntdll.dll
0x00007ffdf0ea0000 - 0x00007ffdf0f4e000 	C:\WINDOWS\System32\KERNEL32.DLL
0x00007ffdeeab0000 - 0x00007ffdeed16000 	C:\WINDOWS\System32\KERNELBASE.dll
0x00007ffdf1950000 - 0x00007ffdf19f1000 	C:\WINDOWS\System32\ADVAPI32.dll
0x00007ffdf0780000 - 0x00007ffdf081d000 	C:\WINDOWS\System32\msvcrt.dll
0x00007ffdf1610000 - 0x00007ffdf166b000 	C:\WINDOWS\System32\sechost.dll
0x00007ffdeeff0000 - 0x00007ffdef10f000 	C:\WINDOWS\System32\RPCRT4.dll
0x00007ffdf1690000 - 0x00007ffdf181f000 	C:\WINDOWS\System32\USER32.dll
0x00007ffdeed20000 - 0x00007ffdeed40000 	C:\WINDOWS\System32\win32u.dll
0x00007ffdef260000 - 0x00007ffdef288000 	C:\WINDOWS\System32\GDI32.dll
0x00007ffdedf20000 - 0x00007ffdee0b3000 	C:\WINDOWS\System32\gdi32full.dll
0x00007ffdee110000 - 0x00007ffdee1ab000 	C:\WINDOWS\System32\msvcp_win.dll
0x00007ffdee260000 - 0x00007ffdee354000 	C:\WINDOWS\System32\ucrtbase.dll
0x00007ffde4b10000 - 0x00007ffde4d79000 	C:\WINDOWS\WinSxS\amd64_microsoft.windows.common-controls_6595b64144ccf1df_6.0.16299.1685_none_0f90a16e5a65585b\COMCTL32.dll
0x00007ffdf0b20000 - 0x00007ffdf0e26000 	C:\WINDOWS\System32\combase.dll
0x00007ffdeeda0000 - 0x00007ffdeee18000 	C:\WINDOWS\System32\bcryptPrimitives.dll
0x00007ffdf1a60000 - 0x00007ffdf1a8d000 	C:\WINDOWS\System32\IMM32.DLL
0x000000005e5d0000 - 0x000000005e6a2000 	C:\Program Files\Java\jdk1.8.0_40\jre\bin\msvcr100.dll
0x000000005dbe0000 - 0x000000005e463000 	C:\Program Files\Java\jdk1.8.0_40\jre\bin\server\jvm.dll
0x00007ffdf1670000 - 0x00007ffdf1678000 	C:\WINDOWS\System32\PSAPI.DLL
0x00007ffde63f0000 - 0x00007ffde6413000 	C:\WINDOWS\SYSTEM32\WINMM.dll
0x00007ffde2a10000 - 0x00007ffde2a19000 	C:\WINDOWS\SYSTEM32\WSOCK32.dll
0x00007ffde8090000 - 0x00007ffde809a000 	C:\WINDOWS\SYSTEM32\VERSION.dll
0x00007ffdf0e30000 - 0x00007ffdf0e9c000 	C:\WINDOWS\System32\WS2_32.dll
0x00007ffde63c0000 - 0x00007ffde63ea000 	C:\WINDOWS\SYSTEM32\WINMMBASE.dll
0x00007ffdee0c0000 - 0x00007ffdee10a000 	C:\WINDOWS\System32\cfgmgr32.dll
0x000000005e5c0000 - 0x000000005e5cf000 	C:\Program Files\Java\jdk1.8.0_40\jre\bin\verify.dll
0x000000005e590000 - 0x000000005e5b9000 	C:\Program Files\Java\jdk1.8.0_40\jre\bin\java.dll
0x000000005da00000 - 0x000000005da23000 	C:\Program Files\Java\jdk1.8.0_40\jre\bin\instrument.dll
0x000000005e570000 - 0x000000005e586000 	C:\Program Files\Java\jdk1.8.0_40\jre\bin\zip.dll
0x00007ffdef290000 - 0x00007ffdf06cd000 	C:\WINDOWS\System32\SHELL32.dll
0x00007ffdf06d0000 - 0x00007ffdf0776000 	C:\WINDOWS\System32\shcore.dll
0x00007ffdee360000 - 0x00007ffdeeaaa000 	C:\WINDOWS\System32\windows.storage.dll
0x00007ffdf1a90000 - 0x00007ffdf1ae1000 	C:\WINDOWS\System32\shlwapi.dll
0x00007ffdede90000 - 0x00007ffdedea1000 	C:\WINDOWS\System32\kernel.appcore.dll
0x00007ffdedeb0000 - 0x00007ffdedefc000 	C:\WINDOWS\System32\powrprof.dll
0x00007ffdede70000 - 0x00007ffdede8b000 	C:\WINDOWS\System32\profapi.dll
0x00007ffdd0280000 - 0x00007ffdd029a000 	C:\Program Files\JetBrains\IntelliJ IDEA 2019.2.3\bin\breakgen64.dll
0x000000005e550000 - 0x000000005e56a000 	C:\Program Files\Java\jdk1.8.0_40\jre\bin\net.dll
0x00007ffded6d0000 - 0x00007ffded736000 	C:\WINDOWS\system32\mswsock.dll
0x000000005e520000 - 0x000000005e52d000 	C:\Program Files\Java\jdk1.8.0_40\jre\bin\management.dll
0x00007ffdda6a0000 - 0x00007ffdda6cf000 	C:\Program Files (x86)\Sangfor\SSL\ClientComponent\SangforNspX64.dll
0x00007ffdef110000 - 0x00007ffdef259000 	C:\WINDOWS\System32\ole32.dll
0x00007ffdf08a0000 - 0x00007ffdf0964000 	C:\WINDOWS\System32\OLEAUT32.dll
0x00007ffdda680000 - 0x00007ffdda696000 	C:\WINDOWS\system32\napinsp.dll
0x00007ffdda660000 - 0x00007ffdda67a000 	C:\WINDOWS\system32\pnrpnsp.dll
0x00007ffdea040000 - 0x00007ffdea058000 	C:\WINDOWS\system32\NLAapi.dll
0x00007ffded460000 - 0x00007ffded517000 	C:\WINDOWS\SYSTEM32\DNSAPI.dll
0x00007ffdf1680000 - 0x00007ffdf1688000 	C:\WINDOWS\System32\NSI.dll
0x00007ffded420000 - 0x00007ffded459000 	C:\WINDOWS\SYSTEM32\IPHLPAPI.DLL
0x00007ffddbb10000 - 0x00007ffddbb1e000 	C:\WINDOWS\System32\winrnr.dll
0x00007ffde82d0000 - 0x00007ffde82e5000 	C:\WINDOWS\System32\wshbth.dll
0x00007ffde2fe0000 - 0x00007ffde315b000 	C:\Program Files (x86)\Sangfor\SSL\ClientComponent\SangforTcpX64.dll
0x00007ffdeed40000 - 0x00007ffdeed99000 	C:\WINDOWS\System32\WINTRUST.dll
0x00007ffdedf00000 - 0x00007ffdedf12000 	C:\WINDOWS\System32\MSASN1.dll
0x00007ffdeee20000 - 0x00007ffdeefee000 	C:\WINDOWS\System32\CRYPT32.dll
0x00007ffde4610000 - 0x00007ffde461a000 	C:\Windows\System32\rasadhlp.dll
0x00007ffde59c0000 - 0x00007ffde5a30000 	C:\WINDOWS\System32\fwpuclnt.dll
0x00007ffded9a0000 - 0x00007ffded9c5000 	C:\WINDOWS\SYSTEM32\bcrypt.dll
0x00007ffdec8b0000 - 0x00007ffdeca78000 	C:\WINDOWS\SYSTEM32\dbghelp.dll

VM Arguments:
jvm_args: -ea -Didea.test.cyclic.buffer.size=1048576 -javaagent:C:\Program Files\JetBrains\IntelliJ IDEA 2019.2.3\lib\idea_rt.jar=53047:C:\Program Files\JetBrains\IntelliJ IDEA 2019.2.3\bin -Dfile.encoding=UTF-8 
java_command: com.intellij.rt.junit.JUnitStarter -ideVersion5 -junit4 com.nowcoder.community.KafkaTest,testKafka
java_class_path (initial): C:\Program Files\JetBrains\IntelliJ IDEA 2019.2.3\lib\idea_rt.jar;C:\Program Files\JetBrains\IntelliJ IDEA 2019.2.3\plugins\junit\lib\junit5-rt.jar;C:\Program Files\JetBrains\IntelliJ IDEA 2019.2.3\plugins\junit\lib\junit-rt.jar;C:\Program Files\Java\jdk1.8.0_40\jre\lib\charsets.jar;C:\Program Files\Java\jdk1.8.0_40\jre\lib\deploy.jar;C:\Program Files\Java\jdk1.8.0_40\jre\lib\ext\access-bridge-64.jar;C:\Program Files\Java\jdk1.8.0_40\jre\lib\ext\cldrdata.jar;C:\Program Files\Java\jdk1.8.0_40\jre\lib\ext\dnsns.jar;C:\Program Files\Java\jdk1.8.0_40\jre\lib\ext\jaccess.jar;C:\Program Files\Java\jdk1.8.0_40\jre\lib\ext\jfxrt.jar;C:\Program Files\Java\jdk1.8.0_40\jre\lib\ext\localedata.jar;C:\Program Files\Java\jdk1.8.0_40\jre\lib\ext\nashorn.jar;C:\Program Files\Java\jdk1.8.0_40\jre\lib\ext\sunec.jar;C:\Program Files\Java\jdk1.8.0_40\jre\lib\ext\sunjce_provider.jar;C:\Program Files\Java\jdk1.8.0_40\jre\lib\ext\sunmscapi.jar;C:\Program Files\Java\jdk1.8.0_40\jre\lib\ext\sunpkcs11.jar;C:\Program Files\Java\jdk1.8.0_40\jre\lib\ext\zipfs.jar;C:\Program Files\Java\jdk1.8.0_40\jre\lib\javaws.jar;C:\Program Files\Java\jdk1.8.0_40\jre\lib\jce.jar;C:\Program Files\Java\jdk1.8.0_40\jre\lib\jfr.jar;C:\Program Files\Java\jdk1.8.0_40\jre\lib\jfxswt.jar;C:\Program Files\Java\jdk1.8.0_40\jre\lib\jsse.jar;C:\Program Files\Java\jdk1.8.0_40\jre\lib\management-agent.jar;C:\Program Files\Java\jdk1.8.0_40\jre\lib\plugin.jar;C:\Program Files\Java\jdk1.8.0_40\jre\lib\resources.jar;C:\Program Files\Java\jdk1.8.0_40\jre\lib\rt.jar;F:\MyProject\community\target\test-classes;F:\MyProject\community\target\classes;C:\Users\Administrator\.m2\repository\org\springframework\boot\spring-boot-starter-aop\2.1.13.RELEASE\spring-boot-starter-aop-2.1.13.RELEASE.jar;C:\Users\Administrator\.m2\repository\org\springframework\boot\spring-boot-starter\2.1.13.RELEASE\spring-boot-starter-2.1.13.RELEASE.jar;C:\Users\Administrator\.m2\repository\org\springframework\boot\spring-boot-start
Launcher Type: SUN_STANDARD

Environment Variables:
JAVA_HOME=C:\Program Files\Java\jdk1.8.0_40
CLASSPATH=.;C:\Program Files\Java\jdk1.8.0_40\lib\dt.jar;C:\Program Files\Java\jdk1.8.0_40\lib\tools.jar; 
PATH=C:\Program Files\Python37\Scripts\;C:\Program Files\Python37\;C:\ProgramData\Oracle\Java\javapath;C:;C:\Program Files\MySQL\MySQL Server 5.7\bin;C:\Program Files\Java\jdk1.8.0_40\bin;C:\Program Files\Java\jdk1.8.0_40\jre\bin;\Windows\system32;C:\Windows;C:\Windows\System32\Wbem;C:\Windows\System32\WindowsPowerShell\v1.0\;C:\Program Files (x86)\NVIDIA Corporation\PhysX\Common;C:\WINDOWS\system32;C:\WINDOWS;C:\WINDOWS\System32\Wbem;C:\WINDOWS\System32\WindowsPowerShell\v1.0\;C:\Program Files\MySQL\MySQL Server 5.7\bin;F:\apache-maven-3.3.9\bin\;F:\apache-tomcat-7.0.93\bin;C:\Program Files\Python37;E:\Git\cmd;E:\Redis;C:\Users\Administrator\AppData\Local\Programs\Python\Python38-32\Scripts\;C:\Users\Administrator\AppData\Local\Programs\Python\Python38-32\;C:\Users\Administrator\AppData\Local\Microsoft\WindowsApps;C:\Program Files\MySQL\MySQL Server 5.7\bin;F:\apache-tomcat-7.0.93\bin;C:\ProgramData\Administrator\GitHubDesktop\bin;C:\Users\Administrator\AppData\Local\GitHubDesktop\bin;E:\Python\PyCharm 2019.1.3\bin;;C:\Program Files\Python37;;C:\Program Files\JetBrains\IntelliJ IDEA 2019.2.3\bin;
USERNAME=Administrator
OS=Windows_NT
PROCESSOR_IDENTIFIER=Intel64 Family 6 Model 78 Stepping 3, GenuineIntel



---------------  S Y S T E M  ---------------

OS: Windows 10.0 , 64 bit Build 16299 (10.0.16299.1146)

CPU:total 4 (2 cores per cpu, 2 threads per core) family 6 model 78 stepping 3, cmov, cx8, fxsr, mmx, sse, sse2, sse3, ssse3, sse4.1, sse4.2, popcnt, avx, avx2, aes, clmul, erms, 3dnowpref, lzcnt, ht, tsc, tscinvbit, bmi1, bmi2, adx

Memory: 4k page, physical 8223592k(710028k free), swap 23656916k(3220k free)

vm_info: Java HotSpot(TM) 64-Bit Server VM (25.40-b25) for windows-amd64 JRE (1.8.0_40-b25), built on Feb 10 2015 21:53:57 by "java_re" with MS VC++ 10.0 (VS2010)

time: Tue May 12 08:42:59 2020
elapsed time: 3 seconds (0d 0h 0m 3s)

