#
# There is insufficient memory for the Java Runtime Environment to continue.
# Native memory allocation (malloc) failed to allocate 467456 bytes for Chunk::new
# Possible reasons:
#   The system is out of physical RAM or swap space
#   In 32 bit mode, the process size limit was hit
# Possible solutions:
#   Reduce memory load on the system
#   Increase physical memory or swap space
#   Check if swap backing store is full
#   Use 64 bit Java on a 64 bit OS
#   Decrease Java heap size (-Xmx/-Xms)
#   Decrease number of Java threads
#   Decrease Java thread stack sizes (-Xss)
#   Set larger code cache with -XX:ReservedCodeCacheSize=
# This output file may be truncated or incomplete.
#
#  Out of Memory Error (allocation.cpp:390), pid=16688, tid=20312
#
# JRE version: Java(TM) SE Runtime Environment (8.0_40-b25) (build 1.8.0_40-b25)
# Java VM: Java HotSpot(TM) 64-Bit Server VM (25.40-b25 mixed mode windows-amd64 compressed oops)
# Failed to write core dump. Minidumps are not enabled by default on client versions of Windows
#

---------------  T H R E A D  ---------------

Current thread (0x0000000019858000):  JavaThread "C2 CompilerThread0" daemon [_thread_in_native, id=20312, stack(0x000000001b260000,0x000000001b360000)]

Stack: [0x000000001b260000,0x000000001b360000]
Native frames: (J=compiled Java code, j=interpreted, Vv=VM code, C=native code)
V  [jvm.dll+0x32b47a]
V  [jvm.dll+0x2797f3]
V  [jvm.dll+0x27a489]
V  [jvm.dll+0x2717a5]
V  [jvm.dll+0xcb9a2]
V  [jvm.dll+0xcbe6c]
V  [jvm.dll+0x476ea2]
V  [jvm.dll+0x4b950f]
V  [jvm.dll+0x46bf81]
V  [jvm.dll+0x46ccbe]
V  [jvm.dll+0x4500d2]
V  [jvm.dll+0xa4312]
V  [jvm.dll+0xa4c4f]
V  [jvm.dll+0x241914]
V  [jvm.dll+0x29848a]
C  [msvcr100.dll+0x21d9f]
C  [msvcr100.dll+0x21e3b]
C  [KERNEL32.DLL+0x137e4]
C  [ntdll.dll+0x6cb81]


Current CompileTask:
C2:   5124 1177   !   4       java.net.URL::<init> (543 bytes)


---------------  P R O C E S S  ---------------

Java Threads: ( => current thread )
  0x000000001c6f2800 JavaThread "background-preinit" [_thread_in_native, id=5808, stack(0x000000001d4d0000,0x000000001d5d0000)]
  0x000000001ac13000 JavaThread "Service Thread" daemon [_thread_blocked, id=26420, stack(0x000000001b560000,0x000000001b660000)]
  0x000000001986c000 JavaThread "C1 CompilerThread2" daemon [_thread_in_vm, id=6384, stack(0x000000001b460000,0x000000001b560000)]
  0x000000001985b000 JavaThread "C2 CompilerThread1" daemon [_thread_in_native, id=24160, stack(0x000000001b360000,0x000000001b460000)]
=>0x0000000019858000 JavaThread "C2 CompilerThread0" daemon [_thread_in_native, id=20312, stack(0x000000001b260000,0x000000001b360000)]
  0x0000000019855000 JavaThread "Monitor Ctrl-Break" daemon [_thread_in_native, id=23580, stack(0x000000001b160000,0x000000001b260000)]
  0x000000001aba2800 JavaThread "Attach Listener" daemon [_thread_blocked, id=13756, stack(0x000000001b060000,0x000000001b160000)]
  0x0000000019828000 JavaThread "Signal Dispatcher" daemon [_thread_blocked, id=25100, stack(0x000000001af60000,0x000000001b060000)]
  0x0000000004bb8000 JavaThread "Finalizer" daemon [_thread_blocked, id=25788, stack(0x000000001aa60000,0x000000001ab60000)]
  0x00000000197d9000 JavaThread "Reference Handler" daemon [_thread_blocked, id=14932, stack(0x000000001a960000,0x000000001aa60000)]
  0x0000000004ac9000 JavaThread "main" [_thread_in_Java, id=23732, stack(0x00000000049b0000,0x0000000004ab0000)]

Other Threads:
  0x00000000197d8000 VMThread [stack: 0x000000001a860000,0x000000001a960000] [id=692]
  0x000000001ac4e800 WatcherThread [stack: 0x000000001b660000,0x000000001b760000] [id=22632]

VM state:not at safepoint (normal execution)

VM Mutex/Monitor currently owned by a thread: None

Heap:
 PSYoungGen      total 37888K, used 19695K [0x00000000d6300000, 0x00000000d8d00000, 0x0000000100000000)
  eden space 32768K, 45% used [0x00000000d6300000,0x00000000d7174b10,0x00000000d8300000)
  from space 5120K, 95% used [0x00000000d8800000,0x00000000d8cc71f0,0x00000000d8d00000)
  to   space 5120K, 0% used [0x00000000d8300000,0x00000000d8300000,0x00000000d8800000)
 ParOldGen       total 86016K, used 24K [0x0000000082800000, 0x0000000087c00000, 0x00000000d6300000)
  object space 86016K, 0% used [0x0000000082800000,0x0000000082806000,0x0000000087c00000)
 Metaspace       used 13047K, capacity 13434K, committed 13568K, reserved 1060864K
  class space    used 1592K, capacity 1691K, committed 1792K, reserved 1048576K

Card table byte_map: [0x0000000014130000,0x0000000014520000] byte_map_base: 0x0000000013d1c000

Marking Bits: (ParMarkBitMap*) 0x000000005e3e4040
 Begin Bits: [0x0000000014bc0000, 0x0000000016b20000)
 End Bits:   [0x0000000016b20000, 0x0000000018a80000)

Polling page: 0x0000000002880000

CodeCache: size=245760Kb used=4175Kb max_used=4175Kb free=241584Kb
 bounds [0x0000000004d70000, 0x0000000005190000, 0x0000000013d70000]
 total_blobs=1534 nmethods=1199 adapters=248
 compilation: enabled

Compilation events (10 events):
Event: 5.072 Thread 0x000000001985b000 1186       4       java.net.URLStreamHandler::setURL (40 bytes)
Event: 5.075 Thread 0x000000001985b000 nmethod 1186 0x0000000005181e50 code [0x0000000005181fa0, 0x00000000051822b8]
Event: 5.075 Thread 0x000000001985b000 1187   !   4       java.net.URL::set (114 bytes)
Event: 5.075 Thread 0x000000001986c000 1188       3       ch.qos.logback.classic.Logger::getChildByName (68 bytes)
Event: 5.075 Thread 0x000000001986c000 nmethod 1188 0x00000000051813d0 code [0x0000000005181580, 0x0000000005181c28]
Event: 5.076 Thread 0x000000001985b000 nmethod 1187 0x000000000517f9d0 code [0x000000000517fb20, 0x000000000517fdf8]
Event: 5.084 Thread 0x000000001986c000 1189       3       org.springframework.boot.env.OriginTrackedPropertiesLoader$CharacterReader::isPropertyDelimiter (31 bytes)
Event: 5.084 Thread 0x000000001986c000 nmethod 1189 0x000000000517f590 code [0x000000000517f700, 0x000000000517f930]
Event: 5.085 Thread 0x000000001986c000 1190  s    3       java.io.BufferedInputStream::read (113 bytes)
Event: 5.085 Thread 0x000000001986c000 nmethod 1190 0x0000000005180510 code [0x00000000051806e0, 0x0000000005181058]

GC Heap History (4 events):
Event: 3.419 GC heap before
{Heap before GC invocations=1 (full 0):
 PSYoungGen      total 37888K, used 32768K [0x00000000d6300000, 0x00000000d8d00000, 0x0000000100000000)
  eden space 32768K, 100% used [0x00000000d6300000,0x00000000d8300000,0x00000000d8300000)
  from space 5120K, 0% used [0x00000000d8800000,0x00000000d8800000,0x00000000d8d00000)
  to   space 5120K, 0% used [0x00000000d8300000,0x00000000d8300000,0x00000000d8800000)
 ParOldGen       total 86016K, used 0K [0x0000000082800000, 0x0000000087c00000, 0x00000000d6300000)
  object space 86016K, 0% used [0x0000000082800000,0x0000000082800000,0x0000000087c00000)
 Metaspace       used 8149K, capacity 8392K, committed 8448K, reserved 1056768K
  class space    used 932K, capacity 1006K, committed 1024K, reserved 1048576K
Event: 3.429 GC heap after
Heap after GC invocations=1 (full 0):
 PSYoungGen      total 37888K, used 4416K [0x00000000d6300000, 0x00000000d8d00000, 0x0000000100000000)
  eden space 32768K, 0% used [0x00000000d6300000,0x00000000d6300000,0x00000000d8300000)
  from space 5120K, 86% used [0x00000000d8300000,0x00000000d8750360,0x00000000d8800000)
  to   space 5120K, 0% used [0x00000000d8800000,0x00000000d8800000,0x00000000d8d00000)
 ParOldGen       total 86016K, used 16K [0x0000000082800000, 0x0000000087c00000, 0x00000000d6300000)
  object space 86016K, 0% used [0x0000000082800000,0x0000000082804000,0x0000000087c00000)
 Metaspace       used 8149K, capacity 8392K, committed 8448K, reserved 1056768K
  class space    used 932K, capacity 1006K, committed 1024K, reserved 1048576K
}
Event: 4.745 GC heap before
{Heap before GC invocations=2 (full 0):
 PSYoungGen      total 37888K, used 37184K [0x00000000d6300000, 0x00000000d8d00000, 0x0000000100000000)
  eden space 32768K, 100% used [0x00000000d6300000,0x00000000d8300000,0x00000000d8300000)
  from space 5120K, 86% used [0x00000000d8300000,0x00000000d8750360,0x00000000d8800000)
  to   space 5120K, 0% used [0x00000000d8800000,0x00000000d8800000,0x00000000d8d00000)
 ParOldGen       total 86016K, used 16K [0x0000000082800000, 0x0000000087c00000, 0x00000000d6300000)
  object space 86016K, 0% used [0x0000000082800000,0x0000000082804000,0x0000000087c00000)
 Metaspace       used 11132K, capacity 11448K, committed 11776K, reserved 1058816K
  class space    used 1325K, capacity 1420K, committed 1536K, reserved 1048576K
Event: 4.756 GC heap after
Heap after GC invocations=2 (full 0):
 PSYoungGen      total 37888K, used 4892K [0x00000000d6300000, 0x00000000d8d00000, 0x0000000100000000)
  eden space 32768K, 0% used [0x00000000d6300000,0x00000000d6300000,0x00000000d8300000)
  from space 5120K, 95% used [0x00000000d8800000,0x00000000d8cc71f0,0x00000000d8d00000)
  to   space 5120K, 0% used [0x00000000d8300000,0x00000000d8300000,0x00000000d8800000)
 ParOldGen       total 86016K, used 24K [0x0000000082800000, 0x0000000087c00000, 0x00000000d6300000)
  object space 86016K, 0% used [0x0000000082800000,0x0000000082806000,0x0000000087c00000)
 Metaspace       used 11132K, capacity 11448K, committed 11776K, reserved 1058816K
  class space    used 1325K, capacity 1420K, committed 1536K, reserved 1048576K
}

Deoptimization events (7 events):
Event: 2.495 Thread 0x0000000004ac9000 Uncommon trap: reason=unstable_if action=reinterpret pc=0x0000000004f97800 method=java.util.HashMap.getNode(ILjava/lang/Object;)Ljava/util/HashMap$Node; @ 129
Event: 2.630 Thread 0x0000000004ac9000 Uncommon trap: reason=unstable_if action=reinterpret pc=0x0000000004f579f0 method=java.util.HashMap.getNode(ILjava/lang/Object;)Ljava/util/HashMap$Node; @ 129
Event: 3.778 Thread 0x0000000004ac9000 Uncommon trap: reason=range_check action=make_not_entrant pc=0x000000000502d560 method=sun.reflect.generics.parser.SignatureParser.current()C @ 34
Event: 4.079 Thread 0x0000000004ac9000 Uncommon trap: reason=unstable_if action=reinterpret pc=0x00000000050ce100 method=java.util.HashMap.hash(Ljava/lang/Object;)I @ 1
Event: 4.081 Thread 0x0000000004ac9000 Uncommon trap: reason=unstable_if action=reinterpret pc=0x0000000004f98968 method=java.util.HashMap.hash(Ljava/lang/Object;)I @ 1
Event: 4.665 Thread 0x0000000004ac9000 Uncommon trap: reason=unstable_if action=reinterpret pc=0x0000000004fa6150 method=java.io.WinNTFileSystem.normalize(Ljava/lang/String;)Ljava/lang/String; @ 128
Event: 4.839 Thread 0x0000000004ac9000 Uncommon trap: reason=unstable_if action=reinterpret pc=0x0000000005070d54 method=java.lang.String.indexOf([CII[CIII)I @ 3

Internal exceptions (10 events):
Event: 2.403 Thread 0x0000000004ac9000 Exception <a 'java/lang/NoSuchFieldError': method resolution failed> (0x00000000d7629410) thrown at [D:\re\workspace\8-2-build-windows-amd64-cygwin\jdk8u40\2855\hotspot\src\share\vm\prims\methodHandles.cpp, line 1125]
Event: 2.412 Thread 0x0000000004ac9000 Exception <a 'java/lang/NoSuchFieldError': method resolution failed> (0x00000000d7638610) thrown at [D:\re\workspace\8-2-build-windows-amd64-cygwin\jdk8u40\2855\hotspot\src\share\vm\prims\methodHandles.cpp, line 1125]
Event: 2.648 Thread 0x0000000004ac9000 Exception <a 'java/lang/NoSuchMethodError': org.slf4j.impl.StaticMDCBinder.getSingleton()Lorg/slf4j/impl/StaticMDCBinder;> (0x00000000d79807b0) thrown at [D:\re\workspace\8-2-build-windows-amd64-cygwin\jdk8u40\2855\hotspot\src\share\vm\interpreter\linkResoIyúûµù@
Event: 3.702 Thread 0x0000000004ac9000 Exception <a 'java/lang/NoSuchMethodError': java.lang.Object.lambda$static$0(Ljava/lang/Object;)Ljava/lang/Object;> (0x00000000d693a2c0) thrown at [D:\re\workspace\8-2-build-windows-amd64-cygwin\jdk8u40\2855\hotspot\src\share\vm\interpreter\linkResolver.cpOÕ—À&:@
Event: 3.778 Thread 0x0000000004ac9000 Exception <a 'java/lang/ArrayIndexOutOfBoundsException': 18> (0x00000000d6abe330) thrown at [D:\re\workspace\8-2-build-windows-amd64-cygwin\jdk8u40\2855\hotspot\src\share\vm\interpreter\interpreterRuntime.cpp, line 366]
Event: 3.779 Thread 0x0000000004ac9000 Exception <a 'java/lang/ArrayIndexOutOfBoundsException': 182> (0x00000000d6ac07e8) thrown at [D:\re\workspace\8-2-build-windows-amd64-cygwin\jdk8u40\2855\hotspot\src\share\vm\interpreter\interpreterRuntime.cpp, line 366]
Event: 3.780 Thread 0x0000000004ac9000 Exception <a 'java/lang/ArrayIndexOutOfBoundsException': 60> (0x00000000d6ac2ab0) thrown at [D:\re\workspace\8-2-build-windows-amd64-cygwin\jdk8u40\2855\hotspot\src\share\vm\interpreter\interpreterRuntime.cpp, line 366]
Event: 4.079 Thread 0x0000000004ac9000 Implicit null exception at 0x00000000050cdabb to 0x00000000050ce0e5
Event: 4.081 Thread 0x0000000004ac9000 Implicit null exception at 0x0000000004f988ef to 0x0000000004f98959
Event: 4.901 Thread 0x0000000004ac9000 Exception <a 'java/lang/NoSuchMethodError': java.lang.Object.lambda$chars$1()Ljava/util/Spliterator$OfInt;> (0x00000000d698bbf0) thrown at [D:\re\workspace\8-2-build-windows-amd64-cygwin\jdk8u40\2855\hotspot\src\share\vm\interpreter\linkResolver.cpp, line ÜïZÕ?9@

Events (10 events):
Event: 5.088 loading class org/hibernate/validator/internal/util/logging/Log_$logger_zh_CN done
Event: 5.088 loading class org/hibernate/validator/internal/util/logging/Log_$logger_zh
Event: 5.088 loading class org/hibernate/validator/internal/util/logging/Log_$logger_zh done
Event: 5.089 loading class org/hibernate/validator/resourceloading/PlatformResourceBundleLocator
Event: 5.089 loading class org/hibernate/validator/resourceloading/PlatformResourceBundleLocator done
Event: 5.090 loading class org/hibernate/validator/resourceloading/PlatformResourceBundleLocator$AggregateResourceBundle
Event: 5.090 loading class org/hibernate/validator/resourceloading/PlatformResourceBundleLocator$AggregateResourceBundle done
Event: 5.090 loading class org/hibernate/validator/resourceloading/PlatformResourceBundleLocator$AggregateResourceBundleControl
Event: 5.090 loading class org/hibernate/validator/resourceloading/PlatformResourceBundleLocator$AggregateResourceBundleControl done
Event: 5.091 loading class java/util/Collections$2


Dynamic libraries:
0x00007ff7ec5e0000 - 0x00007ff7ec617000 	C:\Program Files\Java\jdk1.8.0_40\bin\java.exe
0x00007ffdf1b20000 - 0x00007ffdf1d00000 	C:\WINDOWS\SYSTEM32\ntdll.dll
0x00007ffdf0ea0000 - 0x00007ffdf0f4e000 	C:\WINDOWS\System32\KERNEL32.DLL
0x00007ffdeeab0000 - 0x00007ffdeed16000 	C:\WINDOWS\System32\KERNELBASE.dll
0x00007ffdf1950000 - 0x00007ffdf19f1000 	C:\WINDOWS\System32\ADVAPI32.dll
0x00007ffdf0780000 - 0x00007ffdf081d000 	C:\WINDOWS\System32\msvcrt.dll
0x00007ffdf1610000 - 0x00007ffdf166b000 	C:\WINDOWS\System32\sechost.dll
0x00007ffdeeff0000 - 0x00007ffdef10f000 	C:\WINDOWS\System32\RPCRT4.dll
0x00007ffdf1690000 - 0x00007ffdf181f000 	C:\WINDOWS\System32\USER32.dll
0x00007ffdeed20000 - 0x00007ffdeed40000 	C:\WINDOWS\System32\win32u.dll
0x00007ffdef260000 - 0x00007ffdef288000 	C:\WINDOWS\System32\GDI32.dll
0x00007ffdedf20000 - 0x00007ffdee0b3000 	C:\WINDOWS\System32\gdi32full.dll
0x00007ffdee110000 - 0x00007ffdee1ab000 	C:\WINDOWS\System32\msvcp_win.dll
0x00007ffdee260000 - 0x00007ffdee354000 	C:\WINDOWS\System32\ucrtbase.dll
0x00007ffde4b10000 - 0x00007ffde4d79000 	C:\WINDOWS\WinSxS\amd64_microsoft.windows.common-controls_6595b64144ccf1df_6.0.16299.1685_none_0f90a16e5a65585b\COMCTL32.dll
0x00007ffdf0b20000 - 0x00007ffdf0e26000 	C:\WINDOWS\System32\combase.dll
0x00007ffdeeda0000 - 0x00007ffdeee18000 	C:\WINDOWS\System32\bcryptPrimitives.dll
0x00007ffdf1a60000 - 0x00007ffdf1a8d000 	C:\WINDOWS\System32\IMM32.DLL
0x000000005e5d0000 - 0x000000005e6a2000 	C:\Program Files\Java\jdk1.8.0_40\jre\bin\msvcr100.dll
0x000000005dbe0000 - 0x000000005e463000 	C:\Program Files\Java\jdk1.8.0_40\jre\bin\server\jvm.dll
0x00007ffdf1670000 - 0x00007ffdf1678000 	C:\WINDOWS\System32\PSAPI.DLL
0x00007ffde2a10000 - 0x00007ffde2a19000 	C:\WINDOWS\SYSTEM32\WSOCK32.dll
0x00007ffdf0e30000 - 0x00007ffdf0e9c000 	C:\WINDOWS\System32\WS2_32.dll
0x00007ffde63f0000 - 0x00007ffde6413000 	C:\WINDOWS\SYSTEM32\WINMM.dll
0x00007ffde8090000 - 0x00007ffde809a000 	C:\WINDOWS\SYSTEM32\VERSION.dll
0x00007ffde63c0000 - 0x00007ffde63ea000 	C:\WINDOWS\SYSTEM32\winmmbase.dll
0x00007ffdee0c0000 - 0x00007ffdee10a000 	C:\WINDOWS\System32\cfgmgr32.dll
0x000000005e5c0000 - 0x000000005e5cf000 	C:\Program Files\Java\jdk1.8.0_40\jre\bin\verify.dll
0x000000005e590000 - 0x000000005e5b9000 	C:\Program Files\Java\jdk1.8.0_40\jre\bin\java.dll
0x000000005dbb0000 - 0x000000005dbd3000 	C:\Program Files\Java\jdk1.8.0_40\jre\bin\instrument.dll
0x000000005e570000 - 0x000000005e586000 	C:\Program Files\Java\jdk1.8.0_40\jre\bin\zip.dll
0x00007ffdef290000 - 0x00007ffdf06cd000 	C:\WINDOWS\System32\SHELL32.dll
0x00007ffdf06d0000 - 0x00007ffdf0776000 	C:\WINDOWS\System32\shcore.dll
0x00007ffdee360000 - 0x00007ffdeeaaa000 	C:\WINDOWS\System32\windows.storage.dll
0x00007ffdf1a90000 - 0x00007ffdf1ae1000 	C:\WINDOWS\System32\shlwapi.dll
0x00007ffdede90000 - 0x00007ffdedea1000 	C:\WINDOWS\System32\kernel.appcore.dll
0x00007ffdedeb0000 - 0x00007ffdedefc000 	C:\WINDOWS\System32\powrprof.dll
0x00007ffdede70000 - 0x00007ffdede8b000 	C:\WINDOWS\System32\profapi.dll
0x00007ffde5dc0000 - 0x00007ffde5dda000 	C:\Program Files\JetBrains\IntelliJ IDEA 2019.2.3\bin\breakgen64.dll
0x000000005e550000 - 0x000000005e56a000 	C:\Program Files\Java\jdk1.8.0_40\jre\bin\net.dll
0x00007ffded6d0000 - 0x00007ffded736000 	C:\WINDOWS\system32\mswsock.dll
0x00007ffdec8b0000 - 0x00007ffdeca78000 	C:\WINDOWS\SYSTEM32\dbghelp.dll

VM Arguments:
jvm_args: -ea -Didea.test.cyclic.buffer.size=1048576 -javaagent:C:\Program Files\JetBrains\IntelliJ IDEA 2019.2.3\lib\idea_rt.jar=51303:C:\Program Files\JetBrains\IntelliJ IDEA 2019.2.3\bin -Dfile.encoding=UTF-8 
java_command: com.intellij.rt.junit.JUnitStarter -ideVersion5 -junit4 com.nowcoder.community.KafkaTest,testKafka
java_class_path (initial): C:\Program Files\JetBrains\IntelliJ IDEA 2019.2.3\lib\idea_rt.jar;C:\Program Files\JetBrains\IntelliJ IDEA 2019.2.3\plugins\junit\lib\junit5-rt.jar;C:\Program Files\JetBrains\IntelliJ IDEA 2019.2.3\plugins\junit\lib\junit-rt.jar;C:\Program Files\Java\jdk1.8.0_40\jre\lib\charsets.jar;C:\Program Files\Java\jdk1.8.0_40\jre\lib\deploy.jar;C:\Program Files\Java\jdk1.8.0_40\jre\lib\ext\access-bridge-64.jar;C:\Program Files\Java\jdk1.8.0_40\jre\lib\ext\cldrdata.jar;C:\Program Files\Java\jdk1.8.0_40\jre\lib\ext\dnsns.jar;C:\Program Files\Java\jdk1.8.0_40\jre\lib\ext\jaccess.jar;C:\Program Files\Java\jdk1.8.0_40\jre\lib\ext\jfxrt.jar;C:\Program Files\Java\jdk1.8.0_40\jre\lib\ext\localedata.jar;C:\Program Files\Java\jdk1.8.0_40\jre\lib\ext\nashorn.jar;C:\Program Files\Java\jdk1.8.0_40\jre\lib\ext\sunec.jar;C:\Program Files\Java\jdk1.8.0_40\jre\lib\ext\sunjce_provider.jar;C:\Program Files\Java\jdk1.8.0_40\jre\lib\ext\sunmscapi.jar;C:\Program Files\Java\jdk1.8.0_40\jre\lib\ext\sunpkcs11.jar;C:\Program Files\Java\jdk1.8.0_40\jre\lib\ext\zipfs.jar;C:\Program Files\Java\jdk1.8.0_40\jre\lib\javaws.jar;C:\Program Files\Java\jdk1.8.0_40\jre\lib\jce.jar;C:\Program Files\Java\jdk1.8.0_40\jre\lib\jfr.jar;C:\Program Files\Java\jdk1.8.0_40\jre\lib\jfxswt.jar;C:\Program Files\Java\jdk1.8.0_40\jre\lib\jsse.jar;C:\Program Files\Java\jdk1.8.0_40\jre\lib\management-agent.jar;C:\Program Files\Java\jdk1.8.0_40\jre\lib\plugin.jar;C:\Program Files\Java\jdk1.8.0_40\jre\lib\resources.jar;C:\Program Files\Java\jdk1.8.0_40\jre\lib\rt.jar;F:\MyProject\community\target\test-classes;F:\MyProject\community\target\classes;C:\Users\Administrator\.m2\repository\org\springframework\boot\spring-boot-starter-aop\2.1.13.RELEASE\spring-boot-starter-aop-2.1.13.RELEASE.jar;C:\Users\Administrator\.m2\repository\org\springframework\boot\spring-boot-starter\2.1.13.RELEASE\spring-boot-starter-2.1.13.RELEASE.jar;C:\Users\Administrator\.m2\repository\org\springframework\boot\spring-boot-start
Launcher Type: SUN_STANDARD

Environment Variables:
JAVA_HOME=C:\Program Files\Java\jdk1.8.0_40
CLASSPATH=.;C:\Program Files\Java\jdk1.8.0_40\lib\dt.jar;C:\Program Files\Java\jdk1.8.0_40\lib\tools.jar; 
PATH=C:\Program Files\Python37\Scripts\;C:\Program Files\Python37\;C:\ProgramData\Oracle\Java\javapath;C:;C:\Program Files\MySQL\MySQL Server 5.7\bin;C:\Program Files\Java\jdk1.8.0_40\bin;C:\Program Files\Java\jdk1.8.0_40\jre\bin;\Windows\system32;C:\Windows;C:\Windows\System32\Wbem;C:\Windows\System32\WindowsPowerShell\v1.0\;C:\Program Files (x86)\NVIDIA Corporation\PhysX\Common;C:\WINDOWS\system32;C:\WINDOWS;C:\WINDOWS\System32\Wbem;C:\WINDOWS\System32\WindowsPowerShell\v1.0\;C:\Program Files\MySQL\MySQL Server 5.7\bin;F:\apache-maven-3.3.9\bin\;F:\apache-tomcat-7.0.93\bin;C:\Program Files\Python37;E:\Git\cmd;E:\Redis;C:\Users\Administrator\AppData\Local\Programs\Python\Python38-32\Scripts\;C:\Users\Administrator\AppData\Local\Programs\Python\Python38-32\;C:\Users\Administrator\AppData\Local\Microsoft\WindowsApps;C:\Program Files\MySQL\MySQL Server 5.7\bin;F:\apache-tomcat-7.0.93\bin;C:\ProgramData\Administrator\GitHubDesktop\bin;C:\Users\Administrator\AppData\Local\GitHubDesktop\bin;E:\Python\PyCharm 2019.1.3\bin;;C:\Program Files\Python37;;C:\Program Files\JetBrains\IntelliJ IDEA 2019.2.3\bin;
USERNAME=Administrator
OS=Windows_NT
PROCESSOR_IDENTIFIER=Intel64 Family 6 Model 78 Stepping 3, GenuineIntel



---------------  S Y S T E M  ---------------

OS: Windows 10.0 , 64 bit Build 16299 (10.0.16299.1146)

CPU:total 4 (2 cores per cpu, 2 threads per core) family 6 model 78 stepping 3, cmov, cx8, fxsr, mmx, sse, sse2, sse3, ssse3, sse4.1, sse4.2, popcnt, avx, avx2, aes, clmul, erms, 3dnowpref, lzcnt, ht, tsc, tscinvbit, bmi1, bmi2, adx

Memory: 4k page, physical 8223592k(468496k free), swap 23656916k(1284k free)

vm_info: Java HotSpot(TM) 64-Bit Server VM (25.40-b25) for windows-amd64 JRE (1.8.0_40-b25), built on Feb 10 2015 21:53:57 by "java_re" with MS VC++ 10.0 (VS2010)

time: Tue May 12 08:07:46 2020
elapsed time: 5 seconds (0d 0h 0m 5s)

