JvmtiExport can_access_local_variables 0
JvmtiExport can_hotswap_or_post_breakpoint 0
JvmtiExport can_post_on_exceptions 0
# 430 ciObject found
ciMethod java/lang/Object <init> ()V 4097 1 180138 0 96
ciMethod java/lang/Object hashCode ()I 2049 1 256 0 -1
ciMethod java/lang/Object equals (Ljava/lang/Object;)Z 2073 1 6620 0 -1
ciMethod java/lang/Object clone ()Ljava/lang/Object; 2049 1 256 0 -1
ciMethod java/lang/String <init> ([CII)V 4097 1 5705 0 608
ciMethod java/lang/String <init> ([BIILjava/lang/String;)V 2049 1 844 0 -1
ciMethod java/lang/String <init> ([CZ)V 3065 1 10687 0 0
ciMethod java/lang/String length ()I 4097 1 123547 0 64
ciMethod java/lang/String charAt (I)C 4097 1 495642 0 -1
ciMethod java/lang/String getChars ([CI)V 2041 1 5400 0 0
ciMethod java/lang/String equals (Ljava/lang/Object;)Z 4097 19625 4688 0 -1
ciMethod java/lang/String equalsIgnoreCase (Ljava/lang/String;)Z 1169 1 5291 0 1600
ciMethod java/lang/String regionMatches (ZILjava/lang/String;II)Z 2673 625 5479 0 1920
ciMethod java/lang/String hashCode ()I 2817 32769 1859 0 288
ciMethod java/lang/String lastIndexOf (I)I 3089 1 19258 0 288
ciMethod java/lang/String lastIndexOf (II)I 1609 139265 1035 0 320
ciMethod java/lang/String lastIndexOfSupplementary (II)I 0 0 1 0 -1
ciMethod java/lang/String substring (II)Ljava/lang/String; 4097 1 5654 0 864
ciMethod java/lang/String concat (Ljava/lang/String;)Ljava/lang/String; 2049 1 5401 0 896
ciMethod java/lang/String replace (CC)Ljava/lang/String; 849 57801 963 0 1120
ciMethod java/lang/String toUpperCase (Ljava/util/Locale;)Ljava/lang/String; 1233 35185 1185 0 -1
ciMethod java/lang/ClassLoader defineClass (Ljava/lang/String;[BIILjava/security/ProtectionDomain;)Ljava/lang/Class; 2993 1 2606 0 -1
ciMethod java/lang/ClassLoader definePackage (Ljava/lang/String;Ljava/lang/String;Ljava/lang/String;Ljava/lang/String;Ljava/lang/String;Ljava/lang/String;Ljava/lang/String;Ljava/net/URL;)Ljava/lang/Package; 465 1 338 0 0
ciMethod java/lang/ClassLoader getPackage (Ljava/lang/String;)Ljava/lang/Package; 2049 1 3627 0 0
ciMethod java/lang/System nanoTime ()J 2049 1 256 0 -1
ciMethod java/lang/System arraycopy (Ljava/lang/Object;ILjava/lang/Object;II)V 35841 1 4480 0 -1
ciMethod java/lang/Throwable addSuppressed (Ljava/lang/Throwable;)V 0 0 1 0 -1
ciMethod java/security/SecureClassLoader defineClass (Ljava/lang/String;[BIILjava/security/CodeSource;)Ljava/lang/Class; 2993 1 2585 0 0
ciMethod java/security/SecureClassLoader defineClass (Ljava/lang/String;Ljava/nio/ByteBuffer;Ljava/security/CodeSource;)Ljava/lang/Class; 0 0 1 0 -1
ciMethod java/security/SecureClassLoader getProtectionDomain (Ljava/security/CodeSource;)Ljava/security/ProtectionDomain; 2993 1 2604 0 -1
ciMethod java/lang/ref/Reference get ()Ljava/lang/Object; 2057 1 257 0 -1
ciMethod java/lang/ref/Reference <init> (Ljava/lang/Object;)V 2049 1 4096 0 0
ciMethod java/lang/ref/Reference <init> (Ljava/lang/Object;Ljava/lang/ref/ReferenceQueue;)V 2049 1 13633 0 0
ciMethod java/lang/ref/SoftReference <init> (Ljava/lang/Object;)V 2721 1 956 0 0
ciMethod java/lang/ref/SoftReference get ()Ljava/lang/Object; 2049 1 8427 0 96
ciMethod java/lang/Thread currentThread ()Ljava/lang/Thread; 2049 1 256 0 -1
ciMethod java/lang/Thread interrupt ()V 0 0 1 0 -1
ciMethod java/lang/Thread interrupted ()Z 3073 1 2596 0 -1
ciMethod java/util/Map get (Ljava/lang/Object;)Ljava/lang/Object; 0 0 1 0 -1
ciMethod java/util/Map put (Ljava/lang/Object;Ljava/lang/Object;)Ljava/lang/Object; 0 0 1 0 -1
ciMethod java/util/Hashtable <init> (IF)V 1953 1 194 0 0
ciMethod java/util/Hashtable <init> (I)V 401 1 47 0 0
ciMethod java/util/Hashtable <init> ()V 1553 1 147 0 0
ciMethod java/util/Dictionary <init> ()V 1953 1 194 0 0
ciMethod java/lang/StringBuilder <init> ()V 2521 1 16022 0 -1
ciMethod java/lang/StringBuilder append (Ljava/lang/String;)Ljava/lang/StringBuilder; 4097 1 45882 0 -1
ciMethod java/lang/StringBuilder append (I)Ljava/lang/StringBuilder; 49 1 705 0 -1
ciMethod java/lang/StringBuilder append (F)Ljava/lang/StringBuilder; 0 0 1 0 -1
ciMethod java/lang/StringBuilder toString ()Ljava/lang/String; 2649 1 19592 0 -1
ciMethod java/io/ByteArrayInputStream <init> ([B)V 129 1 47 0 0
ciMethod java/io/InputStream <init> ()V 2049 1 5697 0 0
ciMethod java/io/InputStream read ([BII)I 0 0 1 0 -1
ciMethod java/io/InputStream close ()V 0 0 1 0 -1
ciMethod java/net/URLClassLoader getAndVerifyPackage (Ljava/lang/String;Ljava/util/jar/Manifest;Ljava/net/URL;)Ljava/lang/Package; 2049 1 2578 0 0
ciMethod java/net/URLClassLoader definePackageInternal (Ljava/lang/String;Ljava/util/jar/Manifest;Ljava/net/URL;)V 2049 1 2572 0 0
ciMethod java/net/URLClassLoader defineClass (Ljava/lang/String;Lsun/misc/Resource;)Ljava/lang/Class; 1977 1 2576 0 0
ciMethod java/net/URLClassLoader definePackage (Ljava/lang/String;Ljava/util/jar/Manifest;Ljava/net/URL;)Ljava/lang/Package; 449 1 336 0 0
ciMethod java/net/URLClassLoader isSealed (Ljava/lang/String;Ljava/util/jar/Manifest;)Z 1577 1 2252 0 0
ciMethod java/net/URLClassLoader access$000 (Ljava/net/URLClassLoader;)Lsun/misc/URLClassPath; 1025 1 128 0 0
ciMethod java/net/URLClassLoader access$100 (Ljava/net/URLClassLoader;Ljava/lang/String;Lsun/misc/Resource;)Ljava/lang/Class; 1977 1 2575 0 0
ciMethod java/util/jar/Manifest <init> (Ljava/io/InputStream;)V 121 1 45 0 0
ciMethod java/util/jar/Manifest getMainAttributes ()Ljava/util/jar/Attributes; 1025 1 128 0 0
ciMethod java/util/jar/Manifest getEntries ()Ljava/util/Map; 1025 1 128 0 0
ciMethod java/util/jar/Manifest getAttributes (Ljava/lang/String;)Ljava/util/jar/Attributes; 3073 1 2624 0 0
ciMethod java/util/jar/Manifest read (Ljava/io/InputStream;)V 121 1 46 0 -1
ciMethod java/util/jar/Manifest parseName ([BI)Ljava/lang/String; 305 1 38 0 -1
ciMethod java/security/CodeSource <init> (Ljava/net/URL;[Ljava/security/CodeSigner;)V 2993 1 2583 0 0
ciMethod java/lang/Character toLowerCase (C)C 4097 1 13000 0 160
ciMethod java/lang/Character toLowerCase (I)I 4097 1 30243 0 0
ciMethod java/lang/Character toUpperCase (C)C 3073 1 7981 0 0
ciMethod java/lang/Character toUpperCase (I)I 3065 1 7981 0 0
ciMethod java/lang/Float isNaN (F)Z 3073 1 1085 0 0
ciMethod java/lang/Float floatToRawIntBits (F)I 9 1 1 0 -1
ciMethod java/util/Comparator compare (Ljava/lang/Object;Ljava/lang/Object;)I 0 0 1 0 -1
ciMethod java/security/AccessController doPrivileged (Ljava/security/PrivilegedAction;)Ljava/lang/Object; 2049 1 256 0 -1
ciMethod java/util/AbstractList <init> ()V 2049 1 6915 0 32
ciMethod java/util/AbstractCollection <init> ()V 1025 1 9471 0 0
ciMethod java/lang/Math max (II)I 2049 1 6958 0 -1
ciMethod java/lang/Math min (II)I 4097 1 44268 0 -1
