2020-05-03 10:39:03,816 ERROR [http-nio-8080-exec-2] c.n.c.c.a.ExceptionAdvice [ExceptionAdvice.java:26] 服务器发生异常null
2020-05-03 10:39:03,847 ERROR [http-nio-8080-exec-2] c.n.c.c.a.ExceptionAdvice [ExceptionAdvice.java:30] com.nowcoder.community.controller.CommentController.addComment(CommentController.java:29)
2020-05-03 10:39:03,848 ERROR [http-nio-8080-exec-2] c.n.c.c.a.ExceptionAdvice [ExceptionAdvice.java:30] sun.reflect.NativeMethodAccessorImpl.invoke0(Native Method)
2020-05-03 10:39:03,848 ERROR [http-nio-8080-exec-2] c.n.c.c.a.ExceptionAdvice [ExceptionAdvice.java:30] sun.reflect.NativeMethodAccessorImpl.invoke(NativeMethodAccessorImpl.java:62)
2020-05-03 10:39:03,849 ERROR [http-nio-8080-exec-2] c.n.c.c.a.ExceptionAdvice [ExceptionAdvice.java:30] sun.reflect.DelegatingMethodAccessorImpl.invoke(DelegatingMethodAccessorImpl.java:43)
2020-05-03 10:39:03,849 ERROR [http-nio-8080-exec-2] c.n.c.c.a.ExceptionAdvice [ExceptionAdvice.java:30] java.lang.reflect.Method.invoke(Method.java:497)
2020-05-03 10:39:03,850 ERROR [http-nio-8080-exec-2] c.n.c.c.a.ExceptionAdvice [ExceptionAdvice.java:30] org.springframework.web.method.support.InvocableHandlerMethod.doInvoke(InvocableHandlerMethod.java:190)
2020-05-03 10:39:03,850 ERROR [http-nio-8080-exec-2] c.n.c.c.a.ExceptionAdvice [ExceptionAdvice.java:30] org.springframework.web.method.support.InvocableHandlerMethod.invokeForRequest(InvocableHandlerMethod.java:138)
2020-05-03 10:39:03,850 ERROR [http-nio-8080-exec-2] c.n.c.c.a.ExceptionAdvice [ExceptionAdvice.java:30] org.springframework.web.servlet.mvc.method.annotation.ServletInvocableHandlerMethod.invokeAndHandle(ServletInvocableHandlerMethod.java:105)
2020-05-03 10:39:03,850 ERROR [http-nio-8080-exec-2] c.n.c.c.a.ExceptionAdvice [ExceptionAdvice.java:30] org.springframework.web.servlet.mvc.method.annotation.RequestMappingHandlerAdapter.invokeHandlerMethod(RequestMappingHandlerAdapter.java:893)
2020-05-03 10:39:03,851 ERROR [http-nio-8080-exec-2] c.n.c.c.a.ExceptionAdvice [ExceptionAdvice.java:30] org.springframework.web.servlet.mvc.method.annotation.RequestMappingHandlerAdapter.handleInternal(RequestMappingHandlerAdapter.java:798)
2020-05-03 10:39:03,851 ERROR [http-nio-8080-exec-2] c.n.c.c.a.ExceptionAdvice [ExceptionAdvice.java:30] org.springframework.web.servlet.mvc.method.AbstractHandlerMethodAdapter.handle(AbstractHandlerMethodAdapter.java:87)
2020-05-03 10:39:03,851 ERROR [http-nio-8080-exec-2] c.n.c.c.a.ExceptionAdvice [ExceptionAdvice.java:30] org.springframework.web.servlet.DispatcherServlet.doDispatch(DispatcherServlet.java:1040)
2020-05-03 10:39:03,851 ERROR [http-nio-8080-exec-2] c.n.c.c.a.ExceptionAdvice [ExceptionAdvice.java:30] org.springframework.web.servlet.DispatcherServlet.doService(DispatcherServlet.java:943)
2020-05-03 10:39:03,852 ERROR [http-nio-8080-exec-2] c.n.c.c.a.ExceptionAdvice [ExceptionAdvice.java:30] org.springframework.web.servlet.FrameworkServlet.processRequest(FrameworkServlet.java:1006)
2020-05-03 10:39:03,852 ERROR [http-nio-8080-exec-2] c.n.c.c.a.ExceptionAdvice [ExceptionAdvice.java:30] org.springframework.web.servlet.FrameworkServlet.doPost(FrameworkServlet.java:909)
2020-05-03 10:39:03,852 ERROR [http-nio-8080-exec-2] c.n.c.c.a.ExceptionAdvice [ExceptionAdvice.java:30] javax.servlet.http.HttpServlet.service(HttpServlet.java:660)
2020-05-03 10:39:03,852 ERROR [http-nio-8080-exec-2] c.n.c.c.a.ExceptionAdvice [ExceptionAdvice.java:30] org.springframework.web.servlet.FrameworkServlet.service(FrameworkServlet.java:883)
2020-05-03 10:39:03,853 ERROR [http-nio-8080-exec-2] c.n.c.c.a.ExceptionAdvice [ExceptionAdvice.java:30] javax.servlet.http.HttpServlet.service(HttpServlet.java:741)
2020-05-03 10:39:03,853 ERROR [http-nio-8080-exec-2] c.n.c.c.a.ExceptionAdvice [ExceptionAdvice.java:30] org.apache.catalina.core.ApplicationFilterChain.internalDoFilter(ApplicationFilterChain.java:231)
2020-05-03 10:39:03,853 ERROR [http-nio-8080-exec-2] c.n.c.c.a.ExceptionAdvice [ExceptionAdvice.java:30] org.apache.catalina.core.ApplicationFilterChain.doFilter(ApplicationFilterChain.java:166)
2020-05-03 10:39:03,853 ERROR [http-nio-8080-exec-2] c.n.c.c.a.ExceptionAdvice [ExceptionAdvice.java:30] org.apache.tomcat.websocket.server.WsFilter.doFilter(WsFilter.java:53)
2020-05-03 10:39:03,854 ERROR [http-nio-8080-exec-2] c.n.c.c.a.ExceptionAdvice [ExceptionAdvice.java:30] org.apache.catalina.core.ApplicationFilterChain.internalDoFilter(ApplicationFilterChain.java:193)
2020-05-03 10:39:03,854 ERROR [http-nio-8080-exec-2] c.n.c.c.a.ExceptionAdvice [ExceptionAdvice.java:30] org.apache.catalina.core.ApplicationFilterChain.doFilter(ApplicationFilterChain.java:166)
2020-05-03 10:39:03,854 ERROR [http-nio-8080-exec-2] c.n.c.c.a.ExceptionAdvice [ExceptionAdvice.java:30] com.alibaba.druid.support.http.WebStatFilter.doFilter(WebStatFilter.java:123)
2020-05-03 10:39:03,855 ERROR [http-nio-8080-exec-2] c.n.c.c.a.ExceptionAdvice [ExceptionAdvice.java:30] org.apache.catalina.core.ApplicationFilterChain.internalDoFilter(ApplicationFilterChain.java:193)
2020-05-03 10:39:03,856 ERROR [http-nio-8080-exec-2] c.n.c.c.a.ExceptionAdvice [ExceptionAdvice.java:30] org.apache.catalina.core.ApplicationFilterChain.doFilter(ApplicationFilterChain.java:166)
2020-05-03 10:39:03,858 ERROR [http-nio-8080-exec-2] c.n.c.c.a.ExceptionAdvice [ExceptionAdvice.java:30] org.springframework.web.filter.RequestContextFilter.doFilterInternal(RequestContextFilter.java:100)
2020-05-03 10:39:03,858 ERROR [http-nio-8080-exec-2] c.n.c.c.a.ExceptionAdvice [ExceptionAdvice.java:30] org.springframework.web.filter.OncePerRequestFilter.doFilter(OncePerRequestFilter.java:119)
2020-05-03 10:39:03,859 ERROR [http-nio-8080-exec-2] c.n.c.c.a.ExceptionAdvice [ExceptionAdvice.java:30] org.apache.catalina.core.ApplicationFilterChain.internalDoFilter(ApplicationFilterChain.java:193)
2020-05-03 10:39:03,859 ERROR [http-nio-8080-exec-2] c.n.c.c.a.ExceptionAdvice [ExceptionAdvice.java:30] org.apache.catalina.core.ApplicationFilterChain.doFilter(ApplicationFilterChain.java:166)
2020-05-03 10:39:03,859 ERROR [http-nio-8080-exec-2] c.n.c.c.a.ExceptionAdvice [ExceptionAdvice.java:30] org.springframework.web.filter.FormContentFilter.doFilterInternal(FormContentFilter.java:93)
2020-05-03 10:39:03,860 ERROR [http-nio-8080-exec-2] c.n.c.c.a.ExceptionAdvice [ExceptionAdvice.java:30] org.springframework.web.filter.OncePerRequestFilter.doFilter(OncePerRequestFilter.java:119)
2020-05-03 10:39:03,860 ERROR [http-nio-8080-exec-2] c.n.c.c.a.ExceptionAdvice [ExceptionAdvice.java:30] org.apache.catalina.core.ApplicationFilterChain.internalDoFilter(ApplicationFilterChain.java:193)
2020-05-03 10:39:03,860 ERROR [http-nio-8080-exec-2] c.n.c.c.a.ExceptionAdvice [ExceptionAdvice.java:30] org.apache.catalina.core.ApplicationFilterChain.doFilter(ApplicationFilterChain.java:166)
2020-05-03 10:39:03,860 ERROR [http-nio-8080-exec-2] c.n.c.c.a.ExceptionAdvice [ExceptionAdvice.java:30] org.springframework.web.filter.HiddenHttpMethodFilter.doFilterInternal(HiddenHttpMethodFilter.java:94)
2020-05-03 10:39:03,861 ERROR [http-nio-8080-exec-2] c.n.c.c.a.ExceptionAdvice [ExceptionAdvice.java:30] org.springframework.web.filter.OncePerRequestFilter.doFilter(OncePerRequestFilter.java:119)
2020-05-03 10:39:03,862 ERROR [http-nio-8080-exec-2] c.n.c.c.a.ExceptionAdvice [ExceptionAdvice.java:30] org.apache.catalina.core.ApplicationFilterChain.internalDoFilter(ApplicationFilterChain.java:193)
2020-05-03 10:39:03,862 ERROR [http-nio-8080-exec-2] c.n.c.c.a.ExceptionAdvice [ExceptionAdvice.java:30] org.apache.catalina.core.ApplicationFilterChain.doFilter(ApplicationFilterChain.java:166)
2020-05-03 10:39:03,864 ERROR [http-nio-8080-exec-2] c.n.c.c.a.ExceptionAdvice [ExceptionAdvice.java:30] org.springframework.web.filter.CharacterEncodingFilter.doFilterInternal(CharacterEncodingFilter.java:201)
2020-05-03 10:39:03,865 ERROR [http-nio-8080-exec-2] c.n.c.c.a.ExceptionAdvice [ExceptionAdvice.java:30] org.springframework.web.filter.OncePerRequestFilter.doFilter(OncePerRequestFilter.java:119)
2020-05-03 10:39:03,866 ERROR [http-nio-8080-exec-2] c.n.c.c.a.ExceptionAdvice [ExceptionAdvice.java:30] org.apache.catalina.core.ApplicationFilterChain.internalDoFilter(ApplicationFilterChain.java:193)
2020-05-03 10:39:03,867 ERROR [http-nio-8080-exec-2] c.n.c.c.a.ExceptionAdvice [ExceptionAdvice.java:30] org.apache.catalina.core.ApplicationFilterChain.doFilter(ApplicationFilterChain.java:166)
2020-05-03 10:39:03,867 ERROR [http-nio-8080-exec-2] c.n.c.c.a.ExceptionAdvice [ExceptionAdvice.java:30] org.apache.catalina.core.StandardWrapperValve.invoke(StandardWrapperValve.java:202)
2020-05-03 10:39:03,867 ERROR [http-nio-8080-exec-2] c.n.c.c.a.ExceptionAdvice [ExceptionAdvice.java:30] org.apache.catalina.core.StandardContextValve.invoke(StandardContextValve.java:96)
2020-05-03 10:39:03,868 ERROR [http-nio-8080-exec-2] c.n.c.c.a.ExceptionAdvice [ExceptionAdvice.java:30] org.apache.catalina.authenticator.AuthenticatorBase.invoke(AuthenticatorBase.java:541)
2020-05-03 10:39:03,868 ERROR [http-nio-8080-exec-2] c.n.c.c.a.ExceptionAdvice [ExceptionAdvice.java:30] org.apache.catalina.core.StandardHostValve.invoke(StandardHostValve.java:139)
2020-05-03 10:39:03,868 ERROR [http-nio-8080-exec-2] c.n.c.c.a.ExceptionAdvice [ExceptionAdvice.java:30] org.apache.catalina.valves.ErrorReportValve.invoke(ErrorReportValve.java:92)
2020-05-03 10:39:03,868 ERROR [http-nio-8080-exec-2] c.n.c.c.a.ExceptionAdvice [ExceptionAdvice.java:30] org.apache.catalina.core.StandardEngineValve.invoke(StandardEngineValve.java:74)
2020-05-03 10:39:03,869 ERROR [http-nio-8080-exec-2] c.n.c.c.a.ExceptionAdvice [ExceptionAdvice.java:30] org.apache.catalina.connector.CoyoteAdapter.service(CoyoteAdapter.java:343)
2020-05-03 10:39:03,869 ERROR [http-nio-8080-exec-2] c.n.c.c.a.ExceptionAdvice [ExceptionAdvice.java:30] org.apache.coyote.http11.Http11Processor.service(Http11Processor.java:367)
2020-05-03 10:39:03,869 ERROR [http-nio-8080-exec-2] c.n.c.c.a.ExceptionAdvice [ExceptionAdvice.java:30] org.apache.coyote.AbstractProcessorLight.process(AbstractProcessorLight.java:65)
2020-05-03 10:39:03,869 ERROR [http-nio-8080-exec-2] c.n.c.c.a.ExceptionAdvice [ExceptionAdvice.java:30] org.apache.coyote.AbstractProtocol$ConnectionHandler.process(AbstractProtocol.java:868)
2020-05-03 10:39:03,869 ERROR [http-nio-8080-exec-2] c.n.c.c.a.ExceptionAdvice [ExceptionAdvice.java:30] org.apache.tomcat.util.net.NioEndpoint$SocketProcessor.doRun(NioEndpoint.java:1639)
2020-05-03 10:39:03,869 ERROR [http-nio-8080-exec-2] c.n.c.c.a.ExceptionAdvice [ExceptionAdvice.java:30] org.apache.tomcat.util.net.SocketProcessorBase.run(SocketProcessorBase.java:49)
2020-05-03 10:39:03,870 ERROR [http-nio-8080-exec-2] c.n.c.c.a.ExceptionAdvice [ExceptionAdvice.java:30] java.util.concurrent.ThreadPoolExecutor.runWorker(ThreadPoolExecutor.java:1142)
2020-05-03 10:39:03,870 ERROR [http-nio-8080-exec-2] c.n.c.c.a.ExceptionAdvice [ExceptionAdvice.java:30] java.util.concurrent.ThreadPoolExecutor$Worker.run(ThreadPoolExecutor.java:617)
2020-05-03 10:39:03,870 ERROR [http-nio-8080-exec-2] c.n.c.c.a.ExceptionAdvice [ExceptionAdvice.java:30] org.apache.tomcat.util.threads.TaskThread$WrappingRunnable.run(TaskThread.java:61)
2020-05-03 10:39:03,870 ERROR [http-nio-8080-exec-2] c.n.c.c.a.ExceptionAdvice [ExceptionAdvice.java:30] java.lang.Thread.run(Thread.java:745)
