2020-05-11 22:27:55,429 INFO [main] c.n.c.KafkaTest [StartupInfoLogger.java:50] Starting KafkaTest on WIN10-804271905 with PID 19216 (started by Administrator in F:\MyProject\community)
2020-05-11 22:27:55,447 INFO [main] c.n.c.KafkaTest [SpringApplication.java:648] No active profile set, falling back to default profiles: default
2020-05-11 22:27:59,614 INFO [main] o.s.d.r.c.RepositoryConfigurationDelegate [RepositoryConfigurationDelegate.java:247] Multiple Spring Data modules found, entering strict repository configuration mode!
2020-05-11 22:27:59,618 INFO [main] o.s.d.r.c.RepositoryConfigurationDelegate [RepositoryConfigurationDelegate.java:127] Bootstrapping Spring Data Redis repositories in DEFAULT mode.
2020-05-11 22:27:59,727 INFO [main] o.s.d.r.c.RepositoryConfigurationDelegate [RepositoryConfigurationDelegate.java:185] Finished Spring Data repository scanning in 67ms. Found 0 Redis repository interfaces.
2020-05-11 22:28:01,558 INFO [main] o.s.c.s.PostProcessorRegistrationDelegate$BeanPostProcessorChecker [PostProcessorRegistrationDelegate.java:330] Bean 'org.springframework.kafka.annotation.KafkaBootstrapConfiguration' of type [org.springframework.kafka.annotation.KafkaBootstrapConfiguration$$EnhancerBySpringCGLIB$$f25d5d9c] is not eligible for getting processed by all BeanPostProcessors (for example: not eligible for auto-proxying)
2020-05-11 22:28:02,534 INFO [main] c.a.d.s.b.a.DruidDataSourceAutoConfigure [DruidDataSourceAutoConfigure.java:56] Init DruidDataSource
2020-05-11 22:28:03,502 INFO [main] c.a.d.p.DruidDataSource [DruidDataSource.java:930] {dataSource-1} inited
2020-05-11 22:28:10,075 INFO [main] o.s.s.c.ThreadPoolTaskExecutor [ExecutorConfigurationSupport.java:171] Initializing ExecutorService 'applicationTaskExecutor'
2020-05-11 22:28:10,448 INFO [main] o.s.b.a.w.s.WelcomePageHandlerMapping [WelcomePageHandlerMapping.java:58] Adding welcome page template: index
2020-05-11 22:28:15,316 INFO [main] o.s.b.a.e.w.EndpointLinksResolver [EndpointLinksResolver.java:58] Exposing 2 endpoint(s) beneath base path '/actuator'
2020-05-11 22:28:15,611 INFO [main] c.n.c.KafkaTest [StartupInfoLogger.java:59] Started KafkaTest in 22.32 seconds (JVM running for 25.119)
2020-05-11 22:28:16,196 INFO [Thread-3] o.s.s.c.ThreadPoolTaskExecutor [ExecutorConfigurationSupport.java:208] Shutting down ExecutorService 'applicationTaskExecutor'
2020-05-11 22:28:16,245 INFO [Thread-3] c.a.d.p.DruidDataSource [DruidDataSource.java:1825] {dataSource-1} closed
2020-05-11 22:29:18,714 INFO [main] c.n.c.KafkaTest [StartupInfoLogger.java:50] Starting KafkaTest on WIN10-804271905 with PID 7608 (started by Administrator in F:\MyProject\community)
2020-05-11 22:29:18,719 INFO [main] c.n.c.KafkaTest [SpringApplication.java:648] No active profile set, falling back to default profiles: default
2020-05-11 22:29:23,053 INFO [main] o.s.d.r.c.RepositoryConfigurationDelegate [RepositoryConfigurationDelegate.java:247] Multiple Spring Data modules found, entering strict repository configuration mode!
2020-05-11 22:29:23,063 INFO [main] o.s.d.r.c.RepositoryConfigurationDelegate [RepositoryConfigurationDelegate.java:127] Bootstrapping Spring Data Redis repositories in DEFAULT mode.
2020-05-11 22:29:23,287 INFO [main] o.s.d.r.c.RepositoryConfigurationDelegate [RepositoryConfigurationDelegate.java:185] Finished Spring Data repository scanning in 177ms. Found 0 Redis repository interfaces.
2020-05-11 22:29:25,353 INFO [main] o.s.c.s.PostProcessorRegistrationDelegate$BeanPostProcessorChecker [PostProcessorRegistrationDelegate.java:330] Bean 'org.springframework.kafka.annotation.KafkaBootstrapConfiguration' of type [org.springframework.kafka.annotation.KafkaBootstrapConfiguration$$EnhancerBySpringCGLIB$$3988c054] is not eligible for getting processed by all BeanPostProcessors (for example: not eligible for auto-proxying)
2020-05-11 22:29:26,369 INFO [main] c.a.d.s.b.a.DruidDataSourceAutoConfigure [DruidDataSourceAutoConfigure.java:56] Init DruidDataSource
2020-05-11 22:29:27,018 INFO [main] c.a.d.p.DruidDataSource [DruidDataSource.java:930] {dataSource-1} inited
2020-05-11 22:29:33,583 INFO [main] o.s.s.c.ThreadPoolTaskExecutor [ExecutorConfigurationSupport.java:171] Initializing ExecutorService 'applicationTaskExecutor'
2020-05-11 22:29:33,988 INFO [main] o.s.b.a.w.s.WelcomePageHandlerMapping [WelcomePageHandlerMapping.java:58] Adding welcome page template: index
2020-05-11 22:29:37,763 INFO [main] o.s.b.a.e.w.EndpointLinksResolver [EndpointLinksResolver.java:58] Exposing 2 endpoint(s) beneath base path '/actuator'
2020-05-11 22:29:37,992 INFO [main] c.n.c.KafkaTest [StartupInfoLogger.java:59] Started KafkaTest in 20.917 seconds (JVM running for 24.306)
2020-05-11 22:29:38,463 INFO [Thread-3] o.s.s.c.ThreadPoolTaskExecutor [ExecutorConfigurationSupport.java:208] Shutting down ExecutorService 'applicationTaskExecutor'
2020-05-11 22:29:38,555 INFO [Thread-3] c.a.d.p.DruidDataSource [DruidDataSource.java:1825] {dataSource-1} closed
2020-05-11 22:30:25,125 INFO [main] c.n.c.KafkaTest [StartupInfoLogger.java:50] Starting KafkaTest on WIN10-804271905 with PID 18892 (started by Administrator in F:\MyProject\community)
2020-05-11 22:30:25,139 INFO [main] c.n.c.KafkaTest [SpringApplication.java:648] No active profile set, falling back to default profiles: default
2020-05-11 22:30:29,100 INFO [main] o.s.d.r.c.RepositoryConfigurationDelegate [RepositoryConfigurationDelegate.java:247] Multiple Spring Data modules found, entering strict repository configuration mode!
2020-05-11 22:30:29,105 INFO [main] o.s.d.r.c.RepositoryConfigurationDelegate [RepositoryConfigurationDelegate.java:127] Bootstrapping Spring Data Redis repositories in DEFAULT mode.
2020-05-11 22:30:29,211 INFO [main] o.s.d.r.c.RepositoryConfigurationDelegate [RepositoryConfigurationDelegate.java:185] Finished Spring Data repository scanning in 77ms. Found 0 Redis repository interfaces.
2020-05-11 22:30:30,406 INFO [main] o.s.c.s.PostProcessorRegistrationDelegate$BeanPostProcessorChecker [PostProcessorRegistrationDelegate.java:330] Bean 'org.springframework.kafka.annotation.KafkaBootstrapConfiguration' of type [org.springframework.kafka.annotation.KafkaBootstrapConfiguration$$EnhancerBySpringCGLIB$$a5f4120d] is not eligible for getting processed by all BeanPostProcessors (for example: not eligible for auto-proxying)
2020-05-11 22:30:31,131 INFO [main] c.a.d.s.b.a.DruidDataSourceAutoConfigure [DruidDataSourceAutoConfigure.java:56] Init DruidDataSource
2020-05-11 22:30:31,698 INFO [main] c.a.d.p.DruidDataSource [DruidDataSource.java:930] {dataSource-1} inited
2020-05-11 22:30:35,930 INFO [main] o.s.s.c.ThreadPoolTaskExecutor [ExecutorConfigurationSupport.java:171] Initializing ExecutorService 'applicationTaskExecutor'
2020-05-11 22:30:36,243 INFO [main] o.s.b.a.w.s.WelcomePageHandlerMapping [WelcomePageHandlerMapping.java:58] Adding welcome page template: index
2020-05-11 22:30:40,370 INFO [main] o.s.b.a.e.w.EndpointLinksResolver [EndpointLinksResolver.java:58] Exposing 2 endpoint(s) beneath base path '/actuator'
2020-05-11 22:30:40,656 INFO [main] c.n.c.KafkaTest [StartupInfoLogger.java:59] Started KafkaTest in 17.081 seconds (JVM running for 19.913)
2020-05-11 22:30:41,369 INFO [Thread-3] o.s.s.c.ThreadPoolTaskExecutor [ExecutorConfigurationSupport.java:208] Shutting down ExecutorService 'applicationTaskExecutor'
2020-05-11 22:30:41,456 INFO [Thread-3] c.a.d.p.DruidDataSource [DruidDataSource.java:1825] {dataSource-1} closed
2020-05-11 22:38:29,958 INFO [main] c.n.c.KafkaTest [StartupInfoLogger.java:50] Starting KafkaTest on WIN10-804271905 with PID 12444 (started by Administrator in F:\MyProject\community)
2020-05-11 22:38:29,960 INFO [main] c.n.c.KafkaTest [SpringApplication.java:648] No active profile set, falling back to default profiles: default
2020-05-11 22:38:33,006 INFO [main] o.s.d.r.c.RepositoryConfigurationDelegate [RepositoryConfigurationDelegate.java:247] Multiple Spring Data modules found, entering strict repository configuration mode!
2020-05-11 22:38:33,014 INFO [main] o.s.d.r.c.RepositoryConfigurationDelegate [RepositoryConfigurationDelegate.java:127] Bootstrapping Spring Data Redis repositories in DEFAULT mode.
2020-05-11 22:38:33,132 INFO [main] o.s.d.r.c.RepositoryConfigurationDelegate [RepositoryConfigurationDelegate.java:185] Finished Spring Data repository scanning in 86ms. Found 0 Redis repository interfaces.
2020-05-11 22:38:34,540 INFO [main] o.s.c.s.PostProcessorRegistrationDelegate$BeanPostProcessorChecker [PostProcessorRegistrationDelegate.java:330] Bean 'org.springframework.kafka.annotation.KafkaBootstrapConfiguration' of type [org.springframework.kafka.annotation.KafkaBootstrapConfiguration$$EnhancerBySpringCGLIB$$24eb1033] is not eligible for getting processed by all BeanPostProcessors (for example: not eligible for auto-proxying)
2020-05-11 22:38:35,382 INFO [main] c.a.d.s.b.a.DruidDataSourceAutoConfigure [DruidDataSourceAutoConfigure.java:56] Init DruidDataSource
2020-05-11 22:38:36,104 INFO [main] c.a.d.p.DruidDataSource [DruidDataSource.java:930] {dataSource-1} inited
2020-05-11 22:38:43,314 INFO [main] o.s.s.c.ThreadPoolTaskExecutor [ExecutorConfigurationSupport.java:171] Initializing ExecutorService 'applicationTaskExecutor'
2020-05-11 22:38:43,865 INFO [main] o.s.b.a.w.s.WelcomePageHandlerMapping [WelcomePageHandlerMapping.java:58] Adding welcome page template: index
2020-05-11 22:38:47,364 INFO [main] o.s.b.a.e.w.EndpointLinksResolver [EndpointLinksResolver.java:58] Exposing 2 endpoint(s) beneath base path '/actuator'
2020-05-11 22:38:47,524 INFO [main] c.n.c.KafkaTest [StartupInfoLogger.java:59] Started KafkaTest in 18.651 seconds (JVM running for 21.671)
2020-05-11 22:38:47,810 INFO [Thread-3] o.s.s.c.ThreadPoolTaskExecutor [ExecutorConfigurationSupport.java:208] Shutting down ExecutorService 'applicationTaskExecutor'
2020-05-11 22:38:47,848 INFO [Thread-3] c.a.d.p.DruidDataSource [DruidDataSource.java:1825] {dataSource-1} closed
2020-05-11 22:43:06,032 INFO [main] c.n.c.KafkaTest [StartupInfoLogger.java:50] Starting KafkaTest on WIN10-804271905 with PID 15240 (started by Administrator in F:\MyProject\community)
2020-05-11 22:43:06,036 INFO [main] c.n.c.KafkaTest [SpringApplication.java:648] No active profile set, falling back to default profiles: default
2020-05-11 22:43:09,845 INFO [main] o.s.d.r.c.RepositoryConfigurationDelegate [RepositoryConfigurationDelegate.java:247] Multiple Spring Data modules found, entering strict repository configuration mode!
2020-05-11 22:43:09,849 INFO [main] o.s.d.r.c.RepositoryConfigurationDelegate [RepositoryConfigurationDelegate.java:127] Bootstrapping Spring Data Redis repositories in DEFAULT mode.
2020-05-11 22:43:09,943 INFO [main] o.s.d.r.c.RepositoryConfigurationDelegate [RepositoryConfigurationDelegate.java:185] Finished Spring Data repository scanning in 71ms. Found 0 Redis repository interfaces.
2020-05-11 22:43:11,480 INFO [main] o.s.c.s.PostProcessorRegistrationDelegate$BeanPostProcessorChecker [PostProcessorRegistrationDelegate.java:330] Bean 'org.springframework.kafka.annotation.KafkaBootstrapConfiguration' of type [org.springframework.kafka.annotation.KafkaBootstrapConfiguration$$EnhancerBySpringCGLIB$$b3cbc751] is not eligible for getting processed by all BeanPostProcessors (for example: not eligible for auto-proxying)
2020-05-11 22:43:12,439 INFO [main] c.a.d.s.b.a.DruidDataSourceAutoConfigure [DruidDataSourceAutoConfigure.java:56] Init DruidDataSource
2020-05-11 22:43:13,534 INFO [main] c.a.d.p.DruidDataSource [DruidDataSource.java:930] {dataSource-1} inited
2020-05-11 22:43:20,571 INFO [main] o.s.s.c.ThreadPoolTaskExecutor [ExecutorConfigurationSupport.java:171] Initializing ExecutorService 'applicationTaskExecutor'
2020-05-11 22:43:21,380 INFO [main] o.s.b.a.w.s.WelcomePageHandlerMapping [WelcomePageHandlerMapping.java:58] Adding welcome page template: index
2020-05-11 22:43:26,566 INFO [main] o.s.b.a.e.w.EndpointLinksResolver [EndpointLinksResolver.java:58] Exposing 2 endpoint(s) beneath base path '/actuator'
2020-05-11 22:43:26,865 INFO [main] c.n.c.KafkaTest [StartupInfoLogger.java:59] Started KafkaTest in 22.665 seconds (JVM running for 25.584)
2020-05-11 22:43:27,283 INFO [Thread-3] o.s.s.c.ThreadPoolTaskExecutor [ExecutorConfigurationSupport.java:208] Shutting down ExecutorService 'applicationTaskExecutor'
2020-05-11 22:43:27,427 INFO [Thread-3] c.a.d.p.DruidDataSource [DruidDataSource.java:1825] {dataSource-1} closed
2020-05-11 22:46:29,311 INFO [main] c.n.c.KafkaTest [StartupInfoLogger.java:50] Starting KafkaTest on WIN10-804271905 with PID 22420 (started by Administrator in F:\MyProject\community)
2020-05-11 22:46:29,321 INFO [main] c.n.c.KafkaTest [SpringApplication.java:648] No active profile set, falling back to default profiles: default
2020-05-11 22:46:34,488 INFO [main] o.s.d.r.c.RepositoryConfigurationDelegate [RepositoryConfigurationDelegate.java:247] Multiple Spring Data modules found, entering strict repository configuration mode!
2020-05-11 22:46:34,493 INFO [main] o.s.d.r.c.RepositoryConfigurationDelegate [RepositoryConfigurationDelegate.java:127] Bootstrapping Spring Data Redis repositories in DEFAULT mode.
2020-05-11 22:46:34,876 INFO [main] o.s.d.r.c.RepositoryConfigurationDelegate [RepositoryConfigurationDelegate.java:185] Finished Spring Data repository scanning in 357ms. Found 0 Redis repository interfaces.
2020-05-11 22:46:36,426 INFO [main] o.s.c.s.PostProcessorRegistrationDelegate$BeanPostProcessorChecker [PostProcessorRegistrationDelegate.java:330] Bean 'org.springframework.kafka.annotation.KafkaBootstrapConfiguration' of type [org.springframework.kafka.annotation.KafkaBootstrapConfiguration$$EnhancerBySpringCGLIB$$9e101969] is not eligible for getting processed by all BeanPostProcessors (for example: not eligible for auto-proxying)
2020-05-11 22:46:37,300 INFO [main] c.a.d.s.b.a.DruidDataSourceAutoConfigure [DruidDataSourceAutoConfigure.java:56] Init DruidDataSource
2020-05-11 22:46:38,521 INFO [main] c.a.d.p.DruidDataSource [DruidDataSource.java:930] {dataSource-1} inited
2020-05-11 22:46:43,930 INFO [main] o.s.s.c.ThreadPoolTaskExecutor [ExecutorConfigurationSupport.java:171] Initializing ExecutorService 'applicationTaskExecutor'
2020-05-11 22:46:44,438 INFO [main] o.s.b.a.w.s.WelcomePageHandlerMapping [WelcomePageHandlerMapping.java:58] Adding welcome page template: index
2020-05-11 22:46:54,030 INFO [main] o.s.b.a.e.w.EndpointLinksResolver [EndpointLinksResolver.java:58] Exposing 2 endpoint(s) beneath base path '/actuator'
2020-05-11 22:46:54,486 INFO [main] o.a.k.c.c.ConsumerConfig [AbstractConfig.java:279] ConsumerConfig values: 
	auto.commit.interval.ms = 3000
	auto.offset.reset = latest
	bootstrap.servers = [localhost:9092]
	check.crcs = true
	client.id = 
	connections.max.idle.ms = 540000
	default.api.timeout.ms = 60000
	enable.auto.commit = true
	exclude.internal.topics = true
	fetch.max.bytes = 52428800
	fetch.max.wait.ms = 500
	fetch.min.bytes = 1
	group.id = zqq-consumer-group
	heartbeat.interval.ms = 3000
	interceptor.classes = []
	internal.leave.group.on.close = true
	isolation.level = read_uncommitted
	key.deserializer = class org.apache.kafka.common.serialization.StringDeserializer
	max.partition.fetch.bytes = 1048576
	max.poll.interval.ms = 300000
	max.poll.records = 500
	metadata.max.age.ms = 300000
	metric.reporters = []
	metrics.num.samples = 2
	metrics.recording.level = INFO
	metrics.sample.window.ms = 30000
	partition.assignment.strategy = [class org.apache.kafka.clients.consumer.RangeAssignor]
	receive.buffer.bytes = 65536
	reconnect.backoff.max.ms = 1000
	reconnect.backoff.ms = 50
	request.timeout.ms = 30000
	retry.backoff.ms = 100
	sasl.client.callback.handler.class = null
	sasl.jaas.config = null
	sasl.kerberos.kinit.cmd = /usr/bin/kinit
	sasl.kerberos.min.time.before.relogin = 60000
	sasl.kerberos.service.name = null
	sasl.kerberos.ticket.renew.jitter = 0.05
	sasl.kerberos.ticket.renew.window.factor = 0.8
	sasl.login.callback.handler.class = null
	sasl.login.class = null
	sasl.login.refresh.buffer.seconds = 300
	sasl.login.refresh.min.period.seconds = 60
	sasl.login.refresh.window.factor = 0.8
	sasl.login.refresh.window.jitter = 0.05
	sasl.mechanism = GSSAPI
	security.protocol = PLAINTEXT
	send.buffer.bytes = 131072
	session.timeout.ms = 10000
	ssl.cipher.suites = null
	ssl.enabled.protocols = [TLSv1.2, TLSv1.1, TLSv1]
	ssl.endpoint.identification.algorithm = https
	ssl.key.password = null
	ssl.keymanager.algorithm = SunX509
	ssl.keystore.location = null
	ssl.keystore.password = null
	ssl.keystore.type = JKS
	ssl.protocol = TLS
	ssl.provider = null
	ssl.secure.random.implementation = null
	ssl.trustmanager.algorithm = PKIX
	ssl.truststore.location = null
	ssl.truststore.password = null
	ssl.truststore.type = JKS
	value.deserializer = class org.apache.kafka.common.serialization.StringDeserializer

2020-05-11 22:46:54,752 INFO [main] o.a.k.c.u.AppInfoParser [AppInfoParser.java:109] Kafka version : 2.0.1
2020-05-11 22:46:54,753 INFO [main] o.a.k.c.u.AppInfoParser [AppInfoParser.java:110] Kafka commitId : fa14705e51bd2ce5
2020-05-11 22:47:55,071 INFO [main] o.s.s.c.ThreadPoolTaskExecutor [ExecutorConfigurationSupport.java:208] Shutting down ExecutorService 'applicationTaskExecutor'
2020-05-11 22:47:55,141 INFO [main] c.a.d.p.DruidDataSource [DruidDataSource.java:1825] {dataSource-1} closed
2020-05-11 22:47:55,174 INFO [main] o.s.b.a.l.ConditionEvaluationReportLoggingListener [ConditionEvaluationReportLoggingListener.java:136] 

Error starting ApplicationContext. To display the conditions report re-run your application with 'debug' enabled.
2020-05-11 22:48:35,020 INFO [main] c.n.c.KafkaTest [StartupInfoLogger.java:50] Starting KafkaTest on WIN10-804271905 with PID 20000 (started by Administrator in F:\MyProject\community)
2020-05-11 22:48:35,023 INFO [main] c.n.c.KafkaTest [SpringApplication.java:648] No active profile set, falling back to default profiles: default
2020-05-11 22:48:39,676 INFO [main] o.s.d.r.c.RepositoryConfigurationDelegate [RepositoryConfigurationDelegate.java:247] Multiple Spring Data modules found, entering strict repository configuration mode!
2020-05-11 22:48:39,683 INFO [main] o.s.d.r.c.RepositoryConfigurationDelegate [RepositoryConfigurationDelegate.java:127] Bootstrapping Spring Data Redis repositories in DEFAULT mode.
2020-05-11 22:48:39,791 INFO [main] o.s.d.r.c.RepositoryConfigurationDelegate [RepositoryConfigurationDelegate.java:185] Finished Spring Data repository scanning in 71ms. Found 0 Redis repository interfaces.
2020-05-11 22:48:41,571 INFO [main] o.s.c.s.PostProcessorRegistrationDelegate$BeanPostProcessorChecker [PostProcessorRegistrationDelegate.java:330] Bean 'org.springframework.kafka.annotation.KafkaBootstrapConfiguration' of type [org.springframework.kafka.annotation.KafkaBootstrapConfiguration$$EnhancerBySpringCGLIB$$8d002bf5] is not eligible for getting processed by all BeanPostProcessors (for example: not eligible for auto-proxying)
2020-05-11 22:48:42,866 INFO [main] c.a.d.s.b.a.DruidDataSourceAutoConfigure [DruidDataSourceAutoConfigure.java:56] Init DruidDataSource
2020-05-11 22:48:44,257 INFO [main] c.a.d.p.DruidDataSource [DruidDataSource.java:930] {dataSource-1} inited
2020-05-11 22:48:54,257 INFO [main] o.s.s.c.ThreadPoolTaskExecutor [ExecutorConfigurationSupport.java:171] Initializing ExecutorService 'applicationTaskExecutor'
2020-05-11 22:48:54,802 INFO [main] o.s.b.a.w.s.WelcomePageHandlerMapping [WelcomePageHandlerMapping.java:58] Adding welcome page template: index
2020-05-11 22:49:01,956 INFO [main] o.s.b.a.e.w.EndpointLinksResolver [EndpointLinksResolver.java:58] Exposing 2 endpoint(s) beneath base path '/actuator'
2020-05-11 22:49:02,494 INFO [main] o.a.k.c.c.ConsumerConfig [AbstractConfig.java:279] ConsumerConfig values: 
	auto.commit.interval.ms = 3000
	auto.offset.reset = latest
	bootstrap.servers = [localhost:9092]
	check.crcs = true
	client.id = 
	connections.max.idle.ms = 540000
	default.api.timeout.ms = 60000
	enable.auto.commit = true
	exclude.internal.topics = true
	fetch.max.bytes = 52428800
	fetch.max.wait.ms = 500
	fetch.min.bytes = 1
	group.id = zqq-consumer-group
	heartbeat.interval.ms = 3000
	interceptor.classes = []
	internal.leave.group.on.close = true
	isolation.level = read_uncommitted
	key.deserializer = class org.apache.kafka.common.serialization.StringDeserializer
	max.partition.fetch.bytes = 1048576
	max.poll.interval.ms = 300000
	max.poll.records = 500
	metadata.max.age.ms = 300000
	metric.reporters = []
	metrics.num.samples = 2
	metrics.recording.level = INFO
	metrics.sample.window.ms = 30000
	partition.assignment.strategy = [class org.apache.kafka.clients.consumer.RangeAssignor]
	receive.buffer.bytes = 65536
	reconnect.backoff.max.ms = 1000
	reconnect.backoff.ms = 50
	request.timeout.ms = 30000
	retry.backoff.ms = 100
	sasl.client.callback.handler.class = null
	sasl.jaas.config = null
	sasl.kerberos.kinit.cmd = /usr/bin/kinit
	sasl.kerberos.min.time.before.relogin = 60000
	sasl.kerberos.service.name = null
	sasl.kerberos.ticket.renew.jitter = 0.05
	sasl.kerberos.ticket.renew.window.factor = 0.8
	sasl.login.callback.handler.class = null
	sasl.login.class = null
	sasl.login.refresh.buffer.seconds = 300
	sasl.login.refresh.min.period.seconds = 60
	sasl.login.refresh.window.factor = 0.8
	sasl.login.refresh.window.jitter = 0.05
	sasl.mechanism = GSSAPI
	security.protocol = PLAINTEXT
	send.buffer.bytes = 131072
	session.timeout.ms = 10000
	ssl.cipher.suites = null
	ssl.enabled.protocols = [TLSv1.2, TLSv1.1, TLSv1]
	ssl.endpoint.identification.algorithm = https
	ssl.key.password = null
	ssl.keymanager.algorithm = SunX509
	ssl.keystore.location = null
	ssl.keystore.password = null
	ssl.keystore.type = JKS
	ssl.protocol = TLS
	ssl.provider = null
	ssl.secure.random.implementation = null
	ssl.trustmanager.algorithm = PKIX
	ssl.truststore.location = null
	ssl.truststore.password = null
	ssl.truststore.type = JKS
	value.deserializer = class org.apache.kafka.common.serialization.StringDeserializer

2020-05-11 22:49:02,808 INFO [main] o.a.k.c.u.AppInfoParser [AppInfoParser.java:109] Kafka version : 2.0.1
2020-05-11 22:49:02,809 INFO [main] o.a.k.c.u.AppInfoParser [AppInfoParser.java:110] Kafka commitId : fa14705e51bd2ce5
2020-05-11 22:50:03,193 INFO [main] o.s.s.c.ThreadPoolTaskExecutor [ExecutorConfigurationSupport.java:208] Shutting down ExecutorService 'applicationTaskExecutor'
2020-05-11 22:50:03,240 INFO [main] c.a.d.p.DruidDataSource [DruidDataSource.java:1825] {dataSource-1} closed
2020-05-11 22:50:03,290 INFO [main] o.s.b.a.l.ConditionEvaluationReportLoggingListener [ConditionEvaluationReportLoggingListener.java:136] 

Error starting ApplicationContext. To display the conditions report re-run your application with 'debug' enabled.
2020-05-11 23:23:21,072 INFO [main] c.n.c.KafkaTest [StartupInfoLogger.java:50] Starting KafkaTest on WIN10-804271905 with PID 25000 (started by Administrator in F:\MyProject\community)
2020-05-11 23:23:21,115 INFO [main] c.n.c.KafkaTest [SpringApplication.java:648] No active profile set, falling back to default profiles: default
2020-05-11 23:23:26,888 INFO [main] o.s.d.r.c.RepositoryConfigurationDelegate [RepositoryConfigurationDelegate.java:247] Multiple Spring Data modules found, entering strict repository configuration mode!
2020-05-11 23:23:26,895 INFO [main] o.s.d.r.c.RepositoryConfigurationDelegate [RepositoryConfigurationDelegate.java:127] Bootstrapping Spring Data Redis repositories in DEFAULT mode.
2020-05-11 23:23:27,102 INFO [main] o.s.d.r.c.RepositoryConfigurationDelegate [RepositoryConfigurationDelegate.java:185] Finished Spring Data repository scanning in 163ms. Found 0 Redis repository interfaces.
2020-05-11 23:23:28,454 INFO [main] o.s.c.s.PostProcessorRegistrationDelegate$BeanPostProcessorChecker [PostProcessorRegistrationDelegate.java:330] Bean 'org.springframework.kafka.annotation.KafkaBootstrapConfiguration' of type [org.springframework.kafka.annotation.KafkaBootstrapConfiguration$$EnhancerBySpringCGLIB$$7541c376] is not eligible for getting processed by all BeanPostProcessors (for example: not eligible for auto-proxying)
2020-05-11 23:23:29,227 INFO [main] c.a.d.s.b.a.DruidDataSourceAutoConfigure [DruidDataSourceAutoConfigure.java:56] Init DruidDataSource
2020-05-11 23:23:29,833 INFO [main] c.a.d.p.DruidDataSource [DruidDataSource.java:930] {dataSource-1} inited
2020-05-11 23:23:35,132 INFO [main] o.s.s.c.ThreadPoolTaskExecutor [ExecutorConfigurationSupport.java:171] Initializing ExecutorService 'applicationTaskExecutor'
2020-05-11 23:23:35,591 INFO [main] o.s.b.a.w.s.WelcomePageHandlerMapping [WelcomePageHandlerMapping.java:58] Adding welcome page template: index
2020-05-11 23:23:41,165 INFO [main] o.s.b.a.e.w.EndpointLinksResolver [EndpointLinksResolver.java:58] Exposing 2 endpoint(s) beneath base path '/actuator'
2020-05-11 23:23:41,892 INFO [main] o.a.k.c.c.ConsumerConfig [AbstractConfig.java:279] ConsumerConfig values: 
	auto.commit.interval.ms = 3000
	auto.offset.reset = latest
	bootstrap.servers = [localhost:9092]
	check.crcs = true
	client.id = 
	connections.max.idle.ms = 540000
	default.api.timeout.ms = 60000
	enable.auto.commit = true
	exclude.internal.topics = true
	fetch.max.bytes = 52428800
	fetch.max.wait.ms = 500
	fetch.min.bytes = 1
	group.id = zqq-consumer-group
	heartbeat.interval.ms = 3000
	interceptor.classes = []
	internal.leave.group.on.close = true
	isolation.level = read_uncommitted
	key.deserializer = class org.apache.kafka.common.serialization.StringDeserializer
	max.partition.fetch.bytes = 1048576
	max.poll.interval.ms = 300000
	max.poll.records = 500
	metadata.max.age.ms = 300000
	metric.reporters = []
	metrics.num.samples = 2
	metrics.recording.level = INFO
	metrics.sample.window.ms = 30000
	partition.assignment.strategy = [class org.apache.kafka.clients.consumer.RangeAssignor]
	receive.buffer.bytes = 65536
	reconnect.backoff.max.ms = 1000
	reconnect.backoff.ms = 50
	request.timeout.ms = 30000
	retry.backoff.ms = 100
	sasl.client.callback.handler.class = null
	sasl.jaas.config = null
	sasl.kerberos.kinit.cmd = /usr/bin/kinit
	sasl.kerberos.min.time.before.relogin = 60000
	sasl.kerberos.service.name = null
	sasl.kerberos.ticket.renew.jitter = 0.05
	sasl.kerberos.ticket.renew.window.factor = 0.8
	sasl.login.callback.handler.class = null
	sasl.login.class = null
	sasl.login.refresh.buffer.seconds = 300
	sasl.login.refresh.min.period.seconds = 60
	sasl.login.refresh.window.factor = 0.8
	sasl.login.refresh.window.jitter = 0.05
	sasl.mechanism = GSSAPI
	security.protocol = PLAINTEXT
	send.buffer.bytes = 131072
	session.timeout.ms = 10000
	ssl.cipher.suites = null
	ssl.enabled.protocols = [TLSv1.2, TLSv1.1, TLSv1]
	ssl.endpoint.identification.algorithm = https
	ssl.key.password = null
	ssl.keymanager.algorithm = SunX509
	ssl.keystore.location = null
	ssl.keystore.password = null
	ssl.keystore.type = JKS
	ssl.protocol = TLS
	ssl.provider = null
	ssl.secure.random.implementation = null
	ssl.trustmanager.algorithm = PKIX
	ssl.truststore.location = null
	ssl.truststore.password = null
	ssl.truststore.type = JKS
	value.deserializer = class org.apache.kafka.common.serialization.StringDeserializer

2020-05-11 23:23:42,839 INFO [main] o.a.k.c.u.AppInfoParser [AppInfoParser.java:109] Kafka version : 2.0.1
2020-05-11 23:23:42,843 INFO [main] o.a.k.c.u.AppInfoParser [AppInfoParser.java:110] Kafka commitId : fa14705e51bd2ce5
2020-05-11 23:24:43,258 INFO [main] o.s.s.c.ThreadPoolTaskExecutor [ExecutorConfigurationSupport.java:208] Shutting down ExecutorService 'applicationTaskExecutor'
2020-05-11 23:24:43,302 INFO [main] c.a.d.p.DruidDataSource [DruidDataSource.java:1825] {dataSource-1} closed
2020-05-11 23:24:43,335 INFO [main] o.s.b.a.l.ConditionEvaluationReportLoggingListener [ConditionEvaluationReportLoggingListener.java:136] 

Error starting ApplicationContext. To display the conditions report re-run your application with 'debug' enabled.
2020-05-11 23:29:52,618 INFO [main] c.n.c.KafkaTest [StartupInfoLogger.java:50] Starting KafkaTest on WIN10-804271905 with PID 17940 (started by Administrator in F:\MyProject\community)
2020-05-11 23:29:52,623 INFO [main] c.n.c.KafkaTest [SpringApplication.java:648] No active profile set, falling back to default profiles: default
2020-05-11 23:29:56,036 INFO [main] o.s.d.r.c.RepositoryConfigurationDelegate [RepositoryConfigurationDelegate.java:247] Multiple Spring Data modules found, entering strict repository configuration mode!
2020-05-11 23:29:56,046 INFO [main] o.s.d.r.c.RepositoryConfigurationDelegate [RepositoryConfigurationDelegate.java:127] Bootstrapping Spring Data Redis repositories in DEFAULT mode.
2020-05-11 23:29:56,169 INFO [main] o.s.d.r.c.RepositoryConfigurationDelegate [RepositoryConfigurationDelegate.java:185] Finished Spring Data repository scanning in 96ms. Found 0 Redis repository interfaces.
2020-05-11 23:29:57,810 INFO [main] o.s.c.s.PostProcessorRegistrationDelegate$BeanPostProcessorChecker [PostProcessorRegistrationDelegate.java:330] Bean 'org.springframework.kafka.annotation.KafkaBootstrapConfiguration' of type [org.springframework.kafka.annotation.KafkaBootstrapConfiguration$$EnhancerBySpringCGLIB$$4f6f4412] is not eligible for getting processed by all BeanPostProcessors (for example: not eligible for auto-proxying)
2020-05-11 23:29:58,866 INFO [main] c.a.d.s.b.a.DruidDataSourceAutoConfigure [DruidDataSourceAutoConfigure.java:56] Init DruidDataSource
2020-05-11 23:29:59,804 INFO [main] c.a.d.p.DruidDataSource [DruidDataSource.java:930] {dataSource-1} inited
2020-05-11 23:30:04,725 INFO [main] o.s.s.c.ThreadPoolTaskExecutor [ExecutorConfigurationSupport.java:171] Initializing ExecutorService 'applicationTaskExecutor'
2020-05-11 23:30:05,054 INFO [main] o.s.b.a.w.s.WelcomePageHandlerMapping [WelcomePageHandlerMapping.java:58] Adding welcome page template: index
2020-05-11 23:30:10,301 INFO [main] o.s.b.a.e.w.EndpointLinksResolver [EndpointLinksResolver.java:58] Exposing 2 endpoint(s) beneath base path '/actuator'
2020-05-11 23:30:10,713 INFO [main] o.a.k.c.c.ConsumerConfig [AbstractConfig.java:279] ConsumerConfig values: 
	auto.commit.interval.ms = 3000
	auto.offset.reset = latest
	bootstrap.servers = [localhost:9092]
	check.crcs = true
	client.id = 
	connections.max.idle.ms = 540000
	default.api.timeout.ms = 60000
	enable.auto.commit = true
	exclude.internal.topics = true
	fetch.max.bytes = 52428800
	fetch.max.wait.ms = 500
	fetch.min.bytes = 1
	group.id = zqq-consumer-group
	heartbeat.interval.ms = 3000
	interceptor.classes = []
	internal.leave.group.on.close = true
	isolation.level = read_uncommitted
	key.deserializer = class org.apache.kafka.common.serialization.StringDeserializer
	max.partition.fetch.bytes = 1048576
	max.poll.interval.ms = 300000
	max.poll.records = 500
	metadata.max.age.ms = 300000
	metric.reporters = []
	metrics.num.samples = 2
	metrics.recording.level = INFO
	metrics.sample.window.ms = 30000
	partition.assignment.strategy = [class org.apache.kafka.clients.consumer.RangeAssignor]
	receive.buffer.bytes = 65536
	reconnect.backoff.max.ms = 1000
	reconnect.backoff.ms = 50
	request.timeout.ms = 30000
	retry.backoff.ms = 100
	sasl.client.callback.handler.class = null
	sasl.jaas.config = null
	sasl.kerberos.kinit.cmd = /usr/bin/kinit
	sasl.kerberos.min.time.before.relogin = 60000
	sasl.kerberos.service.name = null
	sasl.kerberos.ticket.renew.jitter = 0.05
	sasl.kerberos.ticket.renew.window.factor = 0.8
	sasl.login.callback.handler.class = null
	sasl.login.class = null
	sasl.login.refresh.buffer.seconds = 300
	sasl.login.refresh.min.period.seconds = 60
	sasl.login.refresh.window.factor = 0.8
	sasl.login.refresh.window.jitter = 0.05
	sasl.mechanism = GSSAPI
	security.protocol = PLAINTEXT
	send.buffer.bytes = 131072
	session.timeout.ms = 10000
	ssl.cipher.suites = null
	ssl.enabled.protocols = [TLSv1.2, TLSv1.1, TLSv1]
	ssl.endpoint.identification.algorithm = https
	ssl.key.password = null
	ssl.keymanager.algorithm = SunX509
	ssl.keystore.location = null
	ssl.keystore.password = null
	ssl.keystore.type = JKS
	ssl.protocol = TLS
	ssl.provider = null
	ssl.secure.random.implementation = null
	ssl.trustmanager.algorithm = PKIX
	ssl.truststore.location = null
	ssl.truststore.password = null
	ssl.truststore.type = JKS
	value.deserializer = class org.apache.kafka.common.serialization.StringDeserializer

2020-05-11 23:30:11,006 INFO [main] o.a.k.c.u.AppInfoParser [AppInfoParser.java:109] Kafka version : 2.0.1
2020-05-11 23:30:11,009 INFO [main] o.a.k.c.u.AppInfoParser [AppInfoParser.java:110] Kafka commitId : fa14705e51bd2ce5
2020-05-11 23:31:11,257 INFO [main] o.s.s.c.ThreadPoolTaskExecutor [ExecutorConfigurationSupport.java:208] Shutting down ExecutorService 'applicationTaskExecutor'
2020-05-11 23:31:11,298 INFO [main] c.a.d.p.DruidDataSource [DruidDataSource.java:1825] {dataSource-1} closed
2020-05-11 23:31:11,325 INFO [main] o.s.b.a.l.ConditionEvaluationReportLoggingListener [ConditionEvaluationReportLoggingListener.java:136] 

Error starting ApplicationContext. To display the conditions report re-run your application with 'debug' enabled.
2020-05-11 23:32:49,330 INFO [main] c.n.c.KafkaTest [StartupInfoLogger.java:50] Starting KafkaTest on WIN10-804271905 with PID 15196 (started by Administrator in F:\MyProject\community)
2020-05-11 23:32:49,333 INFO [main] c.n.c.KafkaTest [SpringApplication.java:648] No active profile set, falling back to default profiles: default
2020-05-11 23:32:52,503 INFO [main] o.s.d.r.c.RepositoryConfigurationDelegate [RepositoryConfigurationDelegate.java:247] Multiple Spring Data modules found, entering strict repository configuration mode!
2020-05-11 23:32:52,508 INFO [main] o.s.d.r.c.RepositoryConfigurationDelegate [RepositoryConfigurationDelegate.java:127] Bootstrapping Spring Data Redis repositories in DEFAULT mode.
2020-05-11 23:32:52,598 INFO [main] o.s.d.r.c.RepositoryConfigurationDelegate [RepositoryConfigurationDelegate.java:185] Finished Spring Data repository scanning in 61ms. Found 0 Redis repository interfaces.
2020-05-11 23:32:53,786 INFO [main] o.s.c.s.PostProcessorRegistrationDelegate$BeanPostProcessorChecker [PostProcessorRegistrationDelegate.java:330] Bean 'org.springframework.kafka.annotation.KafkaBootstrapConfiguration' of type [org.springframework.kafka.annotation.KafkaBootstrapConfiguration$$EnhancerBySpringCGLIB$$8d002bf5] is not eligible for getting processed by all BeanPostProcessors (for example: not eligible for auto-proxying)
2020-05-11 23:32:54,473 INFO [main] c.a.d.s.b.a.DruidDataSourceAutoConfigure [DruidDataSourceAutoConfigure.java:56] Init DruidDataSource
2020-05-11 23:32:55,001 INFO [main] c.a.d.p.DruidDataSource [DruidDataSource.java:930] {dataSource-1} inited
2020-05-11 23:33:00,272 INFO [main] o.s.s.c.ThreadPoolTaskExecutor [ExecutorConfigurationSupport.java:171] Initializing ExecutorService 'applicationTaskExecutor'
2020-05-11 23:33:00,690 INFO [main] o.s.b.a.w.s.WelcomePageHandlerMapping [WelcomePageHandlerMapping.java:58] Adding welcome page template: index
2020-05-11 23:33:03,868 INFO [main] o.s.b.a.e.w.EndpointLinksResolver [EndpointLinksResolver.java:58] Exposing 2 endpoint(s) beneath base path '/actuator'
2020-05-11 23:33:04,147 INFO [main] o.a.k.c.c.ConsumerConfig [AbstractConfig.java:279] ConsumerConfig values: 
	auto.commit.interval.ms = 3000
	auto.offset.reset = latest
	bootstrap.servers = [localhost:9092]
	check.crcs = true
	client.id = 
	connections.max.idle.ms = 540000
	default.api.timeout.ms = 60000
	enable.auto.commit = true
	exclude.internal.topics = true
	fetch.max.bytes = 52428800
	fetch.max.wait.ms = 500
	fetch.min.bytes = 1
	group.id = test-consumer-group
	heartbeat.interval.ms = 3000
	interceptor.classes = []
	internal.leave.group.on.close = true
	isolation.level = read_uncommitted
	key.deserializer = class org.apache.kafka.common.serialization.StringDeserializer
	max.partition.fetch.bytes = 1048576
	max.poll.interval.ms = 300000
	max.poll.records = 500
	metadata.max.age.ms = 300000
	metric.reporters = []
	metrics.num.samples = 2
	metrics.recording.level = INFO
	metrics.sample.window.ms = 30000
	partition.assignment.strategy = [class org.apache.kafka.clients.consumer.RangeAssignor]
	receive.buffer.bytes = 65536
	reconnect.backoff.max.ms = 1000
	reconnect.backoff.ms = 50
	request.timeout.ms = 30000
	retry.backoff.ms = 100
	sasl.client.callback.handler.class = null
	sasl.jaas.config = null
	sasl.kerberos.kinit.cmd = /usr/bin/kinit
	sasl.kerberos.min.time.before.relogin = 60000
	sasl.kerberos.service.name = null
	sasl.kerberos.ticket.renew.jitter = 0.05
	sasl.kerberos.ticket.renew.window.factor = 0.8
	sasl.login.callback.handler.class = null
	sasl.login.class = null
	sasl.login.refresh.buffer.seconds = 300
	sasl.login.refresh.min.period.seconds = 60
	sasl.login.refresh.window.factor = 0.8
	sasl.login.refresh.window.jitter = 0.05
	sasl.mechanism = GSSAPI
	security.protocol = PLAINTEXT
	send.buffer.bytes = 131072
	session.timeout.ms = 10000
	ssl.cipher.suites = null
	ssl.enabled.protocols = [TLSv1.2, TLSv1.1, TLSv1]
	ssl.endpoint.identification.algorithm = https
	ssl.key.password = null
	ssl.keymanager.algorithm = SunX509
	ssl.keystore.location = null
	ssl.keystore.password = null
	ssl.keystore.type = JKS
	ssl.protocol = TLS
	ssl.provider = null
	ssl.secure.random.implementation = null
	ssl.trustmanager.algorithm = PKIX
	ssl.truststore.location = null
	ssl.truststore.password = null
	ssl.truststore.type = JKS
	value.deserializer = class org.apache.kafka.common.serialization.StringDeserializer

2020-05-11 23:33:04,542 INFO [main] o.a.k.c.u.AppInfoParser [AppInfoParser.java:109] Kafka version : 2.0.1
2020-05-11 23:33:04,548 INFO [main] o.a.k.c.u.AppInfoParser [AppInfoParser.java:110] Kafka commitId : fa14705e51bd2ce5
2020-05-11 23:34:04,751 INFO [main] o.s.s.c.ThreadPoolTaskExecutor [ExecutorConfigurationSupport.java:208] Shutting down ExecutorService 'applicationTaskExecutor'
2020-05-11 23:34:04,786 INFO [main] c.a.d.p.DruidDataSource [DruidDataSource.java:1825] {dataSource-1} closed
2020-05-11 23:34:04,854 INFO [main] o.s.b.a.l.ConditionEvaluationReportLoggingListener [ConditionEvaluationReportLoggingListener.java:136] 

Error starting ApplicationContext. To display the conditions report re-run your application with 'debug' enabled.
2020-05-11 23:42:53,617 INFO [main] c.n.c.KafkaTest [StartupInfoLogger.java:50] Starting KafkaTest on WIN10-804271905 with PID 26048 (started by Administrator in F:\MyProject\community)
2020-05-11 23:42:53,619 INFO [main] c.n.c.KafkaTest [SpringApplication.java:648] No active profile set, falling back to default profiles: default
2020-05-11 23:42:57,115 INFO [main] o.s.d.r.c.RepositoryConfigurationDelegate [RepositoryConfigurationDelegate.java:247] Multiple Spring Data modules found, entering strict repository configuration mode!
2020-05-11 23:42:57,124 INFO [main] o.s.d.r.c.RepositoryConfigurationDelegate [RepositoryConfigurationDelegate.java:127] Bootstrapping Spring Data Redis repositories in DEFAULT mode.
2020-05-11 23:42:57,249 INFO [main] o.s.d.r.c.RepositoryConfigurationDelegate [RepositoryConfigurationDelegate.java:185] Finished Spring Data repository scanning in 62ms. Found 0 Redis repository interfaces.
2020-05-11 23:42:58,675 INFO [main] o.s.c.s.PostProcessorRegistrationDelegate$BeanPostProcessorChecker [PostProcessorRegistrationDelegate.java:330] Bean 'org.springframework.kafka.annotation.KafkaBootstrapConfiguration' of type [org.springframework.kafka.annotation.KafkaBootstrapConfiguration$$EnhancerBySpringCGLIB$$9fde09cb] is not eligible for getting processed by all BeanPostProcessors (for example: not eligible for auto-proxying)
2020-05-11 23:42:59,517 INFO [main] c.a.d.s.b.a.DruidDataSourceAutoConfigure [DruidDataSourceAutoConfigure.java:56] Init DruidDataSource
2020-05-11 23:43:00,178 INFO [main] c.a.d.p.DruidDataSource [DruidDataSource.java:930] {dataSource-1} inited
2020-05-11 23:43:06,738 INFO [main] o.s.s.c.ThreadPoolTaskExecutor [ExecutorConfigurationSupport.java:171] Initializing ExecutorService 'applicationTaskExecutor'
2020-05-11 23:43:07,390 INFO [main] o.s.b.a.w.s.WelcomePageHandlerMapping [WelcomePageHandlerMapping.java:58] Adding welcome page template: index
2020-05-11 23:43:13,039 INFO [main] o.s.b.a.e.w.EndpointLinksResolver [EndpointLinksResolver.java:58] Exposing 2 endpoint(s) beneath base path '/actuator'
2020-05-11 23:43:13,290 INFO [main] o.a.k.c.c.ConsumerConfig [AbstractConfig.java:279] ConsumerConfig values: 
	auto.commit.interval.ms = 3000
	auto.offset.reset = latest
	bootstrap.servers = [localhost:9092]
	check.crcs = true
	client.id = 
	connections.max.idle.ms = 540000
	default.api.timeout.ms = 60000
	enable.auto.commit = true
	exclude.internal.topics = true
	fetch.max.bytes = 52428800
	fetch.max.wait.ms = 500
	fetch.min.bytes = 1
	group.id = test-consumer-group
	heartbeat.interval.ms = 3000
	interceptor.classes = []
	internal.leave.group.on.close = true
	isolation.level = read_uncommitted
	key.deserializer = class org.apache.kafka.common.serialization.StringDeserializer
	max.partition.fetch.bytes = 1048576
	max.poll.interval.ms = 300000
	max.poll.records = 500
	metadata.max.age.ms = 300000
	metric.reporters = []
	metrics.num.samples = 2
	metrics.recording.level = INFO
	metrics.sample.window.ms = 30000
	partition.assignment.strategy = [class org.apache.kafka.clients.consumer.RangeAssignor]
	receive.buffer.bytes = 65536
	reconnect.backoff.max.ms = 1000
	reconnect.backoff.ms = 50
	request.timeout.ms = 30000
	retry.backoff.ms = 100
	sasl.client.callback.handler.class = null
	sasl.jaas.config = null
	sasl.kerberos.kinit.cmd = /usr/bin/kinit
	sasl.kerberos.min.time.before.relogin = 60000
	sasl.kerberos.service.name = null
	sasl.kerberos.ticket.renew.jitter = 0.05
	sasl.kerberos.ticket.renew.window.factor = 0.8
	sasl.login.callback.handler.class = null
	sasl.login.class = null
	sasl.login.refresh.buffer.seconds = 300
	sasl.login.refresh.min.period.seconds = 60
	sasl.login.refresh.window.factor = 0.8
	sasl.login.refresh.window.jitter = 0.05
	sasl.mechanism = GSSAPI
	security.protocol = PLAINTEXT
	send.buffer.bytes = 131072
	session.timeout.ms = 10000
	ssl.cipher.suites = null
	ssl.enabled.protocols = [TLSv1.2, TLSv1.1, TLSv1]
	ssl.endpoint.identification.algorithm = https
	ssl.key.password = null
	ssl.keymanager.algorithm = SunX509
	ssl.keystore.location = null
	ssl.keystore.password = null
	ssl.keystore.type = JKS
	ssl.protocol = TLS
	ssl.provider = null
	ssl.secure.random.implementation = null
	ssl.trustmanager.algorithm = PKIX
	ssl.truststore.location = null
	ssl.truststore.password = null
	ssl.truststore.type = JKS
	value.deserializer = class org.apache.kafka.common.serialization.StringDeserializer

2020-05-11 23:43:13,444 INFO [main] o.a.k.c.u.AppInfoParser [AppInfoParser.java:109] Kafka version : 2.0.1
2020-05-11 23:43:13,445 INFO [main] o.a.k.c.u.AppInfoParser [AppInfoParser.java:110] Kafka commitId : fa14705e51bd2ce5
2020-05-11 23:44:13,706 INFO [main] o.s.s.c.ThreadPoolTaskExecutor [ExecutorConfigurationSupport.java:208] Shutting down ExecutorService 'applicationTaskExecutor'
2020-05-11 23:44:13,783 INFO [main] c.a.d.p.DruidDataSource [DruidDataSource.java:1825] {dataSource-1} closed
2020-05-11 23:44:13,843 INFO [main] o.s.b.a.l.ConditionEvaluationReportLoggingListener [ConditionEvaluationReportLoggingListener.java:136] 

Error starting ApplicationContext. To display the conditions report re-run your application with 'debug' enabled.
2020-05-11 23:45:58,599 INFO [main] c.n.c.KafkaTest [StartupInfoLogger.java:50] Starting KafkaTest on WIN10-804271905 with PID 17228 (started by Administrator in F:\MyProject\community)
2020-05-11 23:45:58,607 INFO [main] c.n.c.KafkaTest [SpringApplication.java:648] No active profile set, falling back to default profiles: default
2020-05-11 23:46:03,921 INFO [main] o.s.d.r.c.RepositoryConfigurationDelegate [RepositoryConfigurationDelegate.java:247] Multiple Spring Data modules found, entering strict repository configuration mode!
2020-05-11 23:46:03,929 INFO [main] o.s.d.r.c.RepositoryConfigurationDelegate [RepositoryConfigurationDelegate.java:127] Bootstrapping Spring Data Redis repositories in DEFAULT mode.
2020-05-11 23:46:04,156 INFO [main] o.s.d.r.c.RepositoryConfigurationDelegate [RepositoryConfigurationDelegate.java:185] Finished Spring Data repository scanning in 161ms. Found 0 Redis repository interfaces.
2020-05-11 23:46:06,793 INFO [main] o.s.c.s.PostProcessorRegistrationDelegate$BeanPostProcessorChecker [PostProcessorRegistrationDelegate.java:330] Bean 'org.springframework.kafka.annotation.KafkaBootstrapConfiguration' of type [org.springframework.kafka.annotation.KafkaBootstrapConfiguration$$EnhancerBySpringCGLIB$$d27eb3c7] is not eligible for getting processed by all BeanPostProcessors (for example: not eligible for auto-proxying)
2020-05-11 23:46:08,209 INFO [main] c.a.d.s.b.a.DruidDataSourceAutoConfigure [DruidDataSourceAutoConfigure.java:56] Init DruidDataSource
2020-05-11 23:46:09,259 INFO [main] c.a.d.p.DruidDataSource [DruidDataSource.java:930] {dataSource-1} inited
2020-05-11 23:46:18,597 INFO [main] o.s.s.c.ThreadPoolTaskExecutor [ExecutorConfigurationSupport.java:171] Initializing ExecutorService 'applicationTaskExecutor'
2020-05-11 23:46:19,220 INFO [main] o.s.b.a.w.s.WelcomePageHandlerMapping [WelcomePageHandlerMapping.java:58] Adding welcome page template: index
2020-05-11 23:46:26,304 INFO [main] o.s.b.a.e.w.EndpointLinksResolver [EndpointLinksResolver.java:58] Exposing 2 endpoint(s) beneath base path '/actuator'
2020-05-11 23:46:26,953 INFO [main] o.a.k.c.c.ConsumerConfig [AbstractConfig.java:279] ConsumerConfig values: 
	auto.commit.interval.ms = 3000
	auto.offset.reset = latest
	bootstrap.servers = [localhost:9092]
	check.crcs = true
	client.id = 
	connections.max.idle.ms = 540000
	default.api.timeout.ms = 60000
	enable.auto.commit = true
	exclude.internal.topics = true
	fetch.max.bytes = 52428800
	fetch.max.wait.ms = 500
	fetch.min.bytes = 1
	group.id = test-consumer-group
	heartbeat.interval.ms = 3000
	interceptor.classes = []
	internal.leave.group.on.close = true
	isolation.level = read_uncommitted
	key.deserializer = class org.apache.kafka.common.serialization.StringDeserializer
	max.partition.fetch.bytes = 1048576
	max.poll.interval.ms = 300000
	max.poll.records = 500
	metadata.max.age.ms = 300000
	metric.reporters = []
	metrics.num.samples = 2
	metrics.recording.level = INFO
	metrics.sample.window.ms = 30000
	partition.assignment.strategy = [class org.apache.kafka.clients.consumer.RangeAssignor]
	receive.buffer.bytes = 65536
	reconnect.backoff.max.ms = 1000
	reconnect.backoff.ms = 50
	request.timeout.ms = 30000
	retry.backoff.ms = 100
	sasl.client.callback.handler.class = null
	sasl.jaas.config = null
	sasl.kerberos.kinit.cmd = /usr/bin/kinit
	sasl.kerberos.min.time.before.relogin = 60000
	sasl.kerberos.service.name = null
	sasl.kerberos.ticket.renew.jitter = 0.05
	sasl.kerberos.ticket.renew.window.factor = 0.8
	sasl.login.callback.handler.class = null
	sasl.login.class = null
	sasl.login.refresh.buffer.seconds = 300
	sasl.login.refresh.min.period.seconds = 60
	sasl.login.refresh.window.factor = 0.8
	sasl.login.refresh.window.jitter = 0.05
	sasl.mechanism = GSSAPI
	security.protocol = PLAINTEXT
	send.buffer.bytes = 131072
	session.timeout.ms = 10000
	ssl.cipher.suites = null
	ssl.enabled.protocols = [TLSv1.2, TLSv1.1, TLSv1]
	ssl.endpoint.identification.algorithm = https
	ssl.key.password = null
	ssl.keymanager.algorithm = SunX509
	ssl.keystore.location = null
	ssl.keystore.password = null
	ssl.keystore.type = JKS
	ssl.protocol = TLS
	ssl.provider = null
	ssl.secure.random.implementation = null
	ssl.trustmanager.algorithm = PKIX
	ssl.truststore.location = null
	ssl.truststore.password = null
	ssl.truststore.type = JKS
	value.deserializer = class org.apache.kafka.common.serialization.StringDeserializer

2020-05-11 23:46:27,436 INFO [main] o.a.k.c.u.AppInfoParser [AppInfoParser.java:109] Kafka version : 2.0.1
2020-05-11 23:46:27,437 INFO [main] o.a.k.c.u.AppInfoParser [AppInfoParser.java:110] Kafka commitId : fa14705e51bd2ce5
2020-05-11 23:55:00,973 INFO [main] c.n.c.KafkaTest [StartupInfoLogger.java:50] Starting KafkaTest on WIN10-804271905 with PID 14156 (started by Administrator in F:\MyProject\community)
2020-05-11 23:55:00,975 INFO [main] c.n.c.KafkaTest [SpringApplication.java:648] No active profile set, falling back to default profiles: default
2020-05-11 23:55:03,664 INFO [main] o.s.d.r.c.RepositoryConfigurationDelegate [RepositoryConfigurationDelegate.java:247] Multiple Spring Data modules found, entering strict repository configuration mode!
2020-05-11 23:55:03,668 INFO [main] o.s.d.r.c.RepositoryConfigurationDelegate [RepositoryConfigurationDelegate.java:127] Bootstrapping Spring Data Redis repositories in DEFAULT mode.
2020-05-11 23:55:03,837 INFO [main] o.s.d.r.c.RepositoryConfigurationDelegate [RepositoryConfigurationDelegate.java:185] Finished Spring Data repository scanning in 148ms. Found 0 Redis repository interfaces.
2020-05-11 23:55:05,036 INFO [main] o.s.c.s.PostProcessorRegistrationDelegate$BeanPostProcessorChecker [PostProcessorRegistrationDelegate.java:330] Bean 'org.springframework.kafka.annotation.KafkaBootstrapConfiguration' of type [org.springframework.kafka.annotation.KafkaBootstrapConfiguration$$EnhancerBySpringCGLIB$$54652641] is not eligible for getting processed by all BeanPostProcessors (for example: not eligible for auto-proxying)
2020-05-11 23:55:05,856 INFO [main] c.a.d.s.b.a.DruidDataSourceAutoConfigure [DruidDataSourceAutoConfigure.java:56] Init DruidDataSource
2020-05-11 23:55:06,323 INFO [main] c.a.d.p.DruidDataSource [DruidDataSource.java:930] {dataSource-1} inited
2020-05-11 23:55:10,536 INFO [main] o.s.s.c.ThreadPoolTaskExecutor [ExecutorConfigurationSupport.java:171] Initializing ExecutorService 'applicationTaskExecutor'
2020-05-11 23:55:10,818 INFO [main] o.s.b.a.w.s.WelcomePageHandlerMapping [WelcomePageHandlerMapping.java:58] Adding welcome page template: index
2020-05-11 23:55:15,665 INFO [main] o.s.b.a.e.w.EndpointLinksResolver [EndpointLinksResolver.java:58] Exposing 2 endpoint(s) beneath base path '/actuator'
2020-05-11 23:55:16,128 INFO [main] o.a.k.c.c.ConsumerConfig [AbstractConfig.java:279] ConsumerConfig values: 
	auto.commit.interval.ms = 3000
	auto.offset.reset = latest
	bootstrap.servers = [127.0.0.1:9092]
	check.crcs = true
	client.id = 
	connections.max.idle.ms = 540000
	default.api.timeout.ms = 60000
	enable.auto.commit = true
	exclude.internal.topics = true
	fetch.max.bytes = 52428800
	fetch.max.wait.ms = 500
	fetch.min.bytes = 1
	group.id = test-consumer-group
	heartbeat.interval.ms = 3000
	interceptor.classes = []
	internal.leave.group.on.close = true
	isolation.level = read_uncommitted
	key.deserializer = class org.apache.kafka.common.serialization.StringDeserializer
	max.partition.fetch.bytes = 1048576
	max.poll.interval.ms = 300000
	max.poll.records = 500
	metadata.max.age.ms = 300000
	metric.reporters = []
	metrics.num.samples = 2
	metrics.recording.level = INFO
	metrics.sample.window.ms = 30000
	partition.assignment.strategy = [class org.apache.kafka.clients.consumer.RangeAssignor]
	receive.buffer.bytes = 65536
	reconnect.backoff.max.ms = 1000
	reconnect.backoff.ms = 50
	request.timeout.ms = 30000
	retry.backoff.ms = 100
	sasl.client.callback.handler.class = null
	sasl.jaas.config = null
	sasl.kerberos.kinit.cmd = /usr/bin/kinit
	sasl.kerberos.min.time.before.relogin = 60000
	sasl.kerberos.service.name = null
	sasl.kerberos.ticket.renew.jitter = 0.05
	sasl.kerberos.ticket.renew.window.factor = 0.8
	sasl.login.callback.handler.class = null
	sasl.login.class = null
	sasl.login.refresh.buffer.seconds = 300
	sasl.login.refresh.min.period.seconds = 60
	sasl.login.refresh.window.factor = 0.8
	sasl.login.refresh.window.jitter = 0.05
	sasl.mechanism = GSSAPI
	security.protocol = PLAINTEXT
	send.buffer.bytes = 131072
	session.timeout.ms = 10000
	ssl.cipher.suites = null
	ssl.enabled.protocols = [TLSv1.2, TLSv1.1, TLSv1]
	ssl.endpoint.identification.algorithm = https
	ssl.key.password = null
	ssl.keymanager.algorithm = SunX509
	ssl.keystore.location = null
	ssl.keystore.password = null
	ssl.keystore.type = JKS
	ssl.protocol = TLS
	ssl.provider = null
	ssl.secure.random.implementation = null
	ssl.trustmanager.algorithm = PKIX
	ssl.truststore.location = null
	ssl.truststore.password = null
	ssl.truststore.type = JKS
	value.deserializer = class org.apache.kafka.common.serialization.StringDeserializer

2020-05-11 23:55:16,559 INFO [main] o.a.k.c.u.AppInfoParser [AppInfoParser.java:109] Kafka version : 2.0.1
2020-05-11 23:55:16,565 INFO [main] o.a.k.c.u.AppInfoParser [AppInfoParser.java:110] Kafka commitId : fa14705e51bd2ce5
