2020-05-04 08:31:55,088 INFO [restartedMain] c.n.c.CommunityApplication [StartupInfoLogger.java:50] Starting CommunityApplication on WIN10-804271905 with PID 9156 (F:\MyProject\community\target\classes started by Administrator in F:\MyProject\community)
2020-05-04 08:31:55,111 INFO [restartedMain] c.n.c.CommunityApplication [SpringApplication.java:648] No active profile set, falling back to default profiles: default
2020-05-04 08:31:55,397 INFO [restartedMain] o.s.b.d.e.DevToolsPropertyDefaultsPostProcessor [DeferredLog.java:225] Devtools property defaults active! Set 'spring.devtools.add-properties' to 'false' to disable
2020-05-04 08:31:55,398 INFO [restartedMain] o.s.b.d.e.DevToolsPropertyDefaultsPostProcessor [DeferredLog.java:225] For additional web related logging consider setting the 'logging.level.web' property to 'DEBUG'
2020-05-04 08:31:57,892 INFO [restartedMain] o.s.b.w.e.t.TomcatWebServer [TomcatWebServer.java:90] Tomcat initialized with port(s): 8080 (http)
2020-05-04 08:31:57,910 INFO [restartedMain] o.a.c.h.Http11NioProtocol [DirectJDKLog.java:173] Initializing ProtocolHandler ["http-nio-8080"]
2020-05-04 08:31:57,921 INFO [restartedMain] o.a.c.c.StandardService [DirectJDKLog.java:173] Starting service [Tomcat]
2020-05-04 08:31:57,922 INFO [restartedMain] o.a.c.c.StandardEngine [DirectJDKLog.java:173] Starting Servlet engine: [Apache Tomcat/9.0.31]
2020-05-04 08:31:57,931 INFO [restartedMain] o.a.c.c.AprLifecycleListener [DirectJDKLog.java:173] An older version [1.2.21] of the APR based Apache Tomcat Native library is installed, while Tomcat recommends a minimum version of [1.2.23]
2020-05-04 08:31:57,932 INFO [restartedMain] o.a.c.c.AprLifecycleListener [DirectJDKLog.java:173] Loaded APR based Apache Tomcat Native library [1.2.21] using APR version [1.6.5].
2020-05-04 08:31:57,932 INFO [restartedMain] o.a.c.c.AprLifecycleListener [DirectJDKLog.java:173] APR capabilities: IPv6 [true], sendfile [true], accept filters [false], random [true].
2020-05-04 08:31:57,933 INFO [restartedMain] o.a.c.c.AprLifecycleListener [DirectJDKLog.java:173] APR/OpenSSL configuration: useAprConnector [false], useOpenSSL [true]
2020-05-04 08:31:58,101 INFO [restartedMain] o.a.c.c.AprLifecycleListener [DirectJDKLog.java:173] OpenSSL successfully initialized [OpenSSL 1.1.1a  20 Nov 2018]
2020-05-04 08:31:58,298 INFO [restartedMain] o.a.c.c.C.[.[.[/community] [DirectJDKLog.java:173] Initializing Spring embedded WebApplicationContext
2020-05-04 08:31:58,298 INFO [restartedMain] o.s.w.c.ContextLoader [ServletWebServerApplicationContext.java:284] Root WebApplicationContext: initialization completed in 2868 ms
2020-05-04 08:31:58,560 INFO [restartedMain] c.a.d.s.b.a.DruidDataSourceAutoConfigure [DruidDataSourceAutoConfigure.java:56] Init DruidDataSource
2020-05-04 08:31:58,972 INFO [restartedMain] c.a.d.p.DruidDataSource [DruidDataSource.java:930] {dataSource-1} inited
2020-05-04 08:32:00,131 INFO [restartedMain] o.s.s.c.ThreadPoolTaskExecutor [ExecutorConfigurationSupport.java:171] Initializing ExecutorService 'applicationTaskExecutor'
2020-05-04 08:32:00,282 INFO [restartedMain] o.s.b.a.w.s.WelcomePageHandlerMapping [WelcomePageHandlerMapping.java:58] Adding welcome page template: index
2020-05-04 08:32:00,741 INFO [restartedMain] o.s.b.d.a.OptionalLiveReloadServer [OptionalLiveReloadServer.java:57] LiveReload server is running on port 35729
2020-05-04 08:32:00,787 INFO [restartedMain] o.a.c.h.Http11NioProtocol [DirectJDKLog.java:173] Starting ProtocolHandler ["http-nio-8080"]
2020-05-04 08:32:00,818 INFO [restartedMain] o.s.b.w.e.t.TomcatWebServer [TomcatWebServer.java:202] Tomcat started on port(s): 8080 (http) with context path '/community'
2020-05-04 08:32:00,822 INFO [restartedMain] c.n.c.CommunityApplication [StartupInfoLogger.java:59] Started CommunityApplication in 6.726 seconds (JVM running for 9.156)
2020-05-04 08:32:52,900 INFO [http-nio-8080-exec-8] o.a.c.c.C.[.[.[/community] [DirectJDKLog.java:173] Initializing Spring DispatcherServlet 'dispatcherServlet'
2020-05-04 08:32:52,901 INFO [http-nio-8080-exec-8] o.s.w.s.DispatcherServlet [FrameworkServlet.java:525] Initializing Servlet 'dispatcherServlet'
2020-05-04 08:32:52,928 INFO [http-nio-8080-exec-8] o.s.w.s.DispatcherServlet [FrameworkServlet.java:547] Completed initialization in 26 ms
2020-05-04 08:33:56,567 INFO [restartedMain] c.n.c.CommunityApplication [StartupInfoLogger.java:50] Starting CommunityApplication on WIN10-804271905 with PID 12768 (F:\MyProject\community\target\classes started by Administrator in F:\MyProject\community)
2020-05-04 08:33:56,572 INFO [restartedMain] c.n.c.CommunityApplication [SpringApplication.java:648] No active profile set, falling back to default profiles: default
2020-05-04 08:33:56,685 INFO [restartedMain] o.s.b.d.e.DevToolsPropertyDefaultsPostProcessor [DeferredLog.java:225] Devtools property defaults active! Set 'spring.devtools.add-properties' to 'false' to disable
2020-05-04 08:33:56,685 INFO [restartedMain] o.s.b.d.e.DevToolsPropertyDefaultsPostProcessor [DeferredLog.java:225] For additional web related logging consider setting the 'logging.level.web' property to 'DEBUG'
2020-05-04 08:33:59,552 INFO [restartedMain] o.s.b.w.e.t.TomcatWebServer [TomcatWebServer.java:90] Tomcat initialized with port(s): 8080 (http)
2020-05-04 08:33:59,567 INFO [restartedMain] o.a.c.h.Http11NioProtocol [DirectJDKLog.java:173] Initializing ProtocolHandler ["http-nio-8080"]
2020-05-04 08:33:59,577 INFO [restartedMain] o.a.c.c.StandardService [DirectJDKLog.java:173] Starting service [Tomcat]
2020-05-04 08:33:59,578 INFO [restartedMain] o.a.c.c.StandardEngine [DirectJDKLog.java:173] Starting Servlet engine: [Apache Tomcat/9.0.31]
2020-05-04 08:33:59,586 INFO [restartedMain] o.a.c.c.AprLifecycleListener [DirectJDKLog.java:173] An older version [1.2.21] of the APR based Apache Tomcat Native library is installed, while Tomcat recommends a minimum version of [1.2.23]
2020-05-04 08:33:59,586 INFO [restartedMain] o.a.c.c.AprLifecycleListener [DirectJDKLog.java:173] Loaded APR based Apache Tomcat Native library [1.2.21] using APR version [1.6.5].
2020-05-04 08:33:59,586 INFO [restartedMain] o.a.c.c.AprLifecycleListener [DirectJDKLog.java:173] APR capabilities: IPv6 [true], sendfile [true], accept filters [false], random [true].
2020-05-04 08:33:59,587 INFO [restartedMain] o.a.c.c.AprLifecycleListener [DirectJDKLog.java:173] APR/OpenSSL configuration: useAprConnector [false], useOpenSSL [true]
2020-05-04 08:33:59,591 INFO [restartedMain] o.a.c.c.AprLifecycleListener [DirectJDKLog.java:173] OpenSSL successfully initialized [OpenSSL 1.1.1a  20 Nov 2018]
2020-05-04 08:33:59,717 INFO [restartedMain] o.a.c.c.C.[.[.[/community] [DirectJDKLog.java:173] Initializing Spring embedded WebApplicationContext
2020-05-04 08:33:59,718 INFO [restartedMain] o.s.w.c.ContextLoader [ServletWebServerApplicationContext.java:284] Root WebApplicationContext: initialization completed in 3032 ms
2020-05-04 08:33:59,991 INFO [restartedMain] c.a.d.s.b.a.DruidDataSourceAutoConfigure [DruidDataSourceAutoConfigure.java:56] Init DruidDataSource
2020-05-04 08:34:00,363 INFO [restartedMain] c.a.d.p.DruidDataSource [DruidDataSource.java:930] {dataSource-1} inited
2020-05-04 08:34:01,042 INFO [restartedMain] o.s.s.c.ThreadPoolTaskExecutor [ExecutorConfigurationSupport.java:171] Initializing ExecutorService 'applicationTaskExecutor'
2020-05-04 08:34:01,159 INFO [restartedMain] o.s.b.a.w.s.WelcomePageHandlerMapping [WelcomePageHandlerMapping.java:58] Adding welcome page template: index
2020-05-04 08:34:01,402 INFO [restartedMain] o.s.b.d.a.OptionalLiveReloadServer [OptionalLiveReloadServer.java:57] LiveReload server is running on port 35729
2020-05-04 08:34:01,446 INFO [restartedMain] o.a.c.h.Http11NioProtocol [DirectJDKLog.java:173] Starting ProtocolHandler ["http-nio-8080"]
2020-05-04 08:34:01,481 INFO [restartedMain] o.s.b.w.e.t.TomcatWebServer [TomcatWebServer.java:202] Tomcat started on port(s): 8080 (http) with context path '/community'
2020-05-04 08:34:01,487 INFO [restartedMain] c.n.c.CommunityApplication [StartupInfoLogger.java:59] Started CommunityApplication in 6.864 seconds (JVM running for 8.861)
2020-05-04 08:34:21,120 INFO [http-nio-8080-exec-1] o.a.c.c.C.[.[.[/community] [DirectJDKLog.java:173] Initializing Spring DispatcherServlet 'dispatcherServlet'
2020-05-04 08:34:21,121 INFO [http-nio-8080-exec-1] o.s.w.s.DispatcherServlet [FrameworkServlet.java:525] Initializing Servlet 'dispatcherServlet'
2020-05-04 08:34:21,137 INFO [http-nio-8080-exec-1] o.s.w.s.DispatcherServlet [FrameworkServlet.java:547] Completed initialization in 16 ms
2020-05-04 21:58:00,675 INFO [main] c.n.c.RedisTemplateTest [StartupInfoLogger.java:50] Starting RedisTemplateTest on WIN10-804271905 with PID 10620 (started by Administrator in F:\MyProject\community)
2020-05-04 21:58:00,679 INFO [main] c.n.c.RedisTemplateTest [SpringApplication.java:648] No active profile set, falling back to default profiles: default
2020-05-04 21:58:03,827 INFO [main] o.s.d.r.c.RepositoryConfigurationDelegate [RepositoryConfigurationDelegate.java:247] Multiple Spring Data modules found, entering strict repository configuration mode!
2020-05-04 21:58:03,830 INFO [main] o.s.d.r.c.RepositoryConfigurationDelegate [RepositoryConfigurationDelegate.java:127] Bootstrapping Spring Data Elasticsearch repositories in DEFAULT mode.
2020-05-04 21:58:03,891 INFO [main] o.s.d.r.c.RepositoryConfigurationDelegate [RepositoryConfigurationDelegate.java:185] Finished Spring Data repository scanning in 52ms. Found 0 Elasticsearch repository interfaces.
2020-05-04 21:58:03,929 INFO [main] o.s.d.r.c.RepositoryConfigurationDelegate [RepositoryConfigurationDelegate.java:247] Multiple Spring Data modules found, entering strict repository configuration mode!
2020-05-04 21:58:03,931 INFO [main] o.s.d.r.c.RepositoryConfigurationDelegate [RepositoryConfigurationDelegate.java:127] Bootstrapping Spring Data Redis repositories in DEFAULT mode.
2020-05-04 21:58:03,964 INFO [main] o.s.d.r.c.RepositoryConfigurationDelegate [RepositoryConfigurationDelegate.java:185] Finished Spring Data repository scanning in 20ms. Found 0 Redis repository interfaces.
2020-05-04 21:58:05,472 INFO [main] o.s.c.s.PostProcessorRegistrationDelegate$BeanPostProcessorChecker [PostProcessorRegistrationDelegate.java:330] Bean 'org.springframework.kafka.annotation.KafkaBootstrapConfiguration' of type [org.springframework.kafka.annotation.KafkaBootstrapConfiguration$$EnhancerBySpringCGLIB$$3a5a08e9] is not eligible for getting processed by all BeanPostProcessors (for example: not eligible for auto-proxying)
2020-05-04 21:58:06,696 INFO [main] c.a.d.s.b.a.DruidDataSourceAutoConfigure [DruidDataSourceAutoConfigure.java:56] Init DruidDataSource
2020-05-04 21:58:07,479 INFO [main] c.a.d.p.DruidDataSource [DruidDataSource.java:930] {dataSource-1} inited
2020-05-04 21:58:12,716 INFO [main] o.s.s.c.ThreadPoolTaskExecutor [ExecutorConfigurationSupport.java:171] Initializing ExecutorService 'applicationTaskExecutor'
2020-05-04 21:58:12,958 INFO [main] o.s.b.a.w.s.WelcomePageHandlerMapping [WelcomePageHandlerMapping.java:58] Adding welcome page template: index
2020-05-04 21:58:16,444 INFO [main] o.s.b.a.s.s.UserDetailsServiceAutoConfiguration [UserDetailsServiceAutoConfiguration.java:83] 

Using generated security password: 84a301e4-9fa8-4984-a71b-6efe05893de4

2020-05-04 21:58:16,848 INFO [main] o.s.s.w.DefaultSecurityFilterChain [DefaultSecurityFilterChain.java:43] Creating filter chain: any request, [org.springframework.security.web.context.request.async.WebAsyncManagerIntegrationFilter@59371066, org.springframework.security.web.context.SecurityContextPersistenceFilter@48277712, org.springframework.security.web.header.HeaderWriterFilter@3e4afd10, org.springframework.security.web.csrf.CsrfFilter@17f8db6, org.springframework.security.web.authentication.logout.LogoutFilter@44976b08, org.springframework.security.web.authentication.UsernamePasswordAuthenticationFilter@3982206a, org.springframework.security.web.authentication.ui.DefaultLoginPageGeneratingFilter@750e2d33, org.springframework.security.web.authentication.ui.DefaultLogoutPageGeneratingFilter@48106381, org.springframework.security.web.authentication.www.BasicAuthenticationFilter@63e70bf9, org.springframework.security.web.savedrequest.RequestCacheAwareFilter@dd20ebc, org.springframework.security.web.servletapi.SecurityContextHolderAwareRequestFilter@d76099a, org.springframework.security.web.authentication.AnonymousAuthenticationFilter@3c544c9, org.springframework.security.web.session.SessionManagementFilter@20faaf77, org.springframework.security.web.access.ExceptionTranslationFilter@4ffa7041, org.springframework.security.web.access.intercept.FilterSecurityInterceptor@3a6556b6]
2020-05-04 21:58:17,663 INFO [main] o.q.i.StdSchedulerFactory [StdSchedulerFactory.java:1220] Using default implementation for ThreadExecutor
2020-05-04 21:58:17,689 INFO [main] o.q.c.SchedulerSignalerImpl [SchedulerSignalerImpl.java:61] Initialized Scheduler Signaller of type: class org.quartz.core.SchedulerSignalerImpl
2020-05-04 21:58:17,690 INFO [main] o.q.c.QuartzScheduler [QuartzScheduler.java:229] Quartz Scheduler v.2.3.2 created.
2020-05-04 21:58:17,692 INFO [main] o.q.s.RAMJobStore [RAMJobStore.java:155] RAMJobStore initialized.
2020-05-04 21:58:17,695 INFO [main] o.q.c.QuartzScheduler [QuartzScheduler.java:294] Scheduler meta-data: Quartz Scheduler (v2.3.2) 'quartzScheduler' with instanceId 'NON_CLUSTERED'
  Scheduler class: 'org.quartz.core.QuartzScheduler' - running locally.
  NOT STARTED.
  Currently in standby mode.
  Number of jobs executed: 0
  Using thread pool 'org.quartz.simpl.SimpleThreadPool' - with 10 threads.
  Using job-store 'org.quartz.simpl.RAMJobStore' - which does not support persistence. and is not clustered.

2020-05-04 21:58:17,696 INFO [main] o.q.i.StdSchedulerFactory [StdSchedulerFactory.java:1374] Quartz scheduler 'quartzScheduler' initialized from an externally provided properties instance.
2020-05-04 21:58:17,697 INFO [main] o.q.i.StdSchedulerFactory [StdSchedulerFactory.java:1378] Quartz scheduler version: 2.3.2
2020-05-04 21:58:17,700 INFO [main] o.q.c.QuartzScheduler [QuartzScheduler.java:2293] JobFactory set to: org.springframework.scheduling.quartz.SpringBeanJobFactory@d0a2c82
2020-05-04 21:58:17,987 INFO [main] o.s.b.a.e.w.EndpointLinksResolver [EndpointLinksResolver.java:58] Exposing 2 endpoint(s) beneath base path '/actuator'
2020-05-04 21:58:18,119 INFO [main] o.s.s.q.SchedulerFactoryBean [SchedulerFactoryBean.java:727] Starting Quartz Scheduler now
2020-05-04 21:58:18,120 INFO [main] o.q.c.QuartzScheduler [QuartzScheduler.java:547] Scheduler quartzScheduler_$_NON_CLUSTERED started.
2020-05-04 21:58:18,158 INFO [main] c.n.c.RedisTemplateTest [StartupInfoLogger.java:59] Started RedisTemplateTest in 18.656 seconds (JVM running for 21.862)
2020-05-04 21:58:18,797 INFO [main] i.l.c.EpollProvider [EpollProvider.java:68] Starting without optional epoll library
2020-05-04 21:58:18,799 INFO [main] i.l.c.KqueueProvider [KqueueProvider.java:70] Starting without optional kqueue library
2020-05-04 21:58:19,516 INFO [Thread-3] o.q.c.QuartzScheduler [QuartzScheduler.java:585] Scheduler quartzScheduler_$_NON_CLUSTERED paused.
2020-05-04 21:58:19,517 INFO [Thread-3] o.s.s.q.SchedulerFactoryBean [SchedulerFactoryBean.java:845] Shutting down Quartz Scheduler
2020-05-04 21:58:19,518 INFO [Thread-3] o.q.c.QuartzScheduler [QuartzScheduler.java:666] Scheduler quartzScheduler_$_NON_CLUSTERED shutting down.
2020-05-04 21:58:19,518 INFO [Thread-3] o.q.c.QuartzScheduler [QuartzScheduler.java:585] Scheduler quartzScheduler_$_NON_CLUSTERED paused.
2020-05-04 21:58:19,519 INFO [Thread-3] o.q.c.QuartzScheduler [QuartzScheduler.java:740] Scheduler quartzScheduler_$_NON_CLUSTERED shutdown complete.
2020-05-04 21:58:19,525 INFO [Thread-3] o.s.s.c.ThreadPoolTaskExecutor [ExecutorConfigurationSupport.java:208] Shutting down ExecutorService 'applicationTaskExecutor'
2020-05-04 21:58:19,779 INFO [Thread-3] c.a.d.p.DruidDataSource [DruidDataSource.java:1825] {dataSource-1} closed
2020-05-04 22:07:32,368 INFO [main] c.n.c.RedisTemplateTest [StartupInfoLogger.java:50] Starting RedisTemplateTest on WIN10-804271905 with PID 2140 (started by Administrator in F:\MyProject\community)
2020-05-04 22:07:32,372 INFO [main] c.n.c.RedisTemplateTest [SpringApplication.java:648] No active profile set, falling back to default profiles: default
2020-05-04 22:07:37,158 INFO [main] o.s.d.r.c.RepositoryConfigurationDelegate [RepositoryConfigurationDelegate.java:247] Multiple Spring Data modules found, entering strict repository configuration mode!
2020-05-04 22:07:37,168 INFO [main] o.s.d.r.c.RepositoryConfigurationDelegate [RepositoryConfigurationDelegate.java:127] Bootstrapping Spring Data Elasticsearch repositories in DEFAULT mode.
2020-05-04 22:07:37,246 INFO [main] o.s.d.r.c.RepositoryConfigurationDelegate [RepositoryConfigurationDelegate.java:185] Finished Spring Data repository scanning in 66ms. Found 0 Elasticsearch repository interfaces.
2020-05-04 22:07:37,300 INFO [main] o.s.d.r.c.RepositoryConfigurationDelegate [RepositoryConfigurationDelegate.java:247] Multiple Spring Data modules found, entering strict repository configuration mode!
2020-05-04 22:07:37,302 INFO [main] o.s.d.r.c.RepositoryConfigurationDelegate [RepositoryConfigurationDelegate.java:127] Bootstrapping Spring Data Redis repositories in DEFAULT mode.
2020-05-04 22:07:37,339 INFO [main] o.s.d.r.c.RepositoryConfigurationDelegate [RepositoryConfigurationDelegate.java:185] Finished Spring Data repository scanning in 24ms. Found 0 Redis repository interfaces.
2020-05-04 22:07:39,023 INFO [main] o.s.c.s.PostProcessorRegistrationDelegate$BeanPostProcessorChecker [PostProcessorRegistrationDelegate.java:330] Bean 'org.springframework.kafka.annotation.KafkaBootstrapConfiguration' of type [org.springframework.kafka.annotation.KafkaBootstrapConfiguration$$EnhancerBySpringCGLIB$$2962f884] is not eligible for getting processed by all BeanPostProcessors (for example: not eligible for auto-proxying)
2020-05-04 22:07:39,975 INFO [main] c.a.d.s.b.a.DruidDataSourceAutoConfigure [DruidDataSourceAutoConfigure.java:56] Init DruidDataSource
2020-05-04 22:07:40,519 INFO [main] c.a.d.p.DruidDataSource [DruidDataSource.java:930] {dataSource-1} inited
2020-05-04 22:07:46,792 INFO [main] o.s.s.c.ThreadPoolTaskExecutor [ExecutorConfigurationSupport.java:171] Initializing ExecutorService 'applicationTaskExecutor'
2020-05-04 22:07:47,492 INFO [main] o.s.b.a.w.s.WelcomePageHandlerMapping [WelcomePageHandlerMapping.java:58] Adding welcome page template: index
2020-05-04 22:07:50,707 INFO [main] o.s.b.a.s.s.UserDetailsServiceAutoConfiguration [UserDetailsServiceAutoConfiguration.java:83] 

Using generated security password: ab496f21-d259-4f52-a635-dc28bd51fa54

2020-05-04 22:07:51,308 INFO [main] o.s.s.w.DefaultSecurityFilterChain [DefaultSecurityFilterChain.java:43] Creating filter chain: any request, [org.springframework.security.web.context.request.async.WebAsyncManagerIntegrationFilter@74bbc273, org.springframework.security.web.context.SecurityContextPersistenceFilter@a4df251, org.springframework.security.web.header.HeaderWriterFilter@369ad7da, org.springframework.security.web.csrf.CsrfFilter@dae5e0, org.springframework.security.web.authentication.logout.LogoutFilter@6fbe4800, org.springframework.security.web.authentication.UsernamePasswordAuthenticationFilter@19d27c27, org.springframework.security.web.authentication.ui.DefaultLoginPageGeneratingFilter@7f2c995b, org.springframework.security.web.authentication.ui.DefaultLogoutPageGeneratingFilter@370a8b6e, org.springframework.security.web.authentication.www.BasicAuthenticationFilter@410382cb, org.springframework.security.web.savedrequest.RequestCacheAwareFilter@4ae49387, org.springframework.security.web.servletapi.SecurityContextHolderAwareRequestFilter@55061418, org.springframework.security.web.authentication.AnonymousAuthenticationFilter@118fbaf0, org.springframework.security.web.session.SessionManagementFilter@3e98b933, org.springframework.security.web.access.ExceptionTranslationFilter@5c0e2ec, org.springframework.security.web.access.intercept.FilterSecurityInterceptor@52657d5f]
2020-05-04 22:07:52,523 INFO [main] o.q.i.StdSchedulerFactory [StdSchedulerFactory.java:1220] Using default implementation for ThreadExecutor
2020-05-04 22:07:52,553 INFO [main] o.q.c.SchedulerSignalerImpl [SchedulerSignalerImpl.java:61] Initialized Scheduler Signaller of type: class org.quartz.core.SchedulerSignalerImpl
2020-05-04 22:07:52,553 INFO [main] o.q.c.QuartzScheduler [QuartzScheduler.java:229] Quartz Scheduler v.2.3.2 created.
2020-05-04 22:07:52,555 INFO [main] o.q.s.RAMJobStore [RAMJobStore.java:155] RAMJobStore initialized.
2020-05-04 22:07:52,557 INFO [main] o.q.c.QuartzScheduler [QuartzScheduler.java:294] Scheduler meta-data: Quartz Scheduler (v2.3.2) 'quartzScheduler' with instanceId 'NON_CLUSTERED'
  Scheduler class: 'org.quartz.core.QuartzScheduler' - running locally.
  NOT STARTED.
  Currently in standby mode.
  Number of jobs executed: 0
  Using thread pool 'org.quartz.simpl.SimpleThreadPool' - with 10 threads.
  Using job-store 'org.quartz.simpl.RAMJobStore' - which does not support persistence. and is not clustered.

2020-05-04 22:07:52,558 INFO [main] o.q.i.StdSchedulerFactory [StdSchedulerFactory.java:1374] Quartz scheduler 'quartzScheduler' initialized from an externally provided properties instance.
2020-05-04 22:07:52,559 INFO [main] o.q.i.StdSchedulerFactory [StdSchedulerFactory.java:1378] Quartz scheduler version: 2.3.2
2020-05-04 22:07:52,559 INFO [main] o.q.c.QuartzScheduler [QuartzScheduler.java:2293] JobFactory set to: org.springframework.scheduling.quartz.SpringBeanJobFactory@5d297d4d
2020-05-04 22:07:52,982 INFO [main] o.s.b.a.e.w.EndpointLinksResolver [EndpointLinksResolver.java:58] Exposing 2 endpoint(s) beneath base path '/actuator'
2020-05-04 22:07:53,168 INFO [main] o.s.s.q.SchedulerFactoryBean [SchedulerFactoryBean.java:727] Starting Quartz Scheduler now
2020-05-04 22:07:53,170 INFO [main] o.q.c.QuartzScheduler [QuartzScheduler.java:547] Scheduler quartzScheduler_$_NON_CLUSTERED started.
2020-05-04 22:07:53,205 INFO [main] c.n.c.RedisTemplateTest [StartupInfoLogger.java:59] Started RedisTemplateTest in 22.527 seconds (JVM running for 25.77)
2020-05-04 22:07:53,936 INFO [main] i.l.c.EpollProvider [EpollProvider.java:68] Starting without optional epoll library
2020-05-04 22:07:53,940 INFO [main] i.l.c.KqueueProvider [KqueueProvider.java:70] Starting without optional kqueue library
2020-05-04 22:07:54,842 INFO [Thread-3] o.q.c.QuartzScheduler [QuartzScheduler.java:585] Scheduler quartzScheduler_$_NON_CLUSTERED paused.
2020-05-04 22:07:54,846 INFO [Thread-3] o.s.s.q.SchedulerFactoryBean [SchedulerFactoryBean.java:845] Shutting down Quartz Scheduler
2020-05-04 22:07:54,847 INFO [Thread-3] o.q.c.QuartzScheduler [QuartzScheduler.java:666] Scheduler quartzScheduler_$_NON_CLUSTERED shutting down.
2020-05-04 22:07:54,848 INFO [Thread-3] o.q.c.QuartzScheduler [QuartzScheduler.java:585] Scheduler quartzScheduler_$_NON_CLUSTERED paused.
2020-05-04 22:07:54,849 INFO [Thread-3] o.q.c.QuartzScheduler [QuartzScheduler.java:740] Scheduler quartzScheduler_$_NON_CLUSTERED shutdown complete.
2020-05-04 22:07:54,866 INFO [Thread-3] o.s.s.c.ThreadPoolTaskExecutor [ExecutorConfigurationSupport.java:208] Shutting down ExecutorService 'applicationTaskExecutor'
2020-05-04 22:07:55,005 INFO [Thread-3] c.a.d.p.DruidDataSource [DruidDataSource.java:1825] {dataSource-1} closed
2020-05-04 23:01:45,754 INFO [main] c.n.c.RedisTemplateTest [StartupInfoLogger.java:50] Starting RedisTemplateTest on WIN10-804271905 with PID 5768 (started by Administrator in F:\MyProject\community)
2020-05-04 23:01:45,759 INFO [main] c.n.c.RedisTemplateTest [SpringApplication.java:648] No active profile set, falling back to default profiles: default
2020-05-04 23:01:48,226 INFO [main] o.s.d.r.c.RepositoryConfigurationDelegate [RepositoryConfigurationDelegate.java:247] Multiple Spring Data modules found, entering strict repository configuration mode!
2020-05-04 23:01:48,233 INFO [main] o.s.d.r.c.RepositoryConfigurationDelegate [RepositoryConfigurationDelegate.java:127] Bootstrapping Spring Data Elasticsearch repositories in DEFAULT mode.
2020-05-04 23:01:48,308 INFO [main] o.s.d.r.c.RepositoryConfigurationDelegate [RepositoryConfigurationDelegate.java:185] Finished Spring Data repository scanning in 50ms. Found 0 Elasticsearch repository interfaces.
2020-05-04 23:01:48,376 INFO [main] o.s.d.r.c.RepositoryConfigurationDelegate [RepositoryConfigurationDelegate.java:247] Multiple Spring Data modules found, entering strict repository configuration mode!
2020-05-04 23:01:48,381 INFO [main] o.s.d.r.c.RepositoryConfigurationDelegate [RepositoryConfigurationDelegate.java:127] Bootstrapping Spring Data Redis repositories in DEFAULT mode.
2020-05-04 23:01:48,460 INFO [main] o.s.d.r.c.RepositoryConfigurationDelegate [RepositoryConfigurationDelegate.java:185] Finished Spring Data repository scanning in 38ms. Found 0 Redis repository interfaces.
2020-05-04 23:01:50,140 INFO [main] o.s.c.s.PostProcessorRegistrationDelegate$BeanPostProcessorChecker [PostProcessorRegistrationDelegate.java:330] Bean 'org.springframework.kafka.annotation.KafkaBootstrapConfiguration' of type [org.springframework.kafka.annotation.KafkaBootstrapConfiguration$$EnhancerBySpringCGLIB$$7175733] is not eligible for getting processed by all BeanPostProcessors (for example: not eligible for auto-proxying)
2020-05-04 23:01:50,900 INFO [main] c.a.d.s.b.a.DruidDataSourceAutoConfigure [DruidDataSourceAutoConfigure.java:56] Init DruidDataSource
2020-05-04 23:01:51,381 INFO [main] c.a.d.p.DruidDataSource [DruidDataSource.java:930] {dataSource-1} inited
2020-05-04 23:01:54,938 INFO [main] o.s.s.c.ThreadPoolTaskExecutor [ExecutorConfigurationSupport.java:171] Initializing ExecutorService 'applicationTaskExecutor'
2020-05-04 23:01:55,386 INFO [main] o.s.b.a.w.s.WelcomePageHandlerMapping [WelcomePageHandlerMapping.java:58] Adding welcome page template: index
2020-05-04 23:01:58,252 INFO [main] o.s.b.a.s.s.UserDetailsServiceAutoConfiguration [UserDetailsServiceAutoConfiguration.java:83] 

Using generated security password: 68f66e71-f25f-41fc-ab38-294c17422ff8

2020-05-04 23:01:58,686 INFO [main] o.s.s.w.DefaultSecurityFilterChain [DefaultSecurityFilterChain.java:43] Creating filter chain: any request, [org.springframework.security.web.context.request.async.WebAsyncManagerIntegrationFilter@250a946, org.springframework.security.web.context.SecurityContextPersistenceFilter@5d37aa0f, org.springframework.security.web.header.HeaderWriterFilter@1ddf42dd, org.springframework.security.web.csrf.CsrfFilter@2d07aacc, org.springframework.security.web.authentication.logout.LogoutFilter@5f7cd50e, org.springframework.security.web.authentication.UsernamePasswordAuthenticationFilter@580ffea, org.springframework.security.web.authentication.ui.DefaultLoginPageGeneratingFilter@dd20ebc, org.springframework.security.web.authentication.ui.DefaultLogoutPageGeneratingFilter@5fe5c68b, org.springframework.security.web.authentication.www.BasicAuthenticationFilter@7f2ca6f8, org.springframework.security.web.savedrequest.RequestCacheAwareFilter@22aefae0, org.springframework.security.web.servletapi.SecurityContextHolderAwareRequestFilter@5b7ee56c, org.springframework.security.web.authentication.AnonymousAuthenticationFilter@2ffb0d10, org.springframework.security.web.session.SessionManagementFilter@1c18ee69, org.springframework.security.web.access.ExceptionTranslationFilter@18db3b3c, org.springframework.security.web.access.intercept.FilterSecurityInterceptor@350567f1]
2020-05-04 23:01:59,596 INFO [main] o.q.i.StdSchedulerFactory [StdSchedulerFactory.java:1220] Using default implementation for ThreadExecutor
2020-05-04 23:01:59,623 INFO [main] o.q.c.SchedulerSignalerImpl [SchedulerSignalerImpl.java:61] Initialized Scheduler Signaller of type: class org.quartz.core.SchedulerSignalerImpl
2020-05-04 23:01:59,623 INFO [main] o.q.c.QuartzScheduler [QuartzScheduler.java:229] Quartz Scheduler v.2.3.2 created.
2020-05-04 23:01:59,626 INFO [main] o.q.s.RAMJobStore [RAMJobStore.java:155] RAMJobStore initialized.
2020-05-04 23:01:59,628 INFO [main] o.q.c.QuartzScheduler [QuartzScheduler.java:294] Scheduler meta-data: Quartz Scheduler (v2.3.2) 'quartzScheduler' with instanceId 'NON_CLUSTERED'
  Scheduler class: 'org.quartz.core.QuartzScheduler' - running locally.
  NOT STARTED.
  Currently in standby mode.
  Number of jobs executed: 0
  Using thread pool 'org.quartz.simpl.SimpleThreadPool' - with 10 threads.
  Using job-store 'org.quartz.simpl.RAMJobStore' - which does not support persistence. and is not clustered.

2020-05-04 23:01:59,629 INFO [main] o.q.i.StdSchedulerFactory [StdSchedulerFactory.java:1374] Quartz scheduler 'quartzScheduler' initialized from an externally provided properties instance.
2020-05-04 23:01:59,629 INFO [main] o.q.i.StdSchedulerFactory [StdSchedulerFactory.java:1378] Quartz scheduler version: 2.3.2
2020-05-04 23:01:59,630 INFO [main] o.q.c.QuartzScheduler [QuartzScheduler.java:2293] JobFactory set to: org.springframework.scheduling.quartz.SpringBeanJobFactory@55c46ec1
2020-05-04 23:01:59,924 INFO [main] o.s.b.a.e.w.EndpointLinksResolver [EndpointLinksResolver.java:58] Exposing 2 endpoint(s) beneath base path '/actuator'
2020-05-04 23:02:00,071 INFO [main] o.s.s.q.SchedulerFactoryBean [SchedulerFactoryBean.java:727] Starting Quartz Scheduler now
2020-05-04 23:02:00,072 INFO [main] o.q.c.QuartzScheduler [QuartzScheduler.java:547] Scheduler quartzScheduler_$_NON_CLUSTERED started.
2020-05-04 23:02:00,099 INFO [main] c.n.c.RedisTemplateTest [StartupInfoLogger.java:59] Started RedisTemplateTest in 15.424 seconds (JVM running for 17.823)
2020-05-04 23:02:00,620 INFO [main] i.l.c.EpollProvider [EpollProvider.java:68] Starting without optional epoll library
2020-05-04 23:02:00,623 INFO [main] i.l.c.KqueueProvider [KqueueProvider.java:70] Starting without optional kqueue library
2020-05-04 23:02:01,622 INFO [Thread-3] o.q.c.QuartzScheduler [QuartzScheduler.java:585] Scheduler quartzScheduler_$_NON_CLUSTERED paused.
2020-05-04 23:02:01,623 INFO [Thread-3] o.s.s.q.SchedulerFactoryBean [SchedulerFactoryBean.java:845] Shutting down Quartz Scheduler
2020-05-04 23:02:01,624 INFO [Thread-3] o.q.c.QuartzScheduler [QuartzScheduler.java:666] Scheduler quartzScheduler_$_NON_CLUSTERED shutting down.
2020-05-04 23:02:01,625 INFO [Thread-3] o.q.c.QuartzScheduler [QuartzScheduler.java:585] Scheduler quartzScheduler_$_NON_CLUSTERED paused.
2020-05-04 23:02:01,626 INFO [Thread-3] o.q.c.QuartzScheduler [QuartzScheduler.java:740] Scheduler quartzScheduler_$_NON_CLUSTERED shutdown complete.
2020-05-04 23:02:01,634 INFO [Thread-3] o.s.s.c.ThreadPoolTaskExecutor [ExecutorConfigurationSupport.java:208] Shutting down ExecutorService 'applicationTaskExecutor'
2020-05-04 23:02:01,768 INFO [Thread-3] c.a.d.p.DruidDataSource [DruidDataSource.java:1825] {dataSource-1} closed
