2020-04-23 10:44:48,360 INFO [main] c.n.c.SensitiveTest [StartupInfoLogger.java:50] Starting SensitiveTest on WIN10-804271905 with PID 26680 (started by Administrator in F:\MyProject\community)
2020-04-23 10:44:48,426 INFO [main] c.n.c.SensitiveTest [SpringApplication.java:648] No active profile set, falling back to default profiles: default
2020-04-23 10:44:54,662 INFO [main] c.a.d.s.b.a.DruidDataSourceAutoConfigure [DruidDataSourceAutoConfigure.java:56] Init DruidDataSource
2020-04-23 10:44:55,533 INFO [main] c.a.d.p.DruidDataSource [DruidDataSource.java:930] {dataSource-1} inited
2020-04-23 10:45:03,477 INFO [main] o.s.s.c.ThreadPoolTaskExecutor [ExecutorConfigurationSupport.java:171] Initializing ExecutorService 'applicationTaskExecutor'
2020-04-23 10:45:04,246 INFO [main] o.s.b.a.w.s.WelcomePageHandlerMapping [WelcomePageHandlerMapping.java:58] Adding welcome page template: index
2020-04-23 10:45:06,347 INFO [main] c.n.c.SensitiveTest [StartupInfoLogger.java:59] Started SensitiveTest in 20.785 seconds (JVM running for 25.249)
2020-04-23 10:45:07,565 INFO [Thread-3] o.s.s.c.ThreadPoolTaskExecutor [ExecutorConfigurationSupport.java:208] Shutting down ExecutorService 'applicationTaskExecutor'
2020-04-23 10:45:07,569 INFO [Thread-3] c.a.d.p.DruidDataSource [DruidDataSource.java:1825] {dataSource-1} closed
2020-04-23 10:49:46,837 INFO [main] c.n.c.SensitiveTest [StartupInfoLogger.java:50] Starting SensitiveTest on WIN10-804271905 with PID 31656 (started by Administrator in F:\MyProject\community)
2020-04-23 10:49:46,840 INFO [main] c.n.c.SensitiveTest [SpringApplication.java:648] No active profile set, falling back to default profiles: default
2020-04-23 10:49:52,549 INFO [main] c.a.d.s.b.a.DruidDataSourceAutoConfigure [DruidDataSourceAutoConfigure.java:56] Init DruidDataSource
2020-04-23 10:49:53,718 INFO [main] c.a.d.p.DruidDataSource [DruidDataSource.java:930] {dataSource-1} inited
2020-04-23 10:49:58,822 INFO [main] o.s.s.c.ThreadPoolTaskExecutor [ExecutorConfigurationSupport.java:171] Initializing ExecutorService 'applicationTaskExecutor'
2020-04-23 10:49:59,903 INFO [main] o.s.b.a.w.s.WelcomePageHandlerMapping [WelcomePageHandlerMapping.java:58] Adding welcome page template: index
2020-04-23 10:50:03,294 INFO [main] c.n.c.SensitiveTest [StartupInfoLogger.java:59] Started SensitiveTest in 18.918 seconds (JVM running for 22.207)
2020-04-23 10:50:04,597 INFO [Thread-3] o.s.s.c.ThreadPoolTaskExecutor [ExecutorConfigurationSupport.java:208] Shutting down ExecutorService 'applicationTaskExecutor'
2020-04-23 10:50:04,603 INFO [Thread-3] c.a.d.p.DruidDataSource [DruidDataSource.java:1825] {dataSource-1} closed
2020-04-23 10:51:28,653 INFO [main] c.n.c.SensitiveTest [StartupInfoLogger.java:50] Starting SensitiveTest on WIN10-804271905 with PID 3480 (started by Administrator in F:\MyProject\community)
2020-04-23 10:51:28,660 INFO [main] c.n.c.SensitiveTest [SpringApplication.java:648] No active profile set, falling back to default profiles: default
2020-04-23 10:51:34,660 INFO [main] c.a.d.s.b.a.DruidDataSourceAutoConfigure [DruidDataSourceAutoConfigure.java:56] Init DruidDataSource
2020-04-23 10:51:36,100 INFO [main] c.a.d.p.DruidDataSource [DruidDataSource.java:930] {dataSource-1} inited
2020-04-23 10:51:41,473 INFO [main] o.s.s.c.ThreadPoolTaskExecutor [ExecutorConfigurationSupport.java:171] Initializing ExecutorService 'applicationTaskExecutor'
2020-04-23 10:51:42,286 INFO [main] o.s.b.a.w.s.WelcomePageHandlerMapping [WelcomePageHandlerMapping.java:58] Adding welcome page template: index
2020-04-23 10:51:45,200 INFO [main] c.n.c.SensitiveTest [StartupInfoLogger.java:59] Started SensitiveTest in 18.72 seconds (JVM running for 22.71)
2020-04-23 10:51:46,811 INFO [Thread-3] o.s.s.c.ThreadPoolTaskExecutor [ExecutorConfigurationSupport.java:208] Shutting down ExecutorService 'applicationTaskExecutor'
2020-04-23 10:51:46,818 INFO [Thread-3] c.a.d.p.DruidDataSource [DruidDataSource.java:1825] {dataSource-1} closed
2020-04-23 10:53:11,487 INFO [main] c.n.c.SensitiveTest [StartupInfoLogger.java:50] Starting SensitiveTest on WIN10-804271905 with PID 27096 (started by Administrator in F:\MyProject\community)
2020-04-23 10:53:11,490 INFO [main] c.n.c.SensitiveTest [SpringApplication.java:648] No active profile set, falling back to default profiles: default
2020-04-23 10:53:16,271 INFO [main] c.a.d.s.b.a.DruidDataSourceAutoConfigure [DruidDataSourceAutoConfigure.java:56] Init DruidDataSource
2020-04-23 10:53:16,993 INFO [main] c.a.d.p.DruidDataSource [DruidDataSource.java:930] {dataSource-1} inited
2020-04-23 10:53:21,199 INFO [main] o.s.s.c.ThreadPoolTaskExecutor [ExecutorConfigurationSupport.java:171] Initializing ExecutorService 'applicationTaskExecutor'
2020-04-23 10:53:21,725 INFO [main] o.s.b.a.w.s.WelcomePageHandlerMapping [WelcomePageHandlerMapping.java:58] Adding welcome page template: index
2020-04-23 10:53:23,844 INFO [main] c.n.c.SensitiveTest [StartupInfoLogger.java:59] Started SensitiveTest in 14.236 seconds (JVM running for 17.87)
2020-04-23 10:53:24,475 INFO [Thread-3] o.s.s.c.ThreadPoolTaskExecutor [ExecutorConfigurationSupport.java:208] Shutting down ExecutorService 'applicationTaskExecutor'
2020-04-23 10:53:24,487 INFO [Thread-3] c.a.d.p.DruidDataSource [DruidDataSource.java:1825] {dataSource-1} closed
2020-04-23 10:56:33,372 INFO [main] c.n.c.SensitiveTest [StartupInfoLogger.java:50] Starting SensitiveTest on WIN10-804271905 with PID 18536 (started by Administrator in F:\MyProject\community)
2020-04-23 10:56:33,374 INFO [main] c.n.c.SensitiveTest [SpringApplication.java:648] No active profile set, falling back to default profiles: default
2020-04-23 10:56:39,122 INFO [main] c.a.d.s.b.a.DruidDataSourceAutoConfigure [DruidDataSourceAutoConfigure.java:56] Init DruidDataSource
2020-04-23 10:56:40,206 INFO [main] c.a.d.p.DruidDataSource [DruidDataSource.java:930] {dataSource-1} inited
2020-04-23 10:56:44,802 INFO [main] o.s.s.c.ThreadPoolTaskExecutor [ExecutorConfigurationSupport.java:171] Initializing ExecutorService 'applicationTaskExecutor'
2020-04-23 10:56:45,529 INFO [main] o.s.b.a.w.s.WelcomePageHandlerMapping [WelcomePageHandlerMapping.java:58] Adding welcome page template: index
2020-04-23 10:56:48,163 INFO [main] c.n.c.SensitiveTest [StartupInfoLogger.java:59] Started SensitiveTest in 17.371 seconds (JVM running for 20.795)
2020-04-23 10:56:49,627 INFO [Thread-3] o.s.s.c.ThreadPoolTaskExecutor [ExecutorConfigurationSupport.java:208] Shutting down ExecutorService 'applicationTaskExecutor'
2020-04-23 10:56:49,632 INFO [Thread-3] c.a.d.p.DruidDataSource [DruidDataSource.java:1825] {dataSource-1} closed
2020-04-23 11:00:03,026 INFO [main] c.n.c.SensitiveTest [StartupInfoLogger.java:50] Starting SensitiveTest on WIN10-804271905 with PID 29864 (started by Administrator in F:\MyProject\community)
2020-04-23 11:00:03,029 INFO [main] c.n.c.SensitiveTest [SpringApplication.java:648] No active profile set, falling back to default profiles: default
2020-04-23 11:00:08,312 INFO [main] c.a.d.s.b.a.DruidDataSourceAutoConfigure [DruidDataSourceAutoConfigure.java:56] Init DruidDataSource
2020-04-23 11:00:09,184 INFO [main] c.a.d.p.DruidDataSource [DruidDataSource.java:930] {dataSource-1} inited
2020-04-23 11:00:14,861 INFO [main] o.s.s.c.ThreadPoolTaskExecutor [ExecutorConfigurationSupport.java:171] Initializing ExecutorService 'applicationTaskExecutor'
2020-04-23 11:00:15,523 INFO [main] o.s.b.a.w.s.WelcomePageHandlerMapping [WelcomePageHandlerMapping.java:58] Adding welcome page template: index
2020-04-23 11:00:18,089 INFO [main] c.n.c.SensitiveTest [StartupInfoLogger.java:59] Started SensitiveTest in 17.287 seconds (JVM running for 20.895)
2020-04-23 11:00:19,704 INFO [Thread-3] o.s.s.c.ThreadPoolTaskExecutor [ExecutorConfigurationSupport.java:208] Shutting down ExecutorService 'applicationTaskExecutor'
2020-04-23 11:00:19,709 INFO [Thread-3] c.a.d.p.DruidDataSource [DruidDataSource.java:1825] {dataSource-1} closed
2020-04-23 12:05:34,306 INFO [main] c.n.c.SensitiveTest [StartupInfoLogger.java:50] Starting SensitiveTest on WIN10-804271905 with PID 36484 (started by Administrator in F:\MyProject\community)
2020-04-23 12:05:34,318 INFO [main] c.n.c.SensitiveTest [SpringApplication.java:648] No active profile set, falling back to default profiles: default
2020-04-23 12:05:39,069 INFO [main] c.a.d.s.b.a.DruidDataSourceAutoConfigure [DruidDataSourceAutoConfigure.java:56] Init DruidDataSource
2020-04-23 12:05:40,112 INFO [main] c.a.d.p.DruidDataSource [DruidDataSource.java:930] {dataSource-1} inited
2020-04-23 12:05:43,909 INFO [main] o.s.s.c.ThreadPoolTaskExecutor [ExecutorConfigurationSupport.java:171] Initializing ExecutorService 'applicationTaskExecutor'
2020-04-23 12:05:44,449 INFO [main] o.s.b.a.w.s.WelcomePageHandlerMapping [WelcomePageHandlerMapping.java:58] Adding welcome page template: index
2020-04-23 12:05:46,360 INFO [main] c.n.c.SensitiveTest [StartupInfoLogger.java:59] Started SensitiveTest in 13.956 seconds (JVM running for 16.843)
2020-04-23 12:05:47,539 INFO [Thread-3] o.s.s.c.ThreadPoolTaskExecutor [ExecutorConfigurationSupport.java:208] Shutting down ExecutorService 'applicationTaskExecutor'
2020-04-23 12:05:47,551 INFO [Thread-3] c.a.d.p.DruidDataSource [DruidDataSource.java:1825] {dataSource-1} closed
