2020-04-06 21:06:51,414 INFO [main] c.a.d.s.b.a.DruidDataSourceAutoConfigure [DruidDataSourceAutoConfigure.java:56] Init DruidDataSource
2020-04-06 21:06:52,107 INFO [main] c.a.d.p.DruidDataSource [DruidDataSource.java:930] {dataSource-1} inited
2020-04-06 21:06:52,785 INFO [main] c.a.d.p.DruidDataSource [DruidDataSource.java:1825] {dataSource-1} closed
2020-04-06 21:06:52,824 INFO [main] o.s.b.a.l.ConditionEvaluationReportLoggingListener [ConditionEvaluationReportLoggingListener.java:136] 

Error starting ApplicationContext. To display the conditions report re-run your application with 'debug' enabled.
2020-04-06 21:07:51,462 INFO [main] c.a.d.s.b.a.DruidDataSourceAutoConfigure [DruidDataSourceAutoConfigure.java:56] Init DruidDataSource
2020-04-06 21:07:52,211 INFO [main] c.a.d.p.DruidDataSource [DruidDataSource.java:930] {dataSource-1} inited
2020-04-06 21:07:54,650 INFO [main] o.s.s.c.ThreadPoolTaskExecutor [ExecutorConfigurationSupport.java:171] Initializing ExecutorService 'applicationTaskExecutor'
2020-04-06 21:07:54,959 INFO [main] o.s.b.a.w.s.WelcomePageHandlerMapping [WelcomePageHandlerMapping.java:58] Adding welcome page template: index
2020-04-06 21:07:56,554 INFO [Thread-3] o.s.s.c.ThreadPoolTaskExecutor [ExecutorConfigurationSupport.java:208] Shutting down ExecutorService 'applicationTaskExecutor'
2020-04-06 21:07:56,560 INFO [Thread-3] c.a.d.p.DruidDataSource [DruidDataSource.java:1825] {dataSource-1} closed
2020-04-06 21:17:49,870 INFO [main] c.a.d.s.b.a.DruidDataSourceAutoConfigure [DruidDataSourceAutoConfigure.java:56] Init DruidDataSource
2020-04-06 21:17:50,662 INFO [main] c.a.d.p.DruidDataSource [DruidDataSource.java:930] {dataSource-1} inited
2020-04-06 21:17:54,739 INFO [main] o.s.s.c.ThreadPoolTaskExecutor [ExecutorConfigurationSupport.java:171] Initializing ExecutorService 'applicationTaskExecutor'
2020-04-06 21:17:55,163 INFO [main] o.s.b.a.w.s.WelcomePageHandlerMapping [WelcomePageHandlerMapping.java:58] Adding welcome page template: index
2020-04-06 21:18:00,546 INFO [Thread-3] o.s.s.c.ThreadPoolTaskExecutor [ExecutorConfigurationSupport.java:208] Shutting down ExecutorService 'applicationTaskExecutor'
2020-04-06 21:18:00,552 INFO [Thread-3] c.a.d.p.DruidDataSource [DruidDataSource.java:1825] {dataSource-1} closed
2020-04-06 21:29:56,563 INFO [main] c.a.d.s.b.a.DruidDataSourceAutoConfigure [DruidDataSourceAutoConfigure.java:56] Init DruidDataSource
2020-04-06 21:29:57,166 INFO [main] c.a.d.p.DruidDataSource [DruidDataSource.java:930] {dataSource-1} inited
2020-04-06 21:29:59,975 INFO [main] o.s.s.c.ThreadPoolTaskExecutor [ExecutorConfigurationSupport.java:171] Initializing ExecutorService 'applicationTaskExecutor'
2020-04-06 21:30:00,473 INFO [main] o.s.b.a.w.s.WelcomePageHandlerMapping [WelcomePageHandlerMapping.java:58] Adding welcome page template: index
2020-04-06 21:30:06,352 INFO [Thread-3] o.s.s.c.ThreadPoolTaskExecutor [ExecutorConfigurationSupport.java:208] Shutting down ExecutorService 'applicationTaskExecutor'
2020-04-06 21:30:06,368 INFO [Thread-3] c.a.d.p.DruidDataSource [DruidDataSource.java:1825] {dataSource-1} closed
2020-04-06 21:31:30,475 INFO [main] c.a.d.s.b.a.DruidDataSourceAutoConfigure [DruidDataSourceAutoConfigure.java:56] Init DruidDataSource
2020-04-06 21:31:31,443 INFO [main] c.a.d.p.DruidDataSource [DruidDataSource.java:930] {dataSource-1} inited
2020-04-06 21:31:33,894 INFO [main] o.s.s.c.ThreadPoolTaskExecutor [ExecutorConfigurationSupport.java:171] Initializing ExecutorService 'applicationTaskExecutor'
2020-04-06 21:31:34,182 INFO [main] o.s.b.a.w.s.WelcomePageHandlerMapping [WelcomePageHandlerMapping.java:58] Adding welcome page template: index
2020-04-06 21:34:47,101 INFO [main] c.a.d.s.b.a.DruidDataSourceAutoConfigure [DruidDataSourceAutoConfigure.java:56] Init DruidDataSource
2020-04-06 21:34:48,072 INFO [main] c.a.d.p.DruidDataSource [DruidDataSource.java:930] {dataSource-1} inited
2020-04-06 21:34:51,712 INFO [main] o.s.s.c.ThreadPoolTaskExecutor [ExecutorConfigurationSupport.java:171] Initializing ExecutorService 'applicationTaskExecutor'
2020-04-06 21:34:52,176 INFO [main] o.s.b.a.w.s.WelcomePageHandlerMapping [WelcomePageHandlerMapping.java:58] Adding welcome page template: index
2020-04-06 21:34:57,652 INFO [Thread-3] o.s.s.c.ThreadPoolTaskExecutor [ExecutorConfigurationSupport.java:208] Shutting down ExecutorService 'applicationTaskExecutor'
2020-04-06 21:34:57,656 INFO [Thread-3] c.a.d.p.DruidDataSource [DruidDataSource.java:1825] {dataSource-1} closed
2020-04-06 21:36:44,525 INFO [main] c.a.d.s.b.a.DruidDataSourceAutoConfigure [DruidDataSourceAutoConfigure.java:56] Init DruidDataSource
2020-04-06 21:36:45,338 INFO [main] c.a.d.p.DruidDataSource [DruidDataSource.java:930] {dataSource-1} inited
2020-04-06 21:36:48,549 INFO [main] o.s.s.c.ThreadPoolTaskExecutor [ExecutorConfigurationSupport.java:171] Initializing ExecutorService 'applicationTaskExecutor'
2020-04-06 21:36:48,866 INFO [main] o.s.b.a.w.s.WelcomePageHandlerMapping [WelcomePageHandlerMapping.java:58] Adding welcome page template: index
2020-04-06 21:36:57,022 INFO [Thread-3] o.s.s.c.ThreadPoolTaskExecutor [ExecutorConfigurationSupport.java:208] Shutting down ExecutorService 'applicationTaskExecutor'
2020-04-06 21:36:57,033 INFO [Thread-3] c.a.d.p.DruidDataSource [DruidDataSource.java:1825] {dataSource-1} closed
2020-04-06 21:39:30,331 INFO [main] c.a.d.s.b.a.DruidDataSourceAutoConfigure [DruidDataSourceAutoConfigure.java:56] Init DruidDataSource
2020-04-06 21:39:30,818 INFO [main] c.a.d.p.DruidDataSource [DruidDataSource.java:930] {dataSource-1} inited
2020-04-06 21:39:33,630 INFO [main] o.s.s.c.ThreadPoolTaskExecutor [ExecutorConfigurationSupport.java:171] Initializing ExecutorService 'applicationTaskExecutor'
2020-04-06 21:39:34,199 INFO [main] o.s.b.a.w.s.WelcomePageHandlerMapping [WelcomePageHandlerMapping.java:58] Adding welcome page template: index
2020-04-06 21:39:39,080 INFO [Thread-3] o.s.s.c.ThreadPoolTaskExecutor [ExecutorConfigurationSupport.java:208] Shutting down ExecutorService 'applicationTaskExecutor'
2020-04-06 21:39:39,085 INFO [Thread-3] c.a.d.p.DruidDataSource [DruidDataSource.java:1825] {dataSource-1} closed
2020-04-06 21:40:36,223 INFO [main] c.a.d.s.b.a.DruidDataSourceAutoConfigure [DruidDataSourceAutoConfigure.java:56] Init DruidDataSource
2020-04-06 21:40:36,922 INFO [main] c.a.d.p.DruidDataSource [DruidDataSource.java:930] {dataSource-1} inited
2020-04-06 21:40:40,208 INFO [main] o.s.s.c.ThreadPoolTaskExecutor [ExecutorConfigurationSupport.java:171] Initializing ExecutorService 'applicationTaskExecutor'
2020-04-06 21:40:40,613 INFO [main] o.s.b.a.w.s.WelcomePageHandlerMapping [WelcomePageHandlerMapping.java:58] Adding welcome page template: index
2020-04-06 21:40:44,839 INFO [Thread-3] o.s.s.c.ThreadPoolTaskExecutor [ExecutorConfigurationSupport.java:208] Shutting down ExecutorService 'applicationTaskExecutor'
2020-04-06 21:40:44,852 INFO [Thread-3] c.a.d.p.DruidDataSource [DruidDataSource.java:1825] {dataSource-1} closed
2020-04-06 21:41:55,194 INFO [main] c.a.d.s.b.a.DruidDataSourceAutoConfigure [DruidDataSourceAutoConfigure.java:56] Init DruidDataSource
2020-04-06 21:41:55,796 INFO [main] c.a.d.p.DruidDataSource [DruidDataSource.java:930] {dataSource-1} inited
2020-04-06 21:41:58,133 INFO [main] o.s.s.c.ThreadPoolTaskExecutor [ExecutorConfigurationSupport.java:171] Initializing ExecutorService 'applicationTaskExecutor'
2020-04-06 21:41:58,432 INFO [main] o.s.b.a.w.s.WelcomePageHandlerMapping [WelcomePageHandlerMapping.java:58] Adding welcome page template: index
2020-04-06 21:42:03,959 INFO [Thread-3] o.s.s.c.ThreadPoolTaskExecutor [ExecutorConfigurationSupport.java:208] Shutting down ExecutorService 'applicationTaskExecutor'
2020-04-06 21:42:03,962 INFO [Thread-3] c.a.d.p.DruidDataSource [DruidDataSource.java:1825] {dataSource-1} closed
2020-04-06 21:43:47,055 INFO [main] c.a.d.s.b.a.DruidDataSourceAutoConfigure [DruidDataSourceAutoConfigure.java:56] Init DruidDataSource
2020-04-06 21:43:47,618 INFO [main] c.a.d.p.DruidDataSource [DruidDataSource.java:930] {dataSource-1} inited
2020-04-06 21:43:50,853 INFO [main] o.s.s.c.ThreadPoolTaskExecutor [ExecutorConfigurationSupport.java:171] Initializing ExecutorService 'applicationTaskExecutor'
2020-04-06 21:43:51,384 INFO [main] o.s.b.a.w.s.WelcomePageHandlerMapping [WelcomePageHandlerMapping.java:58] Adding welcome page template: index
2020-04-06 21:43:58,869 INFO [Thread-3] o.s.s.c.ThreadPoolTaskExecutor [ExecutorConfigurationSupport.java:208] Shutting down ExecutorService 'applicationTaskExecutor'
2020-04-06 21:43:58,877 INFO [Thread-3] c.a.d.p.DruidDataSource [DruidDataSource.java:1825] {dataSource-1} closed
2020-04-06 21:50:13,093 INFO [main] c.a.d.s.b.a.DruidDataSourceAutoConfigure [DruidDataSourceAutoConfigure.java:56] Init DruidDataSource
2020-04-06 21:50:13,769 INFO [main] c.a.d.p.DruidDataSource [DruidDataSource.java:930] {dataSource-1} inited
2020-04-06 21:50:17,269 INFO [main] o.s.s.c.ThreadPoolTaskExecutor [ExecutorConfigurationSupport.java:171] Initializing ExecutorService 'applicationTaskExecutor'
2020-04-06 21:50:17,650 INFO [main] o.s.b.a.w.s.WelcomePageHandlerMapping [WelcomePageHandlerMapping.java:58] Adding welcome page template: index
2020-04-06 21:50:22,939 INFO [Thread-3] o.s.s.c.ThreadPoolTaskExecutor [ExecutorConfigurationSupport.java:208] Shutting down ExecutorService 'applicationTaskExecutor'
2020-04-06 21:50:22,946 INFO [Thread-3] c.a.d.p.DruidDataSource [DruidDataSource.java:1825] {dataSource-1} closed
2020-04-06 21:55:00,778 INFO [main] c.a.d.s.b.a.DruidDataSourceAutoConfigure [DruidDataSourceAutoConfigure.java:56] Init DruidDataSource
2020-04-06 21:55:01,613 INFO [main] c.a.d.p.DruidDataSource [DruidDataSource.java:930] {dataSource-1} inited
2020-04-06 21:55:04,786 INFO [main] o.s.s.c.ThreadPoolTaskExecutor [ExecutorConfigurationSupport.java:171] Initializing ExecutorService 'applicationTaskExecutor'
2020-04-06 21:55:05,150 INFO [main] o.s.b.a.w.s.WelcomePageHandlerMapping [WelcomePageHandlerMapping.java:58] Adding welcome page template: index
2020-04-06 21:55:13,317 INFO [Thread-3] o.s.s.c.ThreadPoolTaskExecutor [ExecutorConfigurationSupport.java:208] Shutting down ExecutorService 'applicationTaskExecutor'
2020-04-06 21:55:13,324 INFO [Thread-3] c.a.d.p.DruidDataSource [DruidDataSource.java:1825] {dataSource-1} closed
