2020-04-07 09:15:37,165 INFO [main] c.a.d.s.b.a.DruidDataSourceAutoConfigure [DruidDataSourceAutoConfigure.java:56] Init DruidDataSource
2020-04-07 09:15:38,011 INFO [main] c.a.d.p.DruidDataSource [DruidDataSource.java:930] {dataSource-1} inited
2020-04-07 09:15:41,755 INFO [main] o.s.s.c.ThreadPoolTaskExecutor [ExecutorConfigurationSupport.java:171] Initializing ExecutorService 'applicationTaskExecutor'
2020-04-07 09:15:42,162 INFO [main] o.s.b.a.w.s.WelcomePageHandlerMapping [WelcomePageHandlerMapping.java:58] Adding welcome page template: index
2020-04-07 09:15:47,848 INFO [Thread-3] o.s.s.c.ThreadPoolTaskExecutor [ExecutorConfigurationSupport.java:208] Shutting down ExecutorService 'applicationTaskExecutor'
2020-04-07 09:15:47,878 INFO [Thread-3] c.a.d.p.DruidDataSource [DruidDataSource.java:1825] {dataSource-1} closed
2020-04-07 09:31:17,072 INFO [main] c.a.d.s.b.a.DruidDataSourceAutoConfigure [DruidDataSourceAutoConfigure.java:56] Init DruidDataSource
2020-04-07 09:31:18,172 INFO [main] c.a.d.p.DruidDataSource [DruidDataSource.java:930] {dataSource-1} inited
2020-04-07 09:31:22,881 INFO [main] o.s.s.c.ThreadPoolTaskExecutor [ExecutorConfigurationSupport.java:171] Initializing ExecutorService 'applicationTaskExecutor'
2020-04-07 09:31:23,339 INFO [main] o.s.b.a.w.s.WelcomePageHandlerMapping [WelcomePageHandlerMapping.java:58] Adding welcome page template: index
2020-04-07 09:31:30,051 INFO [Thread-3] o.s.s.c.ThreadPoolTaskExecutor [ExecutorConfigurationSupport.java:208] Shutting down ExecutorService 'applicationTaskExecutor'
2020-04-07 09:31:30,056 INFO [Thread-3] c.a.d.p.DruidDataSource [DruidDataSource.java:1825] {dataSource-1} closed
2020-04-07 09:32:14,792 INFO [main] c.a.d.s.b.a.DruidDataSourceAutoConfigure [DruidDataSourceAutoConfigure.java:56] Init DruidDataSource
2020-04-07 09:32:15,947 INFO [main] c.a.d.p.DruidDataSource [DruidDataSource.java:930] {dataSource-1} inited
2020-04-07 09:32:20,275 INFO [main] o.s.s.c.ThreadPoolTaskExecutor [ExecutorConfigurationSupport.java:171] Initializing ExecutorService 'applicationTaskExecutor'
2020-04-07 09:32:20,971 INFO [main] o.s.b.a.w.s.WelcomePageHandlerMapping [WelcomePageHandlerMapping.java:58] Adding welcome page template: index
2020-04-07 09:32:27,516 INFO [Thread-3] o.s.s.c.ThreadPoolTaskExecutor [ExecutorConfigurationSupport.java:208] Shutting down ExecutorService 'applicationTaskExecutor'
2020-04-07 09:32:27,534 INFO [Thread-3] c.a.d.p.DruidDataSource [DruidDataSource.java:1825] {dataSource-1} closed
2020-04-07 09:34:45,314 INFO [main] c.a.d.s.b.a.DruidDataSourceAutoConfigure [DruidDataSourceAutoConfigure.java:56] Init DruidDataSource
2020-04-07 09:34:46,545 INFO [main] c.a.d.p.DruidDataSource [DruidDataSource.java:930] {dataSource-1} inited
2020-04-07 09:34:50,245 INFO [main] o.s.s.c.ThreadPoolTaskExecutor [ExecutorConfigurationSupport.java:171] Initializing ExecutorService 'applicationTaskExecutor'
2020-04-07 09:34:50,626 INFO [main] o.s.b.a.w.s.WelcomePageHandlerMapping [WelcomePageHandlerMapping.java:58] Adding welcome page template: index
2020-04-07 09:34:56,477 INFO [Thread-3] o.s.s.c.ThreadPoolTaskExecutor [ExecutorConfigurationSupport.java:208] Shutting down ExecutorService 'applicationTaskExecutor'
2020-04-07 09:34:56,480 INFO [Thread-3] c.a.d.p.DruidDataSource [DruidDataSource.java:1825] {dataSource-1} closed
2020-04-07 09:42:57,680 INFO [main] c.a.d.s.b.a.DruidDataSourceAutoConfigure [DruidDataSourceAutoConfigure.java:56] Init DruidDataSource
2020-04-07 09:42:58,720 INFO [main] c.a.d.p.DruidDataSource [DruidDataSource.java:930] {dataSource-1} inited
2020-04-07 09:43:02,186 INFO [main] o.s.s.c.ThreadPoolTaskExecutor [ExecutorConfigurationSupport.java:171] Initializing ExecutorService 'applicationTaskExecutor'
2020-04-07 09:43:02,692 INFO [main] o.s.b.a.w.s.WelcomePageHandlerMapping [WelcomePageHandlerMapping.java:58] Adding welcome page template: index
2020-04-07 09:43:07,562 INFO [Thread-3] o.s.s.c.ThreadPoolTaskExecutor [ExecutorConfigurationSupport.java:208] Shutting down ExecutorService 'applicationTaskExecutor'
2020-04-07 09:43:07,567 INFO [Thread-3] c.a.d.p.DruidDataSource [DruidDataSource.java:1825] {dataSource-1} closed
2020-04-07 09:44:00,692 INFO [main] c.a.d.s.b.a.DruidDataSourceAutoConfigure [DruidDataSourceAutoConfigure.java:56] Init DruidDataSource
2020-04-07 09:44:01,555 INFO [main] c.a.d.p.DruidDataSource [DruidDataSource.java:930] {dataSource-1} inited
2020-04-07 09:44:05,591 INFO [main] o.s.s.c.ThreadPoolTaskExecutor [ExecutorConfigurationSupport.java:171] Initializing ExecutorService 'applicationTaskExecutor'
2020-04-07 09:44:06,228 INFO [main] o.s.b.a.w.s.WelcomePageHandlerMapping [WelcomePageHandlerMapping.java:58] Adding welcome page template: index
2020-04-07 09:44:12,740 INFO [Thread-3] o.s.s.c.ThreadPoolTaskExecutor [ExecutorConfigurationSupport.java:208] Shutting down ExecutorService 'applicationTaskExecutor'
2020-04-07 09:44:12,748 INFO [Thread-3] c.a.d.p.DruidDataSource [DruidDataSource.java:1825] {dataSource-1} closed
2020-04-07 09:46:13,593 INFO [main] c.a.d.s.b.a.DruidDataSourceAutoConfigure [DruidDataSourceAutoConfigure.java:56] Init DruidDataSource
2020-04-07 09:46:14,541 INFO [main] c.a.d.p.DruidDataSource [DruidDataSource.java:930] {dataSource-1} inited
2020-04-07 09:46:17,507 INFO [main] o.s.s.c.ThreadPoolTaskExecutor [ExecutorConfigurationSupport.java:171] Initializing ExecutorService 'applicationTaskExecutor'
2020-04-07 09:46:17,841 INFO [main] o.s.b.a.w.s.WelcomePageHandlerMapping [WelcomePageHandlerMapping.java:58] Adding welcome page template: index
2020-04-07 09:46:22,479 INFO [Thread-3] o.s.s.c.ThreadPoolTaskExecutor [ExecutorConfigurationSupport.java:208] Shutting down ExecutorService 'applicationTaskExecutor'
2020-04-07 09:46:22,487 INFO [Thread-3] c.a.d.p.DruidDataSource [DruidDataSource.java:1825] {dataSource-1} closed
2020-04-07 09:50:08,951 INFO [main] c.a.d.s.b.a.DruidDataSourceAutoConfigure [DruidDataSourceAutoConfigure.java:56] Init DruidDataSource
2020-04-07 09:50:09,995 INFO [main] c.a.d.p.DruidDataSource [DruidDataSource.java:930] {dataSource-1} inited
2020-04-07 09:50:14,996 INFO [main] o.s.s.c.ThreadPoolTaskExecutor [ExecutorConfigurationSupport.java:171] Initializing ExecutorService 'applicationTaskExecutor'
2020-04-07 09:50:15,877 INFO [main] o.s.b.a.w.s.WelcomePageHandlerMapping [WelcomePageHandlerMapping.java:58] Adding welcome page template: index
2020-04-07 09:50:23,710 INFO [Thread-3] o.s.s.c.ThreadPoolTaskExecutor [ExecutorConfigurationSupport.java:208] Shutting down ExecutorService 'applicationTaskExecutor'
2020-04-07 09:50:23,716 INFO [Thread-3] c.a.d.p.DruidDataSource [DruidDataSource.java:1825] {dataSource-1} closed
2020-04-07 09:53:46,739 INFO [main] c.a.d.s.b.a.DruidDataSourceAutoConfigure [DruidDataSourceAutoConfigure.java:56] Init DruidDataSource
2020-04-07 09:53:48,166 INFO [main] c.a.d.p.DruidDataSource [DruidDataSource.java:930] {dataSource-1} inited
2020-04-07 09:53:54,305 INFO [main] o.s.s.c.ThreadPoolTaskExecutor [ExecutorConfigurationSupport.java:171] Initializing ExecutorService 'applicationTaskExecutor'
2020-04-07 09:53:55,252 INFO [main] o.s.b.a.w.s.WelcomePageHandlerMapping [WelcomePageHandlerMapping.java:58] Adding welcome page template: index
2020-04-07 09:54:04,165 INFO [Thread-3] o.s.s.c.ThreadPoolTaskExecutor [ExecutorConfigurationSupport.java:208] Shutting down ExecutorService 'applicationTaskExecutor'
2020-04-07 09:54:04,179 INFO [Thread-3] c.a.d.p.DruidDataSource [DruidDataSource.java:1825] {dataSource-1} closed
2020-04-07 09:59:04,692 INFO [main] c.a.d.s.b.a.DruidDataSourceAutoConfigure [DruidDataSourceAutoConfigure.java:56] Init DruidDataSource
2020-04-07 09:59:05,426 INFO [main] c.a.d.p.DruidDataSource [DruidDataSource.java:930] {dataSource-1} inited
2020-04-07 09:59:08,432 INFO [main] o.s.s.c.ThreadPoolTaskExecutor [ExecutorConfigurationSupport.java:171] Initializing ExecutorService 'applicationTaskExecutor'
2020-04-07 09:59:08,774 INFO [main] o.s.b.a.w.s.WelcomePageHandlerMapping [WelcomePageHandlerMapping.java:58] Adding welcome page template: index
2020-04-07 09:59:13,727 INFO [Thread-3] o.s.s.c.ThreadPoolTaskExecutor [ExecutorConfigurationSupport.java:208] Shutting down ExecutorService 'applicationTaskExecutor'
2020-04-07 09:59:13,730 INFO [Thread-3] c.a.d.p.DruidDataSource [DruidDataSource.java:1825] {dataSource-1} closed
2020-04-07 10:02:20,985 INFO [main] c.a.d.s.b.a.DruidDataSourceAutoConfigure [DruidDataSourceAutoConfigure.java:56] Init DruidDataSource
2020-04-07 10:02:21,626 INFO [main] c.a.d.p.DruidDataSource [DruidDataSource.java:930] {dataSource-1} inited
2020-04-07 10:02:24,250 INFO [main] o.s.s.c.ThreadPoolTaskExecutor [ExecutorConfigurationSupport.java:171] Initializing ExecutorService 'applicationTaskExecutor'
2020-04-07 10:02:24,755 INFO [main] o.s.b.a.w.s.WelcomePageHandlerMapping [WelcomePageHandlerMapping.java:58] Adding welcome page template: index
2020-04-07 10:02:30,113 INFO [Thread-3] o.s.s.c.ThreadPoolTaskExecutor [ExecutorConfigurationSupport.java:208] Shutting down ExecutorService 'applicationTaskExecutor'
2020-04-07 10:02:30,117 INFO [Thread-3] c.a.d.p.DruidDataSource [DruidDataSource.java:1825] {dataSource-1} closed
2020-04-07 10:07:36,085 INFO [main] c.a.d.s.b.a.DruidDataSourceAutoConfigure [DruidDataSourceAutoConfigure.java:56] Init DruidDataSource
2020-04-07 10:07:37,835 INFO [main] c.a.d.p.DruidDataSource [DruidDataSource.java:930] {dataSource-1} inited
2020-04-07 10:07:40,893 INFO [main] o.s.s.c.ThreadPoolTaskExecutor [ExecutorConfigurationSupport.java:171] Initializing ExecutorService 'applicationTaskExecutor'
2020-04-07 10:07:41,271 INFO [main] o.s.b.a.w.s.WelcomePageHandlerMapping [WelcomePageHandlerMapping.java:58] Adding welcome page template: index
2020-04-07 10:07:46,004 INFO [Thread-3] o.s.s.c.ThreadPoolTaskExecutor [ExecutorConfigurationSupport.java:208] Shutting down ExecutorService 'applicationTaskExecutor'
2020-04-07 10:07:46,009 INFO [Thread-3] c.a.d.p.DruidDataSource [DruidDataSource.java:1825] {dataSource-1} closed
2020-04-07 10:09:29,115 INFO [main] c.a.d.s.b.a.DruidDataSourceAutoConfigure [DruidDataSourceAutoConfigure.java:56] Init DruidDataSource
2020-04-07 10:09:29,863 INFO [main] c.a.d.p.DruidDataSource [DruidDataSource.java:930] {dataSource-1} inited
2020-04-07 10:09:32,617 INFO [main] o.s.s.c.ThreadPoolTaskExecutor [ExecutorConfigurationSupport.java:171] Initializing ExecutorService 'applicationTaskExecutor'
2020-04-07 10:09:32,976 INFO [main] o.s.b.a.w.s.WelcomePageHandlerMapping [WelcomePageHandlerMapping.java:58] Adding welcome page template: index
2020-04-07 10:09:37,914 INFO [Thread-3] o.s.s.c.ThreadPoolTaskExecutor [ExecutorConfigurationSupport.java:208] Shutting down ExecutorService 'applicationTaskExecutor'
2020-04-07 10:09:37,918 INFO [Thread-3] c.a.d.p.DruidDataSource [DruidDataSource.java:1825] {dataSource-1} closed
2020-04-07 10:10:28,408 INFO [main] c.a.d.s.b.a.DruidDataSourceAutoConfigure [DruidDataSourceAutoConfigure.java:56] Init DruidDataSource
2020-04-07 10:10:29,164 INFO [main] c.a.d.p.DruidDataSource [DruidDataSource.java:930] {dataSource-1} inited
2020-04-07 10:10:32,038 INFO [main] o.s.s.c.ThreadPoolTaskExecutor [ExecutorConfigurationSupport.java:171] Initializing ExecutorService 'applicationTaskExecutor'
2020-04-07 10:10:32,367 INFO [main] o.s.b.a.w.s.WelcomePageHandlerMapping [WelcomePageHandlerMapping.java:58] Adding welcome page template: index
2020-04-07 10:10:38,261 INFO [Thread-3] o.s.s.c.ThreadPoolTaskExecutor [ExecutorConfigurationSupport.java:208] Shutting down ExecutorService 'applicationTaskExecutor'
2020-04-07 10:10:38,271 INFO [Thread-3] c.a.d.p.DruidDataSource [DruidDataSource.java:1825] {dataSource-1} closed
2020-04-07 10:25:49,506 INFO [main] c.a.d.s.b.a.DruidDataSourceAutoConfigure [DruidDataSourceAutoConfigure.java:56] Init DruidDataSource
2020-04-07 10:25:50,566 INFO [main] c.a.d.p.DruidDataSource [DruidDataSource.java:930] {dataSource-1} inited
2020-04-07 10:25:54,887 INFO [main] o.s.s.c.ThreadPoolTaskExecutor [ExecutorConfigurationSupport.java:171] Initializing ExecutorService 'applicationTaskExecutor'
2020-04-07 10:25:55,569 INFO [main] o.s.b.a.w.s.WelcomePageHandlerMapping [WelcomePageHandlerMapping.java:58] Adding welcome page template: index
2020-04-07 10:26:03,208 INFO [Thread-3] o.s.s.c.ThreadPoolTaskExecutor [ExecutorConfigurationSupport.java:208] Shutting down ExecutorService 'applicationTaskExecutor'
2020-04-07 10:26:03,215 INFO [Thread-3] c.a.d.p.DruidDataSource [DruidDataSource.java:1825] {dataSource-1} closed
2020-04-07 10:27:26,026 INFO [main] c.a.d.s.b.a.DruidDataSourceAutoConfigure [DruidDataSourceAutoConfigure.java:56] Init DruidDataSource
2020-04-07 10:27:27,190 INFO [main] c.a.d.p.DruidDataSource [DruidDataSource.java:930] {dataSource-1} inited
2020-04-07 10:27:30,917 INFO [main] o.s.s.c.ThreadPoolTaskExecutor [ExecutorConfigurationSupport.java:171] Initializing ExecutorService 'applicationTaskExecutor'
2020-04-07 10:27:31,539 INFO [main] o.s.b.a.w.s.WelcomePageHandlerMapping [WelcomePageHandlerMapping.java:58] Adding welcome page template: index
2020-04-07 10:27:38,687 INFO [Thread-3] o.s.s.c.ThreadPoolTaskExecutor [ExecutorConfigurationSupport.java:208] Shutting down ExecutorService 'applicationTaskExecutor'
2020-04-07 10:27:38,692 INFO [Thread-3] c.a.d.p.DruidDataSource [DruidDataSource.java:1825] {dataSource-1} closed
2020-04-07 10:42:59,822 INFO [main] c.a.d.s.b.a.DruidDataSourceAutoConfigure [DruidDataSourceAutoConfigure.java:56] Init DruidDataSource
2020-04-07 10:43:01,648 INFO [main] c.a.d.p.DruidDataSource [DruidDataSource.java:930] {dataSource-1} inited
2020-04-07 10:43:08,598 INFO [main] o.s.s.c.ThreadPoolTaskExecutor [ExecutorConfigurationSupport.java:171] Initializing ExecutorService 'applicationTaskExecutor'
2020-04-07 10:43:10,049 INFO [main] o.s.b.a.w.s.WelcomePageHandlerMapping [WelcomePageHandlerMapping.java:58] Adding welcome page template: index
2020-04-07 10:44:31,997 INFO [main] c.a.d.s.b.a.DruidDataSourceAutoConfigure [DruidDataSourceAutoConfigure.java:56] Init DruidDataSource
2020-04-07 10:44:33,023 INFO [main] c.a.d.p.DruidDataSource [DruidDataSource.java:930] {dataSource-1} inited
2020-04-07 10:44:37,207 INFO [main] o.s.s.c.ThreadPoolTaskExecutor [ExecutorConfigurationSupport.java:171] Initializing ExecutorService 'applicationTaskExecutor'
2020-04-07 10:44:37,875 INFO [main] o.s.b.a.w.s.WelcomePageHandlerMapping [WelcomePageHandlerMapping.java:58] Adding welcome page template: index
2020-04-07 10:44:44,679 INFO [Thread-3] o.s.s.c.ThreadPoolTaskExecutor [ExecutorConfigurationSupport.java:208] Shutting down ExecutorService 'applicationTaskExecutor'
2020-04-07 10:44:44,695 INFO [Thread-3] c.a.d.p.DruidDataSource [DruidDataSource.java:1825] {dataSource-1} closed
2020-04-07 10:46:16,674 INFO [main] c.a.d.s.b.a.DruidDataSourceAutoConfigure [DruidDataSourceAutoConfigure.java:56] Init DruidDataSource
2020-04-07 10:46:18,126 INFO [main] c.a.d.p.DruidDataSource [DruidDataSource.java:930] {dataSource-1} inited
2020-04-07 10:46:22,257 INFO [main] o.s.s.c.ThreadPoolTaskExecutor [ExecutorConfigurationSupport.java:171] Initializing ExecutorService 'applicationTaskExecutor'
2020-04-07 10:46:23,096 INFO [main] o.s.b.a.w.s.WelcomePageHandlerMapping [WelcomePageHandlerMapping.java:58] Adding welcome page template: index
2020-04-07 10:46:32,344 INFO [Thread-3] o.s.s.c.ThreadPoolTaskExecutor [ExecutorConfigurationSupport.java:208] Shutting down ExecutorService 'applicationTaskExecutor'
2020-04-07 10:46:32,360 INFO [Thread-3] c.a.d.p.DruidDataSource [DruidDataSource.java:1825] {dataSource-1} closed
2020-04-07 10:49:56,759 INFO [main] c.a.d.s.b.a.DruidDataSourceAutoConfigure [DruidDataSourceAutoConfigure.java:56] Init DruidDataSource
2020-04-07 10:49:57,847 INFO [main] c.a.d.p.DruidDataSource [DruidDataSource.java:930] {dataSource-1} inited
2020-04-07 10:50:01,950 INFO [main] o.s.s.c.ThreadPoolTaskExecutor [ExecutorConfigurationSupport.java:171] Initializing ExecutorService 'applicationTaskExecutor'
2020-04-07 10:50:02,633 INFO [main] o.s.b.a.w.s.WelcomePageHandlerMapping [WelcomePageHandlerMapping.java:58] Adding welcome page template: index
2020-04-07 10:50:11,596 INFO [Thread-3] o.s.s.c.ThreadPoolTaskExecutor [ExecutorConfigurationSupport.java:208] Shutting down ExecutorService 'applicationTaskExecutor'
2020-04-07 10:50:11,600 INFO [Thread-3] c.a.d.p.DruidDataSource [DruidDataSource.java:1825] {dataSource-1} closed
2020-04-07 10:51:11,980 INFO [main] c.a.d.s.b.a.DruidDataSourceAutoConfigure [DruidDataSourceAutoConfigure.java:56] Init DruidDataSource
2020-04-07 10:51:12,930 INFO [main] c.a.d.p.DruidDataSource [DruidDataSource.java:930] {dataSource-1} inited
2020-04-07 10:51:17,021 INFO [main] o.s.s.c.ThreadPoolTaskExecutor [ExecutorConfigurationSupport.java:171] Initializing ExecutorService 'applicationTaskExecutor'
2020-04-07 10:51:17,522 INFO [main] o.s.b.a.w.s.WelcomePageHandlerMapping [WelcomePageHandlerMapping.java:58] Adding welcome page template: index
2020-04-07 10:51:26,686 INFO [Thread-3] o.s.s.c.ThreadPoolTaskExecutor [ExecutorConfigurationSupport.java:208] Shutting down ExecutorService 'applicationTaskExecutor'
2020-04-07 10:51:26,693 INFO [Thread-3] c.a.d.p.DruidDataSource [DruidDataSource.java:1825] {dataSource-1} closed
2020-04-07 10:55:04,055 INFO [main] c.a.d.s.b.a.DruidDataSourceAutoConfigure [DruidDataSourceAutoConfigure.java:56] Init DruidDataSource
2020-04-07 10:55:04,932 INFO [main] c.a.d.p.DruidDataSource [DruidDataSource.java:930] {dataSource-1} inited
2020-04-07 10:55:10,128 INFO [main] o.s.s.c.ThreadPoolTaskExecutor [ExecutorConfigurationSupport.java:171] Initializing ExecutorService 'applicationTaskExecutor'
2020-04-07 10:55:11,209 INFO [main] o.s.b.a.w.s.WelcomePageHandlerMapping [WelcomePageHandlerMapping.java:58] Adding welcome page template: index
2020-04-07 10:55:20,519 INFO [Thread-3] o.s.s.c.ThreadPoolTaskExecutor [ExecutorConfigurationSupport.java:208] Shutting down ExecutorService 'applicationTaskExecutor'
2020-04-07 10:55:20,523 INFO [Thread-3] c.a.d.p.DruidDataSource [DruidDataSource.java:1825] {dataSource-1} closed
